Log file open, 06/29/14 18:48:06
LogInit:Display: Running engine for game: OrbitFPS
LogInit: Version: 4.2.1-2101290+++depot+UE4-Releases+4.2
LogInit: Compiled (64-bit): Jun 10 2014 22:21:56
LogInit: Build Configuration: Development
LogInit: Branch Name: ++depot+UE4-Releases+4.2
LogInit: Command line: 
LogInit: Base directory: C:/Program Files/Unreal E4/Unreal Engine/4.2/Engine/Binaries/Win64/
LogInit: Rocket: 1
[2014.06.30-01.48.06:399][  0]LogTaskGraph: Started task graph with 3 named threads and 4 total threads.
[2014.06.30-01.48.06:443][  0]LogOnline:Warning: No default platform service specified for OnlineSubsystem
[2014.06.30-01.48.06:473][  0]LogInit: Presizing for 0 objects not considered by GC, pre-allocating 0 bytes.
[2014.06.30-01.48.06:491][  0]LogInit: Object subsystem initialized
[2014.06.30-01.48.06:496][  0]LogInit: Selected Device Profile: [Windows]
[2014.06.30-01.48.06:496][  0]LogInit: Applying CVar settings loaded from the selected device profile: [Windows]
[2014.06.30-01.48.06:523][  0]LogInit: Computer: BEAST
[2014.06.30-01.48.06:523][  0]LogInit: User: Eric
[2014.06.30-01.48.06:526][  0]LogInit: CPU Page size=4096, Cores=4
[2014.06.30-01.48.06:526][  0]LogInit: High frequency timer resolution =2.241064 MHz
[2014.06.30-01.48.06:526][  0]LogMemory: Memory total: Physical=11.9GB (12GB approx) Virtual=8192.0GB
[2014.06.30-01.48.06:526][  0]LogMemory: Platform Memory Stats for Windows
[2014.06.30-01.48.06:526][  0]LogMemory: Process Physical Memory: 55.97 MB used, 55.97 MB peak
[2014.06.30-01.48.06:526][  0]LogMemory: Process Virtual Memory: 32.07 MB used, 32.23 MB peak
[2014.06.30-01.48.06:526][  0]LogMemory: Physical Memory: 4673.94 MB used, 12184.70 MB total
[2014.06.30-01.48.06:526][  0]LogMemory: Virtual Memory: 239.28 MB used, 8388608.00 MB total
[2014.06.30-01.48.06:665][  0]LogD3D11RHI: Found D3D11 adapter 0: Intel(R) HD Graphics 4000 (Feature Level 11_0)
[2014.06.30-01.48.06:666][  0]LogD3D11RHI: Adapter has 4040MB of dedicated video memory, 0MB of dedicated system memory, and 5836MB of shared system memory, 1 output[s]
[2014.06.30-01.48.06:666][  0]LogD3D11RHI: Chosen D3D11 Adapter Id = 0
[2014.06.30-01.48.06:696][  0]LogRHI: Texture pool is 1361 MB (70% of 1945 MB)
[2014.06.30-01.48.06:735][  0]LogD3D11RHI: Async texture creation enabled
[2014.06.30-01.48.06:963][  0]LogContentStreaming: Texture pool size is 0.000000MB
[2014.06.30-01.48.09:405][  0]LogTargetPlatformManager:Display: Building Assets For Windows
[2014.06.30-01.48.09:770][  0]LogTargetPlatformManager:Display: Building Assets For Windows
[2014.06.30-01.48.09:888][  0]LogDerivedDataCache:Display: Max Cache Size: 512 MB
[2014.06.30-01.48.09:981][  0]LogDerivedDataCache: Loaded boot cache 0.09s 39MB C:/Users/Eric/AppData/Local/UnrealEngine/4.2/DerivedDataCache/Boot.ddc.
[2014.06.30-01.48.09:981][  0]LogDerivedDataCache:Display: Loaded Boot cache: C:/Users/Eric/AppData/Local/UnrealEngine/4.2/DerivedDataCache/Boot.ddc
[2014.06.30-01.48.09:981][  0]LogDerivedDataCache: FDerivedDataBackendGraph:  Pak pak cache file ../../../../../../../Users/Eric/Documents/Unreal Projects/OrbitFPS/DerivedDataCache/DDC.ddp not found, will not use a pak cache.
[2014.06.30-01.48.09:981][  0]LogDerivedDataCache: Unable to find inner node Pak for hierarchical cache Hierarchy.
[2014.06.30-01.48.10:009][  0]LogDerivedDataCache:Display: Pak cache opened for reading ../../../Engine/DerivedDataCache/DDC.ddp.
[2014.06.30-01.48.10:023][  0]LogDerivedDataCache: Using Local data cache path C:/Users/Eric/AppData/Local/UnrealEngine/4.2/DerivedDataCache: Writable
[2014.06.30-01.48.10:550][  0]LogMeshUtilities: No automatic mesh reduction module available
[2014.06.30-01.48.10:550][  0]LogMeshUtilities: No automatic mesh merging module available
[2014.06.30-01.48.11:423][  0]LogInit: WinSock: version 1.1 (2.2), MaxSocks=32767, MaxUdp=65467
[2014.06.30-01.48.12:445][  0]LogStreaming:Warning: Failed to read file '../../../Engine/Content/Editor/Slate/Icons/ActorIcons/GroupActor_16x.png' error.
[2014.06.30-01.48.12:445][  0]LogSlate: Could not find file for Slate resource: ../../../Engine/Content/Editor/Slate/Icons/ActorIcons/GroupActor_16x.png
[2014.06.30-01.48.12:458][  0]LogStreaming:Warning: Failed to read file '../../../Engine/Content/Editor/Slate/Icons/ActorIcons/DecalActor_16x.png' error.
[2014.06.30-01.48.12:458][  0]LogSlate: Could not find file for Slate resource: ../../../Engine/Content/Editor/Slate/Icons/ActorIcons/DecalActor_16x.png
[2014.06.30-01.48.13:124][  0]UdpMessaging: Initializing bridge on interface 0.0.0.0:0 to multicast group 230.0.0.1:6666.
[2014.06.30-01.48.13:283][  0]SourceControl: Info Source control is disabled
[2014.06.30-01.48.13:283][  0]SourceControl: Info Source control is disabled
[2014.06.30-01.48.13:306][  0]SourceControl: Info Source control is disabled
[2014.06.30-01.48.13:577][  0]BlueprintLog: New page: Editor Load
[2014.06.30-01.48.13:693][  0]LogObj: 19137 objects as part of root set at end of initial load.
[2014.06.30-01.48.13:693][  0]LogUObjectAllocator: 3804776 out of 0 bytes used by permanent object pool.
[2014.06.30-01.48.14:267][  0]LogEngine: Initializing Engine...
[2014.06.30-01.48.14:532][  0]LogInit: XAudio2 using 'Speakers (Realtek High Definition Audio)' : 2 channels at 48 kHz using 32 bits per sample (channel mask 0x3)
[2014.06.30-01.48.14:570][  0]LogInit: FAudioDevice initialized.
[2014.06.30-01.48.14:628][  0]LogDerivedDataCache: Saved boot cache 0.05s 39MB C:/Users/Eric/AppData/Local/UnrealEngine/4.2/DerivedDataCache/Boot.ddc.
[2014.06.30-01.48.14:634][  0]LogInit: Texture streaming: Enabled
[2014.06.30-01.48.14:722][  0]LogInit: Transaction tracking system initialized
[2014.06.30-01.48.15:057][  0]LogAssetRegistry: FAssetRegistry took 0.0098 seconds to start up
[2014.06.30-01.48.15:581][  0]LogModuleManager:Warning: ModuleManager: Unable to load module '' because the file was not found.
[2014.06.30-01.48.15:600][  0]LogModuleManager:Warning: ModuleManager: Unable to load module '' because the file was not found.
[2014.06.30-01.48.15:758][  0]LogConsoleResponse:Display: 
[2014.06.30-01.48.16:455][  0]SourceControl: Info Source control is disabled
[2014.06.30-01.48.16:456][  0]Cmd: MAP LOAD FILE="../../../../../../../Users/Eric/Documents/Unreal Projects/OrbitFPS/Content/Maps/Example_Map.umap" TEMPLATE=0 SHOWPROGRESS=1 WORLDCOMPOSITION=0
[2014.06.30-01.48.16:511][  0]LightingResults: New page: Lighting Build
[2014.06.30-01.48.16:536][  0]MapCheck: New page: Map Check
[2014.06.30-01.48.16:536][  0]LightingResults: New page: Lighting Build
[2014.06.30-01.48.16:566][  0]LogParticles: Destroying 0 GPU particle simulations for FXSystem 0x0000000012A28A40
[2014.06.30-01.48.18:665][  0]LogEditorServer: Finished looking for orphan Actors (0.000 secs)
[2014.06.30-01.48.18:666][  0]Cmd: MAP CHECKDEP
[2014.06.30-01.48.18:666][  0]MapCheck: New page: Example_Map - Jun 29, 2014, 11:48:18 AM
[2014.06.30-01.48.18:825][  0]MapCheck: Info ========== Map Check: 0 Error(s), 0 Warning(s), [158.495ms] ==========
[2014.06.30-01.48.18:825][  0]LogFileHelpers: Loading map 'Example_Map' took 2.370
[2014.06.30-01.48.19:156][  0]LogCollectionManager: Loaded 0 collections in 0.004552 seconds
[2014.06.30-01.48.19:619][  0]LogCrashTracker: Crashtracker disabled due to settings.
[2014.06.30-01.48.19:679][  0]Cmd: MODE PLACEMENT
[2014.06.30-01.48.19:832][  0]LogLoad: Full Startup: 16.05 seconds (BP compile: 0.18 seconds)
[2014.06.30-01.48.19:847][  0]LogContentBrowser:Verbose: The content browser source was changed by the sources view to '/Game/Blueprints'
[2014.06.30-01.48.20:127][  0]LogRenderer:Warning: Reallocating scene render targets to support 32x32.
[2014.06.30-01.48.20:322][  0]LogRenderer:Warning: Reallocating scene render targets to support 1136x904.
[2014.06.30-01.48.20:687][  1]LogEpicStorage:Warning: EnumerateFiles request failed. Invalid response. code=403 error=<?xml version="1.0" encoding="UTF-8"?>
<Error><Code>AccessDenied</Code><Message>Access Denied</Message><RequestId>4ABE942D85F4CD18</RequestId><HostId>dSJitTuGAbIIrqFDq0jOt6/hKmOCS4z6ycTyjyissMKynTLNPJFNy374RIXefMQRgnVzkxyXiwFhOe0fCFsjYw==</HostId></Error>
[2014.06.30-01.48.20:846][  2]LogEpicSurvey:Warning: EnumerateFiles request failed. Invalid response. code=403 error=<?xml version="1.0" encoding="UTF-8"?>
<Error><Code>AccessDenied</Code><Message>Access Denied</Message><RequestId>68E4F1CFE71A9603</RequestId><HostId>Nm8zeOP1qgCgeXKKgvQlx/BV4HfF1cZnRrL+qyfMcAWT/QVcucE3WcODebKc1ywbko+3WvsgDyQ=</HostId></Error>
[2014.06.30-01.48.20:888][  3]LogAssetRegistry: Asset discovery search completed in 5.8399 seconds
[2014.06.30-01.48.20:928][  4]LogEpicStorage:Warning: EnumerateFiles request failed. Invalid response. code=403 error=<?xml version="1.0" encoding="UTF-8"?>
<Error><Code>AccessDenied</Code><Message>Access Denied</Message><RequestId>B821F1EFEAC3EC6E</RequestId><HostId>bmm4dcXrl8/WxzUid53Wmc9rstp0wv18818YM/3tgyzm5G5Cq0ij/Y7EjlcPdeUy</HostId></Error>
[2014.06.30-01.48.21:008][  6]LogEpicSurvey:Warning: EnumerateFiles request failed. Invalid response. code=403 error=<?xml version="1.0" encoding="UTF-8"?>
<Error><Code>AccessDenied</Code><Message>Access Denied</Message><RequestId>7F7B94DE477880AD</RequestId><HostId>jP0TGsDmQQMGWwlX16DWUoRxu4uqnsQ9Je7U93TVhsxvCfqtCZZA545P8qzsRDwg</HostId></Error>
[2014.06.30-01.48.21:142][  9]LogEpicSurvey:Warning: EnumerateFiles request failed. Invalid response. code=403 error=<?xml version="1.0" encoding="UTF-8"?>
<Error><Code>AccessDenied</Code><Message>Access Denied</Message><RequestId>FD733C86DAEE2F8C</RequestId><HostId>Q/43RJkvu0YK8GfeOFWLoOKUcGUHF1jCdIeYOcEh34fjAWJF/LrHn0HHpVLVMaab</HostId></Error>
[2014.06.30-01.48.21:348][ 10]LogEpicStorage:Warning: ReadFile request failed. File request already pending for filename=http://cdn.unrealengine.com/newsfeed/blueprint_icon_b.png
[2014.06.30-01.48.21:507][ 10]LogEpicStorage:Warning: ReadFile request failed. File request already pending for filename=http://cdn.unrealengine.com/newsfeed/blueprint_icon_b.png
[2014.06.30-02.03.20:150][430]LogEpicStorage:Warning: ReadFile request failed. File request already pending for filename=http://cdn.unrealengine.com/newsfeed/blueprint_icon_b.png
[2014.06.30-02.03.20:154][430]LogEpicStorage:Warning: ReadFile request failed. File request already pending for filename=http://cdn.unrealengine.com/newsfeed/blueprint_icon_b.png
[2014.06.30-02.03.59:372][380]Cmd: QUIT_EDITOR
[2014.06.30-02.03.59:511][380]LogWindowsTextInputMethodSystem:Error: Terminating failed while unadvising the language notification sink from the TSF source.
[2014.06.30-02.03.59:514][380]LogExit: Preparing to exit.
[2014.06.30-02.04.00:372][380]LogExit: Editor shut down
[2014.06.30-02.04.00:373][380]LogExit: Transaction tracking system shut down
[2014.06.30-02.04.00:416][380]LogParticles: Destroying 0 GPU particle simulations for FXSystem 0x000000000ADA40E0
[2014.06.30-02.04.00:416][380]LogParticles: Destroying 0 GPU particle simulations for FXSystem 0x000000000CB26A20
[2014.06.30-02.04.00:416][380]LogExit: Object subsystem successfully closed.
[2014.06.30-02.04.00:528][380]LogModuleManager: Shutting down and abandoning module AndroidDeviceDetection (163)
[2014.06.30-02.04.00:528][380]LogModuleManager: Shutting down and abandoning module CrashTracker (162)
[2014.06.30-02.04.00:528][380]LogModuleManager: Shutting down and abandoning module HTTP (161)
[2014.06.30-02.04.00:528][380]LogModuleManager: Shutting down and abandoning module NewsFeed (160)
[2014.06.30-02.04.00:529][380]LogModuleManager: Shutting down and abandoning module SceneOutliner (159)
[2014.06.30-02.04.00:529][380]LogModuleManager: Shutting down and abandoning module EditorWidgets (158)
[2014.06.30-02.04.00:529][380]LogModuleManager: Shutting down and abandoning module CollectionManager (157)
[2014.06.30-02.04.00:529][380]LogModuleManager: Shutting down and abandoning module StatsViewer (156)
[2014.06.30-02.04.00:529][380]LogModuleManager: Shutting down and abandoning module FoliageEdit (155)
[2014.06.30-02.04.00:529][380]LogModuleManager: Shutting down and abandoning module LandscapeEditor (154)
[2014.06.30-02.04.00:536][380]LogModuleManager: Shutting down and abandoning module MeshPaint (153)
[2014.06.30-02.04.00:537][380]LogModuleManager: Shutting down and abandoning module ActorPickerMode (152)
[2014.06.30-02.04.00:537][380]LogModuleManager: Shutting down and abandoning module GeometryMode (151)
[2014.06.30-02.04.00:537][380]LogModuleManager: Shutting down and abandoning module TextureAlignMode (150)
[2014.06.30-02.04.00:537][380]LogModuleManager: Shutting down and abandoning module BspMode (149)
[2014.06.30-02.04.00:537][380]LogModuleManager: Shutting down and abandoning module PlacementMode (148)
[2014.06.30-02.04.00:539][380]LogModuleManager: Shutting down and abandoning module AutomationWorker (147)
[2014.06.30-02.04.00:539][380]LogModuleManager: Shutting down and abandoning module ViewportSnapping (146)
[2014.06.30-02.04.00:539][380]LogModuleManager: Shutting down and abandoning module DeviceProfileEditor (145)
[2014.06.30-02.04.00:539][380]LogModuleManager: Shutting down and abandoning module UndoHistory (144)
[2014.06.30-02.04.00:540][380]LogModuleManager: Shutting down and abandoning module GameplayTagsEditor (143)
[2014.06.30-02.04.00:540][380]LogModuleManager: Shutting down and abandoning module UserFeedback (142)
[2014.06.30-02.04.00:540][380]LogModuleManager: Shutting down and abandoning module XmlParser (141)
[2014.06.30-02.04.00:540][380]LogModuleManager: Shutting down and abandoning module Blutility (140)
[2014.06.30-02.04.00:540][380]LogModuleManager: Shutting down and abandoning module AndroidPlatformEditor (137)
[2014.06.30-02.04.00:540][380]LogModuleManager: Shutting down and abandoning module AndroidRuntimeSettings (136)
[2014.06.30-02.04.00:540][380]LogModuleManager: Shutting down and abandoning module ProjectSettingsViewer (135)
[2014.06.30-02.04.00:540][380]LogModuleManager: Shutting down and abandoning module InputBindingEditor (134)
[2014.06.30-02.04.00:540][380]LogModuleManager: Shutting down and abandoning module EditorSettingsViewer (133)
[2014.06.30-02.04.00:540][380]LogModuleManager: Shutting down and abandoning module SettingsEditor (132)
[2014.06.30-02.04.00:540][380]LogModuleManager: Shutting down and abandoning module SessionLauncher (131)
[2014.06.30-02.04.00:540][380]LogModuleManager: Shutting down and abandoning module SessionFrontend (130)
[2014.06.30-02.04.00:540][380]LogModuleManager: Shutting down and abandoning module ProfilerClient (129)
[2014.06.30-02.04.00:540][380]LogModuleManager: Shutting down and abandoning module TargetDeviceServices (128)
[2014.06.30-02.04.00:541][380]LogModuleManager: Shutting down and abandoning module DeviceManager (127)
[2014.06.30-02.04.00:541][380]LogModuleManager: Shutting down and abandoning module AutomationController (126)
[2014.06.30-02.04.00:541][380]LogModuleManager: Shutting down and abandoning module AutomationWindow (125)
[2014.06.30-02.04.00:541][380]LogModuleManager: Shutting down and abandoning module Layers (124)
[2014.06.30-02.04.00:541][380]LogModuleManager: Shutting down and abandoning module ComponentVisualizers (123)
[2014.06.30-02.04.00:541][380]LogModuleManager: Shutting down and abandoning module DetailCustomizations (122)
[2014.06.30-02.04.00:541][380]LogModuleManager: Shutting down and abandoning module PackagesDialog (121)
[2014.06.30-02.04.00:541][380]LogModuleManager: Shutting down and abandoning module PropertyEditor (120)
[2014.06.30-02.04.00:541][380]LogModuleManager: Shutting down and abandoning module DirectoryWatcher (119)
[2014.06.30-02.04.00:542][380]LogModuleManager: Shutting down and abandoning module AssetRegistry (118)
[2014.06.30-02.04.00:673][380]LogModuleManager: Shutting down and abandoning module Persona (117)
[2014.06.30-02.04.00:673][380]LogModuleManager: Shutting down and abandoning module GraphEditor (116)
[2014.06.30-02.04.00:673][380]LogModuleManager: Shutting down and abandoning module ContentBrowser (115)
[2014.06.30-02.04.00:673][380]LogModuleManager: Shutting down and abandoning module ClassViewer (114)
[2014.06.30-02.04.00:673][380]LogModuleManager: Shutting down and abandoning module Toolbox (113)
[2014.06.30-02.04.00:673][380]LogModuleManager: Shutting down and abandoning module ModuleUI (112)
[2014.06.30-02.04.00:673][380]LogModuleManager: Shutting down and abandoning module Sequencer (111)
[2014.06.30-02.04.00:674][380]LogModuleManager: Shutting down and abandoning module AssetTools (110)
[2014.06.30-02.04.00:674][380]LogModuleManager: Shutting down and abandoning module MovieSceneTools (109)
[2014.06.30-02.04.00:674][380]LogModuleManager: Shutting down and abandoning module OutputLog (108)
[2014.06.30-02.04.00:674][380]LogModuleManager: Shutting down and abandoning module GammaUI (107)
[2014.06.30-02.04.00:674][380]LogModuleManager: Shutting down and abandoning module Documentation (106)
[2014.06.30-02.04.00:674][380]LogModuleManager: Shutting down and abandoning module StreamingPauseRendering (105)
[2014.06.30-02.04.00:674][380]LogModuleManager: Shutting down and abandoning module AnalyticsET (104)
[2014.06.30-02.04.00:674][380]LogModuleManager: Shutting down and abandoning module Analytics (103)
[2014.06.30-02.04.00:674][380]LogModuleManager: Shutting down and abandoning module ProfilerService (102)
[2014.06.30-02.04.00:901][380]LogModuleManager: Shutting down and abandoning module TaskGraph (101)
[2014.06.30-02.04.00:901][380]LogModuleManager: Shutting down and abandoning module GameProjectGeneration (100)
[2014.06.30-02.04.00:901][380]LogModuleManager: Shutting down and abandoning module Matinee (99)
[2014.06.30-02.04.00:901][380]LogModuleManager: Shutting down and abandoning module Kismet (98)
[2014.06.30-02.04.00:901][380]LogModuleManager: Shutting down and abandoning module SlateReflector (97)
[2014.06.30-02.04.00:901][380]LogModuleManager: Shutting down and abandoning module LevelEditor (96)
[2014.06.30-02.04.00:904][380]LogModuleManager: Shutting down and abandoning module MainFrame (95)
[2014.06.30-02.04.00:904][380]LogModuleManager: Shutting down and abandoning module SourceControl (94)
[2014.06.30-02.04.00:904][380]LogModuleManager: Shutting down and abandoning module ImageWrapper (93)
[2014.06.30-02.04.00:904][380]LogModuleManager: Shutting down and abandoning module OnlineBlueprintSupport (92)
[2014.06.30-02.04.00:904][380]LogModuleManager: Shutting down and abandoning module FunctionalTesting (91)
[2014.06.30-02.04.00:904][380]LogModuleManager: Shutting down and abandoning module CollisionAnalyzer (90)
[2014.06.30-02.04.00:904][380]LogModuleManager: Shutting down and abandoning module WorkspaceMenuStructure (89)
[2014.06.30-02.04.00:904][380]LogModuleManager: Shutting down and abandoning module MessageLog (88)
[2014.06.30-02.04.00:904][380]LogModuleManager: Shutting down and abandoning module Slate (87)
[2014.06.30-02.04.00:904][380]LogModuleManager: Shutting down and abandoning module EditorStyle (86)
[2014.06.30-02.04.00:908][380]LogModuleManager: Shutting down and abandoning module SessionServices (85)
[2014.06.30-02.04.00:908][380]LogModuleManager: Shutting down and abandoning module Messaging (84)
[2014.06.30-02.04.00:908][380]LogModuleManager: Shutting down and abandoning module SourceCodeAccess (83)
[2014.06.30-02.04.00:908][380]LogModuleManager: Shutting down and abandoning module HeadMountedDisplay (82)
[2014.06.30-02.04.00:908][380]LogModuleManager: Shutting down and abandoning module XAudio2 (81)
[2014.06.30-02.04.00:908][380]LogModuleManager: Shutting down and abandoning module Networking (79)
[2014.06.30-02.04.00:908][380]LogModuleManager: Shutting down and abandoning module Core (78)
[2014.06.30-02.04.00:908][380]LogModuleManager: Shutting down and abandoning module KismetCompiler (77)
[2014.06.30-02.04.00:908][380]LogModuleManager: Shutting down and abandoning module PhysXFormats (76)
[2014.06.30-02.04.00:908][380]LogModuleManager: Shutting down and abandoning module SimplygonMeshReduction (75)
[2014.06.30-02.04.00:908][380]LogModuleManager: Shutting down and abandoning module MeshUtilities (74)
[2014.06.30-02.04.00:908][380]LogModuleManager: Shutting down and abandoning module DerivedDataCache (73)
[2014.06.30-02.04.00:915][380]LogDerivedDataCache: Shutdown
[2014.06.30-02.04.00:915][380]LogModuleManager: Shutting down and abandoning module ShaderFormatOpenGL (72)
[2014.06.30-02.04.00:915][380]LogModuleManager: Shutting down and abandoning module ShaderFormatD3D (71)
[2014.06.30-02.04.00:915][380]LogModuleManager: Shutting down and abandoning module TextureFormatUncompressed (70)
[2014.06.30-02.04.00:915][380]LogModuleManager: Shutting down and abandoning module TextureFormatPVR (69)
[2014.06.30-02.04.00:915][380]LogModuleManager: Shutting down and abandoning module TextureFormatDXT (68)
[2014.06.30-02.04.00:915][380]LogModuleManager: Shutting down and abandoning module TextureFormatAndroid (67)
[2014.06.30-02.04.00:915][380]LogModuleManager: Shutting down and abandoning module AudioFormatOpus (66)
[2014.06.30-02.04.00:915][380]LogModuleManager: Shutting down and abandoning module AudioFormatOgg (65)
[2014.06.30-02.04.00:915][380]LogModuleManager: Shutting down and abandoning module AudioFormatADPCM (64)
[2014.06.30-02.04.00:915][380]LogModuleManager: Shutting down and abandoning module Android_PVRTCTargetPlatform (63)
[2014.06.30-02.04.00:915][380]LogModuleManager: Shutting down and abandoning module Android_ETC2TargetPlatform (62)
[2014.06.30-02.04.00:915][380]LogModuleManager: Shutting down and abandoning module Android_ETC1TargetPlatform (61)
[2014.06.30-02.04.00:915][380]LogModuleManager: Shutting down and abandoning module Android_DXTTargetPlatform (60)
[2014.06.30-02.04.00:915][380]LogModuleManager: Shutting down and abandoning module Android_ATCTargetPlatform (59)
[2014.06.30-02.04.00:915][380]LogModuleManager: Shutting down and abandoning module AndroidTargetPlatform (58)
[2014.06.30-02.04.00:915][380]LogModuleManager: Shutting down and abandoning module WindowsTargetPlatform (57)
[2014.06.30-02.04.00:915][380]LogModuleManager: Shutting down and abandoning module WindowsServerTargetPlatform (56)
[2014.06.30-02.04.00:915][380]LogModuleManager: Shutting down and abandoning module WindowsNoEditorTargetPlatform (55)
[2014.06.30-02.04.00:915][380]LogModuleManager: Shutting down and abandoning module WindowsClientTargetPlatform (54)
[2014.06.30-02.04.00:915][380]LogModuleManager: Shutting down and abandoning module TargetPlatform (53)
[2014.06.30-02.04.00:916][380]LogModuleManager: Shutting down and abandoning module InputCore (52)
[2014.06.30-02.04.00:916][380]LogModuleManager: Shutting down and abandoning module Settings (51)
[2014.06.30-02.04.00:916][380]LogModuleManager: Shutting down and abandoning module TextureCompressor (48)
[2014.06.30-02.04.00:916][380]LogModuleManager: Shutting down and abandoning module ShaderCore (47)
[2014.06.30-02.04.00:916][380]LogModuleManager: Shutting down and abandoning module OpenGLDrv (46)
[2014.06.30-02.04.00:916][380]LogModuleManager: Shutting down and abandoning module D3D11RHI (45)
[2014.06.30-02.04.00:916][380]LogModuleManager: Shutting down and abandoning module SlateRHIRenderer (44)
[2014.06.30-02.04.00:916][380]LogModuleManager: Shutting down and abandoning module Renderer (43)
[2014.06.30-02.04.00:916][380]LogModuleManager: Shutting down and abandoning module Engine (42)
[2014.06.30-02.04.00:916][380]LogModuleManager: Shutting down and abandoning module SlateRemote (41)
[2014.06.30-02.04.00:916][380]LogModuleManager: Shutting down and abandoning module ScriptPlugin (40)
[2014.06.30-02.04.00:916][380]LogModuleManager: Shutting down and abandoning module ScriptEditorPlugin (38)
[2014.06.30-02.04.00:916][380]LogModuleManager: Shutting down and abandoning module WindowsMoviePlayer (37)
[2014.06.30-02.04.00:920][380]LogModuleManager: Shutting down and abandoning module ExampleDeviceProfileSelector (32)
[2014.06.30-02.04.00:921][380]LogModuleManager: Shutting down and abandoning module CustomMeshComponent (31)
[2014.06.30-02.04.00:921][380]LogModuleManager: Shutting down and abandoning module CableComponent (30)
[2014.06.30-02.04.00:921][380]LogModuleManager: Shutting down and abandoning module OculusRift (26)
[2014.06.30-02.04.00:921][380]LogModuleManager: Shutting down and abandoning module UdpMessaging (25)
[2014.06.30-02.04.01:021][380]LogModuleManager: Shutting down and abandoning module MessagingDebugger (24)
[2014.06.30-02.04.01:021][380]LogModuleManager: Shutting down and abandoning module PluginsEditor (14)
[2014.06.30-02.04.01:021][380]LogModuleManager: Shutting down and abandoning module IntroTutorials (13)
[2014.06.30-02.04.01:021][380]LogModuleManager: Shutting down and abandoning module EpicSurvey (12)
[2014.06.30-02.04.01:021][380]LogModuleManager: Shutting down and abandoning module VisualStudioSourceCodeAccess (10)
[2014.06.30-02.04.01:022][380]LogModuleManager: Shutting down and abandoning module UObjectPlugin (9)
[2014.06.30-02.04.01:022][380]LogModuleManager: Shutting down and abandoning module SubversionSourceControl (8)
[2014.06.30-02.04.01:022][380]LogModuleManager: Shutting down and abandoning module PerforceSourceControl (7)
[2014.06.30-02.04.01:022][380]LogModuleManager: Shutting down and abandoning module BlankPlugin (6)
[2014.06.30-02.04.01:022][380]LogModuleManager: Shutting down and abandoning module CoreUObject (5)
[2014.06.30-02.04.01:022][380]LogModuleManager: Shutting down and abandoning module NetworkFile (4)
[2014.06.30-02.04.01:022][380]LogModuleManager: Shutting down and abandoning module StreamingFile (3)
[2014.06.30-02.04.01:022][380]LogModuleManager: Shutting down and abandoning module SandboxFile (2)
[2014.06.30-02.04.01:022][380]LogModuleManager: Shutting down and abandoning module PakFile (1)
[2014.06.30-02.04.01:023][380]LogExit: Exiting.
[2014.06.30-02.04.01:029][380]Log file closed, 06/29/14 19:04:01
