Log file open, 07/11/14 23:41:48
LogInit:Display: Running engine for game: OrbitFPS
LogInit: Version: 4.2.1-2101290+++depot+UE4-Releases+4.2
LogInit: Compiled (64-bit): Jun 10 2014 22:21:56
LogInit: Build Configuration: Development
LogInit: Branch Name: ++depot+UE4-Releases+4.2
LogInit: Command line: 
LogInit: Base directory: C:/Program Files/Unreal E4/Unreal Engine/4.2/Engine/Binaries/Win64/
LogInit: Rocket: 1
[2014.07.12-06.41.48:213][  0]LogTaskGraph: Started task graph with 3 named threads and 4 total threads.
[2014.07.12-06.41.48:267][  0]LogOnline:Warning: No default platform service specified for OnlineSubsystem
[2014.07.12-06.41.48:305][  0]LogInit: Presizing for 0 objects not considered by GC, pre-allocating 0 bytes.
[2014.07.12-06.41.48:323][  0]LogInit: Object subsystem initialized
[2014.07.12-06.41.48:328][  0]LogInit: Selected Device Profile: [Windows]
[2014.07.12-06.41.48:328][  0]LogInit: Applying CVar settings loaded from the selected device profile: [Windows]
[2014.07.12-06.41.48:361][  0]LogInit: Computer: BEAST
[2014.07.12-06.41.48:361][  0]LogInit: User: Eric
[2014.07.12-06.41.48:365][  0]LogInit: CPU Page size=4096, Cores=4
[2014.07.12-06.41.48:365][  0]LogInit: High frequency timer resolution =2.241074 MHz
[2014.07.12-06.41.48:365][  0]LogMemory: Memory total: Physical=11.9GB (12GB approx) Virtual=8192.0GB
[2014.07.12-06.41.48:365][  0]LogMemory: Platform Memory Stats for Windows
[2014.07.12-06.41.48:365][  0]LogMemory: Process Physical Memory: 55.96 MB used, 55.96 MB peak
[2014.07.12-06.41.48:365][  0]LogMemory: Process Virtual Memory: 32.14 MB used, 32.32 MB peak
[2014.07.12-06.41.48:365][  0]LogMemory: Physical Memory: 5876.50 MB used, 12184.70 MB total
[2014.07.12-06.41.48:365][  0]LogMemory: Virtual Memory: 235.34 MB used, 8388608.00 MB total
[2014.07.12-06.41.48:493][  0]LogD3D11RHI: Found D3D11 adapter 0: Intel(R) HD Graphics 4000 (Feature Level 11_0)
[2014.07.12-06.41.48:493][  0]LogD3D11RHI: Adapter has 4040MB of dedicated video memory, 0MB of dedicated system memory, and 5836MB of shared system memory, 1 output[s]
[2014.07.12-06.41.48:493][  0]LogD3D11RHI: Chosen D3D11 Adapter Id = 0
[2014.07.12-06.41.48:524][  0]LogRHI: Texture pool is 1361 MB (70% of 1945 MB)
[2014.07.12-06.41.48:573][  0]LogD3D11RHI: Async texture creation enabled
[2014.07.12-06.41.48:816][  0]LogContentStreaming: Texture pool size is 0.000000MB
[2014.07.12-06.41.51:578][  0]LogTargetPlatformManager:Display: Building Assets For Windows
[2014.07.12-06.41.52:069][  0]LogTargetPlatformManager:Display: Building Assets For Windows
[2014.07.12-06.41.52:214][  0]LogDerivedDataCache:Display: Max Cache Size: 512 MB
[2014.07.12-06.41.52:307][  0]LogDerivedDataCache: Loaded boot cache 0.09s 39MB C:/Users/Eric/AppData/Local/UnrealEngine/4.2/DerivedDataCache/Boot.ddc.
[2014.07.12-06.41.52:307][  0]LogDerivedDataCache:Display: Loaded Boot cache: C:/Users/Eric/AppData/Local/UnrealEngine/4.2/DerivedDataCache/Boot.ddc
[2014.07.12-06.41.52:307][  0]LogDerivedDataCache: FDerivedDataBackendGraph:  Pak pak cache file ../../../../../../../Users/Eric/Documents/Unreal Projects/OrbitFPS/DerivedDataCache/DDC.ddp not found, will not use a pak cache.
[2014.07.12-06.41.52:307][  0]LogDerivedDataCache: Unable to find inner node Pak for hierarchical cache Hierarchy.
[2014.07.12-06.41.52:340][  0]LogDerivedDataCache:Display: Pak cache opened for reading ../../../Engine/DerivedDataCache/DDC.ddp.
[2014.07.12-06.41.52:353][  0]LogDerivedDataCache: Using Local data cache path C:/Users/Eric/AppData/Local/UnrealEngine/4.2/DerivedDataCache: Writable
[2014.07.12-06.41.52:938][  0]LogMeshUtilities: No automatic mesh reduction module available
[2014.07.12-06.41.52:938][  0]LogMeshUtilities: No automatic mesh merging module available
[2014.07.12-06.41.53:879][  0]LogInit: WinSock: version 1.1 (2.2), MaxSocks=32767, MaxUdp=65467
[2014.07.12-06.41.55:029][  0]LogStreaming:Warning: Failed to read file '../../../Engine/Content/Editor/Slate/Icons/ActorIcons/GroupActor_16x.png' error.
[2014.07.12-06.41.55:029][  0]LogSlate: Could not find file for Slate resource: ../../../Engine/Content/Editor/Slate/Icons/ActorIcons/GroupActor_16x.png
[2014.07.12-06.41.55:042][  0]LogStreaming:Warning: Failed to read file '../../../Engine/Content/Editor/Slate/Icons/ActorIcons/DecalActor_16x.png' error.
[2014.07.12-06.41.55:042][  0]LogSlate: Could not find file for Slate resource: ../../../Engine/Content/Editor/Slate/Icons/ActorIcons/DecalActor_16x.png
[2014.07.12-06.41.55:779][  0]UdpMessaging: Initializing bridge on interface 0.0.0.0:0 to multicast group 230.0.0.1:6666.
[2014.07.12-06.41.55:957][  0]SourceControl: Info Source control is disabled
[2014.07.12-06.41.55:957][  0]SourceControl: Info Source control is disabled
[2014.07.12-06.41.55:981][  0]SourceControl: Info Source control is disabled
[2014.07.12-06.41.56:291][  0]BlueprintLog: New page: Editor Load
[2014.07.12-06.41.56:428][  0]LogObj: 19137 objects as part of root set at end of initial load.
[2014.07.12-06.41.56:428][  0]LogUObjectAllocator: 3804776 out of 0 bytes used by permanent object pool.
[2014.07.12-06.41.56:995][  0]LogEngine: Initializing Engine...
[2014.07.12-06.41.57:327][  0]LogInit: XAudio2 using 'Speakers (Realtek High Definition Audio)' : 2 channels at 48 kHz using 32 bits per sample (channel mask 0x3)
[2014.07.12-06.41.57:371][  0]LogInit: FAudioDevice initialized.
[2014.07.12-06.41.57:429][  0]LogDerivedDataCache: Saved boot cache 0.05s 39MB C:/Users/Eric/AppData/Local/UnrealEngine/4.2/DerivedDataCache/Boot.ddc.
[2014.07.12-06.41.57:437][  0]LogInit: Texture streaming: Enabled
[2014.07.12-06.41.57:545][  0]LogInit: Transaction tracking system initialized
[2014.07.12-06.41.57:998][  0]LogAssetRegistry: FAssetRegistry took 0.0136 seconds to start up
[2014.07.12-06.41.58:622][  0]LogModuleManager:Warning: ModuleManager: Unable to load module '' because the file was not found.
[2014.07.12-06.41.58:645][  0]LogModuleManager:Warning: ModuleManager: Unable to load module '' because the file was not found.
[2014.07.12-06.41.58:843][  0]LogConsoleResponse:Display: 
[2014.07.12-06.41.59:554][  0]SourceControl: Info Source control is disabled
[2014.07.12-06.41.59:554][  0]Cmd: MAP LOAD FILE="../../../../../../../Users/Eric/Documents/Unreal Projects/OrbitFPS/Content/Maps/Example_Map.umap" TEMPLATE=0 SHOWPROGRESS=1 WORLDCOMPOSITION=0
[2014.07.12-06.41.59:555][  0]LightingResults: New page: Lighting Build
[2014.07.12-06.41.59:580][  0]MapCheck: New page: Map Check
[2014.07.12-06.41.59:580][  0]LightingResults: New page: Lighting Build
[2014.07.12-06.41.59:607][  0]LogParticles: Destroying 0 GPU particle simulations for FXSystem 0x00000000101289A0
[2014.07.12-06.42.00:077][  0]LogLinker:Warning: CreateExport: Failed to load Super for Function /Game/Character/HeroFPP_AnimBlueprint.HeroFPP_AnimBlueprint_C:KismetUpdateAnimation; removing super information, but keeping function
[2014.07.12-06.42.01:221][  0]LogBlueprint:Warning: Node '/Game/Blueprints/BP_BrokenWallSconceSmokey.BP_BrokenWallSconceSmokey:EventGraph.K2Node_VariableGet_235' missing NodeGuid.
[2014.07.12-06.42.01:437][  0]LogEditorServer: Finished looking for orphan Actors (0.000 secs)
[2014.07.12-06.42.01:438][  0]Cmd: MAP CHECKDEP
[2014.07.12-06.42.01:438][  0]MapCheck: New page: Example_Map - Jul 11, 2014, 4:42:01 PM
[2014.07.12-06.42.01:610][  0]MapCheck: Info ========== Map Check: 0 Error(s), 0 Warning(s), [171.419ms] ==========
[2014.07.12-06.42.01:610][  0]LogFileHelpers: Loading map 'Example_Map' took 2.056
[2014.07.12-06.42.01:808][  0]LogCollectionManager: Loaded 0 collections in 0.002926 seconds
[2014.07.12-06.42.02:221][  0]LogCrashTracker: Crashtracker disabled due to settings.
[2014.07.12-06.42.02:227][  0]Cmd: MODE PLACEMENT
[2014.07.12-06.42.02:315][  0]LogLoad: Full Startup: 17.05 seconds (BP compile: 0.83 seconds)
[2014.07.12-06.42.02:338][  0]LogContentBrowser:Verbose: The content browser source was changed by the sources view to '/Game/Blueprints'
[2014.07.12-06.42.02:570][  0]LogRenderer:Warning: Reallocating scene render targets to support 1136x904.
[2014.07.12-06.42.02:964][  1]LogEpicStorage:Warning: EnumerateFiles request failed. Invalid response. code=403 error=<?xml version="1.0" encoding="UTF-8"?>
<Error><Code>AccessDenied</Code><Message>Access Denied</Message><RequestId>D43F1E633E37A0C8</RequestId><HostId>7vFEsRt5Af6l3rl9qYiOuzOdvtRUsrXP+NUKjWI7/9Aogy7PP+IYObkVdRyRBVT1</HostId></Error>
[2014.07.12-06.42.03:096][  2]LogEpicSurvey:Warning: EnumerateFiles request failed. Invalid response. code=403 error=<?xml version="1.0" encoding="UTF-8"?>
<Error><Code>AccessDenied</Code><Message>Access Denied</Message><RequestId>43D99253E862A05A</RequestId><HostId>tOMv7Vd4X7TPoSXcHfvUBlRSLiJECSo03svXC9liqs9660GYrrRLfFQSMMjr+IPd</HostId></Error>
[2014.07.12-06.42.03:140][  3]LogEpicStorage:Warning: EnumerateFiles request failed. Invalid response. code=403 error=<?xml version="1.0" encoding="UTF-8"?>
<Error><Code>AccessDenied</Code><Message>Access Denied</Message><RequestId>F3EF2664D79BE68D</RequestId><HostId>9aPoPygqK6v1JEMyzcS7YU0WFcNew2xJPhgrVdfAdnSXxhPCydh6G1oOX3PBFmuc</HostId></Error>
[2014.07.12-06.42.03:152][  3]LogAssetRegistry: Asset discovery search completed in 5.1665 seconds
[2014.07.12-06.42.03:206][  4]LogEpicSurvey:Warning: EnumerateFiles request failed. Invalid response. code=403 error=<?xml version="1.0" encoding="UTF-8"?>
<Error><Code>AccessDenied</Code><Message>Access Denied</Message><RequestId>9AF181E8EEF2E600</RequestId><HostId>EGxT1zOjPe/NcFn/nbaproiqVHHIOMu3DJLP1ymJmADjuXS7ZcKSu1HgI2zu8tXW</HostId></Error>
[2014.07.12-06.42.03:262][  6]LogEpicSurvey:Warning: EnumerateFiles request failed. Invalid response. code=403 error=<?xml version="1.0" encoding="UTF-8"?>
<Error><Code>AccessDenied</Code><Message>Access Denied</Message><RequestId>3ADE58FEB01BBE97</RequestId><HostId>YMuuZFOcGZ1RPKjURQoUzkDEqGEQFpza2JXBPv8SGn7EFa1RILoCCrTMIlL2y7Ja</HostId></Error>
[2014.07.12-06.42.03:332][  7]LogEpicStorage:Warning: ReadFile request failed. File request already pending for filename=http://cdn.unrealengine.com/newsfeed/blueprint_icon_b.png
[2014.07.12-06.42.03:335][  7]LogEpicStorage:Warning: ReadFile request failed. File request already pending for filename=http://cdn.unrealengine.com/newsfeed/blueprint_icon_b.png
[2014.07.12-06.42.05:064][ 69]LogPlayLevel: PIE:  No blueprints needed recompiling
[2014.07.12-06.42.05:064][ 69]PIE: New page: PIE session: Example_Map (Jul 11, 2014, 4:42:05 PM)
[2014.07.12-06.42.05:163][ 69]LogPlayLevel: PIE: StaticDuplicateObject took: (0.098230s)
[2014.07.12-06.42.05:166][ 69]LogPlayLevel: PIE: World Init took: (0.003137s)
[2014.07.12-06.42.05:166][ 69]LogPlayLevel: PIE: Created PIE world by copying editor world from /Game/Maps/Example_Map.Example_Map to /Game/Maps/UEDPIE_1_Example_Map.Example_Map (0.101948s)
[2014.07.12-06.42.05:166][ 69]LogWorld: Game class is 'MyGame_C'
[2014.07.12-06.42.05:264][ 69]LogWorld: Bringing World /Game/Maps/UEDPIE_1_Example_Map.Example_Map up for play (max tick rate 0) at 2014.07.11-23.42.05
[2014.07.12-06.42.05:266][ 69]LogWorld: Bringing up level for play took: 0.010884
[2014.07.12-06.42.05:268][ 69]LogPlayerController: Spawned spectator SpectatorPawn_0 [server:1]
[2014.07.12-06.42.05:268][ 69]LogGameMode: RestartPlayer 256
[2014.07.12-06.42.05:271][ 69]LogPlayerController: ClientRestart_Implementation MyCharacter_C_0
[2014.07.12-06.42.05:272][ 69]LogPlayerController: ServerAcknowledgePossession_Implementation MyCharacter_C_0
[2014.07.12-06.42.05:293][ 69]PIE: Info Play in editor start time for /Game/Maps/UEDPIE_1_Example_Map 0.351
[2014.07.12-06.42.05:295][ 69]LogInit: WinSock: Socket queue 131072 / 131072
[2014.07.12-06.42.05:300][ 69]LogInit: WinSock: I am Beast (192.168.1.3:0)
[2014.07.12-06.42.05:300][ 69]LogNet: GameNetDriver IpNetDriver_0 IpNetDriver listening on port 7777
[2014.07.12-06.42.05:301][ 69]PIE: New page: PIE session: Example_Map (Jul 11, 2014, 4:42:05 PM)
[2014.07.12-06.42.05:303][ 69]LogWorld: Game class is 'GameMode'
[2014.07.12-06.42.05:378][ 69]LogWorld: Bringing World /Temp/Untitled_1.NewWorld up for play (max tick rate 0) at 2014.07.11-23.42.05
[2014.07.12-06.42.05:378][ 69]LogWorld: Bringing up level for play took: 0.001426
[2014.07.12-06.42.05:379][ 69]LogGameMode: Warning - PATHS NOT DEFINED or NO PLAYERSTART with positive rating
[2014.07.12-06.42.05:380][ 69]LogPlayerController: Spawned spectator SpectatorPawn_1 [server:1]
[2014.07.12-06.42.05:380][ 69]LogGameMode: RestartPlayer 257
[2014.07.12-06.42.05:381][ 69]LogPlayerController: ClientRestart_Implementation DefaultPawn_0
[2014.07.12-06.42.05:381][ 69]LogPlayerController: ServerAcknowledgePossession_Implementation DefaultPawn_0
[2014.07.12-06.42.05:396][ 69]PIE: Info Play in editor start time for /Game/Maps/Example_Map 0.454
[2014.07.12-06.42.05:397][ 69]LogNet: Browse: 127.0.0.1//Game/Maps/Example_Map
[2014.07.12-06.42.05:397][ 69]LogInit: WinSock: Socket queue 32768 / 32768
[2014.07.12-06.42.05:398][ 69]LogNet: Game client on port 7777, rate 10000
[2014.07.12-06.42.05:399][ 69]LogNet: NotifyAcceptingConnection: Server Example_Map accept
[2014.07.12-06.42.05:399][ 69]LogNet: Open Example_Map 07/11/14 23:42:05 127.0.0.1
[2014.07.12-06.42.05:399][ 69]LogNet: Added client connection.  Remote address = 127.0.0.1:49240
[2014.07.12-06.42.05:399][ 69]LogNet: NotifyAcceptingChannel Control 0 server World /Game/Maps/UEDPIE_1_Example_Map.Example_Map: Accepted
[2014.07.12-06.42.05:399][ 69]LogNet: Remote platform little endian=1
[2014.07.12-06.42.05:399][ 69]LogNet: This platform little endian=1
[2014.07.12-06.42.05:521][ 69]LogRenderer:Warning: Reallocating scene render targets to support 1296x904.
[2014.07.12-06.42.05:598][ 69]LogRenderer:Warning: Reallocating scene render targets to support 1296x912.
[2014.07.12-06.42.05:776][ 70]LogNet: Login request: /Game/Maps/Example_Map userId: Invalid
[2014.07.12-06.42.05:776][ 70]LogNet: Client netspeed is 10000
[2014.07.12-06.42.05:779][ 70]LogNet: Welcomed by server (Level: /Game/Maps/UEDPIE_1_Example_Map, Game: /Game/Blueprints/MyGame.MyGame_C)
[2014.07.12-06.42.05:922][ 70]LogLoad: LoadMap: 127.0.0.1//Game/Maps/UEDPIE_1_Example_Map?game=/Game/Blueprints/MyGame.MyGame_C
[2014.07.12-06.42.05:924][ 70]LogActorComponent: UnregisterComponent: (/Engine/Transient.ProjectileMovementComponent_0) Not registered. Aborting.
[2014.07.12-06.42.05:924][ 70]LogActorComponent: UnregisterComponent: (/Engine/Transient.CharacterMovementComponent_0) Not registered. Aborting.
[2014.07.12-06.42.05:924][ 70]LogActorComponent: UnregisterComponent: (/Engine/Transient.ProjectileMovementComponent_1) Not registered. Aborting.
[2014.07.12-06.42.06:035][ 70]LogParticles: Destroying 0 GPU particle simulations for FXSystem 0x000000001B9ACEA0
[2014.07.12-06.42.06:065][ 70]Cmd: MEM
[2014.07.12-06.42.06:114][ 70]LogMemory: Platform Memory Stats for Windows
[2014.07.12-06.42.06:114][ 70]LogMemory: Process Physical Memory: 453.45 MB used, 457.66 MB peak
[2014.07.12-06.42.06:115][ 70]LogMemory: Process Virtual Memory: 382.29 MB used, 392.43 MB peak
[2014.07.12-06.42.06:115][ 70]LogMemory: Physical Memory: 6299.76 MB used, 12184.70 MB total
[2014.07.12-06.42.06:115][ 70]LogMemory: Virtual Memory: 981.65 MB used, 8388608.00 MB total
[2014.07.12-06.42.06:115][ 70]LogMemory: 
[2014.07.12-06.42.06:115][ 70]Allocator Stats for TBB: (not implemented)
[2014.07.12-06.42.06:116][ 70]LogLinker: Can't find file for asset '/Game/Maps/UEDPIE_1_Example_Map' while loading NULL.
[2014.07.12-06.42.06:197][ 70]LogWorld: PIE: Copying PIE streaming level from /Game/Maps/Example_Map.Example_Map to /Game/Maps/UEDPIE_2_Example_Map.Example_Map. OwningWorld: None
[2014.07.12-06.42.06:205][ 70]LogWorld: Bringing World /Game/Maps/UEDPIE_2_Example_Map.Example_Map up for play (max tick rate 0) at 2014.07.11-23.42.06
[2014.07.12-06.42.06:206][ 70]LogWorld: Bringing up level for play took: 0.007858
[2014.07.12-06.42.06:305][ 71]LogNet: Join request: /Game/Maps/Example_Map?SplitscreenCount=1
[2014.07.12-06.42.06:308][ 71]LogGameMode: RestartPlayer 258
[2014.07.12-06.42.06:310][ 71]LogNet: Join succeeded: 258
[2014.07.12-06.42.06:318][ 71]LogPlayerController: NULL GameState when trying to spawn spectator!
[2014.07.12-06.42.06:318][ 71]LogNet: PlayerController_C_2 setplayer LocalPlayer_1
[2014.07.12-06.42.06:319][ 71]LogPlayerController: ClientRestart_Implementation None
[2014.07.12-06.42.06:378][ 72]LogPlayerController: Spawned spectator SpectatorPawn_2 [server:0]
[2014.07.12-06.42.06:990][ 81]LogPlayerController: ClientRetryClientRestart_Implementation MyCharacter_C_2, AcknowledgedPawn: None
[2014.07.12-06.42.06:990][ 81]LogPlayerController: ClientRestart_Implementation MyCharacter_C_2
[2014.07.12-06.42.07:050][ 82]LogPlayerController: ServerAcknowledgePossession_Implementation MyCharacter_C_1
[2014.07.12-06.42.17:049][228]LogBlueprintUserMessages: Server: Hello
[2014.07.12-06.42.17:052][228]LogBlueprintUserMessages: Client 1: Hello
[2014.07.12-06.42.24:170][330]LogBlueprintUserMessages: Server: Hello
[2014.07.12-06.42.24:171][330]LogBlueprintUserMessages: Client 1: Hello
[2014.07.12-06.42.27:891][384]LogBlueprintUserMessages: Server: Hello
[2014.07.12-06.42.27:892][384]LogBlueprintUserMessages: Client 1: Hello
[2014.07.12-06.42.28:317][390]LogBlueprintUserMessages: Server: Hello
[2014.07.12-06.42.28:319][390]LogBlueprintUserMessages: Client 1: Hello
[2014.07.12-06.42.28:678][395]LogBlueprintUserMessages: Server: Hello
[2014.07.12-06.42.28:679][395]LogBlueprintUserMessages: Client 1: Hello
[2014.07.12-06.42.30:704][423]LogActorComponent: UnregisterComponent: (/Engine/Transient.ProjectileMovementComponent_2) Not registered. Aborting.
[2014.07.12-06.42.30:750][423]LogNet: UChannel::CleanUp: [GameNetDriver] [None] [None]. ChIndex == 0. Closing connection.
[2014.07.12-06.42.30:750][423]LogNet: UNetConnection::Close: Name: None, Driver: GameNetDriver None, PC: None, Owner: None, Channels: 1, RemoteAddr: 127.0.0.1:7777, Time: 2014.07.12-06.42.30
[2014.07.12-06.42.30:750][423]LogNet: UChannel::Close: Sending CloseBunch. ChIndex == 0. Name: ControlChannel_0
[2014.07.12-06.42.30:751][423]LogNet: UChannel::CleanUp: [GameNetDriver] [None] [None]. ChIndex == 0. Closing connection.
[2014.07.12-06.42.30:751][423]LogNet: UNetConnection::Close: Name: None, Driver: GameNetDriver None, PC: None, Owner: None, Channels: 1, RemoteAddr: 127.0.0.1:49240, Time: 2014.07.12-06.42.30
[2014.07.12-06.42.30:751][423]LogNet: UChannel::Close: Sending CloseBunch. ChIndex == 0. Name: ControlChannel_1
[2014.07.12-06.42.30:753][423]LogParticles: Destroying 0 GPU particle simulations for FXSystem 0x000000001B9AEDE0
[2014.07.12-06.42.30:753][423]LogExit: GameNetDriver None shut down
[2014.07.12-06.42.30:754][423]LogExit: GameNetDriver None shut down
[2014.07.12-06.42.30:763][423]LogParticles: Destroying 0 GPU particle simulations for FXSystem 0x000000001B576B60
[2014.07.12-06.42.35:461][563]Cmd: QUIT_EDITOR
[2014.07.12-06.42.35:629][563]LogWindowsTextInputMethodSystem:Error: Terminating failed while unadvising the language notification sink from the TSF source.
[2014.07.12-06.42.35:633][563]LogExit: Preparing to exit.
[2014.07.12-06.42.36:018][563]LogExit: Editor shut down
[2014.07.12-06.42.36:019][563]LogExit: Transaction tracking system shut down
[2014.07.12-06.42.36:025][563]LogParticles: Destroying 0 GPU particle simulations for FXSystem 0x000000000C24BEC0
[2014.07.12-06.42.36:087][563]LogParticles: Destroying 0 GPU particle simulations for FXSystem 0x000000001BADAF20
[2014.07.12-06.42.36:087][563]LogExit: Object subsystem successfully closed.
[2014.07.12-06.42.36:242][563]LogModuleManager: Shutting down and abandoning module AndroidDeviceDetection (163)
[2014.07.12-06.42.36:242][563]LogModuleManager: Shutting down and abandoning module CrashTracker (162)
[2014.07.12-06.42.36:242][563]LogModuleManager: Shutting down and abandoning module HTTP (161)
[2014.07.12-06.42.36:242][563]LogModuleManager: Shutting down and abandoning module NewsFeed (160)
[2014.07.12-06.42.36:242][563]LogModuleManager: Shutting down and abandoning module SceneOutliner (159)
[2014.07.12-06.42.36:242][563]LogModuleManager: Shutting down and abandoning module EditorWidgets (158)
[2014.07.12-06.42.36:242][563]LogModuleManager: Shutting down and abandoning module CollectionManager (157)
[2014.07.12-06.42.36:243][563]LogModuleManager: Shutting down and abandoning module StatsViewer (156)
[2014.07.12-06.42.36:243][563]LogModuleManager: Shutting down and abandoning module FoliageEdit (155)
[2014.07.12-06.42.36:243][563]LogModuleManager: Shutting down and abandoning module LandscapeEditor (154)
[2014.07.12-06.42.36:253][563]LogModuleManager: Shutting down and abandoning module MeshPaint (153)
[2014.07.12-06.42.36:253][563]LogModuleManager: Shutting down and abandoning module ActorPickerMode (152)
[2014.07.12-06.42.36:253][563]LogModuleManager: Shutting down and abandoning module GeometryMode (151)
[2014.07.12-06.42.36:253][563]LogModuleManager: Shutting down and abandoning module TextureAlignMode (150)
[2014.07.12-06.42.36:253][563]LogModuleManager: Shutting down and abandoning module BspMode (149)
[2014.07.12-06.42.36:253][563]LogModuleManager: Shutting down and abandoning module PlacementMode (148)
[2014.07.12-06.42.36:254][563]LogModuleManager: Shutting down and abandoning module AutomationWorker (147)
[2014.07.12-06.42.36:254][563]LogModuleManager: Shutting down and abandoning module ViewportSnapping (146)
[2014.07.12-06.42.36:254][563]LogModuleManager: Shutting down and abandoning module DeviceProfileEditor (145)
[2014.07.12-06.42.36:254][563]LogModuleManager: Shutting down and abandoning module UndoHistory (144)
[2014.07.12-06.42.36:254][563]LogModuleManager: Shutting down and abandoning module GameplayTagsEditor (143)
[2014.07.12-06.42.36:254][563]LogModuleManager: Shutting down and abandoning module UserFeedback (142)
[2014.07.12-06.42.36:254][563]LogModuleManager: Shutting down and abandoning module XmlParser (141)
[2014.07.12-06.42.36:254][563]LogModuleManager: Shutting down and abandoning module Blutility (140)
[2014.07.12-06.42.36:254][563]LogModuleManager: Shutting down and abandoning module AndroidPlatformEditor (137)
[2014.07.12-06.42.36:254][563]LogModuleManager: Shutting down and abandoning module AndroidRuntimeSettings (136)
[2014.07.12-06.42.36:254][563]LogModuleManager: Shutting down and abandoning module ProjectSettingsViewer (135)
[2014.07.12-06.42.36:254][563]LogModuleManager: Shutting down and abandoning module InputBindingEditor (134)
[2014.07.12-06.42.36:254][563]LogModuleManager: Shutting down and abandoning module EditorSettingsViewer (133)
[2014.07.12-06.42.36:255][563]LogModuleManager: Shutting down and abandoning module SettingsEditor (132)
[2014.07.12-06.42.36:255][563]LogModuleManager: Shutting down and abandoning module SessionLauncher (131)
[2014.07.12-06.42.36:255][563]LogModuleManager: Shutting down and abandoning module SessionFrontend (130)
[2014.07.12-06.42.36:255][563]LogModuleManager: Shutting down and abandoning module ProfilerClient (129)
[2014.07.12-06.42.36:255][563]LogModuleManager: Shutting down and abandoning module TargetDeviceServices (128)
[2014.07.12-06.42.36:255][563]LogModuleManager: Shutting down and abandoning module DeviceManager (127)
[2014.07.12-06.42.36:255][563]LogModuleManager: Shutting down and abandoning module AutomationController (126)
[2014.07.12-06.42.36:255][563]LogModuleManager: Shutting down and abandoning module AutomationWindow (125)
[2014.07.12-06.42.36:255][563]LogModuleManager: Shutting down and abandoning module Layers (124)
[2014.07.12-06.42.36:255][563]LogModuleManager: Shutting down and abandoning module ComponentVisualizers (123)
[2014.07.12-06.42.36:255][563]LogModuleManager: Shutting down and abandoning module DetailCustomizations (122)
[2014.07.12-06.42.36:255][563]LogModuleManager: Shutting down and abandoning module PackagesDialog (121)
[2014.07.12-06.42.36:255][563]LogModuleManager: Shutting down and abandoning module PropertyEditor (120)
[2014.07.12-06.42.36:255][563]LogModuleManager: Shutting down and abandoning module DirectoryWatcher (119)
[2014.07.12-06.42.36:256][563]LogModuleManager: Shutting down and abandoning module AssetRegistry (118)
[2014.07.12-06.42.36:393][563]LogModuleManager: Shutting down and abandoning module Persona (117)
[2014.07.12-06.42.36:393][563]LogModuleManager: Shutting down and abandoning module GraphEditor (116)
[2014.07.12-06.42.36:393][563]LogModuleManager: Shutting down and abandoning module ContentBrowser (115)
[2014.07.12-06.42.36:393][563]LogModuleManager: Shutting down and abandoning module ClassViewer (114)
[2014.07.12-06.42.36:393][563]LogModuleManager: Shutting down and abandoning module Toolbox (113)
[2014.07.12-06.42.36:393][563]LogModuleManager: Shutting down and abandoning module ModuleUI (112)
[2014.07.12-06.42.36:393][563]LogModuleManager: Shutting down and abandoning module Sequencer (111)
[2014.07.12-06.42.36:394][563]LogModuleManager: Shutting down and abandoning module AssetTools (110)
[2014.07.12-06.42.36:394][563]LogModuleManager: Shutting down and abandoning module MovieSceneTools (109)
[2014.07.12-06.42.36:394][563]LogModuleManager: Shutting down and abandoning module OutputLog (108)
[2014.07.12-06.42.36:394][563]LogModuleManager: Shutting down and abandoning module GammaUI (107)
[2014.07.12-06.42.36:394][563]LogModuleManager: Shutting down and abandoning module Documentation (106)
[2014.07.12-06.42.36:394][563]LogModuleManager: Shutting down and abandoning module StreamingPauseRendering (105)
[2014.07.12-06.42.36:394][563]LogModuleManager: Shutting down and abandoning module AnalyticsET (104)
[2014.07.12-06.42.36:394][563]LogModuleManager: Shutting down and abandoning module Analytics (103)
[2014.07.12-06.42.36:394][563]LogModuleManager: Shutting down and abandoning module ProfilerService (102)
[2014.07.12-06.42.36:509][563]LogModuleManager: Shutting down and abandoning module TaskGraph (101)
[2014.07.12-06.42.36:509][563]LogModuleManager: Shutting down and abandoning module GameProjectGeneration (100)
[2014.07.12-06.42.36:509][563]LogModuleManager: Shutting down and abandoning module Matinee (99)
[2014.07.12-06.42.36:509][563]LogModuleManager: Shutting down and abandoning module Kismet (98)
[2014.07.12-06.42.36:510][563]LogModuleManager: Shutting down and abandoning module SlateReflector (97)
[2014.07.12-06.42.36:510][563]LogModuleManager: Shutting down and abandoning module LevelEditor (96)
[2014.07.12-06.42.36:512][563]LogModuleManager: Shutting down and abandoning module MainFrame (95)
[2014.07.12-06.42.36:512][563]LogModuleManager: Shutting down and abandoning module SourceControl (94)
[2014.07.12-06.42.36:512][563]LogModuleManager: Shutting down and abandoning module ImageWrapper (93)
[2014.07.12-06.42.36:512][563]LogModuleManager: Shutting down and abandoning module OnlineBlueprintSupport (92)
[2014.07.12-06.42.36:512][563]LogModuleManager: Shutting down and abandoning module FunctionalTesting (91)
[2014.07.12-06.42.36:512][563]LogModuleManager: Shutting down and abandoning module CollisionAnalyzer (90)
[2014.07.12-06.42.36:512][563]LogModuleManager: Shutting down and abandoning module WorkspaceMenuStructure (89)
[2014.07.12-06.42.36:512][563]LogModuleManager: Shutting down and abandoning module MessageLog (88)
[2014.07.12-06.42.36:512][563]LogModuleManager: Shutting down and abandoning module Slate (87)
[2014.07.12-06.42.36:512][563]LogModuleManager: Shutting down and abandoning module EditorStyle (86)
[2014.07.12-06.42.36:517][563]LogModuleManager: Shutting down and abandoning module SessionServices (85)
[2014.07.12-06.42.36:517][563]LogModuleManager: Shutting down and abandoning module Messaging (84)
[2014.07.12-06.42.36:517][563]LogModuleManager: Shutting down and abandoning module SourceCodeAccess (83)
[2014.07.12-06.42.36:517][563]LogModuleManager: Shutting down and abandoning module HeadMountedDisplay (82)
[2014.07.12-06.42.36:517][563]LogModuleManager: Shutting down and abandoning module XAudio2 (81)
[2014.07.12-06.42.36:517][563]LogModuleManager: Shutting down and abandoning module Networking (79)
[2014.07.12-06.42.36:517][563]LogModuleManager: Shutting down and abandoning module Core (78)
[2014.07.12-06.42.36:517][563]LogModuleManager: Shutting down and abandoning module KismetCompiler (77)
[2014.07.12-06.42.36:517][563]LogModuleManager: Shutting down and abandoning module PhysXFormats (76)
[2014.07.12-06.42.36:518][563]LogModuleManager: Shutting down and abandoning module SimplygonMeshReduction (75)
[2014.07.12-06.42.36:518][563]LogModuleManager: Shutting down and abandoning module MeshUtilities (74)
[2014.07.12-06.42.36:518][563]LogModuleManager: Shutting down and abandoning module DerivedDataCache (73)
[2014.07.12-06.42.36:870][563]LogDerivedDataCache: Shutdown
[2014.07.12-06.42.36:870][563]LogModuleManager: Shutting down and abandoning module ShaderFormatOpenGL (72)
[2014.07.12-06.42.36:870][563]LogModuleManager: Shutting down and abandoning module ShaderFormatD3D (71)
[2014.07.12-06.42.36:870][563]LogModuleManager: Shutting down and abandoning module TextureFormatUncompressed (70)
[2014.07.12-06.42.36:870][563]LogModuleManager: Shutting down and abandoning module TextureFormatPVR (69)
[2014.07.12-06.42.36:870][563]LogModuleManager: Shutting down and abandoning module TextureFormatDXT (68)
[2014.07.12-06.42.36:870][563]LogModuleManager: Shutting down and abandoning module TextureFormatAndroid (67)
[2014.07.12-06.42.36:872][563]LogModuleManager: Shutting down and abandoning module AudioFormatOpus (66)
[2014.07.12-06.42.36:872][563]LogModuleManager: Shutting down and abandoning module AudioFormatOgg (65)
[2014.07.12-06.42.36:872][563]LogModuleManager: Shutting down and abandoning module AudioFormatADPCM (64)
[2014.07.12-06.42.36:872][563]LogModuleManager: Shutting down and abandoning module Android_PVRTCTargetPlatform (63)
[2014.07.12-06.42.36:872][563]LogModuleManager: Shutting down and abandoning module Android_ETC2TargetPlatform (62)
[2014.07.12-06.42.36:872][563]LogModuleManager: Shutting down and abandoning module Android_ETC1TargetPlatform (61)
[2014.07.12-06.42.36:872][563]LogModuleManager: Shutting down and abandoning module Android_DXTTargetPlatform (60)
[2014.07.12-06.42.36:872][563]LogModuleManager: Shutting down and abandoning module Android_ATCTargetPlatform (59)
[2014.07.12-06.42.36:872][563]LogModuleManager: Shutting down and abandoning module AndroidTargetPlatform (58)
[2014.07.12-06.42.36:872][563]LogModuleManager: Shutting down and abandoning module WindowsTargetPlatform (57)
[2014.07.12-06.42.36:872][563]LogModuleManager: Shutting down and abandoning module WindowsServerTargetPlatform (56)
[2014.07.12-06.42.36:872][563]LogModuleManager: Shutting down and abandoning module WindowsNoEditorTargetPlatform (55)
[2014.07.12-06.42.36:872][563]LogModuleManager: Shutting down and abandoning module WindowsClientTargetPlatform (54)
[2014.07.12-06.42.36:872][563]LogModuleManager: Shutting down and abandoning module TargetPlatform (53)
[2014.07.12-06.42.36:872][563]LogModuleManager: Shutting down and abandoning module InputCore (52)
[2014.07.12-06.42.36:872][563]LogModuleManager: Shutting down and abandoning module Settings (51)
[2014.07.12-06.42.36:872][563]LogModuleManager: Shutting down and abandoning module TextureCompressor (48)
[2014.07.12-06.42.36:872][563]LogModuleManager: Shutting down and abandoning module ShaderCore (47)
[2014.07.12-06.42.36:872][563]LogModuleManager: Shutting down and abandoning module OpenGLDrv (46)
[2014.07.12-06.42.36:872][563]LogModuleManager: Shutting down and abandoning module D3D11RHI (45)
[2014.07.12-06.42.36:872][563]LogModuleManager: Shutting down and abandoning module SlateRHIRenderer (44)
[2014.07.12-06.42.36:872][563]LogModuleManager: Shutting down and abandoning module Renderer (43)
[2014.07.12-06.42.36:872][563]LogModuleManager: Shutting down and abandoning module Engine (42)
[2014.07.12-06.42.36:872][563]LogModuleManager: Shutting down and abandoning module SlateRemote (41)
[2014.07.12-06.42.36:873][563]LogModuleManager: Shutting down and abandoning module ScriptPlugin (40)
[2014.07.12-06.42.36:873][563]LogModuleManager: Shutting down and abandoning module ScriptEditorPlugin (38)
[2014.07.12-06.42.36:873][563]LogModuleManager: Shutting down and abandoning module WindowsMoviePlayer (37)
[2014.07.12-06.42.36:880][563]LogModuleManager: Shutting down and abandoning module ExampleDeviceProfileSelector (32)
[2014.07.12-06.42.36:880][563]LogModuleManager: Shutting down and abandoning module CustomMeshComponent (31)
[2014.07.12-06.42.36:880][563]LogModuleManager: Shutting down and abandoning module CableComponent (30)
[2014.07.12-06.42.36:880][563]LogModuleManager: Shutting down and abandoning module OculusRift (26)
[2014.07.12-06.42.36:880][563]LogModuleManager: Shutting down and abandoning module UdpMessaging (25)
[2014.07.12-06.42.36:980][563]LogModuleManager: Shutting down and abandoning module MessagingDebugger (24)
[2014.07.12-06.42.36:980][563]LogModuleManager: Shutting down and abandoning module PluginsEditor (14)
[2014.07.12-06.42.36:980][563]LogModuleManager: Shutting down and abandoning module IntroTutorials (13)
[2014.07.12-06.42.36:980][563]LogModuleManager: Shutting down and abandoning module EpicSurvey (12)
[2014.07.12-06.42.36:980][563]LogModuleManager: Shutting down and abandoning module VisualStudioSourceCodeAccess (10)
[2014.07.12-06.42.36:980][563]LogModuleManager: Shutting down and abandoning module UObjectPlugin (9)
[2014.07.12-06.42.36:980][563]LogModuleManager: Shutting down and abandoning module SubversionSourceControl (8)
[2014.07.12-06.42.36:980][563]LogModuleManager: Shutting down and abandoning module PerforceSourceControl (7)
[2014.07.12-06.42.36:980][563]LogModuleManager: Shutting down and abandoning module BlankPlugin (6)
[2014.07.12-06.42.36:980][563]LogModuleManager: Shutting down and abandoning module CoreUObject (5)
[2014.07.12-06.42.36:980][563]LogModuleManager: Shutting down and abandoning module NetworkFile (4)
[2014.07.12-06.42.36:980][563]LogModuleManager: Shutting down and abandoning module StreamingFile (3)
[2014.07.12-06.42.36:981][563]LogModuleManager: Shutting down and abandoning module SandboxFile (2)
[2014.07.12-06.42.36:981][563]LogModuleManager: Shutting down and abandoning module PakFile (1)
[2014.07.12-06.42.36:981][563]LogExit: Exiting.
[2014.07.12-06.42.36:988][563]Log file closed, 07/11/14 23:42:36
