Log file open, 07/05/14 18:27:44
LogInit:Display: Running engine for game: OrbitFPS
LogInit: Version: 4.2.1-2101290+++depot+UE4-Releases+4.2
LogInit: Compiled (64-bit): Jun 10 2014 22:21:56
LogInit: Build Configuration: Development
LogInit: Branch Name: ++depot+UE4-Releases+4.2
LogInit: Command line: 
LogInit: Base directory: C:/Program Files/Unreal E4/Unreal Engine/4.2/Engine/Binaries/Win64/
LogInit: Rocket: 1
[2014.07.06-01.27.44:796][  0]LogTaskGraph: Started task graph with 3 named threads and 4 total threads.
[2014.07.06-01.27.44:841][  0]LogOnline:Warning: No default platform service specified for OnlineSubsystem
[2014.07.06-01.27.44:870][  0]LogInit: Presizing for 0 objects not considered by GC, pre-allocating 0 bytes.
[2014.07.06-01.27.44:887][  0]LogInit: Object subsystem initialized
[2014.07.06-01.27.44:891][  0]LogInit: Selected Device Profile: [Windows]
[2014.07.06-01.27.44:891][  0]LogInit: Applying CVar settings loaded from the selected device profile: [Windows]
[2014.07.06-01.27.44:932][  0]LogInit: Computer: BEAST
[2014.07.06-01.27.44:932][  0]LogInit: User: Eric
[2014.07.06-01.27.44:936][  0]LogInit: CPU Page size=4096, Cores=4
[2014.07.06-01.27.44:936][  0]LogInit: High frequency timer resolution =2.241064 MHz
[2014.07.06-01.27.44:936][  0]LogMemory: Memory total: Physical=11.9GB (12GB approx) Virtual=8192.0GB
[2014.07.06-01.27.44:936][  0]LogMemory: Platform Memory Stats for Windows
[2014.07.06-01.27.44:936][  0]LogMemory: Process Physical Memory: 55.95 MB used, 55.95 MB peak
[2014.07.06-01.27.44:936][  0]LogMemory: Process Virtual Memory: 32.07 MB used, 32.23 MB peak
[2014.07.06-01.27.44:936][  0]LogMemory: Physical Memory: 5866.93 MB used, 12184.70 MB total
[2014.07.06-01.27.44:936][  0]LogMemory: Virtual Memory: 239.28 MB used, 8388608.00 MB total
[2014.07.06-01.27.45:053][  0]LogD3D11RHI: Found D3D11 adapter 0: Intel(R) HD Graphics 4000 (Feature Level 11_0)
[2014.07.06-01.27.45:053][  0]LogD3D11RHI: Adapter has 4040MB of dedicated video memory, 0MB of dedicated system memory, and 5836MB of shared system memory, 1 output[s]
[2014.07.06-01.27.45:053][  0]LogD3D11RHI: Chosen D3D11 Adapter Id = 0
[2014.07.06-01.27.45:078][  0]LogRHI: Texture pool is 1361 MB (70% of 1945 MB)
[2014.07.06-01.27.45:119][  0]LogD3D11RHI: Async texture creation enabled
[2014.07.06-01.27.45:344][  0]LogContentStreaming: Texture pool size is 0.000000MB
[2014.07.06-01.27.47:816][  0]LogTargetPlatformManager:Display: Building Assets For Windows
[2014.07.06-01.27.48:206][  0]LogTargetPlatformManager:Display: Building Assets For Windows
[2014.07.06-01.27.48:329][  0]LogDerivedDataCache:Display: Max Cache Size: 512 MB
[2014.07.06-01.27.48:451][  0]LogDerivedDataCache: Loaded boot cache 0.12s 39MB C:/Users/Eric/AppData/Local/UnrealEngine/4.2/DerivedDataCache/Boot.ddc.
[2014.07.06-01.27.48:451][  0]LogDerivedDataCache:Display: Loaded Boot cache: C:/Users/Eric/AppData/Local/UnrealEngine/4.2/DerivedDataCache/Boot.ddc
[2014.07.06-01.27.48:452][  0]LogDerivedDataCache: FDerivedDataBackendGraph:  Pak pak cache file ../../../../../../../Users/Eric/Documents/Unreal Projects/OrbitFPS/DerivedDataCache/DDC.ddp not found, will not use a pak cache.
[2014.07.06-01.27.48:452][  0]LogDerivedDataCache: Unable to find inner node Pak for hierarchical cache Hierarchy.
[2014.07.06-01.27.48:478][  0]LogDerivedDataCache:Display: Pak cache opened for reading ../../../Engine/DerivedDataCache/DDC.ddp.
[2014.07.06-01.27.48:491][  0]LogDerivedDataCache: Using Local data cache path C:/Users/Eric/AppData/Local/UnrealEngine/4.2/DerivedDataCache: Writable
[2014.07.06-01.27.49:037][  0]LogMeshUtilities: No automatic mesh reduction module available
[2014.07.06-01.27.49:037][  0]LogMeshUtilities: No automatic mesh merging module available
[2014.07.06-01.27.49:952][  0]LogInit: WinSock: version 1.1 (2.2), MaxSocks=32767, MaxUdp=65467
[2014.07.06-01.27.51:021][  0]LogStreaming:Warning: Failed to read file '../../../Engine/Content/Editor/Slate/Icons/ActorIcons/GroupActor_16x.png' error.
[2014.07.06-01.27.51:021][  0]LogSlate: Could not find file for Slate resource: ../../../Engine/Content/Editor/Slate/Icons/ActorIcons/GroupActor_16x.png
[2014.07.06-01.27.51:033][  0]LogStreaming:Warning: Failed to read file '../../../Engine/Content/Editor/Slate/Icons/ActorIcons/DecalActor_16x.png' error.
[2014.07.06-01.27.51:033][  0]LogSlate: Could not find file for Slate resource: ../../../Engine/Content/Editor/Slate/Icons/ActorIcons/DecalActor_16x.png
[2014.07.06-01.27.51:692][  0]UdpMessaging: Initializing bridge on interface 0.0.0.0:0 to multicast group 230.0.0.1:6666.
[2014.07.06-01.27.51:864][  0]SourceControl: Info Source control is disabled
[2014.07.06-01.27.51:864][  0]SourceControl: Info Source control is disabled
[2014.07.06-01.27.51:888][  0]SourceControl: Info Source control is disabled
[2014.07.06-01.27.52:154][  0]BlueprintLog: New page: Editor Load
[2014.07.06-01.27.52:272][  0]LogObj: 19137 objects as part of root set at end of initial load.
[2014.07.06-01.27.52:272][  0]LogUObjectAllocator: 3804776 out of 0 bytes used by permanent object pool.
[2014.07.06-01.27.52:851][  0]LogEngine: Initializing Engine...
[2014.07.06-01.27.53:115][  0]LogInit: XAudio2 using 'Speakers (Realtek High Definition Audio)' : 2 channels at 48 kHz using 32 bits per sample (channel mask 0x3)
[2014.07.06-01.27.53:178][  0]LogInit: FAudioDevice initialized.
[2014.07.06-01.27.53:326][  0]LogDerivedDataCache: Saved boot cache 0.14s 39MB C:/Users/Eric/AppData/Local/UnrealEngine/4.2/DerivedDataCache/Boot.ddc.
[2014.07.06-01.27.53:332][  0]LogInit: Texture streaming: Enabled
[2014.07.06-01.27.53:440][  0]LogInit: Transaction tracking system initialized
[2014.07.06-01.27.53:847][  0]LogAssetRegistry: FAssetRegistry took 0.0098 seconds to start up
[2014.07.06-01.27.54:398][  0]LogModuleManager:Warning: ModuleManager: Unable to load module '' because the file was not found.
[2014.07.06-01.27.54:421][  0]LogModuleManager:Warning: ModuleManager: Unable to load module '' because the file was not found.
[2014.07.06-01.27.54:576][  0]LogConsoleResponse:Display: 
[2014.07.06-01.27.55:229][  0]SourceControl: Info Source control is disabled
[2014.07.06-01.27.55:229][  0]Cmd: MAP LOAD FILE="../../../../../../../Users/Eric/Documents/Unreal Projects/OrbitFPS/Content/Maps/Example_Map.umap" TEMPLATE=0 SHOWPROGRESS=1 WORLDCOMPOSITION=0
[2014.07.06-01.27.55:303][  0]LightingResults: New page: Lighting Build
[2014.07.06-01.27.55:328][  0]MapCheck: New page: Map Check
[2014.07.06-01.27.55:328][  0]LightingResults: New page: Lighting Build
[2014.07.06-01.27.55:354][  0]LogParticles: Destroying 0 GPU particle simulations for FXSystem 0x0000000016058A40
[2014.07.06-01.27.57:819][  0]LogEditorServer: Finished looking for orphan Actors (0.000 secs)
[2014.07.06-01.27.57:840][  0]Cmd: MAP CHECKDEP
[2014.07.06-01.27.57:841][  0]MapCheck: New page: Example_Map - Jul 5, 2014, 11:27:57 AM
[2014.07.06-01.27.58:000][  0]MapCheck: Info ========== Map Check: 0 Error(s), 0 Warning(s), [159.509ms] ==========
[2014.07.06-01.27.58:001][  0]LogFileHelpers: Loading map 'Example_Map' took 2.772
[2014.07.06-01.27.58:369][  0]LogCollectionManager: Loaded 0 collections in 0.003420 seconds
[2014.07.06-01.27.58:971][  0]LogCrashTracker: Crashtracker disabled due to settings.
[2014.07.06-01.27.58:986][  0]Cmd: MODE PLACEMENT
[2014.07.06-01.27.59:245][  0]LogLoad: Full Startup: 17.15 seconds (BP compile: 0.18 seconds)
[2014.07.06-01.27.59:264][  0]LogContentBrowser:Verbose: The content browser source was changed by the sources view to '/Game/Blueprints'
[2014.07.06-01.27.59:766][  0]LogRenderer:Warning: Reallocating scene render targets to support 32x32.
[2014.07.06-01.27.59:998][  0]LogRenderer:Warning: Reallocating scene render targets to support 1136x904.
[2014.07.06-01.28.00:287][  1]LogEpicStorage:Warning: EnumerateFiles request failed. Invalid response. code=403 error=<?xml version="1.0" encoding="UTF-8"?>
<Error><Code>AccessDenied</Code><Message>Access Denied</Message><RequestId>B552DF87AC6F3643</RequestId><HostId>6sPF3sC2VoFvqCR/i2nlB8To9pHeq7LbqZllAxgFAijx6WSnlQQTFaB0MN0U+BHy</HostId></Error>
[2014.07.06-01.28.00:354][  2]LogEpicSurvey:Warning: EnumerateFiles request failed. Invalid response. code=403 error=<?xml version="1.0" encoding="UTF-8"?>
<Error><Code>AccessDenied</Code><Message>Access Denied</Message><RequestId>B779CD32E8DFF7B7</RequestId><HostId>/ZA3O2aZDLLubb9M8Ka+BElv2ksdTg4KXdCGwhp3R1o6G16XuOAPhdrRdMF+ECld</HostId></Error>
[2014.07.06-01.28.00:490][  3]LogEpicStorage:Warning: EnumerateFiles request failed. Invalid response. code=403 error=<?xml version="1.0" encoding="UTF-8"?>
<Error><Code>AccessDenied</Code><Message>Access Denied</Message><RequestId>9FBD7160F5573FB4</RequestId><HostId>PUGoBsms0TJzPvBGNMiuMQW0d0/g9hksQvD8I9gyebaRYoECgni7EEeZYppTYdJs</HostId></Error>
[2014.07.06-01.28.00:545][  4]LogEpicSurvey:Warning: EnumerateFiles request failed. Invalid response. code=403 error=<?xml version="1.0" encoding="UTF-8"?>
<Error><Code>AccessDenied</Code><Message>Access Denied</Message><RequestId>F7E459F252235835</RequestId><HostId>fp2Rjw9mAFByyHbfYLcoJ7i5xMomVdRrfi/htKJU0ErE9B0ZmPdwfz8x3zedPg6x</HostId></Error>
[2014.07.06-01.28.00:555][  4]LogAssetRegistry: Asset discovery search completed in 6.7184 seconds
[2014.07.06-01.28.00:737][  6]LogEpicSurvey:Warning: EnumerateFiles request failed. Invalid response. code=403 error=<?xml version="1.0" encoding="UTF-8"?>
<Error><Code>AccessDenied</Code><Message>Access Denied</Message><RequestId>EE0CE005022E3FE5</RequestId><HostId>vNqq8PJ3A5WNlEwZy7/BumekPUGwjROAq0qmvlIopMZFajXReGLKBDz11yjkUU5O</HostId></Error>
[2014.07.06-01.28.01:217][  7]LogEpicStorage:Warning: ReadFile request failed. File request already pending for filename=http://cdn.unrealengine.com/newsfeed/blueprint_icon_b.png
[2014.07.06-01.28.01:355][  7]LogEpicStorage:Warning: ReadFile request failed. File request already pending for filename=http://cdn.unrealengine.com/newsfeed/blueprint_icon_b.png
[2014.07.06-01.29.20:857][260]LogPlayLevel: PIE:  No blueprints needed recompiling
[2014.07.06-01.29.20:859][260]PIE: New page: PIE session: Example_Map (Jul 5, 2014, 11:29:20 AM)
[2014.07.06-01.29.20:956][260]LogPlayLevel: PIE: StaticDuplicateObject took: (0.096939s)
[2014.07.06-01.29.20:958][260]LogPlayLevel: PIE: World Init took: (0.001430s)
[2014.07.06-01.29.20:958][260]LogPlayLevel: PIE: Created PIE world by copying editor world from /Game/Maps/Example_Map.Example_Map to /Game/Maps/UEDPIE_0_Example_Map.Example_Map (0.098934s)
[2014.07.06-01.29.21:195][260]LogLinker:Warning: CreateExport: Failed to load Super for Function /Game/Character/HeroFPP_AnimBlueprint.HeroFPP_AnimBlueprint_C:KismetUpdateAnimation; removing super information, but keeping function
[2014.07.06-01.29.22:278][260]LogWorld: Game class is 'MyGame_C'
[2014.07.06-01.29.22:402][260]LogWorld: Bringing World /Game/Maps/UEDPIE_0_Example_Map.Example_Map up for play (max tick rate 0) at 2014.07.05-18.29.22
[2014.07.06-01.29.22:485][260]LogWorld: Bringing up level for play took: 0.089134
[2014.07.06-01.29.22:526][260]LogPlayerController: Spawned spectator SpectatorPawn_0 [server:1]
[2014.07.06-01.29.22:537][260]LogGameMode: RestartPlayer 256
[2014.07.06-01.29.22:581][260]LogPlayerController: ClientRestart_Implementation MyCharacter_C_0
[2014.07.06-01.29.22:582][260]LogPlayerController: ServerAcknowledgePossession_Implementation MyCharacter_C_0
[2014.07.06-01.29.22:690][260]PIE: Info Play in editor start time for /Game/Maps/UEDPIE_0_Example_Map 1.771
[2014.07.06-01.29.22:971][261]LogRenderer:Warning: Reallocating scene render targets to support 1136x912.
[2014.07.06-01.30.22:561][225]LogActorComponent: UnregisterComponent: (/Engine/Transient.CharacterMovementComponent_0) Not registered. Aborting.
[2014.07.06-01.30.22:561][225]LogActorComponent: UnregisterComponent: (/Engine/Transient.ProjectileMovementComponent_0) Not registered. Aborting.
[2014.07.06-01.30.46:763][ 30]LogParticles: Destroying 0 GPU particle simulations for FXSystem 0x000000000CBFBC40
[2014.07.06-01.31.21:318][723]LogEditorViewport: Clicking on Actor (LMB): BrokenWallSconceSmokey_C (BrokenWallSconceSmokey)
[2014.07.06-01.31.32:847][944]LogActorComponent: UnregisterComponent: (/Engine/Transient.CharacterMovementComponent_1) Not registered. Aborting.
[2014.07.06-01.31.32:898][944]LogParticles: Destroying 0 GPU particle simulations for FXSystem 0x00000000219607C0
[2014.07.06-01.31.32:899][944]LogParticles: Destroying 0 GPU particle simulations for FXSystem 0x000000000ABD6480
[2014.07.06-01.31.32:900][944]LogParticles: Destroying 0 GPU particle simulations for FXSystem 0x000000000E38A160
[2014.07.06-01.31.39:285][981]LogActorComponent: UnregisterComponent: (/Engine/Transient.CharacterMovementComponent_2) Not registered. Aborting.
[2014.07.06-01.31.39:285][981]LogActorComponent: UnregisterComponent: (/Engine/Transient.ProjectileMovementComponent_1) Not registered. Aborting.
[2014.07.06-01.32.46:975][602]LogSlate:Warning: GetFontFace failed to load or process 'Roboto-Regular'
[2014.07.06-01.32.46:976][602]LogSlate:Warning: GetFontFace failed to load or process 'Roboto-Regular'
[2014.07.06-01.32.47:044][602]LogSlate:Warning: GetFontFace failed to load or process 'Roboto-Regular'
[2014.07.06-01.32.47:045][602]LogSlate:Warning: GetFontFace failed to load or process 'Roboto-Regular'
[2014.07.06-01.32.47:045][602]LogSlate:Warning: GetFontFace failed to load or process 'Roboto-Regular'
[2014.07.06-01.32.47:045][602]LogSlate:Warning: GetFontFace failed to load or process 'Roboto-Regular'
[2014.07.06-01.32.47:046][602]LogSlate:Warning: GetFontFace failed to load or process 'Roboto-Regular'
[2014.07.06-01.32.47:046][602]LogSlate:Warning: GetFontFace failed to load or process 'Roboto-Regular'
[2014.07.06-01.32.47:046][602]LogSlate:Warning: GetFontFace failed to load or process 'Roboto-Regular'
[2014.07.06-01.32.47:047][602]LogSlate:Warning: GetFontFace failed to load or process 'Roboto-Regular'
[2014.07.06-01.32.47:047][602]LogSlate:Warning: GetFontFace failed to load or process 'Roboto-Regular'
[2014.07.06-01.32.47:047][602]LogSlate:Warning: GetFontFace failed to load or process 'Roboto-Regular'
[2014.07.06-01.32.47:048][602]LogSlate:Warning: GetFontFace failed to load or process 'Roboto-Regular'
[2014.07.06-01.32.47:048][602]LogSlate:Warning: GetFontFace failed to load or process 'Roboto-Regular'
[2014.07.06-01.32.47:048][602]LogSlate:Warning: GetFontFace failed to load or process 'Roboto-Regular'
[2014.07.06-01.32.47:049][602]LogSlate:Warning: GetFontFace failed to load or process 'Roboto-Regular'
[2014.07.06-01.32.47:049][602]LogSlate:Warning: GetFontFace failed to load or process 'Roboto-Regular'
[2014.07.06-01.32.47:049][602]LogSlate:Warning: GetFontFace failed to load or process 'Roboto-Regular'
[2014.07.06-01.39.25:401][349]LogActorComponent: UnregisterComponent: (/Engine/Transient.CharacterMovementComponent_3) Not registered. Aborting.
[2014.07.06-01.39.25:402][349]LogActorComponent: UnregisterComponent: (/Engine/Transient.ProjectileMovementComponent_2) Not registered. Aborting.
[2014.07.06-01.39.25:454][349]LogParticles: Destroying 0 GPU particle simulations for FXSystem 0x0000000010B0C7C0
[2014.07.06-01.39.25:454][349]LogParticles: Destroying 0 GPU particle simulations for FXSystem 0x000000000ACF32E0
[2014.07.06-01.39.25:461][349]LogFileHelpers: Editor autosave (incl. sublevels) for '/Game/Maps/Example_Map' took 0.060
[2014.07.06-01.39.25:535][349]OBJ SavePackage: Generating thumbnails for [1] asset(s) in package [/Game/Blueprints/BrokenWallSconceSmokey] ([1] browsable assets)...
[2014.07.06-01.39.25:606][349]OBJ SavePackage:     Rendered thumbnail for [Blueprint /Game/Blueprints/BrokenWallSconceSmokey.BrokenWallSconceSmokey]
[2014.07.06-01.39.25:606][349]OBJ SavePackage: Finished generating thumbnails for package [/Game/Blueprints/BrokenWallSconceSmokey]
[2014.07.06-01.39.27:145][349]LogSavePackage: Save=1260.820801ms
[2014.07.06-01.39.27:145][349]LogSavePackage: Moving '../../../../../../../Users/Eric/Documents/Unreal Projects/OrbitFPS/Saved/BrokenWallSconceSmokey_Auto18F31561F45FC816866737B8930C8885D.tmp' to '../../../../../../../Users/Eric/Documents/Unreal Projects/OrbitFPS/Saved/Autosaves/Game/Blueprints/BrokenWallSconceSmokey_Auto1.uasset'
[2014.07.06-01.39.27:241][349]LogFileHelpers: Auto-saving content packages took 1.780
[2014.07.06-01.40.23:147][940]BlueprintLog: New page: Compile BrokenWallSconceSmokey
[2014.07.06-01.40.23:915][940]BlueprintEditorCompileResults: Info [0761.05] Compile of BrokenWallSconceSmokey successful! [in 12 ms]
[2014.07.06-01.40.26:085][953]LogSavePackage: Save=1231.312500ms
[2014.07.06-01.40.26:085][953]LogSavePackage: Moving '../../../../../../../Users/Eric/Documents/Unreal Projects/OrbitFPS/Saved/BrokenWallSconceSmokeyCFD82DC1487276FEFDA279BBBE39FB46.tmp' to '../../../../../../../Users/Eric/Documents/Unreal Projects/OrbitFPS/Content/Blueprints/BrokenWallSconceSmokey.uasset'
[2014.07.06-01.40.28:351][  0]LogPlayLevel: PIE:  No blueprints needed recompiling
[2014.07.06-01.40.28:352][  0]PIE: New page: PIE session: Example_Map (Jul 5, 2014, 11:40:28 AM)
[2014.07.06-01.40.28:409][  0]LogPlayLevel: PIE: StaticDuplicateObject took: (0.057581s)
[2014.07.06-01.40.28:411][  0]LogPlayLevel: PIE: World Init took: (0.001233s)
[2014.07.06-01.40.28:411][  0]LogPlayLevel: PIE: Created PIE world by copying editor world from /Game/Maps/Example_Map.Example_Map to /Game/Maps/UEDPIE_0_Example_Map.Example_Map (0.059308s)
[2014.07.06-01.40.28:412][  0]LogWorld: Game class is 'MyGame_C'
[2014.07.06-01.40.28:456][  0]LogWorld: Bringing World /Game/Maps/UEDPIE_0_Example_Map.Example_Map up for play (max tick rate 0) at 2014.07.05-18.40.28
[2014.07.06-01.40.28:457][  0]LogWorld: Bringing up level for play took: 0.007684
[2014.07.06-01.40.28:458][  0]LogPlayerController: Spawned spectator SpectatorPawn_1 [server:1]
[2014.07.06-01.40.28:458][  0]LogGameMode: RestartPlayer 257
[2014.07.06-01.40.28:460][  0]LogPlayerController: ClientRestart_Implementation MyCharacter_C_1
[2014.07.06-01.40.28:460][  0]LogPlayerController: ServerAcknowledgePossession_Implementation MyCharacter_C_1
[2014.07.06-01.40.28:467][  0]PIE: Info Play in editor start time for /Game/Maps/UEDPIE_0_Example_Map -0.47
[2014.07.06-01.40.46:686][519]LogParticles: Destroying 0 GPU particle simulations for FXSystem 0x0000000010B0F740
[2014.07.06-01.42.59:572][890]LogEpicStorage:Warning: ReadFile request failed. File request already pending for filename=http://cdn.unrealengine.com/newsfeed/blueprint_icon_b.png
[2014.07.06-01.42.59:589][890]LogEpicStorage:Warning: ReadFile request failed. File request already pending for filename=http://cdn.unrealengine.com/newsfeed/blueprint_icon_b.png
[2014.07.06-01.43.02:976][960]LogActorComponent: UnregisterComponent: (/Engine/Transient.CharacterMovementComponent_4) Not registered. Aborting.
[2014.07.06-01.43.02:977][960]LogActorComponent: UnregisterComponent: (/Engine/Transient.ProjectileMovementComponent_3) Not registered. Aborting.
[2014.07.06-01.43.04:952][  3]BlueprintLog: New page: Compile BrokenWallSconceSmokey
[2014.07.06-01.43.05:750][  3]BlueprintEditorCompileResults: Info [0922.85] Compile of BrokenWallSconceSmokey successful! [in 10 ms]
[2014.07.06-01.43.07:710][ 15]LogSavePackage: Save=1215.096924ms
[2014.07.06-01.43.07:710][ 15]LogSavePackage: Moving '../../../../../../../Users/Eric/Documents/Unreal Projects/OrbitFPS/Saved/BrokenWallSconceSmokey25FA82DA4CF67A1CAD93BD9B5773C834.tmp' to '../../../../../../../Users/Eric/Documents/Unreal Projects/OrbitFPS/Content/Blueprints/BrokenWallSconceSmokey.uasset'
[2014.07.06-01.43.08:644][ 35]LogPlayLevel: PIE:  No blueprints needed recompiling
[2014.07.06-01.43.08:644][ 35]PIE: New page: PIE session: Example_Map (Jul 5, 2014, 11:43:08 AM)
[2014.07.06-01.43.08:705][ 35]LogPlayLevel: PIE: StaticDuplicateObject took: (0.060078s)
[2014.07.06-01.43.08:706][ 35]LogPlayLevel: PIE: World Init took: (0.001255s)
[2014.07.06-01.43.08:706][ 35]LogPlayLevel: PIE: Created PIE world by copying editor world from /Game/Maps/Example_Map.Example_Map to /Game/Maps/UEDPIE_0_Example_Map.Example_Map (0.061801s)
[2014.07.06-01.43.08:707][ 35]LogWorld: Game class is 'MyGame_C'
[2014.07.06-01.43.08:745][ 35]LogWorld: Bringing World /Game/Maps/UEDPIE_0_Example_Map.Example_Map up for play (max tick rate 0) at 2014.07.05-18.43.08
[2014.07.06-01.43.08:746][ 35]LogWorld: Bringing up level for play took: 0.007641
[2014.07.06-01.43.08:747][ 35]LogPlayerController: Spawned spectator SpectatorPawn_2 [server:1]
[2014.07.06-01.43.08:747][ 35]LogGameMode: RestartPlayer 258
[2014.07.06-01.43.08:749][ 35]LogPlayerController: ClientRestart_Implementation MyCharacter_C_2
[2014.07.06-01.43.08:749][ 35]LogPlayerController: ServerAcknowledgePossession_Implementation MyCharacter_C_2
[2014.07.06-01.43.08:755][ 35]PIE: Info Play in editor start time for /Game/Maps/UEDPIE_0_Example_Map -0.186
[2014.07.06-01.43.49:550][237]LogParticles: Destroying 0 GPU particle simulations for FXSystem 0x000000000C6782C0
[2014.07.06-01.50.26:463][211]LogActorComponent: UnregisterComponent: (/Engine/Transient.CharacterMovementComponent_5) Not registered. Aborting.
[2014.07.06-01.50.26:463][211]LogActorComponent: UnregisterComponent: (/Engine/Transient.ProjectileMovementComponent_4) Not registered. Aborting.
[2014.07.06-01.50.27:483][211]LogSavePackage: Save=781.762146ms
[2014.07.06-01.50.27:483][211]LogSavePackage: Moving '../../../../../../../Users/Eric/Documents/Unreal Projects/OrbitFPS/Saved/Example_Map_Auto2BD44B0F04DEF98AD01B94CA6D27B2318.tmp' to '../../../../../../../Users/Eric/Documents/Unreal Projects/OrbitFPS/Saved/Autosaves/Game/Maps/Example_Map_Auto2.umap'
[2014.07.06-01.50.27:508][211]LogFileHelpers: Editor autosave (incl. sublevels) for '/Game/Maps/Example_Map' took 1.046
[2014.07.06-01.50.27:508][211]LogFileHelpers: Editor autosave (incl. sublevels) for all levels took 1.046
[2014.07.06-01.50.27:526][211]OBJ SavePackage: Generating thumbnails for [1] asset(s) in package [/Game/Blueprints/BrokenWallSconceSmokey] ([1] browsable assets)...
[2014.07.06-01.50.27:569][211]OBJ SavePackage:     Rendered thumbnail for [Blueprint /Game/Blueprints/BrokenWallSconceSmokey.BrokenWallSconceSmokey]
[2014.07.06-01.50.27:569][211]OBJ SavePackage: Finished generating thumbnails for package [/Game/Blueprints/BrokenWallSconceSmokey]
[2014.07.06-01.50.28:821][211]LogSavePackage: Save=1160.438110ms
[2014.07.06-01.50.28:821][211]LogSavePackage: Moving '../../../../../../../Users/Eric/Documents/Unreal Projects/OrbitFPS/Saved/BrokenWallSconceSmokey_Auto208333F3241C0596C894C0EABA92DFD41.tmp' to '../../../../../../../Users/Eric/Documents/Unreal Projects/OrbitFPS/Saved/Autosaves/Game/Blueprints/BrokenWallSconceSmokey_Auto2.uasset'
[2014.07.06-01.50.28:849][211]LogFileHelpers: Auto-saving content packages took 1.340
[2014.07.06-01.56.29:619][488]BlueprintLog: New page: Compile BrokenWallSconceSmokey
[2014.07.06-01.56.30:410][488]BlueprintEditorCompileResults: Info [1727.49] Compile of BrokenWallSconceSmokey successful! [in 9 ms]
[2014.07.06-01.56.32:597][502]LogSavePackage: Save=1232.892456ms
[2014.07.06-01.56.32:597][502]LogSavePackage: Moving '../../../../../../../Users/Eric/Documents/Unreal Projects/OrbitFPS/Saved/BrokenWallSconceSmokeyF362B80140C2CA6BBF2AF6B2A586BAE0.tmp' to '../../../../../../../Users/Eric/Documents/Unreal Projects/OrbitFPS/Content/Blueprints/BrokenWallSconceSmokey.uasset'
[2014.07.06-01.57.02:763][338]LogActorComponent: UnregisterComponent: (/Engine/Transient.CharacterMovementComponent_6) Not registered. Aborting.
[2014.07.06-01.57.02:764][338]LogActorComponent: UnregisterComponent: (/Engine/Transient.ProjectileMovementComponent_5) Not registered. Aborting.
[2014.07.06-01.57.02:805][338]LogParticles: Destroying 0 GPU particle simulations for FXSystem 0x00000000219607C0
[2014.07.06-01.57.04:125][338]LogSavePackage: Save=1224.142700ms
[2014.07.06-01.57.04:125][338]LogSavePackage: Moving '../../../../../../../Users/Eric/Documents/Unreal Projects/OrbitFPS/Saved/BP_BrokenWallSconceSmokey1C80D1A6422E7D1B8A95D6B86923EE3D.tmp' to '../../../../../../../Users/Eric/Documents/Unreal Projects/OrbitFPS/Content/Blueprints/BP_BrokenWallSconceSmokey.uasset'
[2014.07.06-01.57.04:225][338]LogSavePackage: Save=24.455793ms
[2014.07.06-01.57.04:226][338]LogSavePackage: Moving '../../../../../../../Users/Eric/Documents/Unreal Projects/OrbitFPS/Saved/BrokenWallSconceSmokeyDD05EC554780D82DCEDF0BA448925F6C.tmp' to '../../../../../../../Users/Eric/Documents/Unreal Projects/OrbitFPS/Content/Blueprints/BrokenWallSconceSmokey.uasset'
[2014.07.06-01.58.54:334][ 16]LogContentBrowser:Verbose: The content browser source was changed by the sources view to '/Game/Blueprints'
[2014.07.06-01.58.54:664][ 23]LogEpicStorage:Warning: ReadFile request failed. File request already pending for filename=http://cdn.unrealengine.com/newsfeed/blueprint_icon_b.png
[2014.07.06-01.58.54:680][ 23]LogEpicStorage:Warning: ReadFile request failed. File request already pending for filename=http://cdn.unrealengine.com/newsfeed/blueprint_icon_b.png
[2014.07.06-02.03.46:199][ 93]LogActorComponent: UnregisterComponent: (/Engine/Transient.ProjectileMovementComponent_6) Not registered. Aborting.
[2014.07.06-02.03.46:199][ 93]LogActorComponent: UnregisterComponent: (/Engine/Transient.CharacterMovementComponent_7) Not registered. Aborting.
[2014.07.06-02.03.47:177][ 93]LogSavePackage: Save=825.357971ms
[2014.07.06-02.03.47:177][ 93]LogSavePackage: Moving '../../../../../../../Users/Eric/Documents/Unreal Projects/OrbitFPS/Saved/Example_Map_Auto35DBA361B4B18C44B32247781D6D6264A.tmp' to '../../../../../../../Users/Eric/Documents/Unreal Projects/OrbitFPS/Saved/Autosaves/Game/Maps/Example_Map_Auto3.umap'
[2014.07.06-02.03.47:192][ 93]LogFileHelpers: Editor autosave (incl. sublevels) for '/Game/Maps/Example_Map' took 0.993
[2014.07.06-02.03.47:192][ 93]LogFileHelpers: Editor autosave (incl. sublevels) for all levels took 0.993
[2014.07.06-02.03.47:213][ 93]OBJ SavePackage: Generating thumbnails for [0] asset(s) in package [/Game/Blueprints/BP_Spawn] ([1] browsable assets)...
[2014.07.06-02.03.47:231][ 93]OBJ SavePackage: Finished generating thumbnails for package [/Game/Blueprints/BP_Spawn]
[2014.07.06-02.03.47:303][ 93]LogSavePackage: Save=32.555519ms
[2014.07.06-02.03.47:303][ 93]LogSavePackage: Moving '../../../../../../../Users/Eric/Documents/Unreal Projects/OrbitFPS/Saved/BP_Spawn_Auto368D704F346A70EB11F0FA49873845E0C.tmp' to '../../../../../../../Users/Eric/Documents/Unreal Projects/OrbitFPS/Saved/Autosaves/Game/Blueprints/BP_Spawn_Auto3.uasset'
[2014.07.06-02.03.47:318][ 93]LogFileHelpers: Auto-saving content packages took 0.126
[2014.07.06-02.05.01:850][642]LogSlate:Warning: GetFontFace failed to load or process 'Roboto-Regular'
[2014.07.06-02.05.01:850][642]LogSlate:Warning: GetFontFace failed to load or process 'Roboto-Regular'
[2014.07.06-02.05.01:851][642]LogSlate:Warning: GetFontFace failed to load or process 'Roboto-Regular'
[2014.07.06-02.05.01:851][642]LogSlate:Warning: GetFontFace failed to load or process 'Roboto-Regular'
[2014.07.06-02.05.11:874][ 16]BlueprintLog: New page: Compile BP_Spawn
[2014.07.06-02.05.12:504][ 16]BlueprintEditorCompileResults: Info [2249.72] Compile of BP_Spawn successful! [in 1 ms]
[2014.07.06-02.05.13:055][ 28]Cmd: OBJ SAVEPACKAGE PACKAGE="/Game/Blueprints/BP_Spawn" FILE="../../../../../../../Users/Eric/Documents/Unreal Projects/OrbitFPS/Content/Blueprints/BP_Spawn.uasset" SILENT=true
[2014.07.06-02.05.13:093][ 28]LogSavePackage: Save=31.551977ms
[2014.07.06-02.05.13:093][ 28]LogSavePackage: Moving '../../../../../../../Users/Eric/Documents/Unreal Projects/OrbitFPS/Saved/BP_Spawn73D6388142719E97641537873022F324.tmp' to '../../../../../../../Users/Eric/Documents/Unreal Projects/OrbitFPS/Content/Blueprints/BP_Spawn.uasset'
[2014.07.06-02.05.17:606][118]LogSavePackage: Save=234.295853ms
[2014.07.06-02.05.17:606][118]LogSavePackage: Moving '../../../../../../../Users/Eric/Documents/Unreal Projects/OrbitFPS/Saved/Example_MapDEA213954FD403268A13559849811DFC.tmp' to '../../../../../../../Users/Eric/Documents/Unreal Projects/OrbitFPS/Content/Maps/Example_Map.umap'
[2014.07.06-02.05.17:717][118]LogFileHelpers: Saving map 'Example_Map' took 0.618
[2014.07.06-02.05.18:461][137]LogParticles: Destroying 0 GPU particle simulations for FXSystem 0x000000002269F9C0
[2014.07.06-02.05.19:332][138]Cmd: QUIT_EDITOR
[2014.07.06-02.05.19:466][138]LogWindowsTextInputMethodSystem:Error: Terminating failed while unadvising the language notification sink from the TSF source.
[2014.07.06-02.05.19:468][138]LogExit: Preparing to exit.
[2014.07.06-02.05.20:129][138]LogExit: Editor shut down
[2014.07.06-02.05.20:129][138]LogExit: Transaction tracking system shut down
[2014.07.06-02.05.20:132][138]LogParticles: Destroying 0 GPU particle simulations for FXSystem 0x000000000C1540E0
[2014.07.06-02.05.20:176][138]LogParticles: Destroying 0 GPU particle simulations for FXSystem 0x000000000C9DEA20
[2014.07.06-02.05.20:176][138]LogExit: Object subsystem successfully closed.
[2014.07.06-02.05.20:306][138]LogModuleManager: Shutting down and abandoning module AndroidDeviceDetection (163)
[2014.07.06-02.05.20:306][138]LogModuleManager: Shutting down and abandoning module CrashTracker (162)
[2014.07.06-02.05.20:306][138]LogModuleManager: Shutting down and abandoning module HTTP (161)
[2014.07.06-02.05.20:306][138]LogModuleManager: Shutting down and abandoning module NewsFeed (160)
[2014.07.06-02.05.20:306][138]LogModuleManager: Shutting down and abandoning module SceneOutliner (159)
[2014.07.06-02.05.20:306][138]LogModuleManager: Shutting down and abandoning module EditorWidgets (158)
[2014.07.06-02.05.20:306][138]LogModuleManager: Shutting down and abandoning module CollectionManager (157)
[2014.07.06-02.05.20:306][138]LogModuleManager: Shutting down and abandoning module StatsViewer (156)
[2014.07.06-02.05.20:307][138]LogModuleManager: Shutting down and abandoning module FoliageEdit (155)
[2014.07.06-02.05.20:307][138]LogModuleManager: Shutting down and abandoning module LandscapeEditor (154)
[2014.07.06-02.05.20:318][138]LogModuleManager: Shutting down and abandoning module MeshPaint (153)
[2014.07.06-02.05.20:318][138]LogModuleManager: Shutting down and abandoning module ActorPickerMode (152)
[2014.07.06-02.05.20:318][138]LogModuleManager: Shutting down and abandoning module GeometryMode (151)
[2014.07.06-02.05.20:318][138]LogModuleManager: Shutting down and abandoning module TextureAlignMode (150)
[2014.07.06-02.05.20:318][138]LogModuleManager: Shutting down and abandoning module BspMode (149)
[2014.07.06-02.05.20:318][138]LogModuleManager: Shutting down and abandoning module PlacementMode (148)
[2014.07.06-02.05.20:319][138]LogModuleManager: Shutting down and abandoning module AutomationWorker (147)
[2014.07.06-02.05.20:319][138]LogModuleManager: Shutting down and abandoning module ViewportSnapping (146)
[2014.07.06-02.05.20:319][138]LogModuleManager: Shutting down and abandoning module DeviceProfileEditor (145)
[2014.07.06-02.05.20:319][138]LogModuleManager: Shutting down and abandoning module UndoHistory (144)
[2014.07.06-02.05.20:319][138]LogModuleManager: Shutting down and abandoning module GameplayTagsEditor (143)
[2014.07.06-02.05.20:319][138]LogModuleManager: Shutting down and abandoning module UserFeedback (142)
[2014.07.06-02.05.20:319][138]LogModuleManager: Shutting down and abandoning module XmlParser (141)
[2014.07.06-02.05.20:319][138]LogModuleManager: Shutting down and abandoning module Blutility (140)
[2014.07.06-02.05.20:319][138]LogModuleManager: Shutting down and abandoning module AndroidPlatformEditor (137)
[2014.07.06-02.05.20:319][138]LogModuleManager: Shutting down and abandoning module AndroidRuntimeSettings (136)
[2014.07.06-02.05.20:319][138]LogModuleManager: Shutting down and abandoning module ProjectSettingsViewer (135)
[2014.07.06-02.05.20:319][138]LogModuleManager: Shutting down and abandoning module InputBindingEditor (134)
[2014.07.06-02.05.20:320][138]LogModuleManager: Shutting down and abandoning module EditorSettingsViewer (133)
[2014.07.06-02.05.20:320][138]LogModuleManager: Shutting down and abandoning module SettingsEditor (132)
[2014.07.06-02.05.20:320][138]LogModuleManager: Shutting down and abandoning module SessionLauncher (131)
[2014.07.06-02.05.20:320][138]LogModuleManager: Shutting down and abandoning module SessionFrontend (130)
[2014.07.06-02.05.20:320][138]LogModuleManager: Shutting down and abandoning module ProfilerClient (129)
[2014.07.06-02.05.20:320][138]LogModuleManager: Shutting down and abandoning module TargetDeviceServices (128)
[2014.07.06-02.05.20:320][138]LogModuleManager: Shutting down and abandoning module DeviceManager (127)
[2014.07.06-02.05.20:320][138]LogModuleManager: Shutting down and abandoning module AutomationController (126)
[2014.07.06-02.05.20:320][138]LogModuleManager: Shutting down and abandoning module AutomationWindow (125)
[2014.07.06-02.05.20:320][138]LogModuleManager: Shutting down and abandoning module Layers (124)
[2014.07.06-02.05.20:320][138]LogModuleManager: Shutting down and abandoning module ComponentVisualizers (123)
[2014.07.06-02.05.20:320][138]LogModuleManager: Shutting down and abandoning module DetailCustomizations (122)
[2014.07.06-02.05.20:320][138]LogModuleManager: Shutting down and abandoning module PackagesDialog (121)
[2014.07.06-02.05.20:321][138]LogModuleManager: Shutting down and abandoning module PropertyEditor (120)
[2014.07.06-02.05.20:321][138]LogModuleManager: Shutting down and abandoning module DirectoryWatcher (119)
[2014.07.06-02.05.20:321][138]LogModuleManager: Shutting down and abandoning module AssetRegistry (118)
[2014.07.06-02.05.20:443][138]LogModuleManager: Shutting down and abandoning module Persona (117)
[2014.07.06-02.05.20:443][138]LogModuleManager: Shutting down and abandoning module GraphEditor (116)
[2014.07.06-02.05.20:443][138]LogModuleManager: Shutting down and abandoning module ContentBrowser (115)
[2014.07.06-02.05.20:443][138]LogModuleManager: Shutting down and abandoning module ClassViewer (114)
[2014.07.06-02.05.20:443][138]LogModuleManager: Shutting down and abandoning module Toolbox (113)
[2014.07.06-02.05.20:443][138]LogModuleManager: Shutting down and abandoning module ModuleUI (112)
[2014.07.06-02.05.20:443][138]LogModuleManager: Shutting down and abandoning module Sequencer (111)
[2014.07.06-02.05.20:443][138]LogModuleManager: Shutting down and abandoning module AssetTools (110)
[2014.07.06-02.05.20:443][138]LogModuleManager: Shutting down and abandoning module MovieSceneTools (109)
[2014.07.06-02.05.20:443][138]LogModuleManager: Shutting down and abandoning module OutputLog (108)
[2014.07.06-02.05.20:443][138]LogModuleManager: Shutting down and abandoning module GammaUI (107)
[2014.07.06-02.05.20:443][138]LogModuleManager: Shutting down and abandoning module Documentation (106)
[2014.07.06-02.05.20:443][138]LogModuleManager: Shutting down and abandoning module StreamingPauseRendering (105)
[2014.07.06-02.05.20:443][138]LogModuleManager: Shutting down and abandoning module AnalyticsET (104)
[2014.07.06-02.05.20:443][138]LogModuleManager: Shutting down and abandoning module Analytics (103)
[2014.07.06-02.05.20:443][138]LogModuleManager: Shutting down and abandoning module ProfilerService (102)
[2014.07.06-02.05.20:651][138]LogModuleManager: Shutting down and abandoning module TaskGraph (101)
[2014.07.06-02.05.20:651][138]LogModuleManager: Shutting down and abandoning module GameProjectGeneration (100)
[2014.07.06-02.05.20:651][138]LogModuleManager: Shutting down and abandoning module Matinee (99)
[2014.07.06-02.05.20:651][138]LogModuleManager: Shutting down and abandoning module Kismet (98)
[2014.07.06-02.05.20:651][138]LogModuleManager: Shutting down and abandoning module SlateReflector (97)
[2014.07.06-02.05.20:651][138]LogModuleManager: Shutting down and abandoning module LevelEditor (96)
[2014.07.06-02.05.20:653][138]LogModuleManager: Shutting down and abandoning module MainFrame (95)
[2014.07.06-02.05.20:654][138]LogModuleManager: Shutting down and abandoning module SourceControl (94)
[2014.07.06-02.05.20:654][138]LogModuleManager: Shutting down and abandoning module ImageWrapper (93)
[2014.07.06-02.05.20:654][138]LogModuleManager: Shutting down and abandoning module OnlineBlueprintSupport (92)
[2014.07.06-02.05.20:654][138]LogModuleManager: Shutting down and abandoning module FunctionalTesting (91)
[2014.07.06-02.05.20:654][138]LogModuleManager: Shutting down and abandoning module CollisionAnalyzer (90)
[2014.07.06-02.05.20:654][138]LogModuleManager: Shutting down and abandoning module WorkspaceMenuStructure (89)
[2014.07.06-02.05.20:655][138]LogModuleManager: Shutting down and abandoning module MessageLog (88)
[2014.07.06-02.05.20:655][138]LogModuleManager: Shutting down and abandoning module Slate (87)
[2014.07.06-02.05.20:655][138]LogModuleManager: Shutting down and abandoning module EditorStyle (86)
[2014.07.06-02.05.20:659][138]LogModuleManager: Shutting down and abandoning module SessionServices (85)
[2014.07.06-02.05.20:659][138]LogModuleManager: Shutting down and abandoning module Messaging (84)
[2014.07.06-02.05.20:659][138]LogModuleManager: Shutting down and abandoning module SourceCodeAccess (83)
[2014.07.06-02.05.20:659][138]LogModuleManager: Shutting down and abandoning module HeadMountedDisplay (82)
[2014.07.06-02.05.20:659][138]LogModuleManager: Shutting down and abandoning module XAudio2 (81)
[2014.07.06-02.05.20:659][138]LogModuleManager: Shutting down and abandoning module Networking (79)
[2014.07.06-02.05.20:659][138]LogModuleManager: Shutting down and abandoning module Core (78)
[2014.07.06-02.05.20:659][138]LogModuleManager: Shutting down and abandoning module KismetCompiler (77)
[2014.07.06-02.05.20:659][138]LogModuleManager: Shutting down and abandoning module PhysXFormats (76)
[2014.07.06-02.05.20:659][138]LogModuleManager: Shutting down and abandoning module SimplygonMeshReduction (75)
[2014.07.06-02.05.20:659][138]LogModuleManager: Shutting down and abandoning module MeshUtilities (74)
[2014.07.06-02.05.20:659][138]LogModuleManager: Shutting down and abandoning module DerivedDataCache (73)
[2014.07.06-02.05.20:714][138]LogDerivedDataCache: Shutdown
[2014.07.06-02.05.20:714][138]LogModuleManager: Shutting down and abandoning module ShaderFormatOpenGL (72)
[2014.07.06-02.05.20:714][138]LogModuleManager: Shutting down and abandoning module ShaderFormatD3D (71)
[2014.07.06-02.05.20:714][138]LogModuleManager: Shutting down and abandoning module TextureFormatUncompressed (70)
[2014.07.06-02.05.20:714][138]LogModuleManager: Shutting down and abandoning module TextureFormatPVR (69)
[2014.07.06-02.05.20:714][138]LogModuleManager: Shutting down and abandoning module TextureFormatDXT (68)
[2014.07.06-02.05.20:714][138]LogModuleManager: Shutting down and abandoning module TextureFormatAndroid (67)
[2014.07.06-02.05.20:714][138]LogModuleManager: Shutting down and abandoning module AudioFormatOpus (66)
[2014.07.06-02.05.20:714][138]LogModuleManager: Shutting down and abandoning module AudioFormatOgg (65)
[2014.07.06-02.05.20:714][138]LogModuleManager: Shutting down and abandoning module AudioFormatADPCM (64)
[2014.07.06-02.05.20:714][138]LogModuleManager: Shutting down and abandoning module Android_PVRTCTargetPlatform (63)
[2014.07.06-02.05.20:714][138]LogModuleManager: Shutting down and abandoning module Android_ETC2TargetPlatform (62)
[2014.07.06-02.05.20:714][138]LogModuleManager: Shutting down and abandoning module Android_ETC1TargetPlatform (61)
[2014.07.06-02.05.20:714][138]LogModuleManager: Shutting down and abandoning module Android_DXTTargetPlatform (60)
[2014.07.06-02.05.20:714][138]LogModuleManager: Shutting down and abandoning module Android_ATCTargetPlatform (59)
[2014.07.06-02.05.20:714][138]LogModuleManager: Shutting down and abandoning module AndroidTargetPlatform (58)
[2014.07.06-02.05.20:714][138]LogModuleManager: Shutting down and abandoning module WindowsTargetPlatform (57)
[2014.07.06-02.05.20:714][138]LogModuleManager: Shutting down and abandoning module WindowsServerTargetPlatform (56)
[2014.07.06-02.05.20:714][138]LogModuleManager: Shutting down and abandoning module WindowsNoEditorTargetPlatform (55)
[2014.07.06-02.05.20:714][138]LogModuleManager: Shutting down and abandoning module WindowsClientTargetPlatform (54)
[2014.07.06-02.05.20:714][138]LogModuleManager: Shutting down and abandoning module TargetPlatform (53)
[2014.07.06-02.05.20:714][138]LogModuleManager: Shutting down and abandoning module InputCore (52)
[2014.07.06-02.05.20:715][138]LogModuleManager: Shutting down and abandoning module Settings (51)
[2014.07.06-02.05.20:715][138]LogModuleManager: Shutting down and abandoning module TextureCompressor (48)
[2014.07.06-02.05.20:715][138]LogModuleManager: Shutting down and abandoning module ShaderCore (47)
[2014.07.06-02.05.20:715][138]LogModuleManager: Shutting down and abandoning module OpenGLDrv (46)
[2014.07.06-02.05.20:715][138]LogModuleManager: Shutting down and abandoning module D3D11RHI (45)
[2014.07.06-02.05.20:715][138]LogModuleManager: Shutting down and abandoning module SlateRHIRenderer (44)
[2014.07.06-02.05.20:715][138]LogModuleManager: Shutting down and abandoning module Renderer (43)
[2014.07.06-02.05.20:715][138]LogModuleManager: Shutting down and abandoning module Engine (42)
[2014.07.06-02.05.20:715][138]LogModuleManager: Shutting down and abandoning module SlateRemote (41)
[2014.07.06-02.05.20:715][138]LogModuleManager: Shutting down and abandoning module ScriptPlugin (40)
[2014.07.06-02.05.20:715][138]LogModuleManager: Shutting down and abandoning module ScriptEditorPlugin (38)
[2014.07.06-02.05.20:715][138]LogModuleManager: Shutting down and abandoning module WindowsMoviePlayer (37)
[2014.07.06-02.05.20:720][138]LogModuleManager: Shutting down and abandoning module ExampleDeviceProfileSelector (32)
[2014.07.06-02.05.20:720][138]LogModuleManager: Shutting down and abandoning module CustomMeshComponent (31)
[2014.07.06-02.05.20:720][138]LogModuleManager: Shutting down and abandoning module CableComponent (30)
[2014.07.06-02.05.20:720][138]LogModuleManager: Shutting down and abandoning module OculusRift (26)
[2014.07.06-02.05.20:720][138]LogModuleManager: Shutting down and abandoning module UdpMessaging (25)
[2014.07.06-02.05.20:820][138]LogModuleManager: Shutting down and abandoning module MessagingDebugger (24)
[2014.07.06-02.05.20:820][138]LogModuleManager: Shutting down and abandoning module PluginsEditor (14)
[2014.07.06-02.05.20:820][138]LogModuleManager: Shutting down and abandoning module IntroTutorials (13)
[2014.07.06-02.05.20:820][138]LogModuleManager: Shutting down and abandoning module EpicSurvey (12)
[2014.07.06-02.05.20:820][138]LogModuleManager: Shutting down and abandoning module VisualStudioSourceCodeAccess (10)
[2014.07.06-02.05.20:820][138]LogModuleManager: Shutting down and abandoning module UObjectPlugin (9)
[2014.07.06-02.05.20:820][138]LogModuleManager: Shutting down and abandoning module SubversionSourceControl (8)
[2014.07.06-02.05.20:820][138]LogModuleManager: Shutting down and abandoning module PerforceSourceControl (7)
[2014.07.06-02.05.20:820][138]LogModuleManager: Shutting down and abandoning module BlankPlugin (6)
[2014.07.06-02.05.20:820][138]LogModuleManager: Shutting down and abandoning module CoreUObject (5)
[2014.07.06-02.05.20:820][138]LogModuleManager: Shutting down and abandoning module NetworkFile (4)
[2014.07.06-02.05.20:820][138]LogModuleManager: Shutting down and abandoning module StreamingFile (3)
[2014.07.06-02.05.20:820][138]LogModuleManager: Shutting down and abandoning module SandboxFile (2)
[2014.07.06-02.05.20:820][138]LogModuleManager: Shutting down and abandoning module PakFile (1)
[2014.07.06-02.05.20:821][138]LogExit: Exiting.
[2014.07.06-02.05.20:827][138]Log file closed, 07/05/14 19:05:20
