Log file open, 07/17/14 19:27:55
LogInit:Display: Running engine for game: OrbitFPS
LogInit: Version: 4.2.1-2101290+++depot+UE4-Releases+4.2
LogInit: Compiled (64-bit): Jun 10 2014 22:21:56
LogInit: Build Configuration: Development
LogInit: Branch Name: ++depot+UE4-Releases+4.2
LogInit: Command line: 
LogInit: Base directory: C:/Program Files/Unreal E4/Unreal Engine/4.2/Engine/Binaries/Win64/
LogInit: Rocket: 1
[2014.07.18-02.27.55:713][  0]LogTaskGraph: Started task graph with 3 named threads and 4 total threads.
[2014.07.18-02.27.55:757][  0]LogOnline:Warning: No default platform service specified for OnlineSubsystem
[2014.07.18-02.27.55:783][  0]LogInit: Presizing for 0 objects not considered by GC, pre-allocating 0 bytes.
[2014.07.18-02.27.55:801][  0]LogInit: Object subsystem initialized
[2014.07.18-02.27.55:805][  0]LogInit: Selected Device Profile: [Windows]
[2014.07.18-02.27.55:805][  0]LogInit: Applying CVar settings loaded from the selected device profile: [Windows]
[2014.07.18-02.27.55:826][  0]LogInit: Computer: BEAST
[2014.07.18-02.27.55:826][  0]LogInit: User: Eric
[2014.07.18-02.27.55:828][  0]LogInit: CPU Page size=4096, Cores=4
[2014.07.18-02.27.55:828][  0]LogInit: High frequency timer resolution =2.241044 MHz
[2014.07.18-02.27.55:828][  0]LogMemory: Memory total: Physical=11.9GB (12GB approx) Virtual=8192.0GB
[2014.07.18-02.27.55:829][  0]LogMemory: Platform Memory Stats for Windows
[2014.07.18-02.27.55:829][  0]LogMemory: Process Physical Memory: 55.98 MB used, 55.98 MB peak
[2014.07.18-02.27.55:829][  0]LogMemory: Process Virtual Memory: 32.09 MB used, 32.28 MB peak
[2014.07.18-02.27.55:829][  0]LogMemory: Physical Memory: 4265.23 MB used, 12184.70 MB total
[2014.07.18-02.27.55:829][  0]LogMemory: Virtual Memory: 238.66 MB used, 8388608.00 MB total
[2014.07.18-02.27.55:942][  0]LogD3D11RHI: Found D3D11 adapter 0: Intel(R) HD Graphics 4000 (Feature Level 11_0)
[2014.07.18-02.27.55:942][  0]LogD3D11RHI: Adapter has 4040MB of dedicated video memory, 0MB of dedicated system memory, and 5836MB of shared system memory, 1 output[s]
[2014.07.18-02.27.55:942][  0]LogD3D11RHI: Chosen D3D11 Adapter Id = 0
[2014.07.18-02.27.55:966][  0]LogRHI: Texture pool is 1361 MB (70% of 1945 MB)
[2014.07.18-02.27.56:000][  0]LogD3D11RHI: Async texture creation enabled
[2014.07.18-02.27.56:218][  0]LogContentStreaming: Texture pool size is 0.000000MB
[2014.07.18-02.27.58:633][  0]LogTargetPlatformManager:Display: Building Assets For Windows
[2014.07.18-02.27.58:980][  0]LogTargetPlatformManager:Display: Building Assets For Windows
[2014.07.18-02.27.59:101][  0]LogDerivedDataCache:Display: Max Cache Size: 512 MB
[2014.07.18-02.27.59:200][  0]LogDerivedDataCache: Loaded boot cache 0.10s 39MB C:/Users/Eric/AppData/Local/UnrealEngine/4.2/DerivedDataCache/Boot.ddc.
[2014.07.18-02.27.59:200][  0]LogDerivedDataCache:Display: Loaded Boot cache: C:/Users/Eric/AppData/Local/UnrealEngine/4.2/DerivedDataCache/Boot.ddc
[2014.07.18-02.27.59:200][  0]LogDerivedDataCache: FDerivedDataBackendGraph:  Pak pak cache file ../../../../../../../Users/Eric/Documents/Unreal Projects/OrbitFPS/DerivedDataCache/DDC.ddp not found, will not use a pak cache.
[2014.07.18-02.27.59:200][  0]LogDerivedDataCache: Unable to find inner node Pak for hierarchical cache Hierarchy.
[2014.07.18-02.27.59:227][  0]LogDerivedDataCache:Display: Pak cache opened for reading ../../../Engine/DerivedDataCache/DDC.ddp.
[2014.07.18-02.27.59:240][  0]LogDerivedDataCache: Using Local data cache path C:/Users/Eric/AppData/Local/UnrealEngine/4.2/DerivedDataCache: Writable
[2014.07.18-02.27.59:762][  0]LogMeshUtilities: No automatic mesh reduction module available
[2014.07.18-02.27.59:762][  0]LogMeshUtilities: No automatic mesh merging module available
[2014.07.18-02.28.00:617][  0]LogInit: WinSock: version 1.1 (2.2), MaxSocks=32767, MaxUdp=65467
[2014.07.18-02.28.01:620][  0]LogStreaming:Warning: Failed to read file '../../../Engine/Content/Editor/Slate/Icons/ActorIcons/GroupActor_16x.png' error.
[2014.07.18-02.28.01:620][  0]LogSlate: Could not find file for Slate resource: ../../../Engine/Content/Editor/Slate/Icons/ActorIcons/GroupActor_16x.png
[2014.07.18-02.28.01:633][  0]LogStreaming:Warning: Failed to read file '../../../Engine/Content/Editor/Slate/Icons/ActorIcons/DecalActor_16x.png' error.
[2014.07.18-02.28.01:633][  0]LogSlate: Could not find file for Slate resource: ../../../Engine/Content/Editor/Slate/Icons/ActorIcons/DecalActor_16x.png
[2014.07.18-02.28.02:304][  0]UdpMessaging: Initializing bridge on interface 0.0.0.0:0 to multicast group 230.0.0.1:6666.
[2014.07.18-02.28.02:463][  0]SourceControl: Info Source control is disabled
[2014.07.18-02.28.02:463][  0]SourceControl: Info Source control is disabled
[2014.07.18-02.28.02:484][  0]SourceControl: Info Source control is disabled
[2014.07.18-02.28.02:733][  0]BlueprintLog: New page: Editor Load
[2014.07.18-02.28.02:845][  0]LogObj: 19137 objects as part of root set at end of initial load.
[2014.07.18-02.28.02:845][  0]LogUObjectAllocator: 3804784 out of 0 bytes used by permanent object pool.
[2014.07.18-02.28.03:418][  0]LogEngine: Initializing Engine...
[2014.07.18-02.28.03:685][  0]LogInit: XAudio2 using 'Speakers (Realtek High Definition Audio)' : 2 channels at 48 kHz using 32 bits per sample (channel mask 0x3)
[2014.07.18-02.28.03:724][  0]LogInit: FAudioDevice initialized.
[2014.07.18-02.28.03:776][  0]LogDerivedDataCache: Saved boot cache 0.05s 39MB C:/Users/Eric/AppData/Local/UnrealEngine/4.2/DerivedDataCache/Boot.ddc.
[2014.07.18-02.28.03:783][  0]LogInit: Texture streaming: Enabled
[2014.07.18-02.28.03:871][  0]LogInit: Transaction tracking system initialized
[2014.07.18-02.28.04:198][  0]LogAssetRegistry: FAssetRegistry took 0.0104 seconds to start up
[2014.07.18-02.28.04:723][  0]LogModuleManager:Warning: ModuleManager: Unable to load module '' because the file was not found.
[2014.07.18-02.28.04:744][  0]LogModuleManager:Warning: ModuleManager: Unable to load module '' because the file was not found.
[2014.07.18-02.28.04:903][  0]LogConsoleResponse:Display: 
[2014.07.18-02.28.05:510][  0]SourceControl: Info Source control is disabled
[2014.07.18-02.28.05:510][  0]Cmd: MAP LOAD FILE="../../../../../../../Users/Eric/Documents/Unreal Projects/OrbitFPS/Content/Maps/Example_Map.umap" TEMPLATE=0 SHOWPROGRESS=1 WORLDCOMPOSITION=0
[2014.07.18-02.28.05:511][  0]LightingResults: New page: Lighting Build
[2014.07.18-02.28.05:534][  0]MapCheck: New page: Map Check
[2014.07.18-02.28.05:534][  0]LightingResults: New page: Lighting Build
[2014.07.18-02.28.05:561][  0]LogParticles: Destroying 0 GPU particle simulations for FXSystem 0x0000000012BF89A0
[2014.07.18-02.28.06:190][  0]LogLinker:Warning: CreateExport: Failed to load Super for Function /Game/Character/HeroFPP_AnimBlueprint.HeroFPP_AnimBlueprint_C:KismetUpdateAnimation; removing super information, but keeping function
[2014.07.18-02.28.07:400][  0]LogBlueprint:Warning: Node '/Game/Blueprints/BP_BrokenWallSconceSmokey.BP_BrokenWallSconceSmokey:EventGraph.K2Node_VariableGet_235' missing NodeGuid.
[2014.07.18-02.28.07:647][  0]LogEditorServer: Finished looking for orphan Actors (0.000 secs)
[2014.07.18-02.28.07:648][  0]Cmd: MAP CHECKDEP
[2014.07.18-02.28.07:648][  0]MapCheck: New page: Example_Map - Jul 17, 2014, 12:28:07 PM
[2014.07.18-02.28.07:830][  0]MapCheck: Info ========== Map Check: 0 Error(s), 0 Warning(s), [181.816ms] ==========
[2014.07.18-02.28.07:830][  0]LogFileHelpers: Loading map 'Example_Map' took 2.320
[2014.07.18-02.28.08:038][  0]LogCollectionManager: Loaded 0 collections in 0.002355 seconds
[2014.07.18-02.28.08:501][  0]LogCrashTracker: Crashtracker disabled due to settings.
[2014.07.18-02.28.08:502][  0]Cmd: MODE PLACEMENT
[2014.07.18-02.28.08:636][  0]LogLoad: Full Startup: 15.14 seconds (BP compile: 1.01 seconds)
[2014.07.18-02.28.08:652][  0]LogContentBrowser:Verbose: The content browser source was changed by the sources view to '/Game/Blueprints'
[2014.07.18-02.28.08:818][  0]LogRenderer:Warning: Reallocating scene render targets to support 32x32.
[2014.07.18-02.28.08:877][  0]LogRenderer:Warning: Reallocating scene render targets to support 1136x672.
[2014.07.18-02.28.09:186][  1]LogEpicStorage:Warning: EnumerateFiles request failed. Invalid response. code=403 error=<?xml version="1.0" encoding="UTF-8"?>
<Error><Code>AccessDenied</Code><Message>Access Denied</Message><RequestId>93C456B16BE88320</RequestId><HostId>mPk2JVdqXuzZ+HLKXbcX+bUqsyBWOLUjRZ5IWie5TVMwSb4KIuTZaxzjZVWIG37sBjbL3QZRjbM=</HostId></Error>
[2014.07.18-02.28.09:393][  2]LogEpicSurvey:Warning: EnumerateFiles request failed. Invalid response. code=403 error=<?xml version="1.0" encoding="UTF-8"?>
<Error><Code>AccessDenied</Code><Message>Access Denied</Message><RequestId>ADFDDACE43D6CEB2</RequestId><HostId>Ujm8lP+MbCTF1mJnrVCavOZUgjn93qKcUz4HWV5nSZKtQ2Ug7kN5vpoyefJqgmlc2KJ5F1YspEA=</HostId></Error>
[2014.07.18-02.28.09:431][  3]LogEpicStorage:Warning: EnumerateFiles request failed. Invalid response. code=403 error=<?xml version="1.0" encoding="UTF-8"?>
<Error><Code>AccessDenied</Code><Message>Access Denied</Message><RequestId>0DA6EF2A6D1E9196</RequestId><HostId>0KxSOC6Ta3TReXscBCerFktuMziIW1baxd+w2xWGInvSnzRIfLu7ppkoPJEGLo/Ss09FpW4gdcM=</HostId></Error>
[2014.07.18-02.28.09:466][  4]LogEpicSurvey:Warning: EnumerateFiles request failed. Invalid response. code=403 error=<?xml version="1.0" encoding="UTF-8"?>
<Error><Code>AccessDenied</Code><Message>Access Denied</Message><RequestId>F8B1A72648D7AC2F</RequestId><HostId>ADL/0EhGq0fTLtT5OsUu451+9OsEUNxQqQqzHpMVHh25zelEq1QyqwN06A+XEuou</HostId></Error>
[2014.07.18-02.28.09:476][  4]LogAssetRegistry: Asset discovery search completed in 5.2888 seconds
[2014.07.18-02.28.09:584][  6]LogEpicSurvey:Warning: EnumerateFiles request failed. Invalid response. code=403 error=<?xml version="1.0" encoding="UTF-8"?>
<Error><Code>AccessDenied</Code><Message>Access Denied</Message><RequestId>CFABE8AD3944182F</RequestId><HostId>a84G1KzNGpJJTyItCtPLvMA9dyXwGP/4IRa6D1Uhz+IEnE2WQK1dcEBzDA28jrlF</HostId></Error>
[2014.07.18-02.28.09:673][  8]LogEpicStorage:Warning: ReadFile request failed. File request already pending for filename=http://cdn.unrealengine.com/newsfeed/blueprint_icon_b.png
[2014.07.18-02.28.09:690][  8]LogEpicStorage:Warning: ReadFile request failed. File request already pending for filename=http://cdn.unrealengine.com/newsfeed/blueprint_icon_b.png
[2014.07.18-02.28.50:778][607]LogSlate:Warning: GetFontFace failed to load or process 'Roboto-Regular'
[2014.07.18-02.28.50:778][607]LogSlate:Warning: GetFontFace failed to load or process 'Roboto-Regular'
[2014.07.18-02.28.50:779][607]LogSlate:Warning: GetFontFace failed to load or process 'Roboto-Regular'
[2014.07.18-02.28.50:779][607]LogSlate:Warning: GetFontFace failed to load or process 'Roboto-Regular'
[2014.07.18-02.28.50:779][607]LogSlate:Warning: GetFontFace failed to load or process 'Roboto-Regular'
[2014.07.18-02.28.50:780][607]LogSlate:Warning: GetFontFace failed to load or process 'Roboto-Regular'
[2014.07.18-02.28.50:780][607]LogSlate:Warning: GetFontFace failed to load or process 'Roboto-Regular'
[2014.07.18-02.28.50:780][607]LogSlate:Warning: GetFontFace failed to load or process 'Roboto-Regular'
[2014.07.18-02.28.50:781][607]LogSlate:Warning: GetFontFace failed to load or process 'Roboto-Regular'
[2014.07.18-02.28.50:781][607]LogSlate:Warning: GetFontFace failed to load or process 'Roboto-Regular'
[2014.07.18-02.28.50:781][607]LogSlate:Warning: GetFontFace failed to load or process 'Roboto-Regular'
[2014.07.18-02.28.50:782][607]LogSlate:Warning: GetFontFace failed to load or process 'Roboto-Regular'
[2014.07.18-02.28.50:782][607]LogSlate:Warning: GetFontFace failed to load or process 'Roboto-Regular'
[2014.07.18-02.28.50:782][607]LogSlate:Warning: GetFontFace failed to load or process 'Roboto-Regular'
[2014.07.18-02.28.50:783][607]LogSlate:Warning: GetFontFace failed to load or process 'Roboto-Regular'
[2014.07.18-02.28.50:783][607]LogSlate:Warning: GetFontFace failed to load or process 'Roboto-Regular'
[2014.07.18-02.28.50:783][607]LogSlate:Warning: GetFontFace failed to load or process 'Roboto-Regular'
[2014.07.18-02.28.50:783][607]LogSlate:Warning: GetFontFace failed to load or process 'Roboto-Regular'
[2014.07.18-02.28.50:784][607]LogSlate:Warning: GetFontFace failed to load or process 'Roboto-Regular'
[2014.07.18-02.28.52:433][642]LogSlate:Warning: GetFontFace failed to load or process 'Roboto-Regular'
[2014.07.18-02.28.52:433][642]LogSlate:Warning: GetFontFace failed to load or process 'Roboto-Regular'
[2014.07.18-02.28.52:434][642]LogSlate:Warning: GetFontFace failed to load or process 'Roboto-Regular'
[2014.07.18-02.28.52:434][642]LogSlate:Warning: GetFontFace failed to load or process 'Roboto-Regular'
[2014.07.18-02.28.52:434][642]LogSlate:Warning: GetFontFace failed to load or process 'Roboto-Regular'
[2014.07.18-02.29.09:057][ 35]LogActorComponent: UnregisterComponent: (/Engine/Transient.CharacterMovementComponent_0) Not registered. Aborting.
[2014.07.18-02.29.09:058][ 35]LogActorComponent: UnregisterComponent: (/Engine/Transient.ProjectileMovementComponent_0) Not registered. Aborting.
[2014.07.18-02.29.09:058][ 35]LogActorComponent: UnregisterComponent: (/Engine/Transient.ProjectileMovementComponent_1) Not registered. Aborting.
[2014.07.18-02.29.10:443][ 68]LogActorComponent: UnregisterComponent: (/Engine/Transient.CharacterMovementComponent_1) Not registered. Aborting.
[2014.07.18-02.29.17:724][303]LogActorComponent: UnregisterComponent: (/Engine/Transient.CharacterMovementComponent_2) Not registered. Aborting.
[2014.07.18-02.29.50:541][173]LogSlate:Warning: GetFontFace failed to load or process 'Roboto-Regular'
[2014.07.18-02.29.50:541][173]LogSlate:Warning: GetFontFace failed to load or process 'Roboto-Regular'
[2014.07.18-02.29.50:541][173]LogSlate:Warning: GetFontFace failed to load or process 'Roboto-Regular'
[2014.07.18-02.29.50:542][173]LogSlate:Warning: GetFontFace failed to load or process 'Roboto-Regular'
[2014.07.18-02.30.18:587][302]LogUObjectGlobals:Warning: Failed to find object 'Object None.'
[2014.07.18-02.30.19:042][302]LogUObjectHash:Warning: Ambiguous search, could be K2Node_SpawnActorFromClass /Game/Blueprints/BP_Orbit_PlayerCharacter.BP_Orbit_PlayerCharacter:EdGraph_365.K2Node_SpawnActorFromClass_19 or K2Node_SpawnActorFromClass /Game/Blueprints/BP_Orbit_PlayerCharacter.BP_Orbit_PlayerCharacter:EdGraph_345.K2Node_SpawnActorFromClass_19
[2014.07.18-02.30.19:042][302]LogUObjectHash:Warning: Ambiguous search, could be K2Node_SpawnActorFromClass /Game/Blueprints/BP_Orbit_PlayerCharacter.BP_Orbit_PlayerCharacter:EdGraph_365.K2Node_SpawnActorFromClass_19 or K2Node_SpawnActorFromClass /Game/Blueprints/BP_Orbit_PlayerCharacter.BP_Orbit_PlayerCharacter:EdGraph_325.K2Node_SpawnActorFromClass_19
[2014.07.18-02.30.19:042][302]LogUObjectHash:Warning: Ambiguous search, could be K2Node_SpawnActorFromClass /Game/Blueprints/BP_Orbit_PlayerCharacter.BP_Orbit_PlayerCharacter:EdGraph_365.K2Node_SpawnActorFromClass_19 or K2Node_SpawnActorFromClass /Game/Blueprints/BP_Orbit_PlayerCharacter.BP_Orbit_PlayerCharacter:EdGraph_274.K2Node_SpawnActorFromClass_19
[2014.07.18-02.30.19:042][302]LogUObjectHash:Warning: Ambiguous search, could be K2Node_SpawnActorFromClass /Game/Blueprints/BP_Orbit_PlayerCharacter.BP_Orbit_PlayerCharacter:EdGraph_365.K2Node_SpawnActorFromClass_19 or K2Node_SpawnActorFromClass /Game/Blueprints/BP_Orbit_PlayerCharacter.BP_Orbit_PlayerCharacter:EdGraph_242.K2Node_SpawnActorFromClass_19
[2014.07.18-02.30.19:042][302]LogUObjectHash:Warning: Ambiguous search, could be K2Node_SpawnActorFromClass /Game/Blueprints/BP_Orbit_PlayerCharacter.BP_Orbit_PlayerCharacter:EdGraph_365.K2Node_SpawnActorFromClass_19 or K2Node_SpawnActorFromClass /Game/Blueprints/BP_Orbit_PlayerCharacter.BP_Orbit_PlayerCharacter:EdGraph_211.K2Node_SpawnActorFromClass_19
[2014.07.18-02.30.19:042][302]LogUObjectHash:Warning: Ambiguous search, could be K2Node_SpawnActorFromClass /Game/Blueprints/BP_Orbit_PlayerCharacter.BP_Orbit_PlayerCharacter:EdGraph_365.K2Node_SpawnActorFromClass_19 or K2Node_SpawnActorFromClass /Game/Blueprints/BP_Orbit_PlayerCharacter.BP_Orbit_PlayerCharacter:EdGraph_179.K2Node_SpawnActorFromClass_19
[2014.07.18-02.30.19:042][302]LogUObjectHash:Warning: Ambiguous search, could be K2Node_SpawnActorFromClass /Game/Blueprints/BP_Orbit_PlayerCharacter.BP_Orbit_PlayerCharacter:EdGraph_365.K2Node_SpawnActorFromClass_19 or K2Node_SpawnActorFromClass /Game/Blueprints/BP_Orbit_PlayerCharacter.BP_Orbit_PlayerCharacter:EdGraph_159.K2Node_SpawnActorFromClass_19
[2014.07.18-02.30.19:042][302]LogUObjectHash:Warning: Ambiguous search, could be K2Node_SpawnActorFromClass /Game/Blueprints/BP_Orbit_PlayerCharacter.BP_Orbit_PlayerCharacter:EdGraph_365.K2Node_SpawnActorFromClass_19 or K2Node_SpawnActorFromClass /Game/Blueprints/BP_Orbit_PlayerCharacter.BP_Orbit_PlayerCharacter:EdGraph_139.K2Node_SpawnActorFromClass_19
[2014.07.18-02.30.19:042][302]LogUObjectHash:Warning: Ambiguous search, could be K2Node_SpawnActorFromClass /Game/Blueprints/BP_Orbit_PlayerCharacter.BP_Orbit_PlayerCharacter:EdGraph_365.K2Node_SpawnActorFromClass_19 or K2Node_SpawnActorFromClass /Game/Blueprints/BP_Orbit_PlayerCharacter.BP_Orbit_PlayerCharacter:SpawnObject.K2Node_SpawnActorFromClass_19
[2014.07.18-02.31.16:775][942]LogActorComponent: UnregisterComponent: (/Engine/Transient.CharacterMovementComponent_3) Not registered. Aborting.
[2014.07.18-02.31.40:276][661]LogSlate:Warning: GetFontFace failed to load or process 'Roboto-Regular'
[2014.07.18-02.31.40:276][661]LogSlate:Warning: GetFontFace failed to load or process 'Roboto-Regular'
[2014.07.18-02.31.42:546][717]LogActorComponent: UnregisterComponent: (/Engine/Transient.CharacterMovementComponent_4) Not registered. Aborting.
[2014.07.18-02.32.24:466][ 27]LogSlate:Warning: GetFontFace failed to load or process 'Roboto-Regular'
[2014.07.18-02.32.24:467][ 27]LogSlate:Warning: GetFontFace failed to load or process 'Roboto-Regular'
[2014.07.18-02.32.30:717][226]LogActorComponent: UnregisterComponent: (/Engine/Transient.CharacterMovementComponent_5) Not registered. Aborting.
[2014.07.18-02.32.35:292][375]LogActorComponent: UnregisterComponent: (/Engine/Transient.CharacterMovementComponent_6) Not registered. Aborting.
[2014.07.18-02.32.57:648][ 90]LogActorComponent: UnregisterComponent: (/Engine/Transient.CharacterMovementComponent_7) Not registered. Aborting.
[2014.07.18-02.33.06:323][348]LogActorComponent: UnregisterComponent: (/Engine/Transient.CharacterMovementComponent_8) Not registered. Aborting.
[2014.07.18-02.33.30:079][152]BlueprintLog: New page: Compile BP_Orbit_PlayerCharacter
[2014.07.18-02.33.30:389][152]LogActorComponent: UnregisterComponent: (/Engine/Transient.CharacterMovementComponent_9) Not registered. Aborting.
[2014.07.18-02.33.31:301][152]BlueprintEditorCompileResults: Info [0336.71] Compile of BP_Orbit_PlayerCharacter successful! [in 91 ms]
[2014.07.18-02.33.41:848][477]LogActorComponent: UnregisterComponent: (/Engine/Transient.CharacterMovementComponent_10) Not registered. Aborting.
[2014.07.18-02.33.44:896][555]BlueprintLog: New page: Compile BP_Orbit_PlayerCharacter
[2014.07.18-02.33.45:212][555]LogActorComponent: UnregisterComponent: (/Engine/Transient.CharacterMovementComponent_11) Not registered. Aborting.
[2014.07.18-02.33.45:987][555]BlueprintEditorCompileResults: Info [0351.60] Compile of BP_Orbit_PlayerCharacter successful! [in 150 ms]
[2014.07.18-02.35.35:840][781]LogSlate:Warning: GetFontFace failed to load or process 'Roboto-Regular'
[2014.07.18-02.36.18:336][ 13]BlueprintLog: New page: Compile BP_Orbit_PlayerCharacter
[2014.07.18-02.36.18:490][ 13]LogActorComponent: UnregisterComponent: (/Engine/Transient.CharacterMovementComponent_12) Not registered. Aborting.
[2014.07.18-02.36.18:771][ 13]BlueprintEditorCompileResults: Info [0504.92] Compile of BP_Orbit_PlayerCharacter successful! [in 57 ms]
[2014.07.18-02.36.20:956][ 99]LogSavePackage: Save=403.360657ms
[2014.07.18-02.36.20:956][ 99]LogSavePackage: Moving '../../../../../../../Users/Eric/Documents/Unreal Projects/OrbitFPS/Saved/BP_Orbit_PlayerCharacter27246B014B3B701E1F2FC8906DBD4AFB.tmp' to '../../../../../../../Users/Eric/Documents/Unreal Projects/OrbitFPS/Content/Blueprints/BP_Orbit_PlayerCharacter.uasset'
[2014.07.18-02.37.34:445][653]LogActorComponent: UnregisterComponent: (/Engine/Transient.CharacterMovementComponent_13) Not registered. Aborting.
[2014.07.18-02.37.41:437][863]LogActorComponent: UnregisterComponent: (/Engine/Transient.CharacterMovementComponent_14) Not registered. Aborting.
[2014.07.18-02.37.50:153][170]LogActorComponent: UnregisterComponent: (/Engine/Transient.CharacterMovementComponent_15) Not registered. Aborting.
[2014.07.18-02.37.52:155][238]LogUObjectGlobals:Warning: Failed to find object 'Object None.'
[2014.07.18-02.37.52:156][238]LogUObjectGlobals:Warning: Failed to find object 'Object None.'
[2014.07.18-02.37.52:156][238]LogUObjectGlobals:Warning: Failed to find object 'Object None.'
[2014.07.18-02.37.52:157][238]LogUObjectGlobals:Warning: Failed to find object 'Object None.'
[2014.07.18-02.37.52:157][238]LogUObjectGlobals:Warning: Failed to find object 'Object None.'
[2014.07.18-02.37.52:158][238]LogUObjectHash:Warning: Ambiguous search, could be K2Node_FunctionEntry /Game/Blueprints/BP_Orbit_PlayerCharacter.BP_Orbit_PlayerCharacter:EdGraph_766.K2Node_FunctionEntry_411 or K2Node_FunctionEntry /Game/Blueprints/BP_Orbit_PlayerCharacter.BP_Orbit_PlayerCharacter:EdGraph_754.K2Node_FunctionEntry_411
[2014.07.18-02.37.52:159][238]LogUObjectHash:Warning: Ambiguous search, could be K2Node_FunctionEntry /Game/Blueprints/BP_Orbit_PlayerCharacter.BP_Orbit_PlayerCharacter:EdGraph_766.K2Node_FunctionEntry_411 or K2Node_FunctionEntry /Game/Blueprints/BP_Orbit_PlayerCharacter.BP_Orbit_PlayerCharacter:EdGraph_745.K2Node_FunctionEntry_411
[2014.07.18-02.37.52:159][238]LogUObjectHash:Warning: Ambiguous search, could be K2Node_FunctionEntry /Game/Blueprints/BP_Orbit_PlayerCharacter.BP_Orbit_PlayerCharacter:EdGraph_766.K2Node_FunctionEntry_411 or K2Node_FunctionEntry /Game/Blueprints/BP_Orbit_PlayerCharacter.BP_Orbit_PlayerCharacter:EdGraph_733.K2Node_FunctionEntry_411
[2014.07.18-02.37.52:159][238]LogUObjectHash:Warning: Ambiguous search, could be K2Node_FunctionEntry /Game/Blueprints/BP_Orbit_PlayerCharacter.BP_Orbit_PlayerCharacter:EdGraph_766.K2Node_FunctionEntry_411 or K2Node_FunctionEntry /Game/Blueprints/BP_Orbit_PlayerCharacter.BP_Orbit_PlayerCharacter:EdGraph_724.K2Node_FunctionEntry_411
[2014.07.18-02.37.52:159][238]LogUObjectHash:Warning: Ambiguous search, could be K2Node_FunctionEntry /Game/Blueprints/BP_Orbit_PlayerCharacter.BP_Orbit_PlayerCharacter:EdGraph_766.K2Node_FunctionEntry_411 or K2Node_FunctionEntry /Game/Blueprints/BP_Orbit_PlayerCharacter.BP_Orbit_PlayerCharacter:EdGraph_712.K2Node_FunctionEntry_411
[2014.07.18-02.37.52:159][238]LogUObjectHash:Warning: Ambiguous search, could be K2Node_FunctionEntry /Game/Blueprints/BP_Orbit_PlayerCharacter.BP_Orbit_PlayerCharacter:EdGraph_766.K2Node_FunctionEntry_411 or K2Node_FunctionEntry /Game/Blueprints/BP_Orbit_PlayerCharacter.BP_Orbit_PlayerCharacter:EdGraph_466.K2Node_FunctionEntry_411
[2014.07.18-02.37.52:159][238]LogUObjectHash:Warning: Ambiguous search, could be K2Node_FunctionEntry /Game/Blueprints/BP_Orbit_PlayerCharacter.BP_Orbit_PlayerCharacter:EdGraph_766.K2Node_FunctionEntry_411 or K2Node_FunctionEntry /Game/Blueprints/BP_Orbit_PlayerCharacter.BP_Orbit_PlayerCharacter:EdGraph_454.K2Node_FunctionEntry_411
[2014.07.18-02.37.52:159][238]LogUObjectHash:Warning: Ambiguous search, could be K2Node_FunctionEntry /Game/Blueprints/BP_Orbit_PlayerCharacter.BP_Orbit_PlayerCharacter:EdGraph_766.K2Node_FunctionEntry_411 or K2Node_FunctionEntry /Game/Blueprints/BP_Orbit_PlayerCharacter.BP_Orbit_PlayerCharacter:EdGraph_446.K2Node_FunctionEntry_411
[2014.07.18-02.37.52:159][238]LogUObjectHash:Warning: Ambiguous search, could be K2Node_FunctionEntry /Game/Blueprints/BP_Orbit_PlayerCharacter.BP_Orbit_PlayerCharacter:EdGraph_766.K2Node_FunctionEntry_411 or K2Node_FunctionEntry /Game/Blueprints/BP_Orbit_PlayerCharacter.BP_Orbit_PlayerCharacter:EdGraph_434.K2Node_FunctionEntry_411
[2014.07.18-02.37.52:159][238]LogUObjectHash:Warning: Ambiguous search, could be K2Node_FunctionEntry /Game/Blueprints/BP_Orbit_PlayerCharacter.BP_Orbit_PlayerCharacter:EdGraph_766.K2Node_FunctionEntry_411 or K2Node_FunctionEntry /Game/Blueprints/BP_Orbit_PlayerCharacter.BP_Orbit_PlayerCharacter:EdGraph_423.K2Node_FunctionEntry_411
[2014.07.18-02.37.52:159][238]LogUObjectHash:Warning: Ambiguous search, could be K2Node_FunctionEntry /Game/Blueprints/BP_Orbit_PlayerCharacter.BP_Orbit_PlayerCharacter:EdGraph_766.K2Node_FunctionEntry_411 or K2Node_FunctionEntry /Game/Blueprints/BP_Orbit_PlayerCharacter.BP_Orbit_PlayerCharacter:EdGraph_411.K2Node_FunctionEntry_411
[2014.07.18-02.37.52:159][238]LogUObjectHash:Warning: Ambiguous search, could be K2Node_FunctionEntry /Game/Blueprints/BP_Orbit_PlayerCharacter.BP_Orbit_PlayerCharacter:EdGraph_766.K2Node_FunctionEntry_411 or K2Node_FunctionEntry /Game/Blueprints/BP_Orbit_PlayerCharacter.BP_Orbit_PlayerCharacter:EdGraph_400.K2Node_FunctionEntry_411
[2014.07.18-02.37.52:159][238]LogUObjectHash:Warning: Ambiguous search, could be K2Node_FunctionEntry /Game/Blueprints/BP_Orbit_PlayerCharacter.BP_Orbit_PlayerCharacter:EdGraph_766.K2Node_FunctionEntry_411 or K2Node_FunctionEntry /Game/Blueprints/BP_Orbit_PlayerCharacter.BP_Orbit_PlayerCharacter:EdGraph_388.K2Node_FunctionEntry_411
[2014.07.18-02.37.52:159][238]LogUObjectHash:Warning: Ambiguous search, could be K2Node_FunctionEntry /Game/Blueprints/BP_Orbit_PlayerCharacter.BP_Orbit_PlayerCharacter:EdGraph_766.K2Node_FunctionEntry_411 or K2Node_FunctionEntry /Game/Blueprints/BP_Orbit_PlayerCharacter.BP_Orbit_PlayerCharacter:EdGraph_366.K2Node_FunctionEntry_411
[2014.07.18-02.37.52:159][238]LogUObjectHash:Warning: Ambiguous search, could be K2Node_FunctionEntry /Game/Blueprints/BP_Orbit_PlayerCharacter.BP_Orbit_PlayerCharacter:EdGraph_766.K2Node_FunctionEntry_411 or K2Node_FunctionEntry /Game/Blueprints/BP_Orbit_PlayerCharacter.BP_Orbit_PlayerCharacter:EdGraph_354.K2Node_FunctionEntry_411
[2014.07.18-02.37.52:160][238]LogUObjectHash:Warning: Ambiguous search, could be K2Node_FunctionEntry /Game/Blueprints/BP_Orbit_PlayerCharacter.BP_Orbit_PlayerCharacter:EdGraph_766.K2Node_FunctionEntry_411 or K2Node_FunctionEntry /Game/Blueprints/BP_Orbit_PlayerCharacter.BP_Orbit_PlayerCharacter:EdGraph_346.K2Node_FunctionEntry_411
[2014.07.18-02.37.52:160][238]LogUObjectHash:Warning: Ambiguous search, could be K2Node_FunctionEntry /Game/Blueprints/BP_Orbit_PlayerCharacter.BP_Orbit_PlayerCharacter:EdGraph_766.K2Node_FunctionEntry_411 or K2Node_FunctionEntry /Game/Blueprints/BP_Orbit_PlayerCharacter.BP_Orbit_PlayerCharacter:EdGraph_334.K2Node_FunctionEntry_411
[2014.07.18-02.37.52:160][238]LogUObjectHash:Warning: Ambiguous search, could be K2Node_FunctionEntry /Game/Blueprints/BP_Orbit_PlayerCharacter.BP_Orbit_PlayerCharacter:EdGraph_766.K2Node_FunctionEntry_411 or K2Node_FunctionEntry /Game/Blueprints/BP_Orbit_PlayerCharacter.BP_Orbit_PlayerCharacter:EdGraph_326.K2Node_FunctionEntry_411
[2014.07.18-02.37.52:160][238]LogUObjectHash:Warning: Ambiguous search, could be K2Node_FunctionEntry /Game/Blueprints/BP_Orbit_PlayerCharacter.BP_Orbit_PlayerCharacter:EdGraph_766.K2Node_FunctionEntry_411 or K2Node_FunctionEntry /Game/Blueprints/BP_Orbit_PlayerCharacter.BP_Orbit_PlayerCharacter:EdGraph_314.K2Node_FunctionEntry_411
[2014.07.18-02.37.52:160][238]LogUObjectHash:Warning: Ambiguous search, could be K2Node_FunctionEntry /Game/Blueprints/BP_Orbit_PlayerCharacter.BP_Orbit_PlayerCharacter:EdGraph_766.K2Node_FunctionEntry_411 or K2Node_FunctionEntry /Game/Blueprints/BP_Orbit_PlayerCharacter.BP_Orbit_PlayerCharacter:CheckIfLocationIsValid.K2Node_FunctionEntry_411
[2014.07.18-02.37.52:160][238]LogUObjectHash:Warning: Ambiguous search, could be K2Node_FunctionEntry /Game/Blueprints/BP_Orbit_PlayerCharacter.BP_Orbit_PlayerCharacter:EdGraph_766.K2Node_FunctionEntry_411 or K2Node_FunctionEntry /Game/Blueprints/BP_Orbit_PlayerCharacter.BP_Orbit_PlayerCharacter:SetDamageTaken.K2Node_FunctionEntry_411
[2014.07.18-02.37.52:160][238]LogUObjectHash:Warning: Ambiguous search, could be K2Node_VariableGet /Game/Blueprints/BP_Orbit_PlayerCharacter.BP_Orbit_PlayerCharacter:AdjustObjectPlacement.K2Node_VariableGet_264 or K2Node_VariableGet /Game/Blueprints/BP_Orbit_PlayerCharacter.BP_Orbit_PlayerCharacter:CheckIfLocationIsValid.K2Node_VariableGet_264
[2014.07.18-02.37.52:162][238]LogUObjectHash:Warning: Ambiguous search, could be K2Node_CallFunction /Game/Blueprints/BP_Orbit_PlayerCharacter.BP_Orbit_PlayerCharacter:AdjustObjectPlacement.K2Node_CallFunction_11040 or K2Node_CallFunction /Game/Blueprints/BP_Orbit_PlayerCharacter.BP_Orbit_PlayerCharacter:CheckIfLocationIsValid.K2Node_CallFunction_11040
[2014.07.18-02.37.52:162][238]LogUObjectHash:Warning: Ambiguous search, could be K2Node_CallFunction /Game/Blueprints/BP_Orbit_PlayerCharacter.BP_Orbit_PlayerCharacter:AdjustObjectPlacement.K2Node_CallFunction_11040 or K2Node_CallFunction /Game/Blueprints/BP_Orbit_PlayerCharacter.BP_Orbit_PlayerCharacter:CheckIfLocationIsValid.K2Node_CallFunction_11040
[2014.07.18-02.37.52:162][238]LogUObjectHash:Warning: Ambiguous search, could be K2Node_CommutativeAssociativeBinaryOperator /Game/Blueprints/BP_Orbit_PlayerCharacter.BP_Orbit_PlayerCharacter:AdjustObjectPlacement.K2Node_CommutativeAssociativeBinaryOperator_255 or K2Node_CommutativeAssociativeBinaryOperator /Game/Blueprints/BP_Orbit_PlayerCharacter.BP_Orbit_PlayerCharacter:CheckIfLocationIsValid.K2Node_CommutativeAssociativeBinaryOperator_255
[2014.07.18-02.37.52:163][238]LogUObjectHash:Warning: Ambiguous search, could be K2Node_FunctionEntry /Game/Blueprints/BP_Orbit_PlayerCharacter.BP_Orbit_PlayerCharacter:EdGraph_766.K2Node_FunctionEntry_411 or K2Node_FunctionEntry /Game/Blueprints/BP_Orbit_PlayerCharacter.BP_Orbit_PlayerCharacter:EdGraph_754.K2Node_FunctionEntry_411
[2014.07.18-02.37.52:163][238]LogUObjectHash:Warning: Ambiguous search, could be K2Node_FunctionEntry /Game/Blueprints/BP_Orbit_PlayerCharacter.BP_Orbit_PlayerCharacter:EdGraph_766.K2Node_FunctionEntry_411 or K2Node_FunctionEntry /Game/Blueprints/BP_Orbit_PlayerCharacter.BP_Orbit_PlayerCharacter:EdGraph_745.K2Node_FunctionEntry_411
[2014.07.18-02.37.52:163][238]LogUObjectHash:Warning: Ambiguous search, could be K2Node_FunctionEntry /Game/Blueprints/BP_Orbit_PlayerCharacter.BP_Orbit_PlayerCharacter:EdGraph_766.K2Node_FunctionEntry_411 or K2Node_FunctionEntry /Game/Blueprints/BP_Orbit_PlayerCharacter.BP_Orbit_PlayerCharacter:EdGraph_733.K2Node_FunctionEntry_411
[2014.07.18-02.37.52:163][238]LogUObjectHash:Warning: Ambiguous search, could be K2Node_FunctionEntry /Game/Blueprints/BP_Orbit_PlayerCharacter.BP_Orbit_PlayerCharacter:EdGraph_766.K2Node_FunctionEntry_411 or K2Node_FunctionEntry /Game/Blueprints/BP_Orbit_PlayerCharacter.BP_Orbit_PlayerCharacter:EdGraph_724.K2Node_FunctionEntry_411
[2014.07.18-02.37.52:163][238]LogUObjectHash:Warning: Ambiguous search, could be K2Node_FunctionEntry /Game/Blueprints/BP_Orbit_PlayerCharacter.BP_Orbit_PlayerCharacter:EdGraph_766.K2Node_FunctionEntry_411 or K2Node_FunctionEntry /Game/Blueprints/BP_Orbit_PlayerCharacter.BP_Orbit_PlayerCharacter:EdGraph_712.K2Node_FunctionEntry_411
[2014.07.18-02.37.52:163][238]LogUObjectHash:Warning: Ambiguous search, could be K2Node_FunctionEntry /Game/Blueprints/BP_Orbit_PlayerCharacter.BP_Orbit_PlayerCharacter:EdGraph_766.K2Node_FunctionEntry_411 or K2Node_FunctionEntry /Game/Blueprints/BP_Orbit_PlayerCharacter.BP_Orbit_PlayerCharacter:EdGraph_466.K2Node_FunctionEntry_411
[2014.07.18-02.37.52:163][238]LogUObjectHash:Warning: Ambiguous search, could be K2Node_FunctionEntry /Game/Blueprints/BP_Orbit_PlayerCharacter.BP_Orbit_PlayerCharacter:EdGraph_766.K2Node_FunctionEntry_411 or K2Node_FunctionEntry /Game/Blueprints/BP_Orbit_PlayerCharacter.BP_Orbit_PlayerCharacter:EdGraph_454.K2Node_FunctionEntry_411
[2014.07.18-02.37.52:163][238]LogUObjectHash:Warning: Ambiguous search, could be K2Node_FunctionEntry /Game/Blueprints/BP_Orbit_PlayerCharacter.BP_Orbit_PlayerCharacter:EdGraph_766.K2Node_FunctionEntry_411 or K2Node_FunctionEntry /Game/Blueprints/BP_Orbit_PlayerCharacter.BP_Orbit_PlayerCharacter:EdGraph_446.K2Node_FunctionEntry_411
[2014.07.18-02.37.52:163][238]LogUObjectHash:Warning: Ambiguous search, could be K2Node_FunctionEntry /Game/Blueprints/BP_Orbit_PlayerCharacter.BP_Orbit_PlayerCharacter:EdGraph_766.K2Node_FunctionEntry_411 or K2Node_FunctionEntry /Game/Blueprints/BP_Orbit_PlayerCharacter.BP_Orbit_PlayerCharacter:EdGraph_434.K2Node_FunctionEntry_411
[2014.07.18-02.37.52:163][238]LogUObjectHash:Warning: Ambiguous search, could be K2Node_FunctionEntry /Game/Blueprints/BP_Orbit_PlayerCharacter.BP_Orbit_PlayerCharacter:EdGraph_766.K2Node_FunctionEntry_411 or K2Node_FunctionEntry /Game/Blueprints/BP_Orbit_PlayerCharacter.BP_Orbit_PlayerCharacter:EdGraph_423.K2Node_FunctionEntry_411
[2014.07.18-02.37.52:163][238]LogUObjectHash:Warning: Ambiguous search, could be K2Node_FunctionEntry /Game/Blueprints/BP_Orbit_PlayerCharacter.BP_Orbit_PlayerCharacter:EdGraph_766.K2Node_FunctionEntry_411 or K2Node_FunctionEntry /Game/Blueprints/BP_Orbit_PlayerCharacter.BP_Orbit_PlayerCharacter:EdGraph_411.K2Node_FunctionEntry_411
[2014.07.18-02.37.52:163][238]LogUObjectHash:Warning: Ambiguous search, could be K2Node_FunctionEntry /Game/Blueprints/BP_Orbit_PlayerCharacter.BP_Orbit_PlayerCharacter:EdGraph_766.K2Node_FunctionEntry_411 or K2Node_FunctionEntry /Game/Blueprints/BP_Orbit_PlayerCharacter.BP_Orbit_PlayerCharacter:EdGraph_400.K2Node_FunctionEntry_411
[2014.07.18-02.37.52:163][238]LogUObjectHash:Warning: Ambiguous search, could be K2Node_FunctionEntry /Game/Blueprints/BP_Orbit_PlayerCharacter.BP_Orbit_PlayerCharacter:EdGraph_766.K2Node_FunctionEntry_411 or K2Node_FunctionEntry /Game/Blueprints/BP_Orbit_PlayerCharacter.BP_Orbit_PlayerCharacter:EdGraph_388.K2Node_FunctionEntry_411
[2014.07.18-02.37.52:164][238]LogUObjectHash:Warning: Ambiguous search, could be K2Node_FunctionEntry /Game/Blueprints/BP_Orbit_PlayerCharacter.BP_Orbit_PlayerCharacter:EdGraph_766.K2Node_FunctionEntry_411 or K2Node_FunctionEntry /Game/Blueprints/BP_Orbit_PlayerCharacter.BP_Orbit_PlayerCharacter:EdGraph_366.K2Node_FunctionEntry_411
[2014.07.18-02.37.52:164][238]LogUObjectHash:Warning: Ambiguous search, could be K2Node_FunctionEntry /Game/Blueprints/BP_Orbit_PlayerCharacter.BP_Orbit_PlayerCharacter:EdGraph_766.K2Node_FunctionEntry_411 or K2Node_FunctionEntry /Game/Blueprints/BP_Orbit_PlayerCharacter.BP_Orbit_PlayerCharacter:EdGraph_354.K2Node_FunctionEntry_411
[2014.07.18-02.37.52:164][238]LogUObjectHash:Warning: Ambiguous search, could be K2Node_FunctionEntry /Game/Blueprints/BP_Orbit_PlayerCharacter.BP_Orbit_PlayerCharacter:EdGraph_766.K2Node_FunctionEntry_411 or K2Node_FunctionEntry /Game/Blueprints/BP_Orbit_PlayerCharacter.BP_Orbit_PlayerCharacter:EdGraph_346.K2Node_FunctionEntry_411
[2014.07.18-02.37.52:164][238]LogUObjectHash:Warning: Ambiguous search, could be K2Node_FunctionEntry /Game/Blueprints/BP_Orbit_PlayerCharacter.BP_Orbit_PlayerCharacter:EdGraph_766.K2Node_FunctionEntry_411 or K2Node_FunctionEntry /Game/Blueprints/BP_Orbit_PlayerCharacter.BP_Orbit_PlayerCharacter:EdGraph_334.K2Node_FunctionEntry_411
[2014.07.18-02.37.52:164][238]LogUObjectHash:Warning: Ambiguous search, could be K2Node_FunctionEntry /Game/Blueprints/BP_Orbit_PlayerCharacter.BP_Orbit_PlayerCharacter:EdGraph_766.K2Node_FunctionEntry_411 or K2Node_FunctionEntry /Game/Blueprints/BP_Orbit_PlayerCharacter.BP_Orbit_PlayerCharacter:EdGraph_326.K2Node_FunctionEntry_411
[2014.07.18-02.37.52:164][238]LogUObjectHash:Warning: Ambiguous search, could be K2Node_FunctionEntry /Game/Blueprints/BP_Orbit_PlayerCharacter.BP_Orbit_PlayerCharacter:EdGraph_766.K2Node_FunctionEntry_411 or K2Node_FunctionEntry /Game/Blueprints/BP_Orbit_PlayerCharacter.BP_Orbit_PlayerCharacter:EdGraph_314.K2Node_FunctionEntry_411
[2014.07.18-02.37.52:164][238]LogUObjectHash:Warning: Ambiguous search, could be K2Node_FunctionEntry /Game/Blueprints/BP_Orbit_PlayerCharacter.BP_Orbit_PlayerCharacter:EdGraph_766.K2Node_FunctionEntry_411 or K2Node_FunctionEntry /Game/Blueprints/BP_Orbit_PlayerCharacter.BP_Orbit_PlayerCharacter:CheckIfLocationIsValid.K2Node_FunctionEntry_411
[2014.07.18-02.37.52:164][238]LogUObjectHash:Warning: Ambiguous search, could be K2Node_FunctionEntry /Game/Blueprints/BP_Orbit_PlayerCharacter.BP_Orbit_PlayerCharacter:EdGraph_766.K2Node_FunctionEntry_411 or K2Node_FunctionEntry /Game/Blueprints/BP_Orbit_PlayerCharacter.BP_Orbit_PlayerCharacter:SetDamageTaken.K2Node_FunctionEntry_411
[2014.07.18-02.37.52:165][238]LogUObjectHash:Warning: Ambiguous search, could be K2Node_CallFunction /Game/Blueprints/BP_Orbit_PlayerCharacter.BP_Orbit_PlayerCharacter:AdjustObjectPlacement.K2Node_CallFunction_11040 or K2Node_CallFunction /Game/Blueprints/BP_Orbit_PlayerCharacter.BP_Orbit_PlayerCharacter:CheckIfLocationIsValid.K2Node_CallFunction_11040
[2014.07.18-02.37.52:320][238]LogActorComponent: UnregisterComponent: (/Engine/Transient.CharacterMovementComponent_16) Not registered. Aborting.
[2014.07.18-02.38.04:159][566]LogActorComponent: UnregisterComponent: (/Engine/Transient.CharacterMovementComponent_17) Not registered. Aborting.
[2014.07.18-02.38.10:273][763]LogActorComponent: UnregisterComponent: (/Engine/Transient.CharacterMovementComponent_18) Not registered. Aborting.
[2014.07.18-02.38.10:331][763]LogFileHelpers: Editor autosave (incl. sublevels) for '/Game/Maps/Example_Map' took 0.056
[2014.07.18-02.38.10:353][763]OBJ SavePackage: Generating thumbnails for [1] asset(s) in package [/Game/Blueprints/BP_Orbit_PlayerCharacter] ([1] browsable assets)...
[2014.07.18-02.38.10:402][763]OBJ SavePackage:     Rendered thumbnail for [Blueprint /Game/Blueprints/BP_Orbit_PlayerCharacter.BP_Orbit_PlayerCharacter]
[2014.07.18-02.38.10:402][763]OBJ SavePackage: Finished generating thumbnails for package [/Game/Blueprints/BP_Orbit_PlayerCharacter]
[2014.07.18-02.38.11:500][763]LogSavePackage: Save=945.163940ms
[2014.07.18-02.38.11:500][763]LogSavePackage: Moving '../../../../../../../Users/Eric/Documents/Unreal Projects/OrbitFPS/Saved/BP_Orbit_PlayerCharacter_Auto128412A744AAE3CFA8CC929B7ECEC4E3A.tmp' to '../../../../../../../Users/Eric/Documents/Unreal Projects/OrbitFPS/Saved/Autosaves/Game/Blueprints/BP_Orbit_PlayerCharacter_Auto1.uasset'
[2014.07.18-02.38.11:529][763]LogFileHelpers: Auto-saving content packages took 1.198
[2014.07.18-02.38.22:336][135]LogActorComponent: UnregisterComponent: (/Engine/Transient.CharacterMovementComponent_19) Not registered. Aborting.
[2014.07.18-02.38.23:787][176]LogActorComponent: UnregisterComponent: (/Engine/Transient.CharacterMovementComponent_20) Not registered. Aborting.
[2014.07.18-02.38.47:668][ 12]LogActorComponent: UnregisterComponent: (/Engine/Transient.CharacterMovementComponent_21) Not registered. Aborting.
[2014.07.18-02.38.49:787][ 73]LogSlate:Warning: GetFontFace failed to load or process 'Roboto-Regular'
[2014.07.18-02.38.49:787][ 73]LogSlate:Warning: GetFontFace failed to load or process 'Roboto-Regular'
[2014.07.18-02.38.49:787][ 73]LogSlate:Warning: GetFontFace failed to load or process 'Roboto-Regular'
[2014.07.18-02.39.43:162][767]BlueprintLog: New page: Compile BP_Orbit_PlayerCharacter
[2014.07.18-02.39.43:424][767]LogActorComponent: UnregisterComponent: (/Engine/Transient.CharacterMovementComponent_22) Not registered. Aborting.
[2014.07.18-02.39.44:035][767]BlueprintEditorCompileResults: Info [0709.81] Compile of BP_Orbit_PlayerCharacter successful! [in 108 ms]
[2014.07.18-02.40.19:464][834]BlueprintLog: New page: Compile BP_Orbit_PlayerCharacter
[2014.07.18-02.40.19:742][834]LogActorComponent: UnregisterComponent: (/Engine/Transient.CharacterMovementComponent_23) Not registered. Aborting.
[2014.07.18-02.40.20:413][834]BlueprintEditorCompileResults: Info [0746.12] Compile of BP_Orbit_PlayerCharacter successful! [in 114 ms]
[2014.07.18-02.41.00:549][115]BlueprintLog: New page: Compile BP_Orbit_PlayerCharacter
[2014.07.18-02.41.00:873][115]LogActorComponent: UnregisterComponent: (/Engine/Transient.CharacterMovementComponent_24) Not registered. Aborting.
[2014.07.18-02.41.01:632][115]BlueprintEditorCompileResults: Info [0787.23] Compile of BP_Orbit_PlayerCharacter successful! [in 134 ms]
[2014.07.18-02.43.08:836][530]LogEpicStorage:Warning: ReadFile request failed. File request already pending for filename=http://cdn.unrealengine.com/newsfeed/blueprint_icon_b.png
[2014.07.18-02.43.08:838][530]LogEpicStorage:Warning: ReadFile request failed. File request already pending for filename=http://cdn.unrealengine.com/newsfeed/blueprint_icon_b.png
[2014.07.18-02.44.11:865][210]LogActorComponent: UnregisterComponent: (/Engine/Transient.CharacterMovementComponent_25) Not registered. Aborting.
[2014.07.18-02.44.19:072][417]LogActorComponent: UnregisterComponent: (/Engine/Transient.CharacterMovementComponent_26) Not registered. Aborting.
[2014.07.18-02.44.22:407][505]LogTemp: Dropped ObjectLocation on Category Construction
[2014.07.18-02.44.22:591][505]LogActorComponent: UnregisterComponent: (/Engine/Transient.CharacterMovementComponent_27) Not registered. Aborting.
[2014.07.18-02.44.26:577][608]LogActorComponent: UnregisterComponent: (/Engine/Transient.CharacterMovementComponent_28) Not registered. Aborting.
[2014.07.18-02.45.29:446][413]LogActorComponent: UnregisterComponent: (/Engine/Transient.CharacterMovementComponent_29) Not registered. Aborting.
[2014.07.18-02.46.55:094][827]BlueprintLog: New page: Compile BP_Orbit_PlayerCharacter
[2014.07.18-02.46.55:446][827]LogActorComponent: UnregisterComponent: (/Engine/Transient.CharacterMovementComponent_30) Not registered. Aborting.
[2014.07.18-02.46.56:245][827]BlueprintEditorCompileResults: Info [1141.78] Compile of BP_Orbit_PlayerCharacter successful! [in 140 ms]
[2014.07.18-02.46.58:199][839]LogSavePackage: Save=1060.144775ms
[2014.07.18-02.46.58:199][839]LogSavePackage: Moving '../../../../../../../Users/Eric/Documents/Unreal Projects/OrbitFPS/Saved/BP_Orbit_PlayerCharacterDC468A5444237753180146B601E0A764.tmp' to '../../../../../../../Users/Eric/Documents/Unreal Projects/OrbitFPS/Content/Blueprints/BP_Orbit_PlayerCharacter.uasset'
[2014.07.18-02.57.38:032][674]LogActorComponent: UnregisterComponent: (/Engine/Transient.CharacterMovementComponent_31) Not registered. Aborting.
[2014.07.18-02.57.38:116][674]LogParticles: Destroying 0 GPU particle simulations for FXSystem 0x0000000025E3D6C0
[2014.07.18-02.57.39:101][675]Cmd: QUIT_EDITOR
[2014.07.18-02.57.39:236][675]LogWindowsTextInputMethodSystem:Error: Terminating failed while unadvising the language notification sink from the TSF source.
[2014.07.18-02.57.39:240][675]LogExit: Preparing to exit.
[2014.07.18-02.57.39:642][675]LogExit: Editor shut down
[2014.07.18-02.57.39:643][675]LogExit: Transaction tracking system shut down
[2014.07.18-02.57.39:646][675]LogParticles: Destroying 0 GPU particle simulations for FXSystem 0x000000000C4922A0
[2014.07.18-02.57.39:647][675]LogParticles: Destroying 0 GPU particle simulations for FXSystem 0x000000001BD57100
[2014.07.18-02.57.39:719][675]LogExit: Object subsystem successfully closed.
[2014.07.18-02.57.39:862][675]LogModuleManager: Shutting down and abandoning module AndroidDeviceDetection (163)
[2014.07.18-02.57.39:862][675]LogModuleManager: Shutting down and abandoning module CrashTracker (162)
[2014.07.18-02.57.39:862][675]LogModuleManager: Shutting down and abandoning module HTTP (161)
[2014.07.18-02.57.39:862][675]LogModuleManager: Shutting down and abandoning module NewsFeed (160)
[2014.07.18-02.57.39:862][675]LogModuleManager: Shutting down and abandoning module SceneOutliner (159)
[2014.07.18-02.57.39:862][675]LogModuleManager: Shutting down and abandoning module EditorWidgets (158)
[2014.07.18-02.57.39:862][675]LogModuleManager: Shutting down and abandoning module CollectionManager (157)
[2014.07.18-02.57.39:862][675]LogModuleManager: Shutting down and abandoning module StatsViewer (156)
[2014.07.18-02.57.39:862][675]LogModuleManager: Shutting down and abandoning module FoliageEdit (155)
[2014.07.18-02.57.39:862][675]LogModuleManager: Shutting down and abandoning module LandscapeEditor (154)
[2014.07.18-02.57.39:870][675]LogModuleManager: Shutting down and abandoning module MeshPaint (153)
[2014.07.18-02.57.39:870][675]LogModuleManager: Shutting down and abandoning module ActorPickerMode (152)
[2014.07.18-02.57.39:870][675]LogModuleManager: Shutting down and abandoning module GeometryMode (151)
[2014.07.18-02.57.39:870][675]LogModuleManager: Shutting down and abandoning module TextureAlignMode (150)
[2014.07.18-02.57.39:870][675]LogModuleManager: Shutting down and abandoning module BspMode (149)
[2014.07.18-02.57.39:871][675]LogModuleManager: Shutting down and abandoning module PlacementMode (148)
[2014.07.18-02.57.39:871][675]LogModuleManager: Shutting down and abandoning module AutomationWorker (147)
[2014.07.18-02.57.39:871][675]LogModuleManager: Shutting down and abandoning module ViewportSnapping (146)
[2014.07.18-02.57.39:871][675]LogModuleManager: Shutting down and abandoning module DeviceProfileEditor (145)
[2014.07.18-02.57.39:871][675]LogModuleManager: Shutting down and abandoning module UndoHistory (144)
[2014.07.18-02.57.39:871][675]LogModuleManager: Shutting down and abandoning module GameplayTagsEditor (143)
[2014.07.18-02.57.39:871][675]LogModuleManager: Shutting down and abandoning module UserFeedback (142)
[2014.07.18-02.57.39:871][675]LogModuleManager: Shutting down and abandoning module XmlParser (141)
[2014.07.18-02.57.39:872][675]LogModuleManager: Shutting down and abandoning module Blutility (140)
[2014.07.18-02.57.39:872][675]LogModuleManager: Shutting down and abandoning module AndroidPlatformEditor (137)
[2014.07.18-02.57.39:872][675]LogModuleManager: Shutting down and abandoning module AndroidRuntimeSettings (136)
[2014.07.18-02.57.39:872][675]LogModuleManager: Shutting down and abandoning module ProjectSettingsViewer (135)
[2014.07.18-02.57.39:872][675]LogModuleManager: Shutting down and abandoning module InputBindingEditor (134)
[2014.07.18-02.57.39:872][675]LogModuleManager: Shutting down and abandoning module EditorSettingsViewer (133)
[2014.07.18-02.57.39:872][675]LogModuleManager: Shutting down and abandoning module SettingsEditor (132)
[2014.07.18-02.57.39:872][675]LogModuleManager: Shutting down and abandoning module SessionLauncher (131)
[2014.07.18-02.57.39:872][675]LogModuleManager: Shutting down and abandoning module SessionFrontend (130)
[2014.07.18-02.57.39:872][675]LogModuleManager: Shutting down and abandoning module ProfilerClient (129)
[2014.07.18-02.57.39:872][675]LogModuleManager: Shutting down and abandoning module TargetDeviceServices (128)
[2014.07.18-02.57.39:872][675]LogModuleManager: Shutting down and abandoning module DeviceManager (127)
[2014.07.18-02.57.39:872][675]LogModuleManager: Shutting down and abandoning module AutomationController (126)
[2014.07.18-02.57.39:873][675]LogModuleManager: Shutting down and abandoning module AutomationWindow (125)
[2014.07.18-02.57.39:873][675]LogModuleManager: Shutting down and abandoning module Layers (124)
[2014.07.18-02.57.39:873][675]LogModuleManager: Shutting down and abandoning module ComponentVisualizers (123)
[2014.07.18-02.57.39:873][675]LogModuleManager: Shutting down and abandoning module DetailCustomizations (122)
[2014.07.18-02.57.39:873][675]LogModuleManager: Shutting down and abandoning module PackagesDialog (121)
[2014.07.18-02.57.39:873][675]LogModuleManager: Shutting down and abandoning module PropertyEditor (120)
[2014.07.18-02.57.39:873][675]LogModuleManager: Shutting down and abandoning module DirectoryWatcher (119)
[2014.07.18-02.57.39:874][675]LogModuleManager: Shutting down and abandoning module AssetRegistry (118)
[2014.07.18-02.57.39:913][675]LogModuleManager: Shutting down and abandoning module Persona (117)
[2014.07.18-02.57.39:913][675]LogModuleManager: Shutting down and abandoning module GraphEditor (116)
[2014.07.18-02.57.39:913][675]LogModuleManager: Shutting down and abandoning module ContentBrowser (115)
[2014.07.18-02.57.39:913][675]LogModuleManager: Shutting down and abandoning module ClassViewer (114)
[2014.07.18-02.57.39:913][675]LogModuleManager: Shutting down and abandoning module Toolbox (113)
[2014.07.18-02.57.39:913][675]LogModuleManager: Shutting down and abandoning module ModuleUI (112)
[2014.07.18-02.57.39:913][675]LogModuleManager: Shutting down and abandoning module Sequencer (111)
[2014.07.18-02.57.39:913][675]LogModuleManager: Shutting down and abandoning module AssetTools (110)
[2014.07.18-02.57.39:913][675]LogModuleManager: Shutting down and abandoning module MovieSceneTools (109)
[2014.07.18-02.57.39:913][675]LogModuleManager: Shutting down and abandoning module OutputLog (108)
[2014.07.18-02.57.39:913][675]LogModuleManager: Shutting down and abandoning module GammaUI (107)
[2014.07.18-02.57.39:913][675]LogModuleManager: Shutting down and abandoning module Documentation (106)
[2014.07.18-02.57.39:913][675]LogModuleManager: Shutting down and abandoning module StreamingPauseRendering (105)
[2014.07.18-02.57.39:913][675]LogModuleManager: Shutting down and abandoning module AnalyticsET (104)
[2014.07.18-02.57.39:913][675]LogModuleManager: Shutting down and abandoning module Analytics (103)
[2014.07.18-02.57.39:914][675]LogModuleManager: Shutting down and abandoning module ProfilerService (102)
[2014.07.18-02.57.40:013][675]LogModuleManager: Shutting down and abandoning module TaskGraph (101)
[2014.07.18-02.57.40:013][675]LogModuleManager: Shutting down and abandoning module GameProjectGeneration (100)
[2014.07.18-02.57.40:013][675]LogModuleManager: Shutting down and abandoning module Matinee (99)
[2014.07.18-02.57.40:013][675]LogModuleManager: Shutting down and abandoning module Kismet (98)
[2014.07.18-02.57.40:013][675]LogModuleManager: Shutting down and abandoning module SlateReflector (97)
[2014.07.18-02.57.40:013][675]LogModuleManager: Shutting down and abandoning module LevelEditor (96)
[2014.07.18-02.57.40:016][675]LogModuleManager: Shutting down and abandoning module MainFrame (95)
[2014.07.18-02.57.40:016][675]LogModuleManager: Shutting down and abandoning module SourceControl (94)
[2014.07.18-02.57.40:016][675]LogModuleManager: Shutting down and abandoning module ImageWrapper (93)
[2014.07.18-02.57.40:016][675]LogModuleManager: Shutting down and abandoning module OnlineBlueprintSupport (92)
[2014.07.18-02.57.40:016][675]LogModuleManager: Shutting down and abandoning module FunctionalTesting (91)
[2014.07.18-02.57.40:016][675]LogModuleManager: Shutting down and abandoning module CollisionAnalyzer (90)
[2014.07.18-02.57.40:016][675]LogModuleManager: Shutting down and abandoning module WorkspaceMenuStructure (89)
[2014.07.18-02.57.40:016][675]LogModuleManager: Shutting down and abandoning module MessageLog (88)
[2014.07.18-02.57.40:016][675]LogModuleManager: Shutting down and abandoning module Slate (87)
[2014.07.18-02.57.40:017][675]LogModuleManager: Shutting down and abandoning module EditorStyle (86)
[2014.07.18-02.57.40:020][675]LogModuleManager: Shutting down and abandoning module SessionServices (85)
[2014.07.18-02.57.40:020][675]LogModuleManager: Shutting down and abandoning module Messaging (84)
[2014.07.18-02.57.40:020][675]LogModuleManager: Shutting down and abandoning module SourceCodeAccess (83)
[2014.07.18-02.57.40:020][675]LogModuleManager: Shutting down and abandoning module HeadMountedDisplay (82)
[2014.07.18-02.57.40:021][675]LogModuleManager: Shutting down and abandoning module XAudio2 (81)
[2014.07.18-02.57.40:021][675]LogModuleManager: Shutting down and abandoning module Networking (79)
[2014.07.18-02.57.40:021][675]LogModuleManager: Shutting down and abandoning module Core (78)
[2014.07.18-02.57.40:021][675]LogModuleManager: Shutting down and abandoning module KismetCompiler (77)
[2014.07.18-02.57.40:021][675]LogModuleManager: Shutting down and abandoning module PhysXFormats (76)
[2014.07.18-02.57.40:021][675]LogModuleManager: Shutting down and abandoning module SimplygonMeshReduction (75)
[2014.07.18-02.57.40:021][675]LogModuleManager: Shutting down and abandoning module MeshUtilities (74)
[2014.07.18-02.57.40:021][675]LogModuleManager: Shutting down and abandoning module DerivedDataCache (73)
[2014.07.18-02.57.40:111][675]LogDerivedDataCache: Shutdown
[2014.07.18-02.57.40:111][675]LogModuleManager: Shutting down and abandoning module ShaderFormatOpenGL (72)
[2014.07.18-02.57.40:111][675]LogModuleManager: Shutting down and abandoning module ShaderFormatD3D (71)
[2014.07.18-02.57.40:111][675]LogModuleManager: Shutting down and abandoning module TextureFormatUncompressed (70)
[2014.07.18-02.57.40:111][675]LogModuleManager: Shutting down and abandoning module TextureFormatPVR (69)
[2014.07.18-02.57.40:111][675]LogModuleManager: Shutting down and abandoning module TextureFormatDXT (68)
[2014.07.18-02.57.40:111][675]LogModuleManager: Shutting down and abandoning module TextureFormatAndroid (67)
[2014.07.18-02.57.40:111][675]LogModuleManager: Shutting down and abandoning module AudioFormatOpus (66)
[2014.07.18-02.57.40:111][675]LogModuleManager: Shutting down and abandoning module AudioFormatOgg (65)
[2014.07.18-02.57.40:111][675]LogModuleManager: Shutting down and abandoning module AudioFormatADPCM (64)
[2014.07.18-02.57.40:111][675]LogModuleManager: Shutting down and abandoning module Android_PVRTCTargetPlatform (63)
[2014.07.18-02.57.40:111][675]LogModuleManager: Shutting down and abandoning module Android_ETC2TargetPlatform (62)
[2014.07.18-02.57.40:112][675]LogModuleManager: Shutting down and abandoning module Android_ETC1TargetPlatform (61)
[2014.07.18-02.57.40:112][675]LogModuleManager: Shutting down and abandoning module Android_DXTTargetPlatform (60)
[2014.07.18-02.57.40:112][675]LogModuleManager: Shutting down and abandoning module Android_ATCTargetPlatform (59)
[2014.07.18-02.57.40:112][675]LogModuleManager: Shutting down and abandoning module AndroidTargetPlatform (58)
[2014.07.18-02.57.40:112][675]LogModuleManager: Shutting down and abandoning module WindowsTargetPlatform (57)
[2014.07.18-02.57.40:112][675]LogModuleManager: Shutting down and abandoning module WindowsServerTargetPlatform (56)
[2014.07.18-02.57.40:112][675]LogModuleManager: Shutting down and abandoning module WindowsNoEditorTargetPlatform (55)
[2014.07.18-02.57.40:112][675]LogModuleManager: Shutting down and abandoning module WindowsClientTargetPlatform (54)
[2014.07.18-02.57.40:112][675]LogModuleManager: Shutting down and abandoning module TargetPlatform (53)
[2014.07.18-02.57.40:112][675]LogModuleManager: Shutting down and abandoning module InputCore (52)
[2014.07.18-02.57.40:112][675]LogModuleManager: Shutting down and abandoning module Settings (51)
[2014.07.18-02.57.40:112][675]LogModuleManager: Shutting down and abandoning module TextureCompressor (48)
[2014.07.18-02.57.40:112][675]LogModuleManager: Shutting down and abandoning module ShaderCore (47)
[2014.07.18-02.57.40:112][675]LogModuleManager: Shutting down and abandoning module OpenGLDrv (46)
[2014.07.18-02.57.40:112][675]LogModuleManager: Shutting down and abandoning module D3D11RHI (45)
[2014.07.18-02.57.40:112][675]LogModuleManager: Shutting down and abandoning module SlateRHIRenderer (44)
[2014.07.18-02.57.40:112][675]LogModuleManager: Shutting down and abandoning module Renderer (43)
[2014.07.18-02.57.40:112][675]LogModuleManager: Shutting down and abandoning module Engine (42)
[2014.07.18-02.57.40:112][675]LogModuleManager: Shutting down and abandoning module SlateRemote (41)
[2014.07.18-02.57.40:112][675]LogModuleManager: Shutting down and abandoning module ScriptPlugin (40)
[2014.07.18-02.57.40:112][675]LogModuleManager: Shutting down and abandoning module ScriptEditorPlugin (38)
[2014.07.18-02.57.40:112][675]LogModuleManager: Shutting down and abandoning module WindowsMoviePlayer (37)
[2014.07.18-02.57.40:117][675]LogModuleManager: Shutting down and abandoning module ExampleDeviceProfileSelector (32)
[2014.07.18-02.57.40:117][675]LogModuleManager: Shutting down and abandoning module CustomMeshComponent (31)
[2014.07.18-02.57.40:117][675]LogModuleManager: Shutting down and abandoning module CableComponent (30)
[2014.07.18-02.57.40:117][675]LogModuleManager: Shutting down and abandoning module OculusRift (26)
[2014.07.18-02.57.40:117][675]LogModuleManager: Shutting down and abandoning module UdpMessaging (25)
[2014.07.18-02.57.40:217][675]LogModuleManager: Shutting down and abandoning module MessagingDebugger (24)
[2014.07.18-02.57.40:217][675]LogModuleManager: Shutting down and abandoning module PluginsEditor (14)
[2014.07.18-02.57.40:217][675]LogModuleManager: Shutting down and abandoning module IntroTutorials (13)
[2014.07.18-02.57.40:217][675]LogModuleManager: Shutting down and abandoning module EpicSurvey (12)
[2014.07.18-02.57.40:217][675]LogModuleManager: Shutting down and abandoning module VisualStudioSourceCodeAccess (10)
[2014.07.18-02.57.40:217][675]LogModuleManager: Shutting down and abandoning module UObjectPlugin (9)
[2014.07.18-02.57.40:217][675]LogModuleManager: Shutting down and abandoning module SubversionSourceControl (8)
[2014.07.18-02.57.40:217][675]LogModuleManager: Shutting down and abandoning module PerforceSourceControl (7)
[2014.07.18-02.57.40:217][675]LogModuleManager: Shutting down and abandoning module BlankPlugin (6)
[2014.07.18-02.57.40:217][675]LogModuleManager: Shutting down and abandoning module CoreUObject (5)
[2014.07.18-02.57.40:217][675]LogModuleManager: Shutting down and abandoning module NetworkFile (4)
[2014.07.18-02.57.40:217][675]LogModuleManager: Shutting down and abandoning module StreamingFile (3)
[2014.07.18-02.57.40:217][675]LogModuleManager: Shutting down and abandoning module SandboxFile (2)
[2014.07.18-02.57.40:217][675]LogModuleManager: Shutting down and abandoning module PakFile (1)
[2014.07.18-02.57.40:218][675]LogExit: Exiting.
[2014.07.18-02.57.40:224][675]Log file closed, 07/17/14 19:57:40
