Log file open, 07/10/14 20:07:17
LogInit:Display: Running engine for game: OrbitFPS
LogInit: Version: 4.2.1-2101290+++depot+UE4-Releases+4.2
LogInit: Compiled (64-bit): Jun 10 2014 22:21:56
LogInit: Build Configuration: Development
LogInit: Branch Name: ++depot+UE4-Releases+4.2
LogInit: Command line: 
LogInit: Base directory: C:/Program Files/Unreal E4/Unreal Engine/4.2/Engine/Binaries/Win64/
LogInit: Rocket: 1
[2014.07.11-03.07.17:013][  0]LogTaskGraph: Started task graph with 3 named threads and 4 total threads.
[2014.07.11-03.07.17:048][  0]LogOnline:Warning: No default platform service specified for OnlineSubsystem
[2014.07.11-03.07.17:066][  0]LogInit: Presizing for 0 objects not considered by GC, pre-allocating 0 bytes.
[2014.07.11-03.07.17:079][  0]LogInit: Object subsystem initialized
[2014.07.11-03.07.17:083][  0]LogInit: Selected Device Profile: [Windows]
[2014.07.11-03.07.17:083][  0]LogInit: Applying CVar settings loaded from the selected device profile: [Windows]
[2014.07.11-03.07.17:099][  0]LogInit: Computer: BEAST
[2014.07.11-03.07.17:099][  0]LogInit: User: Eric
[2014.07.11-03.07.17:102][  0]LogInit: CPU Page size=4096, Cores=4
[2014.07.11-03.07.17:102][  0]LogInit: High frequency timer resolution =2.241074 MHz
[2014.07.11-03.07.17:102][  0]LogMemory: Memory total: Physical=11.9GB (12GB approx) Virtual=8192.0GB
[2014.07.11-03.07.17:103][  0]LogMemory: Platform Memory Stats for Windows
[2014.07.11-03.07.17:103][  0]LogMemory: Process Physical Memory: 55.94 MB used, 55.94 MB peak
[2014.07.11-03.07.17:103][  0]LogMemory: Process Virtual Memory: 32.15 MB used, 32.32 MB peak
[2014.07.11-03.07.17:103][  0]LogMemory: Physical Memory: 5657.73 MB used, 12184.70 MB total
[2014.07.11-03.07.17:103][  0]LogMemory: Virtual Memory: 235.34 MB used, 8388608.00 MB total
[2014.07.11-03.07.17:183][  0]LogD3D11RHI: Found D3D11 adapter 0: Intel(R) HD Graphics 4000 (Feature Level 11_0)
[2014.07.11-03.07.17:183][  0]LogD3D11RHI: Adapter has 4040MB of dedicated video memory, 0MB of dedicated system memory, and 5836MB of shared system memory, 1 output[s]
[2014.07.11-03.07.17:183][  0]LogD3D11RHI: Chosen D3D11 Adapter Id = 0
[2014.07.11-03.07.17:198][  0]LogRHI: Texture pool is 1361 MB (70% of 1945 MB)
[2014.07.11-03.07.17:223][  0]LogD3D11RHI: Async texture creation enabled
[2014.07.11-03.07.17:379][  0]LogContentStreaming: Texture pool size is 0.000000MB
[2014.07.11-03.07.19:166][  0]LogTargetPlatformManager:Display: Building Assets For Windows
[2014.07.11-03.07.19:413][  0]LogTargetPlatformManager:Display: Building Assets For Windows
[2014.07.11-03.07.19:492][  0]LogDerivedDataCache:Display: Max Cache Size: 512 MB
[2014.07.11-03.07.19:558][  0]LogDerivedDataCache: Loaded boot cache 0.07s 39MB C:/Users/Eric/AppData/Local/UnrealEngine/4.2/DerivedDataCache/Boot.ddc.
[2014.07.11-03.07.19:558][  0]LogDerivedDataCache:Display: Loaded Boot cache: C:/Users/Eric/AppData/Local/UnrealEngine/4.2/DerivedDataCache/Boot.ddc
[2014.07.11-03.07.19:558][  0]LogDerivedDataCache: FDerivedDataBackendGraph:  Pak pak cache file ../../../../../../../Users/Eric/Documents/Unreal Projects/OrbitFPS/DerivedDataCache/DDC.ddp not found, will not use a pak cache.
[2014.07.11-03.07.19:558][  0]LogDerivedDataCache: Unable to find inner node Pak for hierarchical cache Hierarchy.
[2014.07.11-03.07.19:577][  0]LogDerivedDataCache:Display: Pak cache opened for reading ../../../Engine/DerivedDataCache/DDC.ddp.
[2014.07.11-03.07.19:589][  0]LogDerivedDataCache: Using Local data cache path C:/Users/Eric/AppData/Local/UnrealEngine/4.2/DerivedDataCache: Writable
[2014.07.11-03.07.20:070][  0]LogMeshUtilities: No automatic mesh reduction module available
[2014.07.11-03.07.20:070][  0]LogMeshUtilities: No automatic mesh merging module available
[2014.07.11-03.07.20:734][  0]LogInit: WinSock: version 1.1 (2.2), MaxSocks=32767, MaxUdp=65467
[2014.07.11-03.07.21:409][  0]LogStreaming:Warning: Failed to read file '../../../Engine/Content/Editor/Slate/Icons/ActorIcons/GroupActor_16x.png' error.
[2014.07.11-03.07.21:409][  0]LogSlate: Could not find file for Slate resource: ../../../Engine/Content/Editor/Slate/Icons/ActorIcons/GroupActor_16x.png
[2014.07.11-03.07.21:419][  0]LogStreaming:Warning: Failed to read file '../../../Engine/Content/Editor/Slate/Icons/ActorIcons/DecalActor_16x.png' error.
[2014.07.11-03.07.21:419][  0]LogSlate: Could not find file for Slate resource: ../../../Engine/Content/Editor/Slate/Icons/ActorIcons/DecalActor_16x.png
[2014.07.11-03.07.21:871][  0]UdpMessaging: Initializing bridge on interface 0.0.0.0:0 to multicast group 230.0.0.1:6666.
[2014.07.11-03.07.22:170][  0]BlueprintLog: New page: Editor Load
[2014.07.11-03.07.22:239][  0]LogObj: 19137 objects as part of root set at end of initial load.
[2014.07.11-03.07.22:239][  0]LogUObjectAllocator: 3804776 out of 0 bytes used by permanent object pool.
[2014.07.11-03.07.22:657][  0]LogEngine: Initializing Engine...
[2014.07.11-03.07.22:829][  0]LogInit: XAudio2 using 'Speakers (Realtek High Definition Audio)' : 2 channels at 48 kHz using 32 bits per sample (channel mask 0x3)
[2014.07.11-03.07.22:853][  0]LogInit: FAudioDevice initialized.
[2014.07.11-03.07.22:896][  0]LogDerivedDataCache: Saved boot cache 0.04s 39MB C:/Users/Eric/AppData/Local/UnrealEngine/4.2/DerivedDataCache/Boot.ddc.
[2014.07.11-03.07.22:900][  0]LogInit: Texture streaming: Enabled
[2014.07.11-03.07.22:958][  0]LogInit: Transaction tracking system initialized
[2014.07.11-03.07.23:151][  0]LogAssetRegistry: FAssetRegistry took 0.0099 seconds to start up
[2014.07.11-03.07.23:457][  0]LogModuleManager:Warning: ModuleManager: Unable to load module '' because the file was not found.
[2014.07.11-03.07.23:468][  0]LogModuleManager:Warning: ModuleManager: Unable to load module '' because the file was not found.
[2014.07.11-03.07.23:559][  0]LogConsoleResponse:Display: 
[2014.07.11-03.07.23:984][  0]LogSourceControl: Attempting 'svn info --xml ../../../../../../../Users/Eric/Documents/Unreal Projects/OrbitFPS/ --non-interactive --trust-server-cert --password ********'
[2014.07.11-03.07.24:067][  0]SourceControl:Warning: Warning svn: E155007: 'C:\Users\Eric\Documents\Unreal' is not a working copy
[2014.07.11-03.07.24:067][  0]SourceControl:Warning: Warning Failed to connect to repository 
[2014.07.11-03.07.24:067][  0]Cmd: MAP LOAD FILE="../../../../../../../Users/Eric/Documents/Unreal Projects/OrbitFPS/Content/Maps/Example_Map.umap" TEMPLATE=0 SHOWPROGRESS=1 WORLDCOMPOSITION=0
[2014.07.11-03.07.24:068][  0]LightingResults: New page: Lighting Build
[2014.07.11-03.07.24:082][  0]MapCheck: New page: Map Check
[2014.07.11-03.07.24:082][  0]LightingResults: New page: Lighting Build
[2014.07.11-03.07.24:102][  0]LogParticles: Destroying 0 GPU particle simulations for FXSystem 0x000000001236C5E0
[2014.07.11-03.07.24:436][  0]LogBlueprint:Warning: Node '/Game/Blueprints/BP_BrokenWallSconceSmokey.BP_BrokenWallSconceSmokey:EventGraph.K2Node_VariableGet_235' missing NodeGuid.
[2014.07.11-03.07.24:527][  0]LogEditorServer: Finished looking for orphan Actors (0.000 secs)
[2014.07.11-03.07.24:527][  0]Cmd: MAP CHECKDEP
[2014.07.11-03.07.24:527][  0]MapCheck: New page: Example_Map - Jul 10, 2014, 1:07:24 PM
[2014.07.11-03.07.24:624][  0]MapCheck: Info ========== Map Check: 0 Error(s), 0 Warning(s), [97.089ms] ==========
[2014.07.11-03.07.24:625][  0]LogFileHelpers: Loading map 'Example_Map' took 0.558
[2014.07.11-03.07.24:772][  0]LogCollectionManager: Loaded 0 collections in 0.001778 seconds
[2014.07.11-03.07.24:932][  0]LogCrashTracker: Crashtracker disabled due to settings.
[2014.07.11-03.07.24:933][  0]LogSourceControl: Attempting 'svn info "C:/Users/Eric/Documents/Unreal Projects/OrbitFPS/" --xml --non-interactive --trust-server-cert --password ********'
[2014.07.11-03.07.24:933][  0]Cmd: MODE PLACEMENT
[2014.07.11-03.07.25:001][  0]LogLoad: Full Startup: 9.73 seconds (BP compile: 0.12 seconds)
[2014.07.11-03.07.25:016][  0]LogContentBrowser:Verbose: The content browser source was changed by the sources view to '/Game/Blueprints'
[2014.07.11-03.07.25:030][  0]SourceControl:Error: Error svn: E155007: 'C:\Users\Eric\Documents\Unreal Projects\OrbitFPS' is not a working copy
[2014.07.11-03.07.25:247][  1]LogEpicStorage:Warning: EnumerateFiles request failed. Invalid response. code=403 error=<?xml version="1.0" encoding="UTF-8"?>
<Error><Code>AccessDenied</Code><Message>Access Denied</Message><RequestId>925BD77E4C8C8B7C</RequestId><HostId>9IcQPY6nHtdGb9OyS9WSWzKG5sNJzOfVUoxn2xwUOSCX8bKh6oyRZZo2Sau7UL6BR79+fHzSdks=</HostId></Error>
[2014.07.11-03.07.25:277][  2]LogRenderer:Warning: Reallocating scene render targets to support 800x648.
[2014.07.11-03.07.25:484][  2]LogEpicSurvey:Warning: EnumerateFiles request failed. Invalid response. code=403 error=<?xml version="1.0" encoding="UTF-8"?>
<Error><Code>AccessDenied</Code><Message>Access Denied</Message><RequestId>3F1313DD07C17ACC</RequestId><HostId>nlPoDZAmWFJ4eb1cEuVx3RipazoKnVjcjoWQbmLeNOyCv35eupSBWjoXgeW3Yqtg</HostId></Error>
[2014.07.11-03.07.25:508][  2]LogAssetRegistry: Asset discovery search completed in 2.3666 seconds
[2014.07.11-03.07.25:598][  3]LogEpicStorage:Warning: EnumerateFiles request failed. Invalid response. code=403 error=<?xml version="1.0" encoding="UTF-8"?>
<Error><Code>AccessDenied</Code><Message>Access Denied</Message><RequestId>561052E52FDAAD1A</RequestId><HostId>mbQ3Il6wv/6AK77EeG9/pd1caA3biDhEy1jxvNu3cJt2E4wdCOOVKBeTpkO5O+HU</HostId></Error>
[2014.07.11-03.07.25:623][  4]LogEpicSurvey:Warning: EnumerateFiles request failed. Invalid response. code=403 error=<?xml version="1.0" encoding="UTF-8"?>
<Error><Code>AccessDenied</Code><Message>Access Denied</Message><RequestId>5E2A6DCA2E245F3A</RequestId><HostId>o+DXQFTxoXhvGgsQBYcAnCRdEKtvZSk99lFD9FSFDVhm9UP82ghEGwHO7q8pZHsG</HostId></Error>
[2014.07.11-03.07.25:679][  6]LogEpicSurvey:Warning: EnumerateFiles request failed. Invalid response. code=403 error=<?xml version="1.0" encoding="UTF-8"?>
<Error><Code>AccessDenied</Code><Message>Access Denied</Message><RequestId>D8956C645C85BDB7</RequestId><HostId>LhhVbDQjDexLQN+PQ4rOsJrtsXuX0vJ+j3hfWGMBFgKRj/lAjtrotIsNDDxnD2SuUXep6bYUv+E=</HostId></Error>
[2014.07.11-03.07.25:717][  7]LogEpicStorage:Warning: ReadFile request failed. File request already pending for filename=http://cdn.unrealengine.com/newsfeed/blueprint_icon_b.png
[2014.07.11-03.07.25:720][  7]LogEpicStorage:Warning: ReadFile request failed. File request already pending for filename=http://cdn.unrealengine.com/newsfeed/blueprint_icon_b.png
[2014.07.11-03.07.26:201][ 26]LogSourceControl: Attempting 'svn status --show-updates --verbose --xml "C:/Users/Eric/Documents/Unreal Projects/OrbitFPS/Content/Blueprints/BP_BrokenWallSconceSmokey.uasset" --non-interactive --trust-server-cert --password ********'
[2014.07.11-03.07.26:326][ 29]SourceControl: Info svn: warning: W155007: 'C:\Users\Eric\Documents\Unreal Projects\OrbitFPS\Content\Blueprints\BP_BrokenWallSconceSmokey.uasset' is not a working copy
[2014.07.11-03.07.27:710][ 67]LogRenderer:Warning: Reallocating scene render targets to support 1136x904.
[2014.07.11-03.07.30:123][152]LogSourceControl: Attempting 'svn status --show-updates --verbose --xml "C:/Users/Eric/Documents/Unreal Projects/OrbitFPS/Content/Blueprints/Blueprint_Effect_Fire.uasset" "C:/Users/Eric/Documents/Unreal Projects/OrbitFPS/Content/Blueprints/Blueprint_Effect_Smoke.uasset" "C:/Users/Eric/Documents/Unreal Projects/OrbitFPS/Content/Blueprints/Blueprint_Effect_Sparks.uasset" "C:/Users/Eric/Documents/Unreal Projects/OrbitFPS/Content/Blueprints/Blueprint_Effect_Steam.uasset" "C:/Users/Eric/Documents/Unreal Projects/OrbitFPS/Content/Blueprints/Blueprint_WallSconce.uasset" "C:/Users/Eric/Documents/Unreal Projects/OrbitFPS/Content/Blueprints/BP_Grenade.uasset" "C:/Users/Eric/Documents/Unreal Projects/OrbitFPS/Content/Blueprints/BP_Spawn.uasset" "C:/Users/Eric/Documents/Unreal Projects/OrbitFPS/Content/Blueprints/MyCharacter.uasset" "C:/Users/Eric/Documents/Unreal Projects/OrbitFPS/Content/Blueprints/MyGame.uasset" --non-interactive --trust-server-cert --password ********'
[2014.07.11-03.07.30:195][155]SourceControl: Info svn: warning: W155007: 'C:\Users\Eric\Documents\Unreal Projects\OrbitFPS\Content\Blueprints\Blueprint_Effect_Fire.uasset' is not a working copy
[2014.07.11-03.07.30:195][155]SourceControl: Info svn: warning: W155007: 'C:\Users\Eric\Documents\Unreal Projects\OrbitFPS\Content\Blueprints\Blueprint_Effect_Smoke.uasset' is not a working copy
[2014.07.11-03.07.30:195][155]SourceControl: Info svn: warning: W155007: 'C:\Users\Eric\Documents\Unreal Projects\OrbitFPS\Content\Blueprints\Blueprint_Effect_Sparks.uasset' is not a working copy
[2014.07.11-03.07.30:195][155]SourceControl: Info svn: warning: W155007: 'C:\Users\Eric\Documents\Unreal Projects\OrbitFPS\Content\Blueprints\Blueprint_Effect_Steam.uasset' is not a working copy
[2014.07.11-03.07.30:195][155]SourceControl: Info svn: warning: W155007: 'C:\Users\Eric\Documents\Unreal Projects\OrbitFPS\Content\Blueprints\Blueprint_WallSconce.uasset' is not a working copy
[2014.07.11-03.07.30:195][155]SourceControl: Info svn: warning: W155007: 'C:\Users\Eric\Documents\Unreal Projects\OrbitFPS\Content\Blueprints\BP_Grenade.uasset' is not a working copy
[2014.07.11-03.07.30:195][155]SourceControl: Info svn: warning: W155007: 'C:\Users\Eric\Documents\Unreal Projects\OrbitFPS\Content\Blueprints\BP_Spawn.uasset' is not a working copy
[2014.07.11-03.07.30:195][155]SourceControl: Info svn: warning: W155007: 'C:\Users\Eric\Documents\Unreal Projects\OrbitFPS\Content\Blueprints\MyCharacter.uasset' is not a working copy
[2014.07.11-03.07.30:195][155]SourceControl: Info svn: warning: W155007: 'C:\Users\Eric\Documents\Unreal Projects\OrbitFPS\Content\Blueprints\MyGame.uasset' is not a working copy
[2014.07.11-03.07.38:995][676]LogContentBrowser:Verbose: The content browser source was changed by the sources view to '/Game/Meshes'
[2014.07.11-03.07.40:057][699]LogSourceControl: Attempting 'svn status --show-updates --verbose --xml "C:/Users/Eric/Documents/Unreal Projects/OrbitFPS/Content/Meshes/TemplateCube_Rounded.uasset" --non-interactive --trust-server-cert --password ********'
[2014.07.11-03.07.40:170][702]SourceControl: Info svn: warning: W155007: 'C:\Users\Eric\Documents\Unreal Projects\OrbitFPS\Content\Meshes\TemplateCube_Rounded.uasset' is not a working copy
[2014.07.11-03.07.41:281][715]LogRenderer:Warning: Reallocating scene render targets to support 1424x904.
[2014.07.11-03.07.50:725][945]LogSourceControl: Attempting 'svn status --show-updates --verbose --xml "C:/Users/Eric/Documents/Unreal Projects/OrbitFPS/Content/Meshes/TemplateCube_Rounded_DM.uasset" --non-interactive --trust-server-cert --password ********'
[2014.07.11-03.07.50:799][945]SourceControl: Info svn: warning: W155007: 'C:\Users\Eric\Documents\Unreal Projects\OrbitFPS\Content\Meshes\TemplateCube_Rounded_DM.uasset' is not a working copy
[2014.07.11-03.07.50:824][945]LogDestructible:Warning: MainMesh Tris: 108
[2014.07.11-03.07.51:048][945]LogApexDestructibleAssetImport:Warning: Using default materials for material slot
[2014.07.11-03.07.51:053][945]LogApexDestructibleAssetImport:Warning: Bones digested - 2  Depth of hierarchy - 2
[2014.07.11-03.07.51:105][945]LogSkeletalMesh: Chunk 0: 104 rigid vertices, 0 soft vertices, 1 active bones
[2014.07.11-03.07.51:112][945]LogSkeletalMesh: Section 0: Material=0, Chunk=0, 108 triangles
[2014.07.11-03.07.51:452][945]LogContentBrowser:Verbose: The content browser source was changed by the sources view to 'None'
[2014.07.11-03.07.51:453][945]LogContentBrowser:Verbose: The content browser source was changed by the sources view to '/Game/Meshes'
[2014.07.11-03.07.51:575][945]LogRenderer:Warning: Reallocating scene render targets to support 1424x912.
[2014.07.11-03.08.14:602][369]LogDestructible:Warning: MainMesh Tris: 108
[2014.07.11-03.08.14:906][369]LogApexDestructibleAssetImport:Warning: Using default materials for material slot
[2014.07.11-03.08.14:907][369]LogApexDestructibleAssetImport:Warning: Bones digested - 27  Depth of hierarchy - 2
[2014.07.11-03.08.14:956][369]LogSkeletalMesh: Chunk 0: 668 rigid vertices, 0 soft vertices, 21 active bones
[2014.07.11-03.08.14:956][369]LogSkeletalMesh: Chunk 1: 1084 rigid vertices, 0 soft vertices, 25 active bones
[2014.07.11-03.08.14:963][369]LogSkeletalMesh: Section 0: Material=0, Chunk=0, 562 triangles
[2014.07.11-03.08.14:963][369]LogSkeletalMesh: Section 1: Material=1, Chunk=1, 672 triangles
[2014.07.11-03.08.25:447][590]LogSourceControl: Attempting 'svn status --show-updates --verbose --xml "C:/Users/Eric/Documents/Unreal Projects/OrbitFPS/Content/Meshes/TemplateCube_Rounded_DM.uasset" --non-interactive --trust-server-cert --password ********'
[2014.07.11-03.08.25:530][590]SourceControl: Info svn: warning: W155007: 'C:\Users\Eric\Documents\Unreal Projects\OrbitFPS\Content\Meshes\TemplateCube_Rounded_DM.uasset' is not a working copy
[2014.07.11-03.08.25:608][590]Cmd: OBJ SAVEPACKAGE PACKAGE="/Game/Meshes/TemplateCube_Rounded_DM" FILE="../../../../../../../Users/Eric/Documents/Unreal Projects/OrbitFPS/Content/Meshes/TemplateCube_Rounded_DM.uasset" SILENT=true
[2014.07.11-03.08.26:586][590]LogSavePackage: Save=968.321411ms
[2014.07.11-03.08.26:586][590]LogSavePackage: Moving '../../../../../../../Users/Eric/Documents/Unreal Projects/OrbitFPS/Saved/TemplateCube_Rounded_DMD2AC6FD04073A48CA93AC0AC3FFFE844.tmp' to '../../../../../../../Users/Eric/Documents/Unreal Projects/OrbitFPS/Content/Meshes/TemplateCube_Rounded_DM.uasset'
[2014.07.11-03.08.26:670][590]LogSourceControl: Attempting 'svn add --force --parents "C:/Users/Eric/Documents/Unreal Projects/OrbitFPS/Content/Meshes/TemplateCube_Rounded_DM.uasset" --non-interactive --trust-server-cert --password ********'
[2014.07.11-03.08.26:745][590]LogSourceControl: Attempting 'svn status --verbose --xml "C:/Users/Eric/Documents/Unreal Projects/OrbitFPS/Content/Meshes/TemplateCube_Rounded_DM.uasset" --non-interactive --trust-server-cert --password ********'
[2014.07.11-03.08.26:822][590]SourceControl:Error: Error svn: E155007: 'C:\Users\Eric\Documents\Unreal Projects\OrbitFPS\Content\Meshes' is not a working copy
[2014.07.11-03.08.26:822][590]SourceControl:Error: Error svn: warning: W155007: 'C:\Users\Eric\Documents\Unreal Projects\OrbitFPS\Content\Meshes\TemplateCube_Rounded_DM.uasset' is not a working copy
[2014.07.11-03.08.38:958][809]Cmd: CAMERA ALIGN ACTIVEVIEWPORTONLY
[2014.07.11-03.08.38:958][809]Aligned camera to fit all selected actors.
[2014.07.11-03.08.42:838][908]LogPlayLevel: PIE:  No blueprints needed recompiling
[2014.07.11-03.08.42:838][908]PIE: New page: PIE session: Example_Map (Jul 10, 2014, 1:08:42 PM)
[2014.07.11-03.08.42:894][908]LogPlayLevel: PIE: StaticDuplicateObject took: (0.055786s)
[2014.07.11-03.08.42:895][908]LogPlayLevel: PIE: World Init took: (0.001162s)
[2014.07.11-03.08.42:896][908]LogPlayLevel: PIE: Created PIE world by copying editor world from /Game/Maps/Example_Map.Example_Map to /Game/Maps/UEDPIE_0_Example_Map.Example_Map (0.057397s)
[2014.07.11-03.08.42:934][908]LogLinker:Warning: CreateExport: Failed to load Super for Function /Game/Character/HeroFPP_AnimBlueprint.HeroFPP_AnimBlueprint_C:KismetUpdateAnimation; removing super information, but keeping function
[2014.07.11-03.08.43:815][908]LogWorld: Game class is 'MyGame_C'
[2014.07.11-03.08.44:067][908]LogWorld: Bringing World /Game/Maps/UEDPIE_0_Example_Map.Example_Map up for play (max tick rate 0) at 2014.07.10-20.08.44
[2014.07.11-03.08.44:068][908]LogWorld: Bringing up level for play took: 0.179586
[2014.07.11-03.08.44:070][908]LogPlayerController: Spawned spectator SpectatorPawn_0 [server:1]
[2014.07.11-03.08.44:070][908]LogGameMode: RestartPlayer 256
[2014.07.11-03.08.44:073][908]LogPlayerController: ClientRestart_Implementation MyCharacter_C_0
[2014.07.11-03.08.44:073][908]LogPlayerController: ServerAcknowledgePossession_Implementation MyCharacter_C_0
[2014.07.11-03.08.44:088][908]PIE: Info Play in editor start time for /Game/Maps/UEDPIE_0_Example_Map 2.173
[2014.07.11-03.08.54:815][169]LogParticles: Destroying 0 GPU particle simulations for FXSystem 0x000000000C301B20
[2014.07.11-03.08.54:815][169]LogParticles: Destroying 0 GPU particle simulations for FXSystem 0x000000000C303F60
[2014.07.11-03.08.54:815][169]LogParticles: Destroying 0 GPU particle simulations for FXSystem 0x00000000181342C0
[2014.07.11-03.09.28:805][ 85]MapCheck: New page: Map Check
[2014.07.11-03.09.28:855][ 85]Cmd: MAP REBUILD ALLVISIBLE
[2014.07.11-03.09.28:856][ 85]LogEditorServer: Rebuildmap Clear paths rebuilt
[2014.07.11-03.09.28:938][ 85]LogInstancedFoliage: Map Rebuilt - Update all BSP painted foliage!
[2014.07.11-03.09.29:017][ 85]LightingResults: New page: Lighting Build - Jul 10, 2014, 1:09:29 PM
[2014.07.11-03.09.35:149][ 85]LogStaticLightingSystem: Running Lightmass w/ ImmediateImport mode ENABLED
[2014.07.11-03.09.35:149][ 85]LogStaticLightingSystem: Running Lightmass w/ ImmediateProcess mode ENABLED
[2014.07.11-03.09.35:150][ 85]LogStaticLightingSystem: Running Lightmass w/ Sorting mode ENABLED
[2014.07.11-03.09.35:150][ 85]LogStaticLightingSystem: Running Lightmass w/ Mapping paddings ENABLED
[2014.07.11-03.09.35:150][ 85]LogStaticLightingSystem: Running Lightmass w/ Mapping debug paddings DISABLED
[2014.07.11-03.09.35:418][ 85]LogEditorBuildUtils: Build time 0:00:06
[2014.07.11-03.09.41:021][174]Job is a success!
[2014.07.11-03.09.41:822][175]LogTexture:Display: Building textures: HQ_Lightmap0_1 (AutoDXT)
[2014.07.11-03.09.42:166][175]LogTexture:Display: Building textures: LQ_Lightmap_0_2 (DXT1)
[2014.07.11-03.09.42:185][175]LogTexture:Display: Building textures: HQ_Lightmap0_2 (AutoDXT)
[2014.07.11-03.09.42:214][175]LogTexture:Display: Building textures: LQ_Lightmap_0_1 (DXT1)
[2014.07.11-03.09.42:824][175]LogTexture:Display: Building textures: ShadowMapTexture2D_0 (BGRA8)
[2014.07.11-03.09.42:913][175]LogTexture:Display: Building textures: ShadowMapTexture2D_2 (BGRA8)
[2014.07.11-03.09.43:029][175]Lightmass on BEAST: 6.05 sec total, 681 ms importing, 1 ms setup, 665 ms photons, 4.67 sec processing, 0 ms extra exporting [25/25 mappings]. Threads: 41.6 sec total, 5.32 sec processing.
[2014.07.11-03.09.43:094][175]LogStaticLightingSystem:Warning: Illumination: 13.9 sec (1.39 sec encoding lightmaps)
[2014.07.11-03.09.43:094][175]LogStaticLightingSystem: Lightmap texture memory:  1.3 MB (0.0 MB streaming, 1.3 MB non-streaming), 4 textures
[2014.07.11-03.09.43:094][175]LogStaticLightingSystem: Shadowmap texture memory: 0.0 MB (0.0 MB streaming, 0.0 MB non-streaming), 2 textures
[2014.07.11-03.09.44:022][176]Cmd: MAP CHECK NOTIFYRESULTS
[2014.07.11-03.09.44:023][176]MapCheck: New page: Example_Map - Jul 10, 2014, 1:09:44 PM
[2014.07.11-03.09.44:290][176]MapCheck: Info ========== Map Check: 0 Error(s), 0 Warning(s), [266.69ms] ==========
[2014.07.11-03.09.56:928][491]LogPlayLevel: PIE:  No blueprints needed recompiling
[2014.07.11-03.09.56:928][491]PIE: New page: PIE session: Example_Map (Jul 10, 2014, 1:09:56 PM)
[2014.07.11-03.09.56:985][491]LogPlayLevel: PIE: StaticDuplicateObject took: (0.057250s)
[2014.07.11-03.09.56:986][491]LogPlayLevel: PIE: World Init took: (0.001120s)
[2014.07.11-03.09.56:987][491]LogPlayLevel: PIE: Created PIE world by copying editor world from /Game/Maps/Example_Map.Example_Map to /Game/Maps/UEDPIE_0_Example_Map.Example_Map (0.058806s)
[2014.07.11-03.09.56:988][491]LogWorld: Game class is 'MyGame_C'
[2014.07.11-03.09.57:058][491]LogWorld: Bringing World /Game/Maps/UEDPIE_0_Example_Map.Example_Map up for play (max tick rate 0) at 2014.07.10-20.09.57
[2014.07.11-03.09.57:059][491]LogWorld: Bringing up level for play took: 0.010190
[2014.07.11-03.09.57:060][491]LogPlayerController: Spawned spectator SpectatorPawn_1 [server:1]
[2014.07.11-03.09.57:061][491]LogGameMode: RestartPlayer 257
[2014.07.11-03.09.57:062][491]LogPlayerController: ClientRestart_Implementation MyCharacter_C_1
[2014.07.11-03.09.57:062][491]LogPlayerController: ServerAcknowledgePossession_Implementation MyCharacter_C_1
[2014.07.11-03.09.57:077][491]PIE: Info Play in editor start time for /Game/Maps/UEDPIE_0_Example_Map -0.841
[2014.07.11-03.10.30:323][335]LogParticles: Destroying 0 GPU particle simulations for FXSystem 0x000000000C1D6200
[2014.07.11-03.13.05:039][751]LogSourceControl: Attempting 'svn status --show-updates --verbose --xml "C:/Users/Eric/Documents/Unreal Projects/OrbitFPS/Content/Meshes/TemplateCube_Rounded_DM.uasset" --non-interactive --trust-server-cert --password ********'
[2014.07.11-03.13.05:136][751]SourceControl: Info svn: warning: W155007: 'C:\Users\Eric\Documents\Unreal Projects\OrbitFPS\Content\Meshes\TemplateCube_Rounded_DM.uasset' is not a working copy
[2014.07.11-03.13.05:208][751]Cmd: OBJ SAVEPACKAGE PACKAGE="/Game/Meshes/TemplateCube_Rounded_DM" FILE="../../../../../../../Users/Eric/Documents/Unreal Projects/OrbitFPS/Content/Meshes/TemplateCube_Rounded_DM.uasset" SILENT=true
[2014.07.11-03.13.06:086][751]LogSavePackage: Save=795.854553ms
[2014.07.11-03.13.06:086][751]LogSavePackage: Moving '../../../../../../../Users/Eric/Documents/Unreal Projects/OrbitFPS/Saved/TemplateCube_Rounded_DM6AE7438D489F2B8850A4CAB3DB034D98.tmp' to '../../../../../../../Users/Eric/Documents/Unreal Projects/OrbitFPS/Content/Meshes/TemplateCube_Rounded_DM.uasset'
[2014.07.11-03.13.08:900][815]LogPlayLevel: PIE:  No blueprints needed recompiling
[2014.07.11-03.13.08:901][815]PIE: New page: PIE session: Example_Map (Jul 10, 2014, 1:13:08 PM)
[2014.07.11-03.13.08:965][815]LogPlayLevel: PIE: StaticDuplicateObject took: (0.063658s)
[2014.07.11-03.13.08:966][815]LogPlayLevel: PIE: World Init took: (0.001269s)
[2014.07.11-03.13.08:966][815]LogPlayLevel: PIE: Created PIE world by copying editor world from /Game/Maps/Example_Map.Example_Map to /Game/Maps/UEDPIE_0_Example_Map.Example_Map (0.065290s)
[2014.07.11-03.13.08:967][815]LogWorld: Game class is 'MyGame_C'
[2014.07.11-03.13.09:041][815]LogWorld: Bringing World /Game/Maps/UEDPIE_0_Example_Map.Example_Map up for play (max tick rate 0) at 2014.07.10-20.13.09
[2014.07.11-03.13.09:042][815]LogWorld: Bringing up level for play took: 0.008861
[2014.07.11-03.13.09:043][815]LogPlayerController: Spawned spectator SpectatorPawn_2 [server:1]
[2014.07.11-03.13.09:043][815]LogGameMode: RestartPlayer 258
[2014.07.11-03.13.09:045][815]LogPlayerController: ClientRestart_Implementation MyCharacter_C_2
[2014.07.11-03.13.09:045][815]LogPlayerController: ServerAcknowledgePossession_Implementation MyCharacter_C_2
[2014.07.11-03.13.09:060][815]PIE: Info Play in editor start time for /Game/Maps/UEDPIE_0_Example_Map 1.136
[2014.07.11-03.13.19:633][ 59]LogParticles: Destroying 0 GPU particle simulations for FXSystem 0x000000000D16DE40
[2014.07.11-03.13.22:269][117]LogEditorViewport: Clicking on Actor (LMB): DestructibleActor (TemplateCube_Rounded_DM)
[2014.07.11-03.13.23:091][136]Cmd: DELETE
[2014.07.11-03.13.23:091][136]Cmd: ACTOR DELETE
[2014.07.11-03.13.23:092][136]LogEditorActor: Deleted Actor: DestructibleActor
[2014.07.11-03.13.23:134][136]LogEditorActor: Deleted 1 Actors (0.043 secs)
[2014.07.11-03.13.29:975][170]LogParticles: Destroying 0 GPU particle simulations for FXSystem 0x000000000C1D5620
[2014.07.11-03.13.37:334][265]LogObjectTools:Warning: ForceReplaceReferences replaced references for a transient object 'TransBuffer_0' or package '/Engine/Transient'.
[2014.07.11-03.13.37:593][265]LogSourceControl: Attempting 'svn status --show-updates --verbose --xml "C:/Users/Eric/Documents/Unreal Projects/OrbitFPS/Content/Meshes/TemplateCube_Rounded_DM.uasset" --non-interactive --trust-server-cert --password ********'
[2014.07.11-03.13.37:665][265]SourceControl: Info svn: warning: W155007: 'C:\Users\Eric\Documents\Unreal Projects\OrbitFPS\Content\Meshes\TemplateCube_Rounded_DM.uasset' is not a working copy
[2014.07.11-03.13.46:575][507]LogSourceControl: Attempting 'svn status --show-updates --verbose --xml "C:/Users/Eric/Documents/Unreal Projects/OrbitFPS/Content/Meshes/TemplateCube_Rounded_DM.uasset" --non-interactive --trust-server-cert --password ********'
[2014.07.11-03.13.46:659][507]SourceControl: Info svn: warning: W155007: 'C:\Users\Eric\Documents\Unreal Projects\OrbitFPS\Content\Meshes\TemplateCube_Rounded_DM.uasset' is not a working copy
[2014.07.11-03.13.46:665][507]LogDestructible:Warning: MainMesh Tris: 108
[2014.07.11-03.13.46:709][507]LogApexDestructibleAssetImport:Warning: Using default materials for material slot
[2014.07.11-03.13.46:709][507]LogApexDestructibleAssetImport:Warning: Bones digested - 2  Depth of hierarchy - 2
[2014.07.11-03.13.46:742][507]LogSkeletalMesh: Chunk 0: 104 rigid vertices, 0 soft vertices, 1 active bones
[2014.07.11-03.13.46:747][507]LogSkeletalMesh: Section 0: Material=0, Chunk=0, 108 triangles
[2014.07.11-03.13.46:852][507]LogContentBrowser:Verbose: The content browser source was changed by the sources view to 'None'
[2014.07.11-03.13.46:853][507]LogContentBrowser:Verbose: The content browser source was changed by the sources view to '/Game/Meshes'
[2014.07.11-03.13.47:933][529]LogSourceControl: Attempting 'svn status --show-updates --verbose --xml "C:/Users/Eric/Documents/Unreal Projects/OrbitFPS/Content/Meshes/TemplateCube_Rounded.uasset" --non-interactive --trust-server-cert --password ********'
[2014.07.11-03.13.48:003][530]SourceControl: Info svn: warning: W155007: 'C:\Users\Eric\Documents\Unreal Projects\OrbitFPS\Content\Meshes\TemplateCube_Rounded.uasset' is not a working copy
[2014.07.11-03.15.30:075][799]LogDestructible:Warning: MainMesh Tris: 108
[2014.07.11-03.15.30:376][799]LogApexDestructibleAssetImport:Warning: Using default materials for material slot
[2014.07.11-03.15.30:377][799]LogApexDestructibleAssetImport:Warning: Bones digested - 27  Depth of hierarchy - 2
[2014.07.11-03.15.30:426][799]LogSkeletalMesh: Chunk 0: 668 rigid vertices, 0 soft vertices, 21 active bones
[2014.07.11-03.15.30:426][799]LogSkeletalMesh: Chunk 1: 1084 rigid vertices, 0 soft vertices, 25 active bones
[2014.07.11-03.15.30:433][799]LogSkeletalMesh: Section 0: Material=0, Chunk=0, 562 triangles
[2014.07.11-03.15.30:433][799]LogSkeletalMesh: Section 1: Material=1, Chunk=1, 672 triangles
[2014.07.11-03.15.32:213][838]LogSourceControl: Attempting 'svn status --show-updates --verbose --xml "C:/Users/Eric/Documents/Unreal Projects/OrbitFPS/Content/Meshes/TemplateCube_Rounded_DM.uasset" --non-interactive --trust-server-cert --password ********'
[2014.07.11-03.15.32:304][838]SourceControl: Info svn: warning: W155007: 'C:\Users\Eric\Documents\Unreal Projects\OrbitFPS\Content\Meshes\TemplateCube_Rounded_DM.uasset' is not a working copy
[2014.07.11-03.15.32:384][838]Cmd: OBJ SAVEPACKAGE PACKAGE="/Game/Meshes/TemplateCube_Rounded_DM" FILE="../../../../../../../Users/Eric/Documents/Unreal Projects/OrbitFPS/Content/Meshes/TemplateCube_Rounded_DM.uasset" SILENT=true
[2014.07.11-03.15.33:192][838]LogSavePackage: Save=798.750977ms
[2014.07.11-03.15.33:192][838]LogSavePackage: Moving '../../../../../../../Users/Eric/Documents/Unreal Projects/OrbitFPS/Saved/TemplateCube_Rounded_DMB33DE8B94C88C2B4C28BACA2185900FC.tmp' to '../../../../../../../Users/Eric/Documents/Unreal Projects/OrbitFPS/Content/Meshes/TemplateCube_Rounded_DM.uasset'
[2014.07.11-03.15.33:253][838]LogSourceControl: Attempting 'svn add --force --parents "C:/Users/Eric/Documents/Unreal Projects/OrbitFPS/Content/Meshes/TemplateCube_Rounded_DM.uasset" --non-interactive --trust-server-cert --password ********'
[2014.07.11-03.15.33:342][838]LogSourceControl: Attempting 'svn status --verbose --xml "C:/Users/Eric/Documents/Unreal Projects/OrbitFPS/Content/Meshes/TemplateCube_Rounded_DM.uasset" --non-interactive --trust-server-cert --password ********'
[2014.07.11-03.15.33:411][838]SourceControl:Error: Error svn: E155007: 'C:\Users\Eric\Documents\Unreal Projects\OrbitFPS\Content\Meshes' is not a working copy
[2014.07.11-03.15.33:411][838]SourceControl:Error: Error svn: warning: W155007: 'C:\Users\Eric\Documents\Unreal Projects\OrbitFPS\Content\Meshes\TemplateCube_Rounded_DM.uasset' is not a working copy
[2014.07.11-03.16.13:560][820]LogPlayLevel: PIE:  No blueprints needed recompiling
[2014.07.11-03.16.13:560][820]PIE: New page: PIE session: Example_Map (Jul 10, 2014, 1:16:13 PM)
[2014.07.11-03.16.13:621][820]LogPlayLevel: PIE: StaticDuplicateObject took: (0.060693s)
[2014.07.11-03.16.13:623][820]LogPlayLevel: PIE: World Init took: (0.001385s)
[2014.07.11-03.16.13:623][820]LogPlayLevel: PIE: Created PIE world by copying editor world from /Game/Maps/Example_Map.Example_Map to /Game/Maps/UEDPIE_0_Example_Map.Example_Map (0.062504s)
[2014.07.11-03.16.13:624][820]LogWorld: Game class is 'MyGame_C'
[2014.07.11-03.16.13:749][820]LogWorld: Bringing World /Game/Maps/UEDPIE_0_Example_Map.Example_Map up for play (max tick rate 0) at 2014.07.10-20.16.13
[2014.07.11-03.16.13:750][820]LogWorld: Bringing up level for play took: 0.061364
[2014.07.11-03.16.13:751][820]LogPlayerController: Spawned spectator SpectatorPawn_3 [server:1]
[2014.07.11-03.16.13:751][820]LogGameMode: RestartPlayer 259
[2014.07.11-03.16.13:753][820]LogPlayerController: ClientRestart_Implementation MyCharacter_C_3
[2014.07.11-03.16.13:753][820]LogPlayerController: ServerAcknowledgePossession_Implementation MyCharacter_C_3
[2014.07.11-03.16.13:768][820]PIE: Info Play in editor start time for /Game/Maps/UEDPIE_0_Example_Map -0.162
[2014.07.11-03.16.17:071][897]LogParticles: Destroying 0 GPU particle simulations for FXSystem 0x000000000D956200
[2014.07.11-03.16.17:071][897]LogParticles: Destroying 0 GPU particle simulations for FXSystem 0x000000000C1D4D60
[2014.07.11-03.16.17:072][897]LogParticles: Destroying 0 GPU particle simulations for FXSystem 0x000000000D954E00
[2014.07.11-03.16.28:333][187]LogPlayLevel: PIE:  No blueprints needed recompiling
[2014.07.11-03.16.28:333][187]PIE: New page: PIE session: Example_Map (Jul 10, 2014, 1:16:28 PM)
[2014.07.11-03.16.28:390][187]LogPlayLevel: PIE: StaticDuplicateObject took: (0.056837s)
[2014.07.11-03.16.28:392][187]LogPlayLevel: PIE: World Init took: (0.001170s)
[2014.07.11-03.16.28:392][187]LogPlayLevel: PIE: Created PIE world by copying editor world from /Game/Maps/Example_Map.Example_Map to /Game/Maps/UEDPIE_0_Example_Map.Example_Map (0.058430s)
[2014.07.11-03.16.28:393][187]LogWorld: Game class is 'MyGame_C'
[2014.07.11-03.16.28:463][187]LogWorld: Bringing World /Game/Maps/UEDPIE_0_Example_Map.Example_Map up for play (max tick rate 0) at 2014.07.10-20.16.28
[2014.07.11-03.16.28:464][187]LogWorld: Bringing up level for play took: 0.008403
[2014.07.11-03.16.28:465][187]LogPlayerController: Spawned spectator SpectatorPawn_4 [server:1]
[2014.07.11-03.16.28:465][187]LogGameMode: RestartPlayer 260
[2014.07.11-03.16.28:467][187]LogPlayerController: ClientRestart_Implementation MyCharacter_C_4
[2014.07.11-03.16.28:467][187]LogPlayerController: ServerAcknowledgePossession_Implementation MyCharacter_C_4
[2014.07.11-03.16.28:481][187]PIE: Info Play in editor start time for /Game/Maps/UEDPIE_0_Example_Map 0.551
[2014.07.11-03.17.08:715][245]LogParticles: Destroying 0 GPU particle simulations for FXSystem 0x000000000D16F4C0
[2014.07.11-03.17.30:612][802]LogPlayLevel: PIE:  No blueprints needed recompiling
[2014.07.11-03.17.30:613][802]PIE: New page: PIE session: Example_Map (Jul 10, 2014, 1:17:30 PM)
[2014.07.11-03.17.30:666][802]LogPlayLevel: PIE: StaticDuplicateObject took: (0.053149s)
[2014.07.11-03.17.30:667][802]LogPlayLevel: PIE: World Init took: (0.001127s)
[2014.07.11-03.17.30:667][802]LogPlayLevel: PIE: Created PIE world by copying editor world from /Game/Maps/Example_Map.Example_Map to /Game/Maps/UEDPIE_0_Example_Map.Example_Map (0.054647s)
[2014.07.11-03.17.30:669][802]LogWorld: Game class is 'MyGame_C'
[2014.07.11-03.17.30:743][802]LogWorld: Bringing World /Game/Maps/UEDPIE_0_Example_Map.Example_Map up for play (max tick rate 0) at 2014.07.10-20.17.30
[2014.07.11-03.17.30:744][802]LogWorld: Bringing up level for play took: 0.008151
[2014.07.11-03.17.30:745][802]LogPlayerController: Spawned spectator SpectatorPawn_5 [server:1]
[2014.07.11-03.17.30:745][802]LogGameMode: RestartPlayer 261
[2014.07.11-03.17.30:747][802]LogPlayerController: ClientRestart_Implementation MyCharacter_C_5
[2014.07.11-03.17.30:747][802]LogPlayerController: ServerAcknowledgePossession_Implementation MyCharacter_C_5
[2014.07.11-03.17.30:761][802]PIE: Info Play in editor start time for /Game/Maps/UEDPIE_0_Example_Map 0.829
[2014.07.11-03.17.44:718][162]LogRenderer:Warning: Reallocating scene render targets to support 1920x1024.
[2014.07.11-03.17.53:848][341]LogParticles: Destroying 0 GPU particle simulations for FXSystem 0x000000000DC9D1C0
[2014.07.11-03.17.55:932][391]MapCheck: New page: Map Check
[2014.07.11-03.17.56:053][391]Cmd: MAP REBUILD ALLVISIBLE
[2014.07.11-03.17.56:053][391]LogEditorServer: Rebuildmap Clear paths rebuilt
[2014.07.11-03.17.56:091][391]LogInstancedFoliage: Map Rebuilt - Update all BSP painted foliage!
[2014.07.11-03.17.56:119][391]LightingResults: New page: Lighting Build - Jul 10, 2014, 1:17:56 PM
[2014.07.11-03.18.01:456][391]LogStaticLightingSystem: Running Lightmass w/ ImmediateImport mode ENABLED
[2014.07.11-03.18.01:456][391]LogStaticLightingSystem: Running Lightmass w/ ImmediateProcess mode ENABLED
[2014.07.11-03.18.01:456][391]LogStaticLightingSystem: Running Lightmass w/ Sorting mode ENABLED
[2014.07.11-03.18.01:456][391]LogStaticLightingSystem: Running Lightmass w/ Mapping paddings ENABLED
[2014.07.11-03.18.01:456][391]LogStaticLightingSystem: Running Lightmass w/ Mapping debug paddings DISABLED
[2014.07.11-03.18.01:604][391]LogEditorBuildUtils: Build time 0:00:05
[2014.07.11-03.18.06:699][484]Job is a success!
[2014.07.11-03.18.07:595][485]LogTexture:Display: Building textures: HQ_Lightmap0_1 (AutoDXT)
[2014.07.11-03.18.07:890][485]LogTexture:Display: Building textures: LQ_Lightmap_1_2 (DXT1)
[2014.07.11-03.18.07:909][485]LogTexture:Display: Building textures: HQ_Lightmap1_2 (AutoDXT)
[2014.07.11-03.18.07:930][485]LogTexture:Display: Building textures: LQ_Lightmap_0_1 (DXT1)
[2014.07.11-03.18.08:440][485]LogTexture:Display: Building textures: ShadowMapTexture2D_3 (BGRA8)
[2014.07.11-03.18.08:527][485]LogTexture:Display: Building textures: ShadowMapTexture2D_4 (BGRA8)
[2014.07.11-03.18.08:567][485]Lightmass on BEAST: 5.66 sec total, 596 ms importing, 2 ms setup, 682 ms photons, 4.35 sec processing, 0 ms extra exporting [25/25 mappings]. Threads: 38.5 sec total, 4.80 sec processing.
[2014.07.11-03.18.08:633][485]LogStaticLightingSystem:Warning: Illumination: 12.3 sec (1.21 sec encoding lightmaps)
[2014.07.11-03.18.08:633][485]LogStaticLightingSystem: Lightmap texture memory:  1.3 MB (0.0 MB streaming, 1.3 MB non-streaming), 4 textures
[2014.07.11-03.18.08:633][485]LogStaticLightingSystem: Shadowmap texture memory: 0.0 MB (0.0 MB streaming, 0.0 MB non-streaming), 4 textures
[2014.07.11-03.18.09:366][486]Cmd: MAP CHECK NOTIFYRESULTS
[2014.07.11-03.18.09:366][486]MapCheck: New page: Example_Map - Jul 10, 2014, 1:18:09 PM
[2014.07.11-03.18.09:591][486]MapCheck: Info ========== Map Check: 0 Error(s), 0 Warning(s), [224.827ms] ==========
[2014.07.11-03.18.28:981][978]LogPlayLevel: PIE:  No blueprints needed recompiling
[2014.07.11-03.18.28:982][978]PIE: New page: PIE session: Example_Map (Jul 10, 2014, 1:18:28 PM)
[2014.07.11-03.18.29:036][978]LogPlayLevel: PIE: StaticDuplicateObject took: (0.054103s)
[2014.07.11-03.18.29:037][978]LogPlayLevel: PIE: World Init took: (0.001304s)
[2014.07.11-03.18.29:037][978]LogPlayLevel: PIE: Created PIE world by copying editor world from /Game/Maps/Example_Map.Example_Map to /Game/Maps/UEDPIE_0_Example_Map.Example_Map (0.055777s)
[2014.07.11-03.18.29:039][978]LogWorld: Game class is 'MyGame_C'
[2014.07.11-03.18.29:109][978]LogWorld: Bringing World /Game/Maps/UEDPIE_0_Example_Map.Example_Map up for play (max tick rate 0) at 2014.07.10-20.18.29
[2014.07.11-03.18.29:111][978]LogWorld: Bringing up level for play took: 0.008825
[2014.07.11-03.18.29:112][978]LogPlayerController: Spawned spectator SpectatorPawn_6 [server:1]
[2014.07.11-03.18.29:112][978]LogGameMode: RestartPlayer 262
[2014.07.11-03.18.29:114][978]LogPlayerController: ClientRestart_Implementation MyCharacter_C_6
[2014.07.11-03.18.29:114][978]LogPlayerController: ServerAcknowledgePossession_Implementation MyCharacter_C_6
[2014.07.11-03.18.29:129][978]PIE: Info Play in editor start time for /Game/Maps/UEDPIE_0_Example_Map -0.805
[2014.07.11-03.19.22:433][428]LogParticles: Destroying 0 GPU particle simulations for FXSystem 0x000000000C1D6F20
[2014.07.11-03.19.55:652][149]LogPlayLevel: PIE:  No blueprints needed recompiling
[2014.07.11-03.19.55:652][149]PIE: New page: PIE session: Example_Map (Jul 10, 2014, 1:19:55 PM)
[2014.07.11-03.19.55:706][149]LogPlayLevel: PIE: StaticDuplicateObject took: (0.054239s)
[2014.07.11-03.19.55:708][149]LogPlayLevel: PIE: World Init took: (0.001211s)
[2014.07.11-03.19.55:708][149]LogPlayLevel: PIE: Created PIE world by copying editor world from /Game/Maps/Example_Map.Example_Map to /Game/Maps/UEDPIE_0_Example_Map.Example_Map (0.055835s)
[2014.07.11-03.19.55:709][149]LogWorld: Game class is 'MyGame_C'
[2014.07.11-03.19.55:785][149]LogWorld: Bringing World /Game/Maps/UEDPIE_0_Example_Map.Example_Map up for play (max tick rate 0) at 2014.07.10-20.19.55
[2014.07.11-03.19.55:786][149]LogWorld: Bringing up level for play took: 0.008428
[2014.07.11-03.19.55:787][149]LogPlayerController: Spawned spectator SpectatorPawn_7 [server:1]
[2014.07.11-03.19.55:787][149]LogGameMode: RestartPlayer 263
[2014.07.11-03.19.55:789][149]LogPlayerController: ClientRestart_Implementation MyCharacter_C_7
[2014.07.11-03.19.55:789][149]LogPlayerController: ServerAcknowledgePossession_Implementation MyCharacter_C_7
[2014.07.11-03.19.55:803][149]PIE: Info Play in editor start time for /Game/Maps/UEDPIE_0_Example_Map -0.134
[2014.07.11-03.20.16:140][682]LogParticles: Destroying 0 GPU particle simulations for FXSystem 0x000000000DC9D580
[2014.07.11-03.20.16:185][682]LogParticles: Destroying 0 GPU particle simulations for FXSystem 0x000000000C1D5300
[2014.07.11-03.20.21:930][825]LogPlayLevel: PIE:  No blueprints needed recompiling
[2014.07.11-03.20.21:930][825]PIE: New page: PIE session: Example_Map (Jul 10, 2014, 1:20:21 PM)
[2014.07.11-03.20.21:985][825]LogPlayLevel: PIE: StaticDuplicateObject took: (0.054965s)
[2014.07.11-03.20.21:986][825]LogPlayLevel: PIE: World Init took: (0.001048s)
[2014.07.11-03.20.21:986][825]LogPlayLevel: PIE: Created PIE world by copying editor world from /Game/Maps/Example_Map.Example_Map to /Game/Maps/UEDPIE_0_Example_Map.Example_Map (0.056376s)
[2014.07.11-03.20.21:988][825]LogWorld: Game class is 'MyGame_C'
[2014.07.11-03.20.22:066][825]LogWorld: Bringing World /Game/Maps/UEDPIE_0_Example_Map.Example_Map up for play (max tick rate 0) at 2014.07.10-20.20.22
[2014.07.11-03.20.22:067][825]LogWorld: Bringing up level for play took: 0.008582
[2014.07.11-03.20.22:068][825]LogPlayerController: Spawned spectator SpectatorPawn_8 [server:1]
[2014.07.11-03.20.22:068][825]LogGameMode: RestartPlayer 264
[2014.07.11-03.20.22:069][825]LogPlayerController: ClientRestart_Implementation MyCharacter_C_8
[2014.07.11-03.20.22:070][825]LogPlayerController: ServerAcknowledgePossession_Implementation MyCharacter_C_8
[2014.07.11-03.20.22:083][825]PIE: Info Play in editor start time for /Game/Maps/UEDPIE_0_Example_Map 0.145
[2014.07.11-03.20.34:858][154]LogParticles: Destroying 0 GPU particle simulations for FXSystem 0x0000000003FBBBA0
[2014.07.11-03.20.51:052][568]LogSourceControl: Attempting 'svn status --show-updates --verbose --xml "C:/Users/Eric/Documents/Unreal Projects/OrbitFPS/Content/Audio/Collapse01.uasset" "C:/Users/Eric/Documents/Unreal Projects/OrbitFPS/Content/Audio/Collapse02.uasset" "C:/Users/Eric/Documents/Unreal Projects/OrbitFPS/Content/Audio/Collapse_Cue.uasset" "C:/Users/Eric/Documents/Unreal Projects/OrbitFPS/Content/Audio/Explosion01.uasset" "C:/Users/Eric/Documents/Unreal Projects/OrbitFPS/Content/Audio/Explosion02.uasset" "C:/Users/Eric/Documents/Unreal Projects/OrbitFPS/Content/Audio/Explosion_Cue.uasset" "C:/Users/Eric/Documents/Unreal Projects/OrbitFPS/Content/Audio/Fire01.uasset" --non-interactive --trust-server-cert --password ********'
[2014.07.11-03.20.51:138][571]SourceControl: Info svn: warning: W155007: 'C:\Users\Eric\Documents\Unreal Projects\OrbitFPS\Content\Audio\Collapse01.uasset' is not a working copy
[2014.07.11-03.20.51:138][571]SourceControl: Info svn: warning: W155007: 'C:\Users\Eric\Documents\Unreal Projects\OrbitFPS\Content\Audio\Collapse02.uasset' is not a working copy
[2014.07.11-03.20.51:138][571]SourceControl: Info svn: warning: W155007: 'C:\Users\Eric\Documents\Unreal Projects\OrbitFPS\Content\Audio\Collapse_Cue.uasset' is not a working copy
[2014.07.11-03.20.51:138][571]SourceControl: Info svn: warning: W155007: 'C:\Users\Eric\Documents\Unreal Projects\OrbitFPS\Content\Audio\Explosion01.uasset' is not a working copy
[2014.07.11-03.20.51:138][571]SourceControl: Info svn: warning: W155007: 'C:\Users\Eric\Documents\Unreal Projects\OrbitFPS\Content\Audio\Explosion02.uasset' is not a working copy
[2014.07.11-03.20.51:138][571]SourceControl: Info svn: warning: W155007: 'C:\Users\Eric\Documents\Unreal Projects\OrbitFPS\Content\Audio\Explosion_Cue.uasset' is not a working copy
[2014.07.11-03.20.51:138][571]SourceControl: Info svn: warning: W155007: 'C:\Users\Eric\Documents\Unreal Projects\OrbitFPS\Content\Audio\Fire01.uasset' is not a working copy
[2014.07.11-03.21.00:114][814]LogContentBrowser:Verbose: The content browser source was changed by the sources view to '/Game'
[2014.07.11-03.21.01:207][834]LogSourceControl: Attempting 'svn status --show-updates --verbose --xml "C:/Users/Eric/Documents/Unreal Projects/OrbitFPS/Content/Particles/Materials/M_Burst.uasset" "C:/Users/Eric/Documents/Unreal Projects/OrbitFPS/Content/Particles/Materials/M_Dust_Particle.uasset" "C:/Users/Eric/Documents/Unreal Projects/OrbitFPS/Content/Particles/Materials/M_explosion_subUV.uasset" "C:/Users/Eric/Documents/Unreal Projects/OrbitFPS/Content/Particles/Materials/M_Fire_SubUV.uasset" "C:/Users/Eric/Documents/Unreal Projects/OrbitFPS/Content/Particles/Materials/m_flare_01.uasset" "C:/Users/Eric/Documents/Unreal Projects/OrbitFPS/Content/Particles/Materials/M_Heat_Distortion.uasset" "C:/Users/Eric/Documents/Unreal Projects/OrbitFPS/Content/Particles/Materials/M_Radial_Gradient.uasset" "C:/Users/Eric/Documents/Unreal Projects/OrbitFPS/Content/Particles/Materials/M_radial_ramp.uasset" "C:/Users/Eric/Documents/Unreal Projects/OrbitFPS/Content/Particles/Materials/M_smoke_subUV.uasset" "C:/Users/Eric/Documents/Unreal Projects/OrbitFPS/Content/Particles/Materials/M_Spark.uasset" --non-interactive --trust-server-cert --password ********'
[2014.07.11-03.21.01:298][835]SourceControl: Info svn: warning: W155007: 'C:\Users\Eric\Documents\Unreal Projects\OrbitFPS\Content\Particles\Materials\M_Burst.uasset' is not a working copy
[2014.07.11-03.21.01:299][835]SourceControl: Info svn: warning: W155007: 'C:\Users\Eric\Documents\Unreal Projects\OrbitFPS\Content\Particles\Materials\M_Dust_Particle.uasset' is not a working copy
[2014.07.11-03.21.01:299][835]SourceControl: Info svn: warning: W155007: 'C:\Users\Eric\Documents\Unreal Projects\OrbitFPS\Content\Particles\Materials\M_explosion_subUV.uasset' is not a working copy
[2014.07.11-03.21.01:299][835]SourceControl: Info svn: warning: W155007: 'C:\Users\Eric\Documents\Unreal Projects\OrbitFPS\Content\Particles\Materials\M_Fire_SubUV.uasset' is not a working copy
[2014.07.11-03.21.01:299][835]SourceControl: Info svn: warning: W155007: 'C:\Users\Eric\Documents\Unreal Projects\OrbitFPS\Content\Particles\Materials\m_flare_01.uasset' is not a working copy
[2014.07.11-03.21.01:299][835]SourceControl: Info svn: warning: W155007: 'C:\Users\Eric\Documents\Unreal Projects\OrbitFPS\Content\Particles\Materials\M_Heat_Distortion.uasset' is not a working copy
[2014.07.11-03.21.01:299][835]SourceControl: Info svn: warning: W155007: 'C:\Users\Eric\Documents\Unreal Projects\OrbitFPS\Content\Particles\Materials\M_Radial_Gradient.uasset' is not a working copy
[2014.07.11-03.21.01:299][835]SourceControl: Info svn: warning: W155007: 'C:\Users\Eric\Documents\Unreal Projects\OrbitFPS\Content\Particles\Materials\M_radial_ramp.uasset' is not a working copy
[2014.07.11-03.21.01:299][835]SourceControl: Info svn: warning: W155007: 'C:\Users\Eric\Documents\Unreal Projects\OrbitFPS\Content\Particles\Materials\M_smoke_subUV.uasset' is not a working copy
[2014.07.11-03.21.01:299][835]SourceControl: Info svn: warning: W155007: 'C:\Users\Eric\Documents\Unreal Projects\OrbitFPS\Content\Particles\Materials\M_Spark.uasset' is not a working copy
[2014.07.11-03.21.02:762][847]LogSavePackage: Save=522.957275ms
[2014.07.11-03.21.02:762][847]LogSavePackage: Moving '../../../../../../../Users/Eric/Documents/Unreal Projects/OrbitFPS/Saved/Example_Map_Auto16E991A3A41EF5574D9026BA1D48640F8.tmp' to '../../../../../../../Users/Eric/Documents/Unreal Projects/OrbitFPS/Saved/Autosaves/Game/Maps/Example_Map_Auto1.umap'
[2014.07.11-03.21.02:789][847]LogFileHelpers: Editor autosave (incl. sublevels) for '/Game/Maps/Example_Map' took 0.724
[2014.07.11-03.21.02:789][847]LogFileHelpers: Editor autosave (incl. sublevels) for all levels took 0.724
[2014.07.11-03.21.04:291][877]LogContentBrowser:Verbose: The content browser source was changed by the sources view to '/Game/Particles'
[2014.07.11-03.21.07:110][940]LogSourceControl: Attempting 'svn status --show-updates --verbose --xml "C:/Users/Eric/Documents/Unreal Projects/OrbitFPS/Content/Particles/P_Ambient_Dust.uasset" "C:/Users/Eric/Documents/Unreal Projects/OrbitFPS/Content/Particles/P_Explosion.uasset" "C:/Users/Eric/Documents/Unreal Projects/OrbitFPS/Content/Particles/P_Fire.uasset" "C:/Users/Eric/Documents/Unreal Projects/OrbitFPS/Content/Particles/P_Smoke.uasset" "C:/Users/Eric/Documents/Unreal Projects/OrbitFPS/Content/Particles/P_Sparks.uasset" "C:/Users/Eric/Documents/Unreal Projects/OrbitFPS/Content/Particles/P_Steam_Lit.uasset" --non-interactive --trust-server-cert --password ********'
[2014.07.11-03.21.07:217][942]SourceControl: Info svn: warning: W155007: 'C:\Users\Eric\Documents\Unreal Projects\OrbitFPS\Content\Particles\P_Ambient_Dust.uasset' is not a working copy
[2014.07.11-03.21.07:217][942]SourceControl: Info svn: warning: W155007: 'C:\Users\Eric\Documents\Unreal Projects\OrbitFPS\Content\Particles\P_Explosion.uasset' is not a working copy
[2014.07.11-03.21.07:217][942]SourceControl: Info svn: warning: W155007: 'C:\Users\Eric\Documents\Unreal Projects\OrbitFPS\Content\Particles\P_Fire.uasset' is not a working copy
[2014.07.11-03.21.07:217][942]SourceControl: Info svn: warning: W155007: 'C:\Users\Eric\Documents\Unreal Projects\OrbitFPS\Content\Particles\P_Smoke.uasset' is not a working copy
[2014.07.11-03.21.07:218][942]SourceControl: Info svn: warning: W155007: 'C:\Users\Eric\Documents\Unreal Projects\OrbitFPS\Content\Particles\P_Sparks.uasset' is not a working copy
[2014.07.11-03.21.07:218][942]SourceControl: Info svn: warning: W155007: 'C:\Users\Eric\Documents\Unreal Projects\OrbitFPS\Content\Particles\P_Steam_Lit.uasset' is not a working copy
[2014.07.11-03.21.18:368][214]LogPlayLevel: PIE:  No blueprints needed recompiling
[2014.07.11-03.21.18:368][214]PIE: New page: PIE session: Example_Map (Jul 10, 2014, 1:21:18 PM)
[2014.07.11-03.21.18:421][214]LogPlayLevel: PIE: StaticDuplicateObject took: (0.052019s)
[2014.07.11-03.21.18:422][214]LogPlayLevel: PIE: World Init took: (0.001130s)
[2014.07.11-03.21.18:422][214]LogPlayLevel: PIE: Created PIE world by copying editor world from /Game/Maps/Example_Map.Example_Map to /Game/Maps/UEDPIE_0_Example_Map.Example_Map (0.053528s)
[2014.07.11-03.21.18:423][214]LogWorld: Game class is 'MyGame_C'
[2014.07.11-03.21.18:505][214]LogWorld: Bringing World /Game/Maps/UEDPIE_0_Example_Map.Example_Map up for play (max tick rate 0) at 2014.07.10-20.21.18
[2014.07.11-03.21.18:506][214]LogWorld: Bringing up level for play took: 0.009599
[2014.07.11-03.21.18:507][214]LogPlayerController: Spawned spectator SpectatorPawn_9 [server:1]
[2014.07.11-03.21.18:507][214]LogGameMode: RestartPlayer 265
[2014.07.11-03.21.18:509][214]LogPlayerController: ClientRestart_Implementation MyCharacter_C_9
[2014.07.11-03.21.18:509][214]LogPlayerController: ServerAcknowledgePossession_Implementation MyCharacter_C_9
[2014.07.11-03.21.18:525][214]PIE: Info Play in editor start time for /Game/Maps/UEDPIE_0_Example_Map 0.586
[2014.07.11-03.21.25:655][394]LogParticles: Destroying 0 GPU particle simulations for FXSystem 0x000000000D9572E0
[2014.07.11-03.21.27:055][427]LogPlayLevel: PIE:  No blueprints needed recompiling
[2014.07.11-03.21.27:056][427]PIE: New page: PIE session: Example_Map (Jul 10, 2014, 1:21:27 PM)
[2014.07.11-03.21.27:113][427]LogPlayLevel: PIE: StaticDuplicateObject took: (0.057380s)
[2014.07.11-03.21.27:114][427]LogPlayLevel: PIE: World Init took: (0.001085s)
[2014.07.11-03.21.27:115][427]LogPlayLevel: PIE: Created PIE world by copying editor world from /Game/Maps/Example_Map.Example_Map to /Game/Maps/UEDPIE_0_Example_Map.Example_Map (0.058837s)
[2014.07.11-03.21.27:116][427]LogWorld: Game class is 'MyGame_C'
[2014.07.11-03.21.27:186][427]LogWorld: Bringing World /Game/Maps/UEDPIE_0_Example_Map.Example_Map up for play (max tick rate 0) at 2014.07.10-20.21.27
[2014.07.11-03.21.27:187][427]LogWorld: Bringing up level for play took: 0.012826
[2014.07.11-03.21.27:188][427]LogPlayerController: Spawned spectator SpectatorPawn_10 [server:1]
[2014.07.11-03.21.27:189][427]LogGameMode: RestartPlayer 266
[2014.07.11-03.21.27:190][427]LogPlayerController: ClientRestart_Implementation MyCharacter_C_10
[2014.07.11-03.21.27:190][427]LogPlayerController: ServerAcknowledgePossession_Implementation MyCharacter_C_10
[2014.07.11-03.21.27:205][427]PIE: Info Play in editor start time for /Game/Maps/UEDPIE_0_Example_Map -0.735
[2014.07.11-03.21.33:351][580]LogParticles: Destroying 0 GPU particle simulations for FXSystem 0x000000000DC9DEE0
[2014.07.11-03.21.43:945][831]LogSourceControl: Attempting 'svn status --show-updates --verbose --xml "C:/Users/Eric/Documents/Unreal Projects/OrbitFPS/Content/Maps/Example_Map.umap" --non-interactive --trust-server-cert --password ********'
[2014.07.11-03.21.44:030][831]SourceControl: Info svn: warning: W155007: 'C:\Users\Eric\Documents\Unreal Projects\OrbitFPS\Content\Maps\Example_Map.umap' is not a working copy
[2014.07.11-03.21.44:674][831]LogSavePackage: Save=507.867218ms
[2014.07.11-03.21.44:674][831]LogSavePackage: Moving '../../../../../../../Users/Eric/Documents/Unreal Projects/OrbitFPS/Saved/Example_Map8B0CC23842CCCB0CD7B787A33897C424.tmp' to '../../../../../../../Users/Eric/Documents/Unreal Projects/OrbitFPS/Content/Maps/Example_Map.umap'
[2014.07.11-03.22.25:246][953]LogEpicStorage:Warning: ReadFile request failed. File request already pending for filename=http://cdn.unrealengine.com/newsfeed/blueprint_icon_b.png
[2014.07.11-03.22.25:249][953]LogEpicStorage:Warning: ReadFile request failed. File request already pending for filename=http://cdn.unrealengine.com/newsfeed/blueprint_icon_b.png
[2014.07.11-03.23.28:780][722]LogPlayLevel: PIE:  No blueprints needed recompiling
[2014.07.11-03.23.28:780][722]PIE: New page: PIE session: Example_Map (Jul 10, 2014, 1:23:28 PM)
[2014.07.11-03.23.28:839][722]LogPlayLevel: PIE: StaticDuplicateObject took: (0.058216s)
[2014.07.11-03.23.28:840][722]LogPlayLevel: PIE: World Init took: (0.001362s)
[2014.07.11-03.23.28:840][722]LogPlayLevel: PIE: Created PIE world by copying editor world from /Game/Maps/Example_Map.Example_Map to /Game/Maps/UEDPIE_0_Example_Map.Example_Map (0.059974s)
[2014.07.11-03.23.28:841][722]LogWorld: Game class is 'MyGame_C'
[2014.07.11-03.23.28:914][722]LogWorld: Bringing World /Game/Maps/UEDPIE_0_Example_Map.Example_Map up for play (max tick rate 0) at 2014.07.10-20.23.28
[2014.07.11-03.23.28:915][722]LogWorld: Bringing up level for play took: 0.010404
[2014.07.11-03.23.28:917][722]LogPlayerController: Spawned spectator SpectatorPawn_11 [server:1]
[2014.07.11-03.23.28:917][722]LogGameMode: RestartPlayer 267
[2014.07.11-03.23.28:919][722]LogPlayerController: ClientRestart_Implementation MyCharacter_C_11
[2014.07.11-03.23.28:919][722]LogPlayerController: ServerAcknowledgePossession_Implementation MyCharacter_C_11
[2014.07.11-03.23.28:933][722]PIE: Info Play in editor start time for /Game/Maps/UEDPIE_0_Example_Map 0.989
[2014.07.11-03.23.35:608][886]LogParticles: Destroying 0 GPU particle simulations for FXSystem 0x0000000009C79BC0
[2014.07.11-03.23.40:616][ 13]LogEditorViewport: Clicking on Actor (LMB): DestructibleActor (TemplateCube_Rounded_DM)
[2014.07.11-03.23.41:377][ 32]Cmd: CAMERA ALIGN ACTIVEVIEWPORTONLY
[2014.07.11-03.23.41:377][ 32]Aligned camera to fit all selected actors.
[2014.07.11-03.23.48:699][221]LogPlayLevel: PIE:  No blueprints needed recompiling
[2014.07.11-03.23.48:699][221]PIE: New page: PIE session: Example_Map (Jul 10, 2014, 1:23:48 PM)
[2014.07.11-03.23.48:752][221]LogPlayLevel: PIE: StaticDuplicateObject took: (0.052711s)
[2014.07.11-03.23.48:753][221]LogPlayLevel: PIE: World Init took: (0.001180s)
[2014.07.11-03.23.48:754][221]LogPlayLevel: PIE: Created PIE world by copying editor world from /Game/Maps/Example_Map.Example_Map to /Game/Maps/UEDPIE_0_Example_Map.Example_Map (0.054427s)
[2014.07.11-03.23.48:755][221]LogWorld: Game class is 'MyGame_C'
[2014.07.11-03.23.48:829][221]LogWorld: Bringing World /Game/Maps/UEDPIE_0_Example_Map.Example_Map up for play (max tick rate 0) at 2014.07.10-20.23.48
[2014.07.11-03.23.48:830][221]LogWorld: Bringing up level for play took: 0.008507
[2014.07.11-03.23.48:831][221]LogPlayerController: Spawned spectator SpectatorPawn_12 [server:1]
[2014.07.11-03.23.48:832][221]LogGameMode: RestartPlayer 268
[2014.07.11-03.23.48:833][221]LogPlayerController: ClientRestart_Implementation MyCharacter_C_12
[2014.07.11-03.23.48:833][221]LogPlayerController: ServerAcknowledgePossession_Implementation MyCharacter_C_12
[2014.07.11-03.23.48:859][221]PIE: Info Play in editor start time for /Game/Maps/UEDPIE_0_Example_Map 0.915
[2014.07.11-03.23.52:437][303]LogParticles: Destroying 0 GPU particle simulations for FXSystem 0x000000000DC9D080
[2014.07.11-03.23.56:915][417]LogPlayLevel: PIE:  No blueprints needed recompiling
[2014.07.11-03.23.56:916][417]PIE: New page: PIE session: Example_Map (Jul 10, 2014, 1:23:56 PM)
[2014.07.11-03.23.56:976][417]LogPlayLevel: PIE: StaticDuplicateObject took: (0.060037s)
[2014.07.11-03.23.56:977][417]LogPlayLevel: PIE: World Init took: (0.001011s)
[2014.07.11-03.23.56:977][417]LogPlayLevel: PIE: Created PIE world by copying editor world from /Game/Maps/Example_Map.Example_Map to /Game/Maps/UEDPIE_0_Example_Map.Example_Map (0.061445s)
[2014.07.11-03.23.56:978][417]LogWorld: Game class is 'MyGame_C'
[2014.07.11-03.23.57:044][417]LogWorld: Bringing World /Game/Maps/UEDPIE_0_Example_Map.Example_Map up for play (max tick rate 0) at 2014.07.10-20.23.57
[2014.07.11-03.23.57:045][417]LogWorld: Bringing up level for play took: 0.007903
[2014.07.11-03.23.57:046][417]LogPlayerController: Spawned spectator SpectatorPawn_13 [server:1]
[2014.07.11-03.23.57:046][417]LogGameMode: RestartPlayer 269
[2014.07.11-03.23.57:048][417]LogPlayerController: ClientRestart_Implementation MyCharacter_C_13
[2014.07.11-03.23.57:048][417]LogPlayerController: ServerAcknowledgePossession_Implementation MyCharacter_C_13
[2014.07.11-03.23.57:074][417]PIE: Info Play in editor start time for /Game/Maps/UEDPIE_0_Example_Map 1.13
[2014.07.11-03.23.58:212][436]LogParticles: Destroying 0 GPU particle simulations for FXSystem 0x000000000BA18220
[2014.07.11-03.24.00:959][505]LogPlayLevel: PIE:  No blueprints needed recompiling
[2014.07.11-03.24.00:959][505]PIE: New page: PIE session: Example_Map (Jul 10, 2014, 1:24:00 PM)
[2014.07.11-03.24.01:010][505]LogPlayLevel: PIE: StaticDuplicateObject took: (0.050923s)
[2014.07.11-03.24.01:012][505]LogPlayLevel: PIE: World Init took: (0.002002s)
[2014.07.11-03.24.01:013][505]LogPlayLevel: PIE: Created PIE world by copying editor world from /Game/Maps/Example_Map.Example_Map to /Game/Maps/UEDPIE_0_Example_Map.Example_Map (0.053430s)
[2014.07.11-03.24.01:014][505]LogWorld: Game class is 'MyGame_C'
[2014.07.11-03.24.01:088][505]LogWorld: Bringing World /Game/Maps/UEDPIE_0_Example_Map.Example_Map up for play (max tick rate 0) at 2014.07.10-20.24.01
[2014.07.11-03.24.01:089][505]LogWorld: Bringing up level for play took: 0.008369
[2014.07.11-03.24.01:090][505]LogPlayerController: Spawned spectator SpectatorPawn_14 [server:1]
[2014.07.11-03.24.01:090][505]LogGameMode: RestartPlayer 270
[2014.07.11-03.24.01:092][505]LogPlayerController: ClientRestart_Implementation MyCharacter_C_14
[2014.07.11-03.24.01:092][505]LogPlayerController: ServerAcknowledgePossession_Implementation MyCharacter_C_14
[2014.07.11-03.24.01:116][505]PIE: Info Play in editor start time for /Game/Maps/UEDPIE_0_Example_Map -0.829
[2014.07.11-03.24.02:271][525]LogParticles: Destroying 0 GPU particle simulations for FXSystem 0x000000000D955760
[2014.07.11-03.24.08:287][662]LogPlayLevel: PIE:  No blueprints needed recompiling
[2014.07.11-03.24.08:287][662]PIE: New page: PIE session: Example_Map (Jul 10, 2014, 1:24:08 PM)
[2014.07.11-03.24.08:347][662]LogPlayLevel: PIE: StaticDuplicateObject took: (0.059834s)
[2014.07.11-03.24.08:348][662]LogPlayLevel: PIE: World Init took: (0.001040s)
[2014.07.11-03.24.08:348][662]LogPlayLevel: PIE: Created PIE world by copying editor world from /Game/Maps/Example_Map.Example_Map to /Game/Maps/UEDPIE_0_Example_Map.Example_Map (0.061255s)
[2014.07.11-03.24.08:349][662]LogWorld: Game class is 'MyGame_C'
[2014.07.11-03.24.08:423][662]LogWorld: Bringing World /Game/Maps/UEDPIE_0_Example_Map.Example_Map up for play (max tick rate 0) at 2014.07.10-20.24.08
[2014.07.11-03.24.08:424][662]LogWorld: Bringing up level for play took: 0.010647
[2014.07.11-03.24.08:425][662]LogPlayerController: Spawned spectator SpectatorPawn_15 [server:1]
[2014.07.11-03.24.08:426][662]LogGameMode: RestartPlayer 271
[2014.07.11-03.24.08:427][662]LogPlayerController: ClientRestart_Implementation MyCharacter_C_15
[2014.07.11-03.24.08:427][662]LogPlayerController: ServerAcknowledgePossession_Implementation MyCharacter_C_15
[2014.07.11-03.24.08:441][662]PIE: Info Play in editor start time for /Game/Maps/UEDPIE_0_Example_Map 0.497
[2014.07.11-03.24.28:108][170]Cmd: SELECT NONE
[2014.07.11-03.24.30:336][221]LogParticles: Destroying 0 GPU particle simulations for FXSystem 0x000000000BBE4FE0
[2014.07.11-03.24.31:196][241]MapCheck: New page: Map Check
[2014.07.11-03.24.31:238][241]Cmd: MAP REBUILD ALLVISIBLE
[2014.07.11-03.24.31:238][241]LogEditorServer: Rebuildmap Clear paths rebuilt
[2014.07.11-03.24.31:317][241]LogInstancedFoliage: Map Rebuilt - Update all BSP painted foliage!
[2014.07.11-03.24.31:345][241]LightingResults: New page: Lighting Build - Jul 10, 2014, 1:24:31 PM
[2014.07.11-03.24.36:729][241]LogStaticLightingSystem: Running Lightmass w/ ImmediateImport mode ENABLED
[2014.07.11-03.24.36:729][241]LogStaticLightingSystem: Running Lightmass w/ ImmediateProcess mode ENABLED
[2014.07.11-03.24.36:729][241]LogStaticLightingSystem: Running Lightmass w/ Sorting mode ENABLED
[2014.07.11-03.24.36:729][241]LogStaticLightingSystem: Running Lightmass w/ Mapping paddings ENABLED
[2014.07.11-03.24.36:729][241]LogStaticLightingSystem: Running Lightmass w/ Mapping debug paddings DISABLED
[2014.07.11-03.24.36:871][241]LogEditorBuildUtils: Build time 0:00:05
[2014.07.11-03.24.41:978][335]Job is a success!
[2014.07.11-03.24.42:888][336]LogTexture:Display: Building textures: HQ_Lightmap0_1 (AutoDXT)
[2014.07.11-03.24.43:192][336]LogTexture:Display: Building textures: LQ_Lightmap_0_2 (DXT1)
[2014.07.11-03.24.43:211][336]LogTexture:Display: Building textures: HQ_Lightmap0_2 (AutoDXT)
[2014.07.11-03.24.43:229][336]LogTexture:Display: Building textures: LQ_Lightmap_0_1 (DXT1)
[2014.07.11-03.24.43:662][336]LogTexture:Display: Building textures: ShadowMapTexture2D_5 (BGRA8)
[2014.07.11-03.24.43:731][336]LogTexture:Display: Building textures: ShadowMapTexture2D_6 (BGRA8)
[2014.07.11-03.24.43:768][336]Lightmass on BEAST: 5.65 sec total, 576 ms importing, 2 ms setup, 660 ms photons, 4.38 sec processing, 0 ms extra exporting [25/25 mappings]. Threads: 38.8 sec total, 5.11 sec processing.
[2014.07.11-03.24.43:827][336]LogStaticLightingSystem:Warning: Illumination: 12.3 sec (1.12 sec encoding lightmaps)
[2014.07.11-03.24.43:827][336]LogStaticLightingSystem: Lightmap texture memory:  1.3 MB (0.0 MB streaming, 1.3 MB non-streaming), 4 textures
[2014.07.11-03.24.43:827][336]LogStaticLightingSystem: Shadowmap texture memory: 0.0 MB (0.0 MB streaming, 0.0 MB non-streaming), 6 textures
[2014.07.11-03.24.44:645][337]Cmd: MAP CHECK NOTIFYRESULTS
[2014.07.11-03.24.44:646][337]MapCheck: New page: Example_Map - Jul 10, 2014, 1:24:44 PM
[2014.07.11-03.24.44:877][337]MapCheck: Info ========== Map Check: 0 Error(s), 0 Warning(s), [230.878ms] ==========
[2014.07.11-03.24.56:304][624]LogPlayLevel: PIE:  No blueprints needed recompiling
[2014.07.11-03.24.56:306][624]PIE: New page: PIE session: Example_Map (Jul 10, 2014, 1:24:56 PM)
[2014.07.11-03.24.56:368][624]LogPlayLevel: PIE: StaticDuplicateObject took: (0.061438s)
[2014.07.11-03.24.56:371][624]LogPlayLevel: PIE: World Init took: (0.002455s)
[2014.07.11-03.24.56:371][624]LogPlayLevel: PIE: Created PIE world by copying editor world from /Game/Maps/Example_Map.Example_Map to /Game/Maps/UEDPIE_0_Example_Map.Example_Map (0.064464s)
[2014.07.11-03.24.56:372][624]LogWorld: Game class is 'MyGame_C'
[2014.07.11-03.24.56:446][624]LogWorld: Bringing World /Game/Maps/UEDPIE_0_Example_Map.Example_Map up for play (max tick rate 0) at 2014.07.10-20.24.56
[2014.07.11-03.24.56:447][624]LogWorld: Bringing up level for play took: 0.007815
[2014.07.11-03.24.56:448][624]LogPlayerController: Spawned spectator SpectatorPawn_16 [server:1]
[2014.07.11-03.24.56:448][624]LogGameMode: RestartPlayer 272
[2014.07.11-03.24.56:450][624]LogPlayerController: ClientRestart_Implementation MyCharacter_C_16
[2014.07.11-03.24.56:450][624]LogPlayerController: ServerAcknowledgePossession_Implementation MyCharacter_C_16
[2014.07.11-03.24.56:463][624]PIE: Info Play in editor start time for /Game/Maps/UEDPIE_0_Example_Map 0.517
[2014.07.11-03.25.30:240][324]LogParticles: Destroying 0 GPU particle simulations for FXSystem 0x000000000D954E00
[2014.07.11-03.32.55:512][588]LogSavePackage: Save=547.943542ms
[2014.07.11-03.32.55:512][588]LogSavePackage: Moving '../../../../../../../Users/Eric/Documents/Unreal Projects/OrbitFPS/Saved/Example_Map_Auto29CED6E6045B41F3899B05AACBE3A0114.tmp' to '../../../../../../../Users/Eric/Documents/Unreal Projects/OrbitFPS/Saved/Autosaves/Game/Maps/Example_Map_Auto2.umap'
[2014.07.11-03.32.55:541][588]LogFileHelpers: Editor autosave (incl. sublevels) for '/Game/Maps/Example_Map' took 0.789
[2014.07.11-03.32.55:541][588]LogFileHelpers: Editor autosave (incl. sublevels) for all levels took 0.789
[2014.07.11-03.37.25:396][399]LogEpicStorage:Warning: ReadFile request failed. File request already pending for filename=http://cdn.unrealengine.com/newsfeed/blueprint_icon_b.png
[2014.07.11-03.37.25:400][399]LogEpicStorage:Warning: ReadFile request failed. File request already pending for filename=http://cdn.unrealengine.com/newsfeed/blueprint_icon_b.png
[2014.07.11-03.42.56:452][764]LogSavePackage: Save=532.983276ms
[2014.07.11-03.42.56:452][764]LogSavePackage: Moving '../../../../../../../Users/Eric/Documents/Unreal Projects/OrbitFPS/Saved/Example_Map_Auto3481BDD1B45418DDEFEB33EAAE7BF84E1.tmp' to '../../../../../../../Users/Eric/Documents/Unreal Projects/OrbitFPS/Saved/Autosaves/Game/Maps/Example_Map_Auto3.umap'
[2014.07.11-03.42.56:481][764]LogFileHelpers: Editor autosave (incl. sublevels) for '/Game/Maps/Example_Map' took 0.746
[2014.07.11-03.42.56:481][764]LogFileHelpers: Editor autosave (incl. sublevels) for all levels took 0.746
[2014.07.11-03.52.25:401][151]LogEpicStorage:Warning: ReadFile request failed. File request already pending for filename=http://cdn.unrealengine.com/newsfeed/blueprint_icon_b.png
[2014.07.11-03.52.25:406][151]LogEpicStorage:Warning: ReadFile request failed. File request already pending for filename=http://cdn.unrealengine.com/newsfeed/blueprint_icon_b.png
[2014.07.11-03.52.57:513][901]LogSavePackage: Save=617.978699ms
[2014.07.11-03.52.57:514][901]LogSavePackage: Moving '../../../../../../../Users/Eric/Documents/Unreal Projects/OrbitFPS/Saved/Example_Map_Auto4A1B7E4BD46903D5C38AC28B520A9876A.tmp' to '../../../../../../../Users/Eric/Documents/Unreal Projects/OrbitFPS/Saved/Autosaves/Game/Maps/Example_Map_Auto4.umap'
[2014.07.11-03.52.57:548][901]LogFileHelpers: Editor autosave (incl. sublevels) for '/Game/Maps/Example_Map' took 0.856
[2014.07.11-03.52.57:548][901]LogFileHelpers: Editor autosave (incl. sublevels) for all levels took 0.856
[2014.07.11-03.57.33:666][807]LogSourceControl: Attempting 'svn status --show-updates --verbose --xml "C:/Users/Eric/Documents/Unreal Projects/OrbitFPS/Content/Maps/Example_Map.umap" --non-interactive --trust-server-cert --password ********'
[2014.07.11-03.57.33:823][807]SourceControl: Info svn: warning: W155007: 'C:\Users\Eric\Documents\Unreal Projects\OrbitFPS\Content\Maps\Example_Map.umap' is not a working copy
[2014.07.11-03.57.34:647][807]LogSavePackage: Save=488.364075ms
[2014.07.11-03.57.34:647][807]LogSavePackage: Moving '../../../../../../../Users/Eric/Documents/Unreal Projects/OrbitFPS/Saved/Example_Map29DCBA7F43E1A9A352FE32A06DF1E6C2.tmp' to '../../../../../../../Users/Eric/Documents/Unreal Projects/OrbitFPS/Content/Maps/Example_Map.umap'
[2014.07.11-03.57.34:704][807]LogFileHelpers: Saving map 'Example_Map' took 0.831
[2014.07.11-03.57.35:774][808]Cmd: QUIT_EDITOR
[2014.07.11-03.57.35:906][808]LogWindowsTextInputMethodSystem:Error: Terminating failed while unadvising the language notification sink from the TSF source.
[2014.07.11-03.57.35:951][808]LogExit: Preparing to exit.
[2014.07.11-03.57.36:487][808]LogExit: Editor shut down
[2014.07.11-03.57.36:488][808]LogExit: Transaction tracking system shut down
[2014.07.11-03.57.36:552][808]LogParticles: Destroying 0 GPU particle simulations for FXSystem 0x000000000B89FB00
[2014.07.11-03.57.36:552][808]LogParticles: Destroying 0 GPU particle simulations for FXSystem 0x000000000C3D1F80
[2014.07.11-03.57.36:552][808]LogParticles: Destroying 0 GPU particle simulations for FXSystem 0x0000000018135A80
[2014.07.11-03.57.36:552][808]LogParticles: Destroying 0 GPU particle simulations for FXSystem 0x00000000181344A0
[2014.07.11-03.57.36:552][808]LogParticles: Destroying 0 GPU particle simulations for FXSystem 0x000000000BBE7560
[2014.07.11-03.57.36:552][808]LogParticles: Destroying 0 GPU particle simulations for FXSystem 0x000000000BBE6FC0
[2014.07.11-03.57.36:552][808]LogExit: Object subsystem successfully closed.
[2014.07.11-03.57.36:678][808]LogModuleManager: Shutting down and abandoning module DestructibleMeshEditor (165)
[2014.07.11-03.57.36:678][808]LogModuleManager: Shutting down and abandoning module StaticMeshEditor (164)
[2014.07.11-03.57.36:678][808]LogModuleManager: Shutting down and abandoning module AndroidDeviceDetection (163)
[2014.07.11-03.57.36:678][808]LogModuleManager: Shutting down and abandoning module CrashTracker (162)
[2014.07.11-03.57.36:678][808]LogModuleManager: Shutting down and abandoning module HTTP (161)
[2014.07.11-03.57.36:678][808]LogModuleManager: Shutting down and abandoning module NewsFeed (160)
[2014.07.11-03.57.36:678][808]LogModuleManager: Shutting down and abandoning module SceneOutliner (159)
[2014.07.11-03.57.36:678][808]LogModuleManager: Shutting down and abandoning module EditorWidgets (158)
[2014.07.11-03.57.36:679][808]LogModuleManager: Shutting down and abandoning module CollectionManager (157)
[2014.07.11-03.57.36:679][808]LogModuleManager: Shutting down and abandoning module StatsViewer (156)
[2014.07.11-03.57.36:679][808]LogModuleManager: Shutting down and abandoning module FoliageEdit (155)
[2014.07.11-03.57.36:679][808]LogModuleManager: Shutting down and abandoning module LandscapeEditor (154)
[2014.07.11-03.57.36:688][808]LogModuleManager: Shutting down and abandoning module MeshPaint (153)
[2014.07.11-03.57.36:688][808]LogModuleManager: Shutting down and abandoning module ActorPickerMode (152)
[2014.07.11-03.57.36:688][808]LogModuleManager: Shutting down and abandoning module GeometryMode (151)
[2014.07.11-03.57.36:688][808]LogModuleManager: Shutting down and abandoning module TextureAlignMode (150)
[2014.07.11-03.57.36:688][808]LogModuleManager: Shutting down and abandoning module BspMode (149)
[2014.07.11-03.57.36:688][808]LogModuleManager: Shutting down and abandoning module PlacementMode (148)
[2014.07.11-03.57.36:689][808]LogModuleManager: Shutting down and abandoning module AutomationWorker (147)
[2014.07.11-03.57.36:689][808]LogModuleManager: Shutting down and abandoning module ViewportSnapping (146)
[2014.07.11-03.57.36:689][808]LogModuleManager: Shutting down and abandoning module DeviceProfileEditor (145)
[2014.07.11-03.57.36:689][808]LogModuleManager: Shutting down and abandoning module UndoHistory (144)
[2014.07.11-03.57.36:689][808]LogModuleManager: Shutting down and abandoning module GameplayTagsEditor (143)
[2014.07.11-03.57.36:689][808]LogModuleManager: Shutting down and abandoning module UserFeedback (142)
[2014.07.11-03.57.36:689][808]LogModuleManager: Shutting down and abandoning module XmlParser (141)
[2014.07.11-03.57.36:689][808]LogModuleManager: Shutting down and abandoning module Blutility (140)
[2014.07.11-03.57.36:689][808]LogModuleManager: Shutting down and abandoning module AndroidPlatformEditor (137)
[2014.07.11-03.57.36:689][808]LogModuleManager: Shutting down and abandoning module AndroidRuntimeSettings (136)
[2014.07.11-03.57.36:689][808]LogModuleManager: Shutting down and abandoning module ProjectSettingsViewer (135)
[2014.07.11-03.57.36:689][808]LogModuleManager: Shutting down and abandoning module InputBindingEditor (134)
[2014.07.11-03.57.36:690][808]LogModuleManager: Shutting down and abandoning module EditorSettingsViewer (133)
[2014.07.11-03.57.36:690][808]LogModuleManager: Shutting down and abandoning module SettingsEditor (132)
[2014.07.11-03.57.36:690][808]LogModuleManager: Shutting down and abandoning module SessionLauncher (131)
[2014.07.11-03.57.36:690][808]LogModuleManager: Shutting down and abandoning module SessionFrontend (130)
[2014.07.11-03.57.36:690][808]LogModuleManager: Shutting down and abandoning module ProfilerClient (129)
[2014.07.11-03.57.36:690][808]LogModuleManager: Shutting down and abandoning module TargetDeviceServices (128)
[2014.07.11-03.57.36:690][808]LogModuleManager: Shutting down and abandoning module DeviceManager (127)
[2014.07.11-03.57.36:690][808]LogModuleManager: Shutting down and abandoning module AutomationController (126)
[2014.07.11-03.57.36:690][808]LogModuleManager: Shutting down and abandoning module AutomationWindow (125)
[2014.07.11-03.57.36:690][808]LogModuleManager: Shutting down and abandoning module Layers (124)
[2014.07.11-03.57.36:690][808]LogModuleManager: Shutting down and abandoning module ComponentVisualizers (123)
[2014.07.11-03.57.36:690][808]LogModuleManager: Shutting down and abandoning module DetailCustomizations (122)
[2014.07.11-03.57.36:690][808]LogModuleManager: Shutting down and abandoning module PackagesDialog (121)
[2014.07.11-03.57.36:690][808]LogModuleManager: Shutting down and abandoning module PropertyEditor (120)
[2014.07.11-03.57.36:690][808]LogModuleManager: Shutting down and abandoning module DirectoryWatcher (119)
[2014.07.11-03.57.36:691][808]LogModuleManager: Shutting down and abandoning module AssetRegistry (118)
[2014.07.11-03.57.36:741][808]LogModuleManager: Shutting down and abandoning module Persona (117)
[2014.07.11-03.57.36:741][808]LogModuleManager: Shutting down and abandoning module GraphEditor (116)
[2014.07.11-03.57.36:741][808]LogModuleManager: Shutting down and abandoning module ContentBrowser (115)
[2014.07.11-03.57.36:741][808]LogModuleManager: Shutting down and abandoning module ClassViewer (114)
[2014.07.11-03.57.36:741][808]LogModuleManager: Shutting down and abandoning module Toolbox (113)
[2014.07.11-03.57.36:741][808]LogModuleManager: Shutting down and abandoning module ModuleUI (112)
[2014.07.11-03.57.36:741][808]LogModuleManager: Shutting down and abandoning module Sequencer (111)
[2014.07.11-03.57.36:741][808]LogModuleManager: Shutting down and abandoning module AssetTools (110)
[2014.07.11-03.57.36:741][808]LogModuleManager: Shutting down and abandoning module MovieSceneTools (109)
[2014.07.11-03.57.36:741][808]LogModuleManager: Shutting down and abandoning module OutputLog (108)
[2014.07.11-03.57.36:741][808]LogModuleManager: Shutting down and abandoning module GammaUI (107)
[2014.07.11-03.57.36:741][808]LogModuleManager: Shutting down and abandoning module Documentation (106)
[2014.07.11-03.57.36:741][808]LogModuleManager: Shutting down and abandoning module StreamingPauseRendering (105)
[2014.07.11-03.57.36:741][808]LogModuleManager: Shutting down and abandoning module AnalyticsET (104)
[2014.07.11-03.57.36:741][808]LogModuleManager: Shutting down and abandoning module Analytics (103)
[2014.07.11-03.57.36:741][808]LogModuleManager: Shutting down and abandoning module ProfilerService (102)
[2014.07.11-03.57.36:761][808]LogModuleManager: Shutting down and abandoning module TaskGraph (101)
[2014.07.11-03.57.36:761][808]LogModuleManager: Shutting down and abandoning module GameProjectGeneration (100)
[2014.07.11-03.57.36:761][808]LogModuleManager: Shutting down and abandoning module Matinee (99)
[2014.07.11-03.57.36:761][808]LogModuleManager: Shutting down and abandoning module Kismet (98)
[2014.07.11-03.57.36:762][808]LogModuleManager: Shutting down and abandoning module SlateReflector (97)
[2014.07.11-03.57.36:762][808]LogModuleManager: Shutting down and abandoning module LevelEditor (96)
[2014.07.11-03.57.36:764][808]LogModuleManager: Shutting down and abandoning module MainFrame (95)
[2014.07.11-03.57.36:764][808]LogModuleManager: Shutting down and abandoning module SourceControl (94)
[2014.07.11-03.57.36:764][808]LogModuleManager: Shutting down and abandoning module ImageWrapper (93)
[2014.07.11-03.57.36:764][808]LogModuleManager: Shutting down and abandoning module OnlineBlueprintSupport (92)
[2014.07.11-03.57.36:764][808]LogModuleManager: Shutting down and abandoning module FunctionalTesting (91)
[2014.07.11-03.57.36:764][808]LogModuleManager: Shutting down and abandoning module CollisionAnalyzer (90)
[2014.07.11-03.57.36:764][808]LogModuleManager: Shutting down and abandoning module WorkspaceMenuStructure (89)
[2014.07.11-03.57.36:764][808]LogModuleManager: Shutting down and abandoning module MessageLog (88)
[2014.07.11-03.57.36:764][808]LogModuleManager: Shutting down and abandoning module Slate (87)
[2014.07.11-03.57.36:764][808]LogModuleManager: Shutting down and abandoning module EditorStyle (86)
[2014.07.11-03.57.36:768][808]LogModuleManager: Shutting down and abandoning module SessionServices (85)
[2014.07.11-03.57.36:768][808]LogModuleManager: Shutting down and abandoning module Messaging (84)
[2014.07.11-03.57.36:768][808]LogModuleManager: Shutting down and abandoning module SourceCodeAccess (83)
[2014.07.11-03.57.36:768][808]LogModuleManager: Shutting down and abandoning module HeadMountedDisplay (82)
[2014.07.11-03.57.36:768][808]LogModuleManager: Shutting down and abandoning module XAudio2 (81)
[2014.07.11-03.57.36:768][808]LogModuleManager: Shutting down and abandoning module Networking (79)
[2014.07.11-03.57.36:768][808]LogModuleManager: Shutting down and abandoning module Core (78)
[2014.07.11-03.57.36:768][808]LogModuleManager: Shutting down and abandoning module KismetCompiler (77)
[2014.07.11-03.57.36:768][808]LogModuleManager: Shutting down and abandoning module PhysXFormats (76)
[2014.07.11-03.57.36:768][808]LogModuleManager: Shutting down and abandoning module SimplygonMeshReduction (75)
[2014.07.11-03.57.36:768][808]LogModuleManager: Shutting down and abandoning module MeshUtilities (74)
[2014.07.11-03.57.36:768][808]LogModuleManager: Shutting down and abandoning module DerivedDataCache (73)
[2014.07.11-03.57.36:830][808]LogDerivedDataCache: Shutdown
[2014.07.11-03.57.36:830][808]LogModuleManager: Shutting down and abandoning module ShaderFormatOpenGL (72)
[2014.07.11-03.57.36:830][808]LogModuleManager: Shutting down and abandoning module ShaderFormatD3D (71)
[2014.07.11-03.57.36:830][808]LogModuleManager: Shutting down and abandoning module TextureFormatUncompressed (70)
[2014.07.11-03.57.36:830][808]LogModuleManager: Shutting down and abandoning module TextureFormatPVR (69)
[2014.07.11-03.57.36:830][808]LogModuleManager: Shutting down and abandoning module TextureFormatDXT (68)
[2014.07.11-03.57.36:830][808]LogModuleManager: Shutting down and abandoning module TextureFormatAndroid (67)
[2014.07.11-03.57.36:830][808]LogModuleManager: Shutting down and abandoning module AudioFormatOpus (66)
[2014.07.11-03.57.36:830][808]LogModuleManager: Shutting down and abandoning module AudioFormatOgg (65)
[2014.07.11-03.57.36:830][808]LogModuleManager: Shutting down and abandoning module AudioFormatADPCM (64)
[2014.07.11-03.57.36:830][808]LogModuleManager: Shutting down and abandoning module Android_PVRTCTargetPlatform (63)
[2014.07.11-03.57.36:830][808]LogModuleManager: Shutting down and abandoning module Android_ETC2TargetPlatform (62)
[2014.07.11-03.57.36:830][808]LogModuleManager: Shutting down and abandoning module Android_ETC1TargetPlatform (61)
[2014.07.11-03.57.36:830][808]LogModuleManager: Shutting down and abandoning module Android_DXTTargetPlatform (60)
[2014.07.11-03.57.36:830][808]LogModuleManager: Shutting down and abandoning module Android_ATCTargetPlatform (59)
[2014.07.11-03.57.36:830][808]LogModuleManager: Shutting down and abandoning module AndroidTargetPlatform (58)
[2014.07.11-03.57.36:830][808]LogModuleManager: Shutting down and abandoning module WindowsTargetPlatform (57)
[2014.07.11-03.57.36:830][808]LogModuleManager: Shutting down and abandoning module WindowsServerTargetPlatform (56)
[2014.07.11-03.57.36:830][808]LogModuleManager: Shutting down and abandoning module WindowsNoEditorTargetPlatform (55)
[2014.07.11-03.57.36:830][808]LogModuleManager: Shutting down and abandoning module WindowsClientTargetPlatform (54)
[2014.07.11-03.57.36:830][808]LogModuleManager: Shutting down and abandoning module TargetPlatform (53)
[2014.07.11-03.57.36:830][808]LogModuleManager: Shutting down and abandoning module InputCore (52)
[2014.07.11-03.57.36:830][808]LogModuleManager: Shutting down and abandoning module Settings (51)
[2014.07.11-03.57.36:831][808]LogModuleManager: Shutting down and abandoning module TextureCompressor (48)
[2014.07.11-03.57.36:831][808]LogModuleManager: Shutting down and abandoning module ShaderCore (47)
[2014.07.11-03.57.36:831][808]LogModuleManager: Shutting down and abandoning module OpenGLDrv (46)
[2014.07.11-03.57.36:831][808]LogModuleManager: Shutting down and abandoning module D3D11RHI (45)
[2014.07.11-03.57.36:831][808]LogModuleManager: Shutting down and abandoning module SlateRHIRenderer (44)
[2014.07.11-03.57.36:831][808]LogModuleManager: Shutting down and abandoning module Renderer (43)
[2014.07.11-03.57.36:831][808]LogModuleManager: Shutting down and abandoning module Engine (42)
[2014.07.11-03.57.36:831][808]LogModuleManager: Shutting down and abandoning module SlateRemote (41)
[2014.07.11-03.57.36:831][808]LogModuleManager: Shutting down and abandoning module ScriptPlugin (40)
[2014.07.11-03.57.36:831][808]LogModuleManager: Shutting down and abandoning module ScriptEditorPlugin (38)
[2014.07.11-03.57.36:831][808]LogModuleManager: Shutting down and abandoning module WindowsMoviePlayer (37)
[2014.07.11-03.57.36:834][808]LogModuleManager: Shutting down and abandoning module ExampleDeviceProfileSelector (32)
[2014.07.11-03.57.36:834][808]LogModuleManager: Shutting down and abandoning module CustomMeshComponent (31)
[2014.07.11-03.57.36:835][808]LogModuleManager: Shutting down and abandoning module CableComponent (30)
[2014.07.11-03.57.36:835][808]LogModuleManager: Shutting down and abandoning module OculusRift (26)
[2014.07.11-03.57.36:835][808]LogModuleManager: Shutting down and abandoning module UdpMessaging (25)
[2014.07.11-03.57.36:935][808]LogModuleManager: Shutting down and abandoning module MessagingDebugger (24)
[2014.07.11-03.57.36:935][808]LogModuleManager: Shutting down and abandoning module PluginsEditor (14)
[2014.07.11-03.57.36:935][808]LogModuleManager: Shutting down and abandoning module IntroTutorials (13)
[2014.07.11-03.57.36:935][808]LogModuleManager: Shutting down and abandoning module EpicSurvey (12)
[2014.07.11-03.57.36:935][808]LogModuleManager: Shutting down and abandoning module VisualStudioSourceCodeAccess (10)
[2014.07.11-03.57.36:935][808]LogModuleManager: Shutting down and abandoning module UObjectPlugin (9)
[2014.07.11-03.57.36:935][808]LogModuleManager: Shutting down and abandoning module SubversionSourceControl (8)
[2014.07.11-03.57.36:935][808]LogModuleManager: Shutting down and abandoning module PerforceSourceControl (7)
[2014.07.11-03.57.36:935][808]LogModuleManager: Shutting down and abandoning module BlankPlugin (6)
[2014.07.11-03.57.36:935][808]LogModuleManager: Shutting down and abandoning module CoreUObject (5)
[2014.07.11-03.57.36:935][808]LogModuleManager: Shutting down and abandoning module NetworkFile (4)
[2014.07.11-03.57.36:935][808]LogModuleManager: Shutting down and abandoning module StreamingFile (3)
[2014.07.11-03.57.36:935][808]LogModuleManager: Shutting down and abandoning module SandboxFile (2)
[2014.07.11-03.57.36:935][808]LogModuleManager: Shutting down and abandoning module PakFile (1)
[2014.07.11-03.57.36:936][808]LogExit: Exiting.
[2014.07.11-03.57.36:963][808]Log file closed, 07/10/14 20:57:36
