Log file open, 07/11/14 19:15:02
LogInit:Display: Running engine for game: OrbitFPS
LogInit: Version: 4.2.1-2101290+++depot+UE4-Releases+4.2
LogInit: Compiled (64-bit): Jun 10 2014 22:21:56
LogInit: Build Configuration: Development
LogInit: Branch Name: ++depot+UE4-Releases+4.2
LogInit: Command line: 
LogInit: Base directory: C:/Program Files/Unreal E4/Unreal Engine/4.2/Engine/Binaries/Win64/
LogInit: Rocket: 1
[2014.07.12-02.15.02:477][  0]LogTaskGraph: Started task graph with 3 named threads and 4 total threads.
[2014.07.12-02.15.02:536][  0]LogOnline:Warning: No default platform service specified for OnlineSubsystem
[2014.07.12-02.15.02:584][  0]LogInit: Presizing for 0 objects not considered by GC, pre-allocating 0 bytes.
[2014.07.12-02.15.02:597][  0]LogInit: Object subsystem initialized
[2014.07.12-02.15.02:601][  0]LogInit: Selected Device Profile: [Windows]
[2014.07.12-02.15.02:601][  0]LogInit: Applying CVar settings loaded from the selected device profile: [Windows]
[2014.07.12-02.15.02:619][  0]LogInit: Computer: BEAST
[2014.07.12-02.15.02:619][  0]LogInit: User: Eric
[2014.07.12-02.15.02:622][  0]LogInit: CPU Page size=4096, Cores=4
[2014.07.12-02.15.02:622][  0]LogInit: High frequency timer resolution =2.241074 MHz
[2014.07.12-02.15.02:622][  0]LogMemory: Memory total: Physical=11.9GB (12GB approx) Virtual=8192.0GB
[2014.07.12-02.15.02:622][  0]LogMemory: Platform Memory Stats for Windows
[2014.07.12-02.15.02:622][  0]LogMemory: Process Physical Memory: 55.95 MB used, 55.95 MB peak
[2014.07.12-02.15.02:622][  0]LogMemory: Process Virtual Memory: 32.15 MB used, 32.34 MB peak
[2014.07.12-02.15.02:622][  0]LogMemory: Physical Memory: 5335.91 MB used, 12184.70 MB total
[2014.07.12-02.15.02:622][  0]LogMemory: Virtual Memory: 235.34 MB used, 8388608.00 MB total
[2014.07.12-02.15.02:715][  0]LogD3D11RHI: Found D3D11 adapter 0: Intel(R) HD Graphics 4000 (Feature Level 11_0)
[2014.07.12-02.15.02:715][  0]LogD3D11RHI: Adapter has 4040MB of dedicated video memory, 0MB of dedicated system memory, and 5836MB of shared system memory, 1 output[s]
[2014.07.12-02.15.02:715][  0]LogD3D11RHI: Chosen D3D11 Adapter Id = 0
[2014.07.12-02.15.02:735][  0]LogRHI: Texture pool is 1361 MB (70% of 1945 MB)
[2014.07.12-02.15.02:766][  0]LogD3D11RHI: Async texture creation enabled
[2014.07.12-02.15.02:980][  0]LogContentStreaming: Texture pool size is 0.000000MB
[2014.07.12-02.15.05:720][  0]LogTargetPlatformManager:Display: Building Assets For Windows
[2014.07.12-02.15.06:400][  0]LogTargetPlatformManager:Display: Building Assets For Windows
[2014.07.12-02.15.06:607][  0]LogDerivedDataCache:Display: Max Cache Size: 512 MB
[2014.07.12-02.15.06:690][  0]LogDerivedDataCache: Loaded boot cache 0.08s 39MB C:/Users/Eric/AppData/Local/UnrealEngine/4.2/DerivedDataCache/Boot.ddc.
[2014.07.12-02.15.06:690][  0]LogDerivedDataCache:Display: Loaded Boot cache: C:/Users/Eric/AppData/Local/UnrealEngine/4.2/DerivedDataCache/Boot.ddc
[2014.07.12-02.15.06:691][  0]LogDerivedDataCache: FDerivedDataBackendGraph:  Pak pak cache file ../../../../../../../Users/Eric/Documents/Unreal Projects/OrbitFPS/DerivedDataCache/DDC.ddp not found, will not use a pak cache.
[2014.07.12-02.15.06:691][  0]LogDerivedDataCache: Unable to find inner node Pak for hierarchical cache Hierarchy.
[2014.07.12-02.15.06:718][  0]LogDerivedDataCache:Display: Pak cache opened for reading ../../../Engine/DerivedDataCache/DDC.ddp.
[2014.07.12-02.15.06:732][  0]LogDerivedDataCache: Using Local data cache path C:/Users/Eric/AppData/Local/UnrealEngine/4.2/DerivedDataCache: Writable
[2014.07.12-02.15.07:342][  0]LogMeshUtilities: No automatic mesh reduction module available
[2014.07.12-02.15.07:342][  0]LogMeshUtilities: No automatic mesh merging module available
[2014.07.12-02.15.08:419][  0]LogInit: WinSock: version 1.1 (2.2), MaxSocks=32767, MaxUdp=65467
[2014.07.12-02.15.10:225][  0]LogStreaming:Warning: Failed to read file '../../../Engine/Content/Editor/Slate/Icons/ActorIcons/GroupActor_16x.png' error.
[2014.07.12-02.15.10:225][  0]LogSlate: Could not find file for Slate resource: ../../../Engine/Content/Editor/Slate/Icons/ActorIcons/GroupActor_16x.png
[2014.07.12-02.15.10:244][  0]LogStreaming:Warning: Failed to read file '../../../Engine/Content/Editor/Slate/Icons/ActorIcons/DecalActor_16x.png' error.
[2014.07.12-02.15.10:244][  0]LogSlate: Could not find file for Slate resource: ../../../Engine/Content/Editor/Slate/Icons/ActorIcons/DecalActor_16x.png
[2014.07.12-02.15.11:191][  0]UdpMessaging: Initializing bridge on interface 0.0.0.0:0 to multicast group 230.0.0.1:6666.
[2014.07.12-02.15.11:832][  0]BlueprintLog: New page: Editor Load
[2014.07.12-02.15.12:011][  0]LogObj: 19137 objects as part of root set at end of initial load.
[2014.07.12-02.15.12:011][  0]LogUObjectAllocator: 3804776 out of 0 bytes used by permanent object pool.
[2014.07.12-02.15.12:646][  0]LogEngine: Initializing Engine...
[2014.07.12-02.15.12:925][  0]LogInit: XAudio2 using 'Speakers (Realtek High Definition Audio)' : 2 channels at 48 kHz using 32 bits per sample (channel mask 0x3)
[2014.07.12-02.15.12:964][  0]LogInit: FAudioDevice initialized.
[2014.07.12-02.15.13:010][  0]LogDerivedDataCache: Saved boot cache 0.04s 39MB C:/Users/Eric/AppData/Local/UnrealEngine/4.2/DerivedDataCache/Boot.ddc.
[2014.07.12-02.15.13:017][  0]LogInit: Texture streaming: Enabled
[2014.07.12-02.15.13:181][  0]LogInit: Transaction tracking system initialized
[2014.07.12-02.15.13:815][  0]LogAssetRegistry: FAssetRegistry took 0.0106 seconds to start up
[2014.07.12-02.15.14:859][  0]LogModuleManager:Warning: ModuleManager: Unable to load module '' because the file was not found.
[2014.07.12-02.15.14:903][  0]LogModuleManager:Warning: ModuleManager: Unable to load module '' because the file was not found.
[2014.07.12-02.15.15:219][  0]LogConsoleResponse:Display: 
[2014.07.12-02.15.16:117][  0]LogSourceControl: Attempting 'svn info --xml ../../../../../../../Users/Eric/Documents/Unreal Projects/OrbitFPS/ --non-interactive --trust-server-cert --password ********'
[2014.07.12-02.15.16:426][  0]SourceControl:Warning: Warning svn: E155007: 'C:\Users\Eric\Documents\Unreal' is not a working copy
[2014.07.12-02.15.16:426][  0]SourceControl:Warning: Warning Failed to connect to repository 
[2014.07.12-02.15.16:426][  0]Cmd: MAP LOAD FILE="../../../../../../../Users/Eric/Documents/Unreal Projects/OrbitFPS/Content/Maps/Example_Map.umap" TEMPLATE=0 SHOWPROGRESS=1 WORLDCOMPOSITION=0
[2014.07.12-02.15.16:427][  0]LightingResults: New page: Lighting Build
[2014.07.12-02.15.16:462][  0]MapCheck: New page: Map Check
[2014.07.12-02.15.16:462][  0]LightingResults: New page: Lighting Build
[2014.07.12-02.15.16:491][  0]LogParticles: Destroying 0 GPU particle simulations for FXSystem 0x000000001298C9A0
[2014.07.12-02.15.17:101][  0]LogLinker:Warning: CreateExport: Failed to load Super for Function /Game/Character/HeroFPP_AnimBlueprint.HeroFPP_AnimBlueprint_C:KismetUpdateAnimation; removing super information, but keeping function
[2014.07.12-02.15.18:202][  0]LogBlueprint:Warning: Node '/Game/Blueprints/BP_BrokenWallSconceSmokey.BP_BrokenWallSconceSmokey:EventGraph.K2Node_VariableGet_235' missing NodeGuid.
[2014.07.12-02.15.18:467][  0]LogEditorServer: Finished looking for orphan Actors (0.000 secs)
[2014.07.12-02.15.18:467][  0]Cmd: MAP CHECKDEP
[2014.07.12-02.15.18:468][  0]MapCheck: New page: Example_Map - Jul 11, 2014, 12:15:18 PM
[2014.07.12-02.15.18:646][  0]MapCheck: Info ========== Map Check: 0 Error(s), 0 Warning(s), [177.699ms] ==========
[2014.07.12-02.15.18:646][  0]LogFileHelpers: Loading map 'Example_Map' took 2.220
[2014.07.12-02.15.18:881][  0]LogCollectionManager: Loaded 0 collections in 0.002407 seconds
[2014.07.12-02.15.19:340][  0]LogCrashTracker: Crashtracker disabled due to settings.
[2014.07.12-02.15.19:341][  0]Cmd: MODE PLACEMENT
[2014.07.12-02.15.19:468][  0]LogSourceControl: Attempting 'svn info "C:/Users/Eric/Documents/Unreal Projects/OrbitFPS/" --xml --non-interactive --trust-server-cert --password ********'
[2014.07.12-02.15.19:480][  0]LogLoad: Full Startup: 19.79 seconds (BP compile: 0.79 seconds)
[2014.07.12-02.15.19:498][  0]LogContentBrowser:Verbose: The content browser source was changed by the sources view to '/Game/Blueprints'
[2014.07.12-02.15.19:510][  0]SourceControl:Error: Error svn: E155007: 'C:\Users\Eric\Documents\Unreal Projects\OrbitFPS' is not a working copy
[2014.07.12-02.15.19:738][  0]LogRenderer:Warning: Reallocating scene render targets to support 1136x904.
[2014.07.12-02.15.20:108][  1]LogEpicStorage:Warning: EnumerateFiles request failed. Invalid response. code=403 error=<?xml version="1.0" encoding="UTF-8"?>
<Error><Code>AccessDenied</Code><Message>Access Denied</Message><RequestId>96DDA77BF2F28538</RequestId><HostId>VuiSsTGgH8IukEVPRqKft46Fedws7vvjXw/Pc0W0JbDi5rcZzxKZCBf8qVOiwkZE</HostId></Error>
[2014.07.12-02.15.20:281][  2]LogEpicSurvey:Warning: EnumerateFiles request failed. Invalid response. code=403 error=<?xml version="1.0" encoding="UTF-8"?>
<Error><Code>AccessDenied</Code><Message>Access Denied</Message><RequestId>F611A0955E7E42A4</RequestId><HostId>EC2zKkbpM7gdqpMTHHDC4zrFdOA2q0Mhn7rNKBsB/Buzp03uYUYgPAi53/spxWiP</HostId></Error>
[2014.07.12-02.15.20:323][  3]LogEpicStorage:Warning: EnumerateFiles request failed. Invalid response. code=403 error=<?xml version="1.0" encoding="UTF-8"?>
<Error><Code>AccessDenied</Code><Message>Access Denied</Message><RequestId>31A222033A411C7F</RequestId><HostId>8nwGyTJRmseEgbEe55YTobD6Rd09HJaZvEZQ+3vvEauAe55Bt+/MGEolit9dSzkP</HostId></Error>
[2014.07.12-02.15.20:332][  3]LogAssetRegistry: Asset discovery search completed in 6.5279 seconds
[2014.07.12-02.15.20:385][  4]LogEpicSurvey:Warning: EnumerateFiles request failed. Invalid response. code=403 error=<?xml version="1.0" encoding="UTF-8"?>
<Error><Code>AccessDenied</Code><Message>Access Denied</Message><RequestId>E14DBEF26469096C</RequestId><HostId>sDw+GxVNfAGj+DfFFxgWZfq8GADCMiv5pF062KwL8rbawezGrGlxzDGDn9yFNjPT</HostId></Error>
[2014.07.12-02.15.20:443][  6]LogEpicSurvey:Warning: EnumerateFiles request failed. Invalid response. code=403 error=<?xml version="1.0" encoding="UTF-8"?>
<Error><Code>AccessDenied</Code><Message>Access Denied</Message><RequestId>86BF785BE52B144D</RequestId><HostId>S/eRlJMx6ibJm86BfgMZ5y+O5oEwzAMEzfu7z6EwhatmmEX+NGYPgYL6hKaaZdip</HostId></Error>
[2014.07.12-02.15.20:505][  7]LogEpicStorage:Warning: ReadFile request failed. File request already pending for filename=http://cdn.unrealengine.com/newsfeed/blueprint_icon_b.png
[2014.07.12-02.15.20:510][  7]LogEpicStorage:Warning: ReadFile request failed. File request already pending for filename=http://cdn.unrealengine.com/newsfeed/blueprint_icon_b.png
[2014.07.12-02.15.21:023][ 30]LogSourceControl: Attempting 'svn status --show-updates --verbose --xml "C:/Users/Eric/Documents/Unreal Projects/OrbitFPS/Content/Blueprints/BP_BrokenWallSconceSmokey.uasset" "C:/Users/Eric/Documents/Unreal Projects/OrbitFPS/Content/Blueprints/BP_Grenade.uasset" "C:/Users/Eric/Documents/Unreal Projects/OrbitFPS/Content/Blueprints/MyCharacter.uasset" "C:/Users/Eric/Documents/Unreal Projects/OrbitFPS/Content/Blueprints/MyGame.uasset" "C:/Users/Eric/Documents/Unreal Projects/OrbitFPS/Content/Blueprints/MyHUD.uasset" "C:/Users/Eric/Documents/Unreal Projects/OrbitFPS/Content/Blueprints/MyProjectile.uasset" "C:/Users/Eric/Documents/Unreal Projects/OrbitFPS/Content/Blueprints/PlayerController.uasset" --non-interactive --trust-server-cert --password ********'
[2014.07.12-02.15.21:103][ 34]SourceControl: Info svn: warning: W155007: 'C:\Users\Eric\Documents\Unreal Projects\OrbitFPS\Content\Blueprints\BP_BrokenWallSconceSmokey.uasset' is not a working copy
[2014.07.12-02.15.21:103][ 34]SourceControl: Info svn: warning: W155007: 'C:\Users\Eric\Documents\Unreal Projects\OrbitFPS\Content\Blueprints\BP_Grenade.uasset' is not a working copy
[2014.07.12-02.15.21:104][ 34]SourceControl: Info svn: warning: W155007: 'C:\Users\Eric\Documents\Unreal Projects\OrbitFPS\Content\Blueprints\MyCharacter.uasset' is not a working copy
[2014.07.12-02.15.21:104][ 34]SourceControl: Info svn: warning: W155007: 'C:\Users\Eric\Documents\Unreal Projects\OrbitFPS\Content\Blueprints\MyGame.uasset' is not a working copy
[2014.07.12-02.15.21:104][ 34]SourceControl: Info svn: warning: W155007: 'C:\Users\Eric\Documents\Unreal Projects\OrbitFPS\Content\Blueprints\MyHUD.uasset' is not a working copy
[2014.07.12-02.15.21:104][ 34]SourceControl: Info svn: warning: W155007: 'C:\Users\Eric\Documents\Unreal Projects\OrbitFPS\Content\Blueprints\MyProjectile.uasset' is not a working copy
[2014.07.12-02.15.21:104][ 34]SourceControl: Info svn: warning: W155007: 'C:\Users\Eric\Documents\Unreal Projects\OrbitFPS\Content\Blueprints\PlayerController.uasset' is not a working copy
[2014.07.12-02.15.24:589][225]LogSourceControl: Attempting 'svn status --show-updates --verbose --xml "C:/Users/Eric/Documents/Unreal Projects/OrbitFPS/Content/Blueprints/Blueprint_CeilingLight.uasset" "C:/Users/Eric/Documents/Unreal Projects/OrbitFPS/Content/Blueprints/Blueprint_Effect_Explosion.uasset" "C:/Users/Eric/Documents/Unreal Projects/OrbitFPS/Content/Blueprints/Blueprint_Effect_Fire.uasset" "C:/Users/Eric/Documents/Unreal Projects/OrbitFPS/Content/Blueprints/Blueprint_Effect_Smoke.uasset" "C:/Users/Eric/Documents/Unreal Projects/OrbitFPS/Content/Blueprints/Blueprint_Effect_Sparks.uasset" "C:/Users/Eric/Documents/Unreal Projects/OrbitFPS/Content/Blueprints/Blueprint_Effect_Steam.uasset" "C:/Users/Eric/Documents/Unreal Projects/OrbitFPS/Content/Blueprints/Blueprint_WallSconce.uasset" --non-interactive --trust-server-cert --password ********'
[2014.07.12-02.15.24:648][228]SourceControl: Info svn: warning: W155007: 'C:\Users\Eric\Documents\Unreal Projects\OrbitFPS\Content\Blueprints\Blueprint_CeilingLight.uasset' is not a working copy
[2014.07.12-02.15.24:649][228]SourceControl: Info svn: warning: W155007: 'C:\Users\Eric\Documents\Unreal Projects\OrbitFPS\Content\Blueprints\Blueprint_Effect_Explosion.uasset' is not a working copy
[2014.07.12-02.15.24:649][228]SourceControl: Info svn: warning: W155007: 'C:\Users\Eric\Documents\Unreal Projects\OrbitFPS\Content\Blueprints\Blueprint_Effect_Fire.uasset' is not a working copy
[2014.07.12-02.15.24:649][228]SourceControl: Info svn: warning: W155007: 'C:\Users\Eric\Documents\Unreal Projects\OrbitFPS\Content\Blueprints\Blueprint_Effect_Smoke.uasset' is not a working copy
[2014.07.12-02.15.24:649][228]SourceControl: Info svn: warning: W155007: 'C:\Users\Eric\Documents\Unreal Projects\OrbitFPS\Content\Blueprints\Blueprint_Effect_Sparks.uasset' is not a working copy
[2014.07.12-02.15.24:649][228]SourceControl: Info svn: warning: W155007: 'C:\Users\Eric\Documents\Unreal Projects\OrbitFPS\Content\Blueprints\Blueprint_Effect_Steam.uasset' is not a working copy
[2014.07.12-02.15.24:649][228]SourceControl: Info svn: warning: W155007: 'C:\Users\Eric\Documents\Unreal Projects\OrbitFPS\Content\Blueprints\Blueprint_WallSconce.uasset' is not a working copy
[2014.07.12-02.16.03:691][932]LogPlayLevel: PIE:  No blueprints needed recompiling
[2014.07.12-02.16.03:691][932]PIE: New page: PIE session: Example_Map (Jul 11, 2014, 12:16:03 PM)
[2014.07.12-02.16.03:729][932]LogPlayLevel: PIE: StaticDuplicateObject took: (0.037998s)
[2014.07.12-02.16.03:730][932]LogPlayLevel: PIE: World Init took: (0.000761s)
[2014.07.12-02.16.03:730][932]LogPlayLevel: PIE: Created PIE world by copying editor world from /Game/Maps/Example_Map.Example_Map to /Game/Maps/UEDPIE_0_Example_Map.Example_Map (0.039122s)
[2014.07.12-02.16.03:730][932]LogWorld: Game class is 'MyGame_C'
[2014.07.12-02.16.03:790][932]LogWorld: Bringing World /Game/Maps/UEDPIE_0_Example_Map.Example_Map up for play (max tick rate 0) at 2014.07.11-19.16.03
[2014.07.12-02.16.03:790][932]LogWorld: Bringing up level for play took: 0.004677
[2014.07.12-02.16.03:791][932]LogPlayerController: Spawned spectator SpectatorPawn_0 [server:1]
[2014.07.12-02.16.03:791][932]LogGameMode: RestartPlayer 256
[2014.07.12-02.16.03:793][932]LogPlayerController: ClientRestart_Implementation MyCharacter_C_0
[2014.07.12-02.16.03:793][932]LogPlayerController: ServerAcknowledgePossession_Implementation MyCharacter_C_0
[2014.07.12-02.16.03:803][932]PIE: Info Play in editor start time for /Game/Maps/UEDPIE_0_Example_Map -0.635
[2014.07.12-02.16.03:852][932]LogRenderer:Warning: Reallocating scene render targets to support 1296x904.
[2014.07.12-02.16.03:946][932]LogRenderer:Warning: Reallocating scene render targets to support 1296x912.
[2014.07.12-02.16.59:697][330]LogActorComponent: UnregisterComponent: (/Engine/Transient.ProjectileMovementComponent_0) Not registered. Aborting.
[2014.07.12-02.16.59:697][330]LogActorComponent: UnregisterComponent: (/Engine/Transient.CharacterMovementComponent_0) Not registered. Aborting.
[2014.07.12-02.16.59:697][330]LogActorComponent: UnregisterComponent: (/Engine/Transient.ProjectileMovementComponent_1) Not registered. Aborting.
[2014.07.12-02.16.59:777][330]LogParticles: Destroying 0 GPU particle simulations for FXSystem 0x0000000018C16C00
[2014.07.12-02.18.06:078][255]LogEditorViewport: Clicking on Actor (context menu): StaticMeshActor (EditorCube8)
[2014.07.12-02.18.33:079][464]LogPlayLevel: PIE:  No blueprints needed recompiling
[2014.07.12-02.18.33:079][464]PIE: New page: PIE session: Example_Map (Jul 11, 2014, 12:18:33 PM)
[2014.07.12-02.18.33:117][464]LogPlayLevel: PIE: StaticDuplicateObject took: (0.037397s)
[2014.07.12-02.18.33:118][464]LogPlayLevel: PIE: World Init took: (0.000881s)
[2014.07.12-02.18.33:118][464]LogPlayLevel: PIE: Created PIE world by copying editor world from /Game/Maps/Example_Map.Example_Map to /Game/Maps/UEDPIE_0_Example_Map.Example_Map (0.038579s)
[2014.07.12-02.18.33:118][464]LogWorld: Game class is 'MyGame_C'
[2014.07.12-02.18.33:176][464]LogWorld: Bringing World /Game/Maps/UEDPIE_0_Example_Map.Example_Map up for play (max tick rate 0) at 2014.07.11-19.18.33
[2014.07.12-02.18.33:177][464]LogWorld: Bringing up level for play took: 0.005324
[2014.07.12-02.18.33:177][464]LogPlayerController: Spawned spectator SpectatorPawn_1 [server:1]
[2014.07.12-02.18.33:178][464]LogGameMode: RestartPlayer 257
[2014.07.12-02.18.33:179][464]LogPlayerController: ClientRestart_Implementation MyCharacter_C_1
[2014.07.12-02.18.33:179][464]LogPlayerController: ServerAcknowledgePossession_Implementation MyCharacter_C_1
[2014.07.12-02.18.33:189][464]PIE: Info Play in editor start time for /Game/Maps/UEDPIE_0_Example_Map 0.746
[2014.07.12-02.18.52:046][927]LogPlayerController: ClientRestart_Implementation MyCharacter_C_2
[2014.07.12-02.18.52:046][927]LogPlayerController: ServerAcknowledgePossession_Implementation MyCharacter_C_2
[2014.07.12-02.18.57:867][ 68]LogParticles: Destroying 0 GPU particle simulations for FXSystem 0x000000000414ADE0
[2014.07.12-02.19.13:778][565]LogRenderer:Warning: Reallocating scene render targets to support 1616x912.
[2014.07.12-02.20.11:732][925]LogSlate:Warning: GetFontFace failed to load or process 'Roboto-Regular'
[2014.07.12-02.20.11:732][925]LogSlate:Warning: GetFontFace failed to load or process 'Roboto-Regular'
[2014.07.12-02.20.11:737][925]LogSlate:Warning: GetFontFace failed to load or process 'Roboto-Regular'
[2014.07.12-02.20.11:737][925]LogSlate:Warning: GetFontFace failed to load or process 'Roboto-Regular'
[2014.07.12-02.20.11:737][925]LogSlate:Warning: GetFontFace failed to load or process 'Roboto-Regular'
[2014.07.12-02.20.11:738][925]LogSlate:Warning: GetFontFace failed to load or process 'Roboto-Regular'
[2014.07.12-02.20.11:738][925]LogSlate:Warning: GetFontFace failed to load or process 'Roboto-Regular'
[2014.07.12-02.20.11:738][925]LogSlate:Warning: GetFontFace failed to load or process 'Roboto-Regular'
[2014.07.12-02.20.11:738][925]LogSlate:Warning: GetFontFace failed to load or process 'Roboto-Regular'
[2014.07.12-02.20.11:738][925]LogSlate:Warning: GetFontFace failed to load or process 'Roboto-Regular'
[2014.07.12-02.20.11:738][925]LogSlate:Warning: GetFontFace failed to load or process 'Roboto-Regular'
[2014.07.12-02.20.11:739][925]LogSlate:Warning: GetFontFace failed to load or process 'Roboto-Regular'
[2014.07.12-02.20.11:739][925]LogSlate:Warning: GetFontFace failed to load or process 'Roboto-Regular'
[2014.07.12-02.20.11:739][925]LogSlate:Warning: GetFontFace failed to load or process 'Roboto-Regular'
[2014.07.12-02.20.11:739][925]LogSlate:Warning: GetFontFace failed to load or process 'Roboto-Regular'
[2014.07.12-02.20.11:739][925]LogSlate:Warning: GetFontFace failed to load or process 'Roboto-Regular'
[2014.07.12-02.20.11:740][925]LogSlate:Warning: GetFontFace failed to load or process 'Roboto-Regular'
[2014.07.12-02.20.11:740][925]LogSlate:Warning: GetFontFace failed to load or process 'Roboto-Regular'
[2014.07.12-02.20.29:540][460]LogSourceControl: Attempting 'svn status --show-updates --verbose --xml "C:/Users/Eric/Documents/Unreal Projects/OrbitFPS/Content/Blueprints/Blueprint_Effect_Sparks.uasset" "C:/Users/Eric/Documents/Unreal Projects/OrbitFPS/Content/Blueprints/Blueprint_Effect_Steam.uasset" --non-interactive --trust-server-cert --password ********'
[2014.07.12-02.20.29:571][461]LogSourceControl: Attempting 'svn status --show-updates --verbose --xml "C:/Users/Eric/Documents/Unreal Projects/OrbitFPS/Content/Blueprints/Blueprint_Effect_Fire.uasset" "C:/Users/Eric/Documents/Unreal Projects/OrbitFPS/Content/Blueprints/Blueprint_Effect_Smoke.uasset" --non-interactive --trust-server-cert --password ********'
[2014.07.12-02.20.29:652][464]SourceControl: Info svn: warning: W155007: 'C:\Users\Eric\Documents\Unreal Projects\OrbitFPS\Content\Blueprints\Blueprint_Effect_Sparks.uasset' is not a working copy
[2014.07.12-02.20.29:653][464]SourceControl: Info svn: warning: W155007: 'C:\Users\Eric\Documents\Unreal Projects\OrbitFPS\Content\Blueprints\Blueprint_Effect_Steam.uasset' is not a working copy
[2014.07.12-02.20.29:675][465]SourceControl: Info svn: warning: W155007: 'C:\Users\Eric\Documents\Unreal Projects\OrbitFPS\Content\Blueprints\Blueprint_Effect_Fire.uasset' is not a working copy
[2014.07.12-02.20.29:675][465]SourceControl: Info svn: warning: W155007: 'C:\Users\Eric\Documents\Unreal Projects\OrbitFPS\Content\Blueprints\Blueprint_Effect_Smoke.uasset' is not a working copy
[2014.07.12-02.20.29:966][477]LogSourceControl: Attempting 'svn status --show-updates --verbose --xml "C:/Users/Eric/Documents/Unreal Projects/OrbitFPS/Content/Blueprints/Blueprint_CeilingLight.uasset" "C:/Users/Eric/Documents/Unreal Projects/OrbitFPS/Content/Blueprints/Blueprint_Effect_Explosion.uasset" --non-interactive --trust-server-cert --password ********'
[2014.07.12-02.20.30:040][479]SourceControl: Info svn: warning: W155007: 'C:\Users\Eric\Documents\Unreal Projects\OrbitFPS\Content\Blueprints\Blueprint_CeilingLight.uasset' is not a working copy
[2014.07.12-02.20.30:040][479]SourceControl: Info svn: warning: W155007: 'C:\Users\Eric\Documents\Unreal Projects\OrbitFPS\Content\Blueprints\Blueprint_Effect_Explosion.uasset' is not a working copy
[2014.07.12-02.20.30:994][507]LogSourceControl: Attempting 'svn status --show-updates --verbose --xml "C:/Users/Eric/Documents/Unreal Projects/OrbitFPS/Content/Blueprints/MyGame.uasset" "C:/Users/Eric/Documents/Unreal Projects/OrbitFPS/Content/Blueprints/MyHUD.uasset" --non-interactive --trust-server-cert --password ********'
[2014.07.12-02.20.31:084][509]SourceControl: Info svn: warning: W155007: 'C:\Users\Eric\Documents\Unreal Projects\OrbitFPS\Content\Blueprints\MyGame.uasset' is not a working copy
[2014.07.12-02.20.31:084][509]SourceControl: Info svn: warning: W155007: 'C:\Users\Eric\Documents\Unreal Projects\OrbitFPS\Content\Blueprints\MyHUD.uasset' is not a working copy
[2014.07.12-02.20.32:154][546]LogSourceControl: Attempting 'svn status --show-updates --verbose --xml "C:/Users/Eric/Documents/Unreal Projects/OrbitFPS/Content/Blueprints/MyProjectile.uasset" "C:/Users/Eric/Documents/Unreal Projects/OrbitFPS/Content/Blueprints/PlayerController.uasset" --non-interactive --trust-server-cert --password ********'
[2014.07.12-02.20.32:224][548]SourceControl: Info svn: warning: W155007: 'C:\Users\Eric\Documents\Unreal Projects\OrbitFPS\Content\Blueprints\MyProjectile.uasset' is not a working copy
[2014.07.12-02.20.32:224][548]SourceControl: Info svn: warning: W155007: 'C:\Users\Eric\Documents\Unreal Projects\OrbitFPS\Content\Blueprints\PlayerController.uasset' is not a working copy
[2014.07.12-02.21.16:760][295]LogUObjectGlobals:Warning: Failed to find object 'Object None.'
[2014.07.12-02.21.16:760][295]LogUObjectGlobals:Warning: Failed to find object 'Object None.'
[2014.07.12-02.21.16:761][295]LogUObjectGlobals:Warning: Failed to find object 'Object None.'
[2014.07.12-02.21.16:761][295]LogUObjectGlobals:Warning: Failed to find object 'Object None.'
[2014.07.12-02.21.16:761][295]LogUObjectGlobals:Warning: Failed to find object 'Object None.'
[2014.07.12-02.21.16:761][295]LogUObjectGlobals:Warning: Failed to find object 'Object None.'
[2014.07.12-02.21.16:761][295]LogUObjectGlobals:Warning: Failed to find object 'Object None.'
[2014.07.12-02.21.16:761][295]LogUObjectGlobals:Warning: Failed to find object 'Object None.'
[2014.07.12-02.21.16:762][295]LogUObjectGlobals:Warning: Failed to find object 'Object None.'
[2014.07.12-02.21.16:762][295]LogUObjectHash:Warning: Ambiguous search, could be K2Node_CallFunction /Game/Blueprints/BP_Grenade.BP_Grenade:EventGraph.K2Node_CallFunction_10693 or K2Node_CallFunction /Game/Blueprints/MyProjectile.MyProjectile:EventGraph.K2Node_CallFunction_10693
[2014.07.12-02.21.16:762][295]LogProperty:Warning: Illegal TEXT reference to a private object in external package (EdGraphPin /Game/Blueprints/MyProjectile.MyProjectile:EventGraph.K2Node_CallFunction_10693.EdGraphPin_4489) from referencer (EdGraphPin /Game/Blueprints/BP_Grenade.BP_Grenade:EventGraph.K2Node_CallFunction_8098.EdGraphPin_4524).  Import failed...
[2014.07.12-02.21.16:762][295]LogProperty:Warning: ObjectProperty /Script/Engine.EdGraphPin:LinkedTo.LinkedTo: unresolved reference to 'EdGraphPin'"K2Node_CallFunction_10693.EdGraphPin_4489"''
[2014.07.12-02.21.16:763][295]LogUObjectHash:Warning: Ambiguous search, could be K2Node_CallFunction /Game/Blueprints/BP_Grenade.BP_Grenade:EventGraph.K2Node_CallFunction_10693 or K2Node_CallFunction /Game/Blueprints/MyProjectile.MyProjectile:EventGraph.K2Node_CallFunction_10693
[2014.07.12-02.21.16:763][295]LogProperty:Warning: Illegal TEXT reference to a private object in external package (EdGraphPin /Game/Blueprints/MyProjectile.MyProjectile:EventGraph.K2Node_CallFunction_10693.EdGraphPin_4492) from referencer (EdGraphPin /Game/Blueprints/BP_Grenade.BP_Grenade:EventGraph.K2Node_CallFunction_9630.EdGraphPin_4507).  Import failed...
[2014.07.12-02.21.16:763][295]LogProperty:Warning: ObjectProperty /Script/Engine.EdGraphPin:LinkedTo.LinkedTo: unresolved reference to 'EdGraphPin'"K2Node_CallFunction_10693.EdGraphPin_4492"''
[2014.07.12-02.21.16:764][295]LogUObjectHash:Warning: Ambiguous search, could be K2Node_IfThenElse /Game/Blueprints/BP_Grenade.BP_Grenade:EventGraph.K2Node_IfThenElse_5 or K2Node_IfThenElse /Game/Blueprints/MyProjectile.MyProjectile:EventGraph.K2Node_IfThenElse_5
[2014.07.12-02.21.16:764][295]LogProperty:Warning: Illegal TEXT reference to a private object in external package (EdGraphPin /Game/Blueprints/MyProjectile.MyProjectile:EventGraph.K2Node_IfThenElse_5.EdGraphPin_4550) from referencer (EdGraphPin /Game/Blueprints/BP_Grenade.BP_Grenade:EventGraph.K2Node_CallFunction_10693.EdGraphPin_4488).  Import failed...
[2014.07.12-02.21.16:764][295]LogProperty:Warning: ObjectProperty /Script/Engine.EdGraphPin:LinkedTo.LinkedTo: unresolved reference to 'EdGraphPin'"K2Node_IfThenElse_5.EdGraphPin_4550"''
[2014.07.12-02.21.16:764][295]LogUObjectHash:Warning: Ambiguous search, could be K2Node_Event /Game/Blueprints/BP_Grenade.BP_Grenade:EventGraph.K2Node_Event_68 or K2Node_Event /Game/Blueprints/MyCharacter.MyCharacter:EdGraph_251.K2Node_Event_68
[2014.07.12-02.21.16:764][295]LogUObjectHash:Warning: Ambiguous search, could be K2Node_Event /Game/Blueprints/BP_Grenade.BP_Grenade:EventGraph.K2Node_Event_68 or K2Node_Event /Game/Blueprints/MyProjectile.MyProjectile:EventGraph.K2Node_Event_68
[2014.07.12-02.21.16:764][295]LogProperty:Warning: Illegal TEXT reference to a private object in external package (EdGraphPin /Game/Blueprints/MyProjectile.MyProjectile:EventGraph.K2Node_Event_68.EdGraphPin_4437) from referencer (EdGraphPin /Game/Blueprints/BP_Grenade.BP_Grenade:EventGraph.K2Node_CallFunction_10693.EdGraphPin_4490).  Import failed...
[2014.07.12-02.21.16:764][295]LogProperty:Warning: ObjectProperty /Script/Engine.EdGraphPin:LinkedTo.LinkedTo: unresolved reference to 'EdGraphPin'"K2Node_Event_68.EdGraphPin_4437"''
[2014.07.12-02.21.16:764][295]LogUObjectHash:Warning: Ambiguous search, could be K2Node_CallFunction /Game/Blueprints/BP_Grenade.BP_Grenade:EventGraph.K2Node_CallFunction_10817 or K2Node_CallFunction /Game/Blueprints/MyProjectile.MyProjectile:EventGraph.K2Node_CallFunction_10817
[2014.07.12-02.21.16:764][295]LogProperty:Warning: Illegal TEXT reference to a private object in external package (EdGraphPin /Game/Blueprints/MyProjectile.MyProjectile:EventGraph.K2Node_CallFunction_10817.EdGraphPin_4515) from referencer (EdGraphPin /Game/Blueprints/BP_Grenade.BP_Grenade:EventGraph.K2Node_CallFunction_10693.EdGraphPin_4491).  Import failed...
[2014.07.12-02.21.16:764][295]LogProperty:Warning: ObjectProperty /Script/Engine.EdGraphPin:LinkedTo.LinkedTo: unresolved reference to 'EdGraphPin'"K2Node_CallFunction_10817.EdGraphPin_4515"''
[2014.07.12-02.21.16:765][295]LogUObjectHash:Warning: Ambiguous search, could be K2Node_CallFunction /Game/Blueprints/BP_Grenade.BP_Grenade:EventGraph.K2Node_CallFunction_10817 or K2Node_CallFunction /Game/Blueprints/MyProjectile.MyProjectile:EventGraph.K2Node_CallFunction_10817
[2014.07.12-02.21.16:765][295]LogProperty:Warning: Illegal TEXT reference to a private object in external package (EdGraphPin /Game/Blueprints/MyProjectile.MyProjectile:EventGraph.K2Node_CallFunction_10817.EdGraphPin_4513) from referencer (EdGraphPin /Game/Blueprints/BP_Grenade.BP_Grenade:EventGraph.K2Node_CallFunction_10729.EdGraphPin_4534).  Import failed...
[2014.07.12-02.21.16:765][295]LogProperty:Warning: ObjectProperty /Script/Engine.EdGraphPin:LinkedTo.LinkedTo: unresolved reference to 'EdGraphPin'"K2Node_CallFunction_10817.EdGraphPin_4513"''
[2014.07.12-02.21.16:767][295]LogUObjectHash:Warning: Ambiguous search, could be K2Node_IfThenElse /Game/Blueprints/BP_Grenade.BP_Grenade:EventGraph.K2Node_IfThenElse_5 or K2Node_IfThenElse /Game/Blueprints/MyProjectile.MyProjectile:EventGraph.K2Node_IfThenElse_5
[2014.07.12-02.21.16:767][295]LogProperty:Warning: Illegal TEXT reference to a private object in external package (EdGraphPin /Game/Blueprints/MyProjectile.MyProjectile:EventGraph.K2Node_IfThenElse_5.EdGraphPin_4548) from referencer (EdGraphPin /Game/Blueprints/BP_Grenade.BP_Grenade:EventGraph.K2Node_Event_68.EdGraphPin_4434).  Import failed...
[2014.07.12-02.21.16:767][295]LogProperty:Warning: ObjectProperty /Script/Engine.EdGraphPin:LinkedTo.LinkedTo: unresolved reference to 'EdGraphPin'"K2Node_IfThenElse_5.EdGraphPin_4548"''
[2014.07.12-02.21.16:768][295]LogUObjectHash:Warning: Ambiguous search, could be K2Node_CallFunction /Game/Blueprints/BP_Grenade.BP_Grenade:EventGraph.K2Node_CallFunction_2325 or K2Node_CallFunction /Game/Blueprints/MyCharacter.MyCharacter:EdGraph_251.K2Node_CallFunction_2325
[2014.07.12-02.21.16:768][295]LogUObjectHash:Warning: Ambiguous search, could be K2Node_CallFunction /Game/Blueprints/BP_Grenade.BP_Grenade:EventGraph.K2Node_CallFunction_2325 or K2Node_CallFunction /Game/Blueprints/MyProjectile.MyProjectile:EventGraph.K2Node_CallFunction_2325
[2014.07.12-02.21.16:768][295]LogProperty:Warning: Illegal TEXT reference to a private object in external package (EdGraphPin /Game/Blueprints/MyProjectile.MyProjectile:EventGraph.K2Node_CallFunction_2325.EdGraphPin_4539) from referencer (EdGraphPin /Game/Blueprints/BP_Grenade.BP_Grenade:EventGraph.K2Node_Event_68.EdGraphPin_4437).  Import failed...
[2014.07.12-02.21.16:768][295]LogProperty:Warning: ObjectProperty /Script/Engine.EdGraphPin:LinkedTo.LinkedTo: unresolved reference to 'EdGraphPin'"K2Node_CallFunction_2325.EdGraphPin_4539"''
[2014.07.12-02.21.16:769][295]LogUObjectHash:Warning: Ambiguous search, could be K2Node_IfThenElse /Game/Blueprints/BP_Grenade.BP_Grenade:EventGraph.K2Node_IfThenElse_5 or K2Node_IfThenElse /Game/Blueprints/MyProjectile.MyProjectile:EventGraph.K2Node_IfThenElse_5
[2014.07.12-02.21.16:769][295]LogProperty:Warning: Illegal TEXT reference to a private object in external package (EdGraphPin /Game/Blueprints/MyProjectile.MyProjectile:EventGraph.K2Node_IfThenElse_5.EdGraphPin_4549) from referencer (EdGraphPin /Game/Blueprints/BP_Grenade.BP_Grenade:EventGraph.K2Node_CallFunction_2325.EdGraphPin_4541).  Import failed...
[2014.07.12-02.21.16:769][295]LogProperty:Warning: ObjectProperty /Script/Engine.EdGraphPin:LinkedTo.LinkedTo: unresolved reference to 'EdGraphPin'"K2Node_IfThenElse_5.EdGraphPin_4549"''
[2014.07.12-02.21.16:790][295]LogActorComponent: UnregisterComponent: (/Engine/Transient.CharacterMovementComponent_1) Not registered. Aborting.
[2014.07.12-02.21.16:790][295]LogActorComponent: UnregisterComponent: (/Engine/Transient.ProjectileMovementComponent_2) Not registered. Aborting.
[2014.07.12-02.21.16:790][295]LogActorComponent: UnregisterComponent: (/Engine/Transient.ProjectileMovementComponent_3) Not registered. Aborting.
[2014.07.12-02.21.49:061][890]LogEditorTransaction: Undo Move Node
[2014.07.12-02.21.49:084][890]LogActorComponent: UnregisterComponent: (/Engine/Transient.ProjectileMovementComponent_4) Not registered. Aborting.
[2014.07.12-02.21.49:334][896]LogEditorTransaction: Undo Move Nodes
[2014.07.12-02.21.49:369][896]LogActorComponent: UnregisterComponent: (/Engine/Transient.ProjectileMovementComponent_5) Not registered. Aborting.
[2014.07.12-02.21.50:541][939]LogEditorTransaction: Undo Move Nodes
[2014.07.12-02.21.50:567][939]LogActorComponent: UnregisterComponent: (/Engine/Transient.ProjectileMovementComponent_6) Not registered. Aborting.
[2014.07.12-02.21.51:135][963]LogEditorTransaction: Undo Move Nodes
[2014.07.12-02.21.51:159][963]LogActorComponent: UnregisterComponent: (/Engine/Transient.ProjectileMovementComponent_7) Not registered. Aborting.
[2014.07.12-02.21.51:764][989]LogEditorTransaction: Undo Paste clipboard contents
[2014.07.12-02.21.51:839][989]LogActorComponent: UnregisterComponent: (/Engine/Transient.ProjectileMovementComponent_8) Not registered. Aborting.
[2014.07.12-02.21.53:573][ 40]LogEditorTransaction: Undo Move Node
[2014.07.12-02.21.53:622][ 40]LogActorComponent: UnregisterComponent: (/Engine/Transient.ProjectileMovementComponent_9) Not registered. Aborting.
[2014.07.12-02.21.58:004][187]LogActorComponent: UnregisterComponent: (/Engine/Transient.ProjectileMovementComponent_10) Not registered. Aborting.
[2014.07.12-02.21.58:055][187]LogParticles: Destroying 0 GPU particle simulations for FXSystem 0x0000000018C16700
[2014.07.12-02.21.58:056][187]LogParticles: Destroying 0 GPU particle simulations for FXSystem 0x000000000D453560
[2014.07.12-02.21.58:057][187]LogParticles: Destroying 0 GPU particle simulations for FXSystem 0x000000000A09B240
[2014.07.12-02.22.00:315][188]Cmd: QUIT_EDITOR
[2014.07.12-02.22.00:447][188]LogWindowsTextInputMethodSystem:Error: Terminating failed while unadvising the language notification sink from the TSF source.
[2014.07.12-02.22.00:450][188]LogExit: Preparing to exit.
[2014.07.12-02.22.01:408][188]LogExit: Editor shut down
[2014.07.12-02.22.01:408][188]LogExit: Transaction tracking system shut down
[2014.07.12-02.22.01:411][188]LogParticles: Destroying 0 GPU particle simulations for FXSystem 0x000000001AA09620
[2014.07.12-02.22.01:456][188]LogParticles: Destroying 0 GPU particle simulations for FXSystem 0x000000001BFCE3E0
[2014.07.12-02.22.01:456][188]LogExit: Object subsystem successfully closed.
[2014.07.12-02.22.01:574][188]LogModuleManager: Shutting down and abandoning module AndroidDeviceDetection (163)
[2014.07.12-02.22.01:574][188]LogModuleManager: Shutting down and abandoning module CrashTracker (162)
[2014.07.12-02.22.01:574][188]LogModuleManager: Shutting down and abandoning module HTTP (161)
[2014.07.12-02.22.01:574][188]LogModuleManager: Shutting down and abandoning module NewsFeed (160)
[2014.07.12-02.22.01:574][188]LogModuleManager: Shutting down and abandoning module SceneOutliner (159)
[2014.07.12-02.22.01:574][188]LogModuleManager: Shutting down and abandoning module EditorWidgets (158)
[2014.07.12-02.22.01:574][188]LogModuleManager: Shutting down and abandoning module CollectionManager (157)
[2014.07.12-02.22.01:574][188]LogModuleManager: Shutting down and abandoning module StatsViewer (156)
[2014.07.12-02.22.01:574][188]LogModuleManager: Shutting down and abandoning module FoliageEdit (155)
[2014.07.12-02.22.01:574][188]LogModuleManager: Shutting down and abandoning module LandscapeEditor (154)
[2014.07.12-02.22.01:583][188]LogModuleManager: Shutting down and abandoning module MeshPaint (153)
[2014.07.12-02.22.01:583][188]LogModuleManager: Shutting down and abandoning module ActorPickerMode (152)
[2014.07.12-02.22.01:583][188]LogModuleManager: Shutting down and abandoning module GeometryMode (151)
[2014.07.12-02.22.01:583][188]LogModuleManager: Shutting down and abandoning module TextureAlignMode (150)
[2014.07.12-02.22.01:583][188]LogModuleManager: Shutting down and abandoning module BspMode (149)
[2014.07.12-02.22.01:583][188]LogModuleManager: Shutting down and abandoning module PlacementMode (148)
[2014.07.12-02.22.01:584][188]LogModuleManager: Shutting down and abandoning module AutomationWorker (147)
[2014.07.12-02.22.01:584][188]LogModuleManager: Shutting down and abandoning module ViewportSnapping (146)
[2014.07.12-02.22.01:584][188]LogModuleManager: Shutting down and abandoning module DeviceProfileEditor (145)
[2014.07.12-02.22.01:584][188]LogModuleManager: Shutting down and abandoning module UndoHistory (144)
[2014.07.12-02.22.01:584][188]LogModuleManager: Shutting down and abandoning module GameplayTagsEditor (143)
[2014.07.12-02.22.01:584][188]LogModuleManager: Shutting down and abandoning module UserFeedback (142)
[2014.07.12-02.22.01:584][188]LogModuleManager: Shutting down and abandoning module XmlParser (141)
[2014.07.12-02.22.01:584][188]LogModuleManager: Shutting down and abandoning module Blutility (140)
[2014.07.12-02.22.01:584][188]LogModuleManager: Shutting down and abandoning module AndroidPlatformEditor (137)
[2014.07.12-02.22.01:584][188]LogModuleManager: Shutting down and abandoning module AndroidRuntimeSettings (136)
[2014.07.12-02.22.01:584][188]LogModuleManager: Shutting down and abandoning module ProjectSettingsViewer (135)
[2014.07.12-02.22.01:584][188]LogModuleManager: Shutting down and abandoning module InputBindingEditor (134)
[2014.07.12-02.22.01:584][188]LogModuleManager: Shutting down and abandoning module EditorSettingsViewer (133)
[2014.07.12-02.22.01:584][188]LogModuleManager: Shutting down and abandoning module SettingsEditor (132)
[2014.07.12-02.22.01:584][188]LogModuleManager: Shutting down and abandoning module SessionLauncher (131)
[2014.07.12-02.22.01:584][188]LogModuleManager: Shutting down and abandoning module SessionFrontend (130)
[2014.07.12-02.22.01:584][188]LogModuleManager: Shutting down and abandoning module ProfilerClient (129)
[2014.07.12-02.22.01:585][188]LogModuleManager: Shutting down and abandoning module TargetDeviceServices (128)
[2014.07.12-02.22.01:585][188]LogModuleManager: Shutting down and abandoning module DeviceManager (127)
[2014.07.12-02.22.01:585][188]LogModuleManager: Shutting down and abandoning module AutomationController (126)
[2014.07.12-02.22.01:585][188]LogModuleManager: Shutting down and abandoning module AutomationWindow (125)
[2014.07.12-02.22.01:585][188]LogModuleManager: Shutting down and abandoning module Layers (124)
[2014.07.12-02.22.01:585][188]LogModuleManager: Shutting down and abandoning module ComponentVisualizers (123)
[2014.07.12-02.22.01:585][188]LogModuleManager: Shutting down and abandoning module DetailCustomizations (122)
[2014.07.12-02.22.01:585][188]LogModuleManager: Shutting down and abandoning module PackagesDialog (121)
[2014.07.12-02.22.01:585][188]LogModuleManager: Shutting down and abandoning module PropertyEditor (120)
[2014.07.12-02.22.01:585][188]LogModuleManager: Shutting down and abandoning module DirectoryWatcher (119)
[2014.07.12-02.22.01:586][188]LogModuleManager: Shutting down and abandoning module AssetRegistry (118)
[2014.07.12-02.22.01:681][188]LogModuleManager: Shutting down and abandoning module Persona (117)
[2014.07.12-02.22.01:681][188]LogModuleManager: Shutting down and abandoning module GraphEditor (116)
[2014.07.12-02.22.01:681][188]LogModuleManager: Shutting down and abandoning module ContentBrowser (115)
[2014.07.12-02.22.01:681][188]LogModuleManager: Shutting down and abandoning module ClassViewer (114)
[2014.07.12-02.22.01:681][188]LogModuleManager: Shutting down and abandoning module Toolbox (113)
[2014.07.12-02.22.01:682][188]LogModuleManager: Shutting down and abandoning module ModuleUI (112)
[2014.07.12-02.22.01:682][188]LogModuleManager: Shutting down and abandoning module Sequencer (111)
[2014.07.12-02.22.01:682][188]LogModuleManager: Shutting down and abandoning module AssetTools (110)
[2014.07.12-02.22.01:682][188]LogModuleManager: Shutting down and abandoning module MovieSceneTools (109)
[2014.07.12-02.22.01:682][188]LogModuleManager: Shutting down and abandoning module OutputLog (108)
[2014.07.12-02.22.01:682][188]LogModuleManager: Shutting down and abandoning module GammaUI (107)
[2014.07.12-02.22.01:682][188]LogModuleManager: Shutting down and abandoning module Documentation (106)
[2014.07.12-02.22.01:682][188]LogModuleManager: Shutting down and abandoning module StreamingPauseRendering (105)
[2014.07.12-02.22.01:682][188]LogModuleManager: Shutting down and abandoning module AnalyticsET (104)
[2014.07.12-02.22.01:682][188]LogModuleManager: Shutting down and abandoning module Analytics (103)
[2014.07.12-02.22.01:682][188]LogModuleManager: Shutting down and abandoning module ProfilerService (102)
[2014.07.12-02.22.01:740][188]LogModuleManager: Shutting down and abandoning module TaskGraph (101)
[2014.07.12-02.22.01:740][188]LogModuleManager: Shutting down and abandoning module GameProjectGeneration (100)
[2014.07.12-02.22.01:740][188]LogModuleManager: Shutting down and abandoning module Matinee (99)
[2014.07.12-02.22.01:740][188]LogModuleManager: Shutting down and abandoning module Kismet (98)
[2014.07.12-02.22.01:740][188]LogModuleManager: Shutting down and abandoning module SlateReflector (97)
[2014.07.12-02.22.01:740][188]LogModuleManager: Shutting down and abandoning module LevelEditor (96)
[2014.07.12-02.22.01:742][188]LogModuleManager: Shutting down and abandoning module MainFrame (95)
[2014.07.12-02.22.01:742][188]LogModuleManager: Shutting down and abandoning module SourceControl (94)
[2014.07.12-02.22.01:742][188]LogModuleManager: Shutting down and abandoning module ImageWrapper (93)
[2014.07.12-02.22.01:742][188]LogModuleManager: Shutting down and abandoning module OnlineBlueprintSupport (92)
[2014.07.12-02.22.01:742][188]LogModuleManager: Shutting down and abandoning module FunctionalTesting (91)
[2014.07.12-02.22.01:742][188]LogModuleManager: Shutting down and abandoning module CollisionAnalyzer (90)
[2014.07.12-02.22.01:742][188]LogModuleManager: Shutting down and abandoning module WorkspaceMenuStructure (89)
[2014.07.12-02.22.01:743][188]LogModuleManager: Shutting down and abandoning module MessageLog (88)
[2014.07.12-02.22.01:743][188]LogModuleManager: Shutting down and abandoning module Slate (87)
[2014.07.12-02.22.01:743][188]LogModuleManager: Shutting down and abandoning module EditorStyle (86)
[2014.07.12-02.22.01:746][188]LogModuleManager: Shutting down and abandoning module SessionServices (85)
[2014.07.12-02.22.01:746][188]LogModuleManager: Shutting down and abandoning module Messaging (84)
[2014.07.12-02.22.01:746][188]LogModuleManager: Shutting down and abandoning module SourceCodeAccess (83)
[2014.07.12-02.22.01:747][188]LogModuleManager: Shutting down and abandoning module HeadMountedDisplay (82)
[2014.07.12-02.22.01:747][188]LogModuleManager: Shutting down and abandoning module XAudio2 (81)
[2014.07.12-02.22.01:747][188]LogModuleManager: Shutting down and abandoning module Networking (79)
[2014.07.12-02.22.01:747][188]LogModuleManager: Shutting down and abandoning module Core (78)
[2014.07.12-02.22.01:747][188]LogModuleManager: Shutting down and abandoning module KismetCompiler (77)
[2014.07.12-02.22.01:747][188]LogModuleManager: Shutting down and abandoning module PhysXFormats (76)
[2014.07.12-02.22.01:747][188]LogModuleManager: Shutting down and abandoning module SimplygonMeshReduction (75)
[2014.07.12-02.22.01:747][188]LogModuleManager: Shutting down and abandoning module MeshUtilities (74)
[2014.07.12-02.22.01:747][188]LogModuleManager: Shutting down and abandoning module DerivedDataCache (73)
[2014.07.12-02.22.01:757][188]LogDerivedDataCache: Shutdown
[2014.07.12-02.22.01:757][188]LogModuleManager: Shutting down and abandoning module ShaderFormatOpenGL (72)
[2014.07.12-02.22.01:757][188]LogModuleManager: Shutting down and abandoning module ShaderFormatD3D (71)
[2014.07.12-02.22.01:757][188]LogModuleManager: Shutting down and abandoning module TextureFormatUncompressed (70)
[2014.07.12-02.22.01:757][188]LogModuleManager: Shutting down and abandoning module TextureFormatPVR (69)
[2014.07.12-02.22.01:757][188]LogModuleManager: Shutting down and abandoning module TextureFormatDXT (68)
[2014.07.12-02.22.01:757][188]LogModuleManager: Shutting down and abandoning module TextureFormatAndroid (67)
[2014.07.12-02.22.01:757][188]LogModuleManager: Shutting down and abandoning module AudioFormatOpus (66)
[2014.07.12-02.22.01:757][188]LogModuleManager: Shutting down and abandoning module AudioFormatOgg (65)
[2014.07.12-02.22.01:757][188]LogModuleManager: Shutting down and abandoning module AudioFormatADPCM (64)
[2014.07.12-02.22.01:757][188]LogModuleManager: Shutting down and abandoning module Android_PVRTCTargetPlatform (63)
[2014.07.12-02.22.01:757][188]LogModuleManager: Shutting down and abandoning module Android_ETC2TargetPlatform (62)
[2014.07.12-02.22.01:757][188]LogModuleManager: Shutting down and abandoning module Android_ETC1TargetPlatform (61)
[2014.07.12-02.22.01:757][188]LogModuleManager: Shutting down and abandoning module Android_DXTTargetPlatform (60)
[2014.07.12-02.22.01:757][188]LogModuleManager: Shutting down and abandoning module Android_ATCTargetPlatform (59)
[2014.07.12-02.22.01:757][188]LogModuleManager: Shutting down and abandoning module AndroidTargetPlatform (58)
[2014.07.12-02.22.01:757][188]LogModuleManager: Shutting down and abandoning module WindowsTargetPlatform (57)
[2014.07.12-02.22.01:757][188]LogModuleManager: Shutting down and abandoning module WindowsServerTargetPlatform (56)
[2014.07.12-02.22.01:757][188]LogModuleManager: Shutting down and abandoning module WindowsNoEditorTargetPlatform (55)
[2014.07.12-02.22.01:757][188]LogModuleManager: Shutting down and abandoning module WindowsClientTargetPlatform (54)
[2014.07.12-02.22.01:757][188]LogModuleManager: Shutting down and abandoning module TargetPlatform (53)
[2014.07.12-02.22.01:757][188]LogModuleManager: Shutting down and abandoning module InputCore (52)
[2014.07.12-02.22.01:757][188]LogModuleManager: Shutting down and abandoning module Settings (51)
[2014.07.12-02.22.01:758][188]LogModuleManager: Shutting down and abandoning module TextureCompressor (48)
[2014.07.12-02.22.01:758][188]LogModuleManager: Shutting down and abandoning module ShaderCore (47)
[2014.07.12-02.22.01:758][188]LogModuleManager: Shutting down and abandoning module OpenGLDrv (46)
[2014.07.12-02.22.01:758][188]LogModuleManager: Shutting down and abandoning module D3D11RHI (45)
[2014.07.12-02.22.01:758][188]LogModuleManager: Shutting down and abandoning module SlateRHIRenderer (44)
[2014.07.12-02.22.01:758][188]LogModuleManager: Shutting down and abandoning module Renderer (43)
[2014.07.12-02.22.01:758][188]LogModuleManager: Shutting down and abandoning module Engine (42)
[2014.07.12-02.22.01:758][188]LogModuleManager: Shutting down and abandoning module SlateRemote (41)
[2014.07.12-02.22.01:758][188]LogModuleManager: Shutting down and abandoning module ScriptPlugin (40)
[2014.07.12-02.22.01:758][188]LogModuleManager: Shutting down and abandoning module ScriptEditorPlugin (38)
[2014.07.12-02.22.01:758][188]LogModuleManager: Shutting down and abandoning module WindowsMoviePlayer (37)
[2014.07.12-02.22.01:766][188]LogModuleManager: Shutting down and abandoning module ExampleDeviceProfileSelector (32)
[2014.07.12-02.22.01:766][188]LogModuleManager: Shutting down and abandoning module CustomMeshComponent (31)
[2014.07.12-02.22.01:766][188]LogModuleManager: Shutting down and abandoning module CableComponent (30)
[2014.07.12-02.22.01:766][188]LogModuleManager: Shutting down and abandoning module OculusRift (26)
[2014.07.12-02.22.01:766][188]LogModuleManager: Shutting down and abandoning module UdpMessaging (25)
[2014.07.12-02.22.01:867][188]LogModuleManager: Shutting down and abandoning module MessagingDebugger (24)
[2014.07.12-02.22.01:867][188]LogModuleManager: Shutting down and abandoning module PluginsEditor (14)
[2014.07.12-02.22.01:867][188]LogModuleManager: Shutting down and abandoning module IntroTutorials (13)
[2014.07.12-02.22.01:867][188]LogModuleManager: Shutting down and abandoning module EpicSurvey (12)
[2014.07.12-02.22.01:867][188]LogModuleManager: Shutting down and abandoning module VisualStudioSourceCodeAccess (10)
[2014.07.12-02.22.01:867][188]LogModuleManager: Shutting down and abandoning module UObjectPlugin (9)
[2014.07.12-02.22.01:867][188]LogModuleManager: Shutting down and abandoning module SubversionSourceControl (8)
[2014.07.12-02.22.01:867][188]LogModuleManager: Shutting down and abandoning module PerforceSourceControl (7)
[2014.07.12-02.22.01:867][188]LogModuleManager: Shutting down and abandoning module BlankPlugin (6)
[2014.07.12-02.22.01:867][188]LogModuleManager: Shutting down and abandoning module CoreUObject (5)
[2014.07.12-02.22.01:867][188]LogModuleManager: Shutting down and abandoning module NetworkFile (4)
[2014.07.12-02.22.01:867][188]LogModuleManager: Shutting down and abandoning module StreamingFile (3)
[2014.07.12-02.22.01:867][188]LogModuleManager: Shutting down and abandoning module SandboxFile (2)
[2014.07.12-02.22.01:867][188]LogModuleManager: Shutting down and abandoning module PakFile (1)
[2014.07.12-02.22.01:868][188]LogExit: Exiting.
[2014.07.12-02.22.01:874][188]Log file closed, 07/11/14 19:22:01
