Log file open, 07/07/14 16:32:12
LogInit:Display: Running engine for game: OrbitFPS
LogInit: Version: 4.2.1-2101290+++depot+UE4-Releases+4.2
LogInit: Compiled (64-bit): Jun 10 2014 22:21:56
LogInit: Build Configuration: Development
LogInit: Branch Name: ++depot+UE4-Releases+4.2
LogInit: Command line: 
LogInit: Base directory: C:/Program Files/Unreal E4/Unreal Engine/4.2/Engine/Binaries/Win64/
LogInit: Rocket: 1
[2014.07.07-23.32.12:637][  0]LogTaskGraph: Started task graph with 3 named threads and 4 total threads.
[2014.07.07-23.32.12:679][  0]LogOnline:Warning: No default platform service specified for OnlineSubsystem
[2014.07.07-23.32.12:706][  0]LogInit: Presizing for 0 objects not considered by GC, pre-allocating 0 bytes.
[2014.07.07-23.32.12:723][  0]LogInit: Object subsystem initialized
[2014.07.07-23.32.12:728][  0]LogInit: Selected Device Profile: [Windows]
[2014.07.07-23.32.12:728][  0]LogInit: Applying CVar settings loaded from the selected device profile: [Windows]
[2014.07.07-23.32.12:742][  0]LogInit: Computer: BEAST
[2014.07.07-23.32.12:742][  0]LogInit: User: Eric
[2014.07.07-23.32.12:745][  0]LogInit: CPU Page size=4096, Cores=4
[2014.07.07-23.32.12:745][  0]LogInit: High frequency timer resolution =2.241064 MHz
[2014.07.07-23.32.12:745][  0]LogMemory: Memory total: Physical=11.9GB (12GB approx) Virtual=8192.0GB
[2014.07.07-23.32.12:746][  0]LogMemory: Platform Memory Stats for Windows
[2014.07.07-23.32.12:746][  0]LogMemory: Process Physical Memory: 56.07 MB used, 56.07 MB peak
[2014.07.07-23.32.12:746][  0]LogMemory: Process Virtual Memory: 32.11 MB used, 32.24 MB peak
[2014.07.07-23.32.12:746][  0]LogMemory: Physical Memory: 8292.68 MB used, 12184.70 MB total
[2014.07.07-23.32.12:746][  0]LogMemory: Virtual Memory: 239.28 MB used, 8388608.00 MB total
[2014.07.07-23.32.12:859][  0]LogD3D11RHI: Found D3D11 adapter 0: Intel(R) HD Graphics 4000 (Feature Level 11_0)
[2014.07.07-23.32.12:859][  0]LogD3D11RHI: Adapter has 4040MB of dedicated video memory, 0MB of dedicated system memory, and 5836MB of shared system memory, 1 output[s]
[2014.07.07-23.32.12:859][  0]LogD3D11RHI: Chosen D3D11 Adapter Id = 0
[2014.07.07-23.32.12:880][  0]LogRHI: Texture pool is 1361 MB (70% of 1945 MB)
[2014.07.07-23.32.12:915][  0]LogD3D11RHI: Async texture creation enabled
[2014.07.07-23.32.13:125][  0]LogContentStreaming: Texture pool size is 0.000000MB
[2014.07.07-23.32.15:574][  0]LogTargetPlatformManager:Display: Building Assets For Windows
[2014.07.07-23.32.15:921][  0]LogTargetPlatformManager:Display: Building Assets For Windows
[2014.07.07-23.32.16:050][  0]LogDerivedDataCache:Display: Max Cache Size: 512 MB
[2014.07.07-23.32.16:162][  0]LogDerivedDataCache: Loaded boot cache 0.11s 39MB C:/Users/Eric/AppData/Local/UnrealEngine/4.2/DerivedDataCache/Boot.ddc.
[2014.07.07-23.32.16:162][  0]LogDerivedDataCache:Display: Loaded Boot cache: C:/Users/Eric/AppData/Local/UnrealEngine/4.2/DerivedDataCache/Boot.ddc
[2014.07.07-23.32.16:162][  0]LogDerivedDataCache: FDerivedDataBackendGraph:  Pak pak cache file ../../../../../../../Users/Eric/Documents/Unreal Projects/OrbitFPS/DerivedDataCache/DDC.ddp not found, will not use a pak cache.
[2014.07.07-23.32.16:162][  0]LogDerivedDataCache: Unable to find inner node Pak for hierarchical cache Hierarchy.
[2014.07.07-23.32.16:190][  0]LogDerivedDataCache:Display: Pak cache opened for reading ../../../Engine/DerivedDataCache/DDC.ddp.
[2014.07.07-23.32.16:203][  0]LogDerivedDataCache: Using Local data cache path C:/Users/Eric/AppData/Local/UnrealEngine/4.2/DerivedDataCache: Writable
[2014.07.07-23.32.16:723][  0]LogMeshUtilities: No automatic mesh reduction module available
[2014.07.07-23.32.16:723][  0]LogMeshUtilities: No automatic mesh merging module available
[2014.07.07-23.32.17:582][  0]LogInit: WinSock: version 1.1 (2.2), MaxSocks=32767, MaxUdp=65467
[2014.07.07-23.32.18:609][  0]LogStreaming:Warning: Failed to read file '../../../Engine/Content/Editor/Slate/Icons/ActorIcons/GroupActor_16x.png' error.
[2014.07.07-23.32.18:609][  0]LogSlate: Could not find file for Slate resource: ../../../Engine/Content/Editor/Slate/Icons/ActorIcons/GroupActor_16x.png
[2014.07.07-23.32.18:622][  0]LogStreaming:Warning: Failed to read file '../../../Engine/Content/Editor/Slate/Icons/ActorIcons/DecalActor_16x.png' error.
[2014.07.07-23.32.18:622][  0]LogSlate: Could not find file for Slate resource: ../../../Engine/Content/Editor/Slate/Icons/ActorIcons/DecalActor_16x.png
[2014.07.07-23.32.19:285][  0]UdpMessaging: Initializing bridge on interface 0.0.0.0:0 to multicast group 230.0.0.1:6666.
[2014.07.07-23.32.19:725][  0]BlueprintLog: New page: Editor Load
[2014.07.07-23.32.19:833][  0]LogObj: 19137 objects as part of root set at end of initial load.
[2014.07.07-23.32.19:833][  0]LogUObjectAllocator: 3804776 out of 0 bytes used by permanent object pool.
[2014.07.07-23.32.20:406][  0]LogEngine: Initializing Engine...
[2014.07.07-23.32.20:665][  0]LogInit: XAudio2 using 'Speakers (Realtek High Definition Audio)' : 2 channels at 48 kHz using 32 bits per sample (channel mask 0x3)
[2014.07.07-23.32.20:731][  0]LogInit: FAudioDevice initialized.
[2014.07.07-23.32.20:775][  0]LogDerivedDataCache: Saved boot cache 0.04s 39MB C:/Users/Eric/AppData/Local/UnrealEngine/4.2/DerivedDataCache/Boot.ddc.
[2014.07.07-23.32.20:781][  0]LogInit: Texture streaming: Enabled
[2014.07.07-23.32.20:869][  0]LogInit: Transaction tracking system initialized
[2014.07.07-23.32.21:218][  0]LogAssetRegistry: FAssetRegistry took 0.0103 seconds to start up
[2014.07.07-23.32.21:705][  0]LogModuleManager:Warning: ModuleManager: Unable to load module '' because the file was not found.
[2014.07.07-23.32.21:722][  0]LogModuleManager:Warning: ModuleManager: Unable to load module '' because the file was not found.
[2014.07.07-23.32.21:858][  0]LogConsoleResponse:Display: 
[2014.07.07-23.32.22:498][  0]LogSourceControl: Attempting 'svn info --xml ../../../../../../../Users/Eric/Documents/Unreal Projects/OrbitFPS/ --non-interactive --trust-server-cert --password ********'
[2014.07.07-23.32.22:836][  0]SourceControl:Warning: Warning svn: E155007: 'C:\Users\Eric\Documents\Unreal' is not a working copy
[2014.07.07-23.32.22:837][  0]SourceControl:Warning: Warning Failed to connect to repository 
[2014.07.07-23.32.22:837][  0]Cmd: MAP LOAD FILE="../../../../../../../Users/Eric/Documents/Unreal Projects/OrbitFPS/Content/Maps/Example_Map.umap" TEMPLATE=0 SHOWPROGRESS=1 WORLDCOMPOSITION=0
[2014.07.07-23.32.22:838][  0]LightingResults: New page: Lighting Build
[2014.07.07-23.32.22:863][  0]MapCheck: New page: Map Check
[2014.07.07-23.32.22:863][  0]LightingResults: New page: Lighting Build
[2014.07.07-23.32.22:892][  0]LogParticles: Destroying 0 GPU particle simulations for FXSystem 0x00000000188345E0
[2014.07.07-23.32.23:893][  0]LogBlueprint:Warning: Node '/Game/Blueprints/BP_BrokenWallSconceSmokey.BP_BrokenWallSconceSmokey:EventGraph.K2Node_VariableGet_235' missing NodeGuid.
[2014.07.07-23.32.24:442][  0]LogEditorServer: Finished looking for orphan Actors (0.000 secs)
[2014.07.07-23.32.24:478][  0]Cmd: MAP CHECKDEP
[2014.07.07-23.32.24:479][  0]MapCheck: New page: Example_Map - Jul 7, 2014, 9:32:24 AM
[2014.07.07-23.32.24:638][  0]MapCheck: Info ========== Map Check: 0 Error(s), 0 Warning(s), [158.937ms] ==========
[2014.07.07-23.32.24:638][  0]LogFileHelpers: Loading map 'Example_Map' took 1.801
[2014.07.07-23.32.25:005][  0]LogCollectionManager: Loaded 0 collections in 0.002735 seconds
[2014.07.07-23.32.25:667][  0]LogCrashTracker: Crashtracker disabled due to settings.
[2014.07.07-23.32.25:695][  0]LogSourceControl: Attempting 'svn info "C:/Users/Eric/Documents/Unreal Projects/OrbitFPS/" --xml --non-interactive --trust-server-cert --password ********'
[2014.07.07-23.32.25:695][  0]Cmd: MODE PLACEMENT
[2014.07.07-23.32.25:920][  0]LogLoad: Full Startup: 15.44 seconds (BP compile: 0.19 seconds)
[2014.07.07-23.32.25:934][  0]LogContentBrowser:Verbose: The content browser source was changed by the sources view to '/Game/Blueprints'
[2014.07.07-23.32.25:980][  0]SourceControl:Error: Error svn: E155007: 'C:\Users\Eric\Documents\Unreal Projects\OrbitFPS' is not a working copy
[2014.07.07-23.32.26:815][  0]LogRenderer:Warning: Reallocating scene render targets to support 1136x904.
[2014.07.07-23.32.27:219][  1]LogEpicStorage:Warning: EnumerateFiles request failed. Invalid response. code=403 error=<?xml version="1.0" encoding="UTF-8"?>
<Error><Code>AccessDenied</Code><Message>Access Denied</Message><RequestId>85E7C8B19C4A97F1</RequestId><HostId>DuH/yVjeBgcbR98biIhdQHnDUsxbooqTGQkr8ObPg6J1b7Q4RSiKOXHSGyqJ2ZxN</HostId></Error>
[2014.07.07-23.32.27:558][  2]LogEpicSurvey:Warning: EnumerateFiles request failed. Invalid response. code=403 error=<?xml version="1.0" encoding="UTF-8"?>
<Error><Code>AccessDenied</Code><Message>Access Denied</Message><RequestId>F2A6F1DDF77B1D7D</RequestId><HostId>GXc54GxiRJc1uimsDAB8zoksf7i5rjglREtu6F1dD+hGqsorT50Gi2Q8mxm+w4XPiYKWasCNlcw=</HostId></Error>
[2014.07.07-23.32.27:615][  3]LogEpicStorage:Warning: EnumerateFiles request failed. Invalid response. code=403 error=<?xml version="1.0" encoding="UTF-8"?>
<Error><Code>AccessDenied</Code><Message>Access Denied</Message><RequestId>8C25B5BBD7D38BDB</RequestId><HostId>Mr9cyGRq+09qx0ZVnngFJbq9XwZhvNvRgwfLVsrwhm8Fc4rFyIcZXxCkrT013f81</HostId></Error>
[2014.07.07-23.32.27:629][  3]LogAssetRegistry: Asset discovery search completed in 6.4221 seconds
[2014.07.07-23.32.27:701][  4]LogEpicSurvey:Warning: EnumerateFiles request failed. Invalid response. code=403 error=<?xml version="1.0" encoding="UTF-8"?>
<Error><Code>AccessDenied</Code><Message>Access Denied</Message><RequestId>DFBEED3FCAA185C2</RequestId><HostId>kRW6zaVhvzdmBLJ2DJ9LqcSFFv8UipooCqWATTcj3upRNqPRYLGmbBJKvj6GNQrc9j2iW8w35C4=</HostId></Error>
[2014.07.07-23.32.27:834][  6]LogEpicStorage:Warning: ReadFile request failed. File request already pending for filename=http://cdn.unrealengine.com/newsfeed/blueprint_icon_b.png
[2014.07.07-23.32.27:841][  6]LogEpicStorage:Warning: ReadFile request failed. File request already pending for filename=http://cdn.unrealengine.com/newsfeed/blueprint_icon_b.png
[2014.07.07-23.32.27:997][  7]LogEpicSurvey:Warning: EnumerateFiles request failed. Invalid response. code=403 error=<?xml version="1.0" encoding="UTF-8"?>
<Error><Code>AccessDenied</Code><Message>Access Denied</Message><RequestId>4860B15BFC548BD1</RequestId><HostId>c3/ijkx7xNgGUKCGXDBPpJR6ZBkBBRkRjRx/1hVMQ/WFPZtU52yieJYxXXzrprzS</HostId></Error>
[2014.07.07-23.32.28:581][ 17]LogSourceControl: Attempting 'svn status --show-updates --verbose --xml "C:/Users/Eric/Documents/Unreal Projects/OrbitFPS/Content/Blueprints/BP_BrokenWallSconceSmokey.uasset" --non-interactive --trust-server-cert --password ********'
[2014.07.07-23.32.28:692][ 19]SourceControl: Info svn: warning: W155007: 'C:\Users\Eric\Documents\Unreal Projects\OrbitFPS\Content\Blueprints\BP_BrokenWallSconceSmokey.uasset' is not a working copy
[2014.07.07-23.32.31:226][ 93]LogSourceControl: Attempting 'svn status --show-updates --verbose --xml "C:/Users/Eric/Documents/Unreal Projects/OrbitFPS/Content/Blueprints/Blueprint_CeilingLight.uasset" "C:/Users/Eric/Documents/Unreal Projects/OrbitFPS/Content/Blueprints/Blueprint_Effect_Explosion.uasset" --non-interactive --trust-server-cert --password ********'
[2014.07.07-23.32.31:339][ 96]SourceControl: Info svn: warning: W155007: 'C:\Users\Eric\Documents\Unreal Projects\OrbitFPS\Content\Blueprints\Blueprint_CeilingLight.uasset' is not a working copy
[2014.07.07-23.32.31:339][ 96]SourceControl: Info svn: warning: W155007: 'C:\Users\Eric\Documents\Unreal Projects\OrbitFPS\Content\Blueprints\Blueprint_Effect_Explosion.uasset' is not a working copy
[2014.07.07-23.32.35:297][222]LogSourceControl: Attempting 'svn status --show-updates --verbose --xml "C:/Users/Eric/Documents/Unreal Projects/OrbitFPS/Content/Blueprints/Blueprint_Effect_Fire.uasset" "C:/Users/Eric/Documents/Unreal Projects/OrbitFPS/Content/Blueprints/Blueprint_Effect_Smoke.uasset" "C:/Users/Eric/Documents/Unreal Projects/OrbitFPS/Content/Blueprints/Blueprint_Effect_Sparks.uasset" "C:/Users/Eric/Documents/Unreal Projects/OrbitFPS/Content/Blueprints/Blueprint_Effect_Steam.uasset" "C:/Users/Eric/Documents/Unreal Projects/OrbitFPS/Content/Blueprints/Blueprint_WallSconce.uasset" "C:/Users/Eric/Documents/Unreal Projects/OrbitFPS/Content/Blueprints/BP_Spawn.uasset" "C:/Users/Eric/Documents/Unreal Projects/OrbitFPS/Content/Blueprints/MyCharacter.uasset" --non-interactive --trust-server-cert --password ********'
[2014.07.07-23.32.35:402][225]SourceControl: Info svn: warning: W155007: 'C:\Users\Eric\Documents\Unreal Projects\OrbitFPS\Content\Blueprints\Blueprint_Effect_Fire.uasset' is not a working copy
[2014.07.07-23.32.35:402][225]SourceControl: Info svn: warning: W155007: 'C:\Users\Eric\Documents\Unreal Projects\OrbitFPS\Content\Blueprints\Blueprint_Effect_Smoke.uasset' is not a working copy
[2014.07.07-23.32.35:403][225]SourceControl: Info svn: warning: W155007: 'C:\Users\Eric\Documents\Unreal Projects\OrbitFPS\Content\Blueprints\Blueprint_Effect_Sparks.uasset' is not a working copy
[2014.07.07-23.32.35:403][225]SourceControl: Info svn: warning: W155007: 'C:\Users\Eric\Documents\Unreal Projects\OrbitFPS\Content\Blueprints\Blueprint_Effect_Steam.uasset' is not a working copy
[2014.07.07-23.32.35:403][225]SourceControl: Info svn: warning: W155007: 'C:\Users\Eric\Documents\Unreal Projects\OrbitFPS\Content\Blueprints\Blueprint_WallSconce.uasset' is not a working copy
[2014.07.07-23.32.35:403][225]SourceControl: Info svn: warning: W155007: 'C:\Users\Eric\Documents\Unreal Projects\OrbitFPS\Content\Blueprints\BP_Spawn.uasset' is not a working copy
[2014.07.07-23.32.35:403][225]SourceControl: Info svn: warning: W155007: 'C:\Users\Eric\Documents\Unreal Projects\OrbitFPS\Content\Blueprints\MyCharacter.uasset' is not a working copy
[2014.07.07-23.32.41:883][423]LogLinker:Warning: Asset '../../../../../../../Users/Eric/Documents/Unreal Projects/OrbitFPS/Content/Blueprints/Blueprint_Effect_Smoke.uasset' has been saved with empty engine version. The asset will be loaded but may be incompatible.
[2014.07.07-23.32.50:805][681]LogSourceControl: Attempting 'svn status --show-updates --verbose --xml "C:/Users/Eric/Documents/Unreal Projects/OrbitFPS/Content/Maps/Example_Map.umap" --non-interactive --trust-server-cert --password ********'
[2014.07.07-23.32.50:886][681]SourceControl: Info svn: warning: W155007: 'C:\Users\Eric\Documents\Unreal Projects\OrbitFPS\Content\Maps\Example_Map.umap' is not a working copy
[2014.07.07-23.32.51:529][681]LogSavePackage: Save=259.384369ms
[2014.07.07-23.32.51:529][681]LogSavePackage: Moving '../../../../../../../Users/Eric/Documents/Unreal Projects/OrbitFPS/Saved/Example_MapCB13277F46845635E538F9B47BADAEBA.tmp' to '../../../../../../../Users/Eric/Documents/Unreal Projects/OrbitFPS/Content/Maps/Example_Map.umap'
[2014.07.07-23.32.51:573][681]LogFileHelpers: Saving map 'Example_Map' took 0.595
[2014.07.07-23.35.31:213][502]Cmd: QUIT_EDITOR
[2014.07.07-23.35.31:350][502]LogWindowsTextInputMethodSystem:Error: Terminating failed while unadvising the language notification sink from the TSF source.
[2014.07.07-23.35.31:351][502]LogExit: Preparing to exit.
[2014.07.07-23.35.32:494][502]LogExit: Editor shut down
[2014.07.07-23.35.32:495][502]LogExit: Transaction tracking system shut down
[2014.07.07-23.35.32:538][502]LogParticles: Destroying 0 GPU particle simulations for FXSystem 0x000000000C153B00
[2014.07.07-23.35.32:538][502]LogParticles: Destroying 0 GPU particle simulations for FXSystem 0x000000000CD7D940
[2014.07.07-23.35.32:538][502]LogExit: Object subsystem successfully closed.
[2014.07.07-23.35.32:639][502]LogModuleManager: Shutting down and abandoning module AndroidDeviceDetection (163)
[2014.07.07-23.35.32:639][502]LogModuleManager: Shutting down and abandoning module CrashTracker (162)
[2014.07.07-23.35.32:639][502]LogModuleManager: Shutting down and abandoning module HTTP (161)
[2014.07.07-23.35.32:639][502]LogModuleManager: Shutting down and abandoning module NewsFeed (160)
[2014.07.07-23.35.32:639][502]LogModuleManager: Shutting down and abandoning module SceneOutliner (159)
[2014.07.07-23.35.32:639][502]LogModuleManager: Shutting down and abandoning module EditorWidgets (158)
[2014.07.07-23.35.32:639][502]LogModuleManager: Shutting down and abandoning module CollectionManager (157)
[2014.07.07-23.35.32:640][502]LogModuleManager: Shutting down and abandoning module StatsViewer (156)
[2014.07.07-23.35.32:640][502]LogModuleManager: Shutting down and abandoning module FoliageEdit (155)
[2014.07.07-23.35.32:640][502]LogModuleManager: Shutting down and abandoning module LandscapeEditor (154)
[2014.07.07-23.35.32:647][502]LogModuleManager: Shutting down and abandoning module MeshPaint (153)
[2014.07.07-23.35.32:647][502]LogModuleManager: Shutting down and abandoning module ActorPickerMode (152)
[2014.07.07-23.35.32:647][502]LogModuleManager: Shutting down and abandoning module GeometryMode (151)
[2014.07.07-23.35.32:647][502]LogModuleManager: Shutting down and abandoning module TextureAlignMode (150)
[2014.07.07-23.35.32:647][502]LogModuleManager: Shutting down and abandoning module BspMode (149)
[2014.07.07-23.35.32:647][502]LogModuleManager: Shutting down and abandoning module PlacementMode (148)
[2014.07.07-23.35.32:648][502]LogModuleManager: Shutting down and abandoning module AutomationWorker (147)
[2014.07.07-23.35.32:648][502]LogModuleManager: Shutting down and abandoning module ViewportSnapping (146)
[2014.07.07-23.35.32:648][502]LogModuleManager: Shutting down and abandoning module DeviceProfileEditor (145)
[2014.07.07-23.35.32:648][502]LogModuleManager: Shutting down and abandoning module UndoHistory (144)
[2014.07.07-23.35.32:648][502]LogModuleManager: Shutting down and abandoning module GameplayTagsEditor (143)
[2014.07.07-23.35.32:648][502]LogModuleManager: Shutting down and abandoning module UserFeedback (142)
[2014.07.07-23.35.32:648][502]LogModuleManager: Shutting down and abandoning module XmlParser (141)
[2014.07.07-23.35.32:648][502]LogModuleManager: Shutting down and abandoning module Blutility (140)
[2014.07.07-23.35.32:648][502]LogModuleManager: Shutting down and abandoning module AndroidPlatformEditor (137)
[2014.07.07-23.35.32:648][502]LogModuleManager: Shutting down and abandoning module AndroidRuntimeSettings (136)
[2014.07.07-23.35.32:648][502]LogModuleManager: Shutting down and abandoning module ProjectSettingsViewer (135)
[2014.07.07-23.35.32:648][502]LogModuleManager: Shutting down and abandoning module InputBindingEditor (134)
[2014.07.07-23.35.32:649][502]LogModuleManager: Shutting down and abandoning module EditorSettingsViewer (133)
[2014.07.07-23.35.32:649][502]LogModuleManager: Shutting down and abandoning module SettingsEditor (132)
[2014.07.07-23.35.32:649][502]LogModuleManager: Shutting down and abandoning module SessionLauncher (131)
[2014.07.07-23.35.32:649][502]LogModuleManager: Shutting down and abandoning module SessionFrontend (130)
[2014.07.07-23.35.32:649][502]LogModuleManager: Shutting down and abandoning module ProfilerClient (129)
[2014.07.07-23.35.32:649][502]LogModuleManager: Shutting down and abandoning module TargetDeviceServices (128)
[2014.07.07-23.35.32:649][502]LogModuleManager: Shutting down and abandoning module DeviceManager (127)
[2014.07.07-23.35.32:649][502]LogModuleManager: Shutting down and abandoning module AutomationController (126)
[2014.07.07-23.35.32:649][502]LogModuleManager: Shutting down and abandoning module AutomationWindow (125)
[2014.07.07-23.35.32:649][502]LogModuleManager: Shutting down and abandoning module Layers (124)
[2014.07.07-23.35.32:649][502]LogModuleManager: Shutting down and abandoning module ComponentVisualizers (123)
[2014.07.07-23.35.32:649][502]LogModuleManager: Shutting down and abandoning module DetailCustomizations (122)
[2014.07.07-23.35.32:649][502]LogModuleManager: Shutting down and abandoning module PackagesDialog (121)
[2014.07.07-23.35.32:649][502]LogModuleManager: Shutting down and abandoning module PropertyEditor (120)
[2014.07.07-23.35.32:650][502]LogModuleManager: Shutting down and abandoning module DirectoryWatcher (119)
[2014.07.07-23.35.32:650][502]LogModuleManager: Shutting down and abandoning module AssetRegistry (118)
[2014.07.07-23.35.32:711][502]LogModuleManager: Shutting down and abandoning module Persona (117)
[2014.07.07-23.35.32:711][502]LogModuleManager: Shutting down and abandoning module GraphEditor (116)
[2014.07.07-23.35.32:711][502]LogModuleManager: Shutting down and abandoning module ContentBrowser (115)
[2014.07.07-23.35.32:711][502]LogModuleManager: Shutting down and abandoning module ClassViewer (114)
[2014.07.07-23.35.32:711][502]LogModuleManager: Shutting down and abandoning module Toolbox (113)
[2014.07.07-23.35.32:711][502]LogModuleManager: Shutting down and abandoning module ModuleUI (112)
[2014.07.07-23.35.32:711][502]LogModuleManager: Shutting down and abandoning module Sequencer (111)
[2014.07.07-23.35.32:711][502]LogModuleManager: Shutting down and abandoning module AssetTools (110)
[2014.07.07-23.35.32:712][502]LogModuleManager: Shutting down and abandoning module MovieSceneTools (109)
[2014.07.07-23.35.32:712][502]LogModuleManager: Shutting down and abandoning module OutputLog (108)
[2014.07.07-23.35.32:712][502]LogModuleManager: Shutting down and abandoning module GammaUI (107)
[2014.07.07-23.35.32:712][502]LogModuleManager: Shutting down and abandoning module Documentation (106)
[2014.07.07-23.35.32:712][502]LogModuleManager: Shutting down and abandoning module StreamingPauseRendering (105)
[2014.07.07-23.35.32:712][502]LogModuleManager: Shutting down and abandoning module AnalyticsET (104)
[2014.07.07-23.35.32:712][502]LogModuleManager: Shutting down and abandoning module Analytics (103)
[2014.07.07-23.35.32:712][502]LogModuleManager: Shutting down and abandoning module ProfilerService (102)
[2014.07.07-23.35.32:780][502]LogModuleManager: Shutting down and abandoning module TaskGraph (101)
[2014.07.07-23.35.32:780][502]LogModuleManager: Shutting down and abandoning module GameProjectGeneration (100)
[2014.07.07-23.35.32:780][502]LogModuleManager: Shutting down and abandoning module Matinee (99)
[2014.07.07-23.35.32:780][502]LogModuleManager: Shutting down and abandoning module Kismet (98)
[2014.07.07-23.35.32:780][502]LogModuleManager: Shutting down and abandoning module SlateReflector (97)
[2014.07.07-23.35.32:780][502]LogModuleManager: Shutting down and abandoning module LevelEditor (96)
[2014.07.07-23.35.32:782][502]LogModuleManager: Shutting down and abandoning module MainFrame (95)
[2014.07.07-23.35.32:782][502]LogModuleManager: Shutting down and abandoning module SourceControl (94)
[2014.07.07-23.35.32:782][502]LogModuleManager: Shutting down and abandoning module ImageWrapper (93)
[2014.07.07-23.35.32:782][502]LogModuleManager: Shutting down and abandoning module OnlineBlueprintSupport (92)
[2014.07.07-23.35.32:782][502]LogModuleManager: Shutting down and abandoning module FunctionalTesting (91)
[2014.07.07-23.35.32:782][502]LogModuleManager: Shutting down and abandoning module CollisionAnalyzer (90)
[2014.07.07-23.35.32:782][502]LogModuleManager: Shutting down and abandoning module WorkspaceMenuStructure (89)
[2014.07.07-23.35.32:783][502]LogModuleManager: Shutting down and abandoning module MessageLog (88)
[2014.07.07-23.35.32:783][502]LogModuleManager: Shutting down and abandoning module Slate (87)
[2014.07.07-23.35.32:783][502]LogModuleManager: Shutting down and abandoning module EditorStyle (86)
[2014.07.07-23.35.32:786][502]LogModuleManager: Shutting down and abandoning module SessionServices (85)
[2014.07.07-23.35.32:786][502]LogModuleManager: Shutting down and abandoning module Messaging (84)
[2014.07.07-23.35.32:786][502]LogModuleManager: Shutting down and abandoning module SourceCodeAccess (83)
[2014.07.07-23.35.32:786][502]LogModuleManager: Shutting down and abandoning module HeadMountedDisplay (82)
[2014.07.07-23.35.32:786][502]LogModuleManager: Shutting down and abandoning module XAudio2 (81)
[2014.07.07-23.35.32:786][502]LogModuleManager: Shutting down and abandoning module Networking (79)
[2014.07.07-23.35.32:786][502]LogModuleManager: Shutting down and abandoning module Core (78)
[2014.07.07-23.35.32:786][502]LogModuleManager: Shutting down and abandoning module KismetCompiler (77)
[2014.07.07-23.35.32:787][502]LogModuleManager: Shutting down and abandoning module PhysXFormats (76)
[2014.07.07-23.35.32:787][502]LogModuleManager: Shutting down and abandoning module SimplygonMeshReduction (75)
[2014.07.07-23.35.32:787][502]LogModuleManager: Shutting down and abandoning module MeshUtilities (74)
[2014.07.07-23.35.32:787][502]LogModuleManager: Shutting down and abandoning module DerivedDataCache (73)
[2014.07.07-23.35.32:877][502]LogDerivedDataCache: Shutdown
[2014.07.07-23.35.32:877][502]LogModuleManager: Shutting down and abandoning module ShaderFormatOpenGL (72)
[2014.07.07-23.35.32:877][502]LogModuleManager: Shutting down and abandoning module ShaderFormatD3D (71)
[2014.07.07-23.35.32:877][502]LogModuleManager: Shutting down and abandoning module TextureFormatUncompressed (70)
[2014.07.07-23.35.32:877][502]LogModuleManager: Shutting down and abandoning module TextureFormatPVR (69)
[2014.07.07-23.35.32:877][502]LogModuleManager: Shutting down and abandoning module TextureFormatDXT (68)
[2014.07.07-23.35.32:877][502]LogModuleManager: Shutting down and abandoning module TextureFormatAndroid (67)
[2014.07.07-23.35.32:877][502]LogModuleManager: Shutting down and abandoning module AudioFormatOpus (66)
[2014.07.07-23.35.32:877][502]LogModuleManager: Shutting down and abandoning module AudioFormatOgg (65)
[2014.07.07-23.35.32:877][502]LogModuleManager: Shutting down and abandoning module AudioFormatADPCM (64)
[2014.07.07-23.35.32:877][502]LogModuleManager: Shutting down and abandoning module Android_PVRTCTargetPlatform (63)
[2014.07.07-23.35.32:877][502]LogModuleManager: Shutting down and abandoning module Android_ETC2TargetPlatform (62)
[2014.07.07-23.35.32:877][502]LogModuleManager: Shutting down and abandoning module Android_ETC1TargetPlatform (61)
[2014.07.07-23.35.32:877][502]LogModuleManager: Shutting down and abandoning module Android_DXTTargetPlatform (60)
[2014.07.07-23.35.32:877][502]LogModuleManager: Shutting down and abandoning module Android_ATCTargetPlatform (59)
[2014.07.07-23.35.32:877][502]LogModuleManager: Shutting down and abandoning module AndroidTargetPlatform (58)
[2014.07.07-23.35.32:877][502]LogModuleManager: Shutting down and abandoning module WindowsTargetPlatform (57)
[2014.07.07-23.35.32:877][502]LogModuleManager: Shutting down and abandoning module WindowsServerTargetPlatform (56)
[2014.07.07-23.35.32:877][502]LogModuleManager: Shutting down and abandoning module WindowsNoEditorTargetPlatform (55)
[2014.07.07-23.35.32:877][502]LogModuleManager: Shutting down and abandoning module WindowsClientTargetPlatform (54)
[2014.07.07-23.35.32:877][502]LogModuleManager: Shutting down and abandoning module TargetPlatform (53)
[2014.07.07-23.35.32:877][502]LogModuleManager: Shutting down and abandoning module InputCore (52)
[2014.07.07-23.35.32:877][502]LogModuleManager: Shutting down and abandoning module Settings (51)
[2014.07.07-23.35.32:878][502]LogModuleManager: Shutting down and abandoning module TextureCompressor (48)
[2014.07.07-23.35.32:878][502]LogModuleManager: Shutting down and abandoning module ShaderCore (47)
[2014.07.07-23.35.32:878][502]LogModuleManager: Shutting down and abandoning module OpenGLDrv (46)
[2014.07.07-23.35.32:878][502]LogModuleManager: Shutting down and abandoning module D3D11RHI (45)
[2014.07.07-23.35.32:878][502]LogModuleManager: Shutting down and abandoning module SlateRHIRenderer (44)
[2014.07.07-23.35.32:878][502]LogModuleManager: Shutting down and abandoning module Renderer (43)
[2014.07.07-23.35.32:878][502]LogModuleManager: Shutting down and abandoning module Engine (42)
[2014.07.07-23.35.32:878][502]LogModuleManager: Shutting down and abandoning module SlateRemote (41)
[2014.07.07-23.35.32:878][502]LogModuleManager: Shutting down and abandoning module ScriptPlugin (40)
[2014.07.07-23.35.32:878][502]LogModuleManager: Shutting down and abandoning module ScriptEditorPlugin (38)
[2014.07.07-23.35.32:878][502]LogModuleManager: Shutting down and abandoning module WindowsMoviePlayer (37)
[2014.07.07-23.35.32:882][502]LogModuleManager: Shutting down and abandoning module ExampleDeviceProfileSelector (32)
[2014.07.07-23.35.32:882][502]LogModuleManager: Shutting down and abandoning module CustomMeshComponent (31)
[2014.07.07-23.35.32:882][502]LogModuleManager: Shutting down and abandoning module CableComponent (30)
[2014.07.07-23.35.32:882][502]LogModuleManager: Shutting down and abandoning module OculusRift (26)
[2014.07.07-23.35.32:882][502]LogModuleManager: Shutting down and abandoning module UdpMessaging (25)
[2014.07.07-23.35.32:982][502]LogModuleManager: Shutting down and abandoning module MessagingDebugger (24)
[2014.07.07-23.35.32:982][502]LogModuleManager: Shutting down and abandoning module PluginsEditor (14)
[2014.07.07-23.35.32:982][502]LogModuleManager: Shutting down and abandoning module IntroTutorials (13)
[2014.07.07-23.35.32:982][502]LogModuleManager: Shutting down and abandoning module EpicSurvey (12)
[2014.07.07-23.35.32:982][502]LogModuleManager: Shutting down and abandoning module VisualStudioSourceCodeAccess (10)
[2014.07.07-23.35.32:982][502]LogModuleManager: Shutting down and abandoning module UObjectPlugin (9)
[2014.07.07-23.35.32:982][502]LogModuleManager: Shutting down and abandoning module SubversionSourceControl (8)
[2014.07.07-23.35.32:982][502]LogModuleManager: Shutting down and abandoning module PerforceSourceControl (7)
[2014.07.07-23.35.32:982][502]LogModuleManager: Shutting down and abandoning module BlankPlugin (6)
[2014.07.07-23.35.32:982][502]LogModuleManager: Shutting down and abandoning module CoreUObject (5)
[2014.07.07-23.35.32:982][502]LogModuleManager: Shutting down and abandoning module NetworkFile (4)
[2014.07.07-23.35.32:982][502]LogModuleManager: Shutting down and abandoning module StreamingFile (3)
[2014.07.07-23.35.32:982][502]LogModuleManager: Shutting down and abandoning module SandboxFile (2)
[2014.07.07-23.35.32:982][502]LogModuleManager: Shutting down and abandoning module PakFile (1)
[2014.07.07-23.35.32:983][502]LogExit: Exiting.
[2014.07.07-23.35.32:990][502]Log file closed, 07/07/14 16:35:32
