Log file open, 07/10/14 21:03:54
LogInit:Display: Running engine for game: OrbitFPS
LogInit: Version: 4.2.1-2101290+++depot+UE4-Releases+4.2
LogInit: Compiled (64-bit): Jun 10 2014 22:21:56
LogInit: Build Configuration: Development
LogInit: Branch Name: ++depot+UE4-Releases+4.2
LogInit: Command line: 
LogInit: Base directory: C:/Program Files/Unreal E4/Unreal Engine/4.2/Engine/Binaries/Win64/
LogInit: Rocket: 1
[2014.07.11-04.03.54:720][  0]LogTaskGraph: Started task graph with 3 named threads and 4 total threads.
[2014.07.11-04.03.54:764][  0]LogOnline:Warning: No default platform service specified for OnlineSubsystem
[2014.07.11-04.03.54:790][  0]LogInit: Presizing for 0 objects not considered by GC, pre-allocating 0 bytes.
[2014.07.11-04.03.54:806][  0]LogInit: Object subsystem initialized
[2014.07.11-04.03.54:811][  0]LogInit: Selected Device Profile: [Windows]
[2014.07.11-04.03.54:811][  0]LogInit: Applying CVar settings loaded from the selected device profile: [Windows]
[2014.07.11-04.03.54:824][  0]LogInit: Computer: BEAST
[2014.07.11-04.03.54:824][  0]LogInit: User: Eric
[2014.07.11-04.03.54:827][  0]LogInit: CPU Page size=4096, Cores=4
[2014.07.11-04.03.54:827][  0]LogInit: High frequency timer resolution =2.241074 MHz
[2014.07.11-04.03.54:827][  0]LogMemory: Memory total: Physical=11.9GB (12GB approx) Virtual=8192.0GB
[2014.07.11-04.03.54:827][  0]LogMemory: Platform Memory Stats for Windows
[2014.07.11-04.03.54:827][  0]LogMemory: Process Physical Memory: 55.90 MB used, 55.90 MB peak
[2014.07.11-04.03.54:827][  0]LogMemory: Process Virtual Memory: 32.14 MB used, 32.32 MB peak
[2014.07.11-04.03.54:827][  0]LogMemory: Physical Memory: 5168.51 MB used, 12184.70 MB total
[2014.07.11-04.03.54:827][  0]LogMemory: Virtual Memory: 235.34 MB used, 8388608.00 MB total
[2014.07.11-04.03.54:935][  0]LogD3D11RHI: Found D3D11 adapter 0: Intel(R) HD Graphics 4000 (Feature Level 11_0)
[2014.07.11-04.03.54:935][  0]LogD3D11RHI: Adapter has 4040MB of dedicated video memory, 0MB of dedicated system memory, and 5836MB of shared system memory, 1 output[s]
[2014.07.11-04.03.54:935][  0]LogD3D11RHI: Chosen D3D11 Adapter Id = 0
[2014.07.11-04.03.54:959][  0]LogRHI: Texture pool is 1361 MB (70% of 1945 MB)
[2014.07.11-04.03.54:993][  0]LogD3D11RHI: Async texture creation enabled
[2014.07.11-04.03.55:220][  0]LogContentStreaming: Texture pool size is 0.000000MB
[2014.07.11-04.03.57:639][  0]LogTargetPlatformManager:Display: Building Assets For Windows
[2014.07.11-04.03.57:982][  0]LogTargetPlatformManager:Display: Building Assets For Windows
[2014.07.11-04.03.58:101][  0]LogDerivedDataCache:Display: Max Cache Size: 512 MB
[2014.07.11-04.03.58:258][  0]LogDerivedDataCache: Loaded boot cache 0.16s 39MB C:/Users/Eric/AppData/Local/UnrealEngine/4.2/DerivedDataCache/Boot.ddc.
[2014.07.11-04.03.58:258][  0]LogDerivedDataCache:Display: Loaded Boot cache: C:/Users/Eric/AppData/Local/UnrealEngine/4.2/DerivedDataCache/Boot.ddc
[2014.07.11-04.03.58:258][  0]LogDerivedDataCache: FDerivedDataBackendGraph:  Pak pak cache file ../../../../../../../Users/Eric/Documents/Unreal Projects/OrbitFPS/DerivedDataCache/DDC.ddp not found, will not use a pak cache.
[2014.07.11-04.03.58:258][  0]LogDerivedDataCache: Unable to find inner node Pak for hierarchical cache Hierarchy.
[2014.07.11-04.03.58:291][  0]LogDerivedDataCache:Display: Pak cache opened for reading ../../../Engine/DerivedDataCache/DDC.ddp.
[2014.07.11-04.03.58:304][  0]LogDerivedDataCache: Using Local data cache path C:/Users/Eric/AppData/Local/UnrealEngine/4.2/DerivedDataCache: Writable
[2014.07.11-04.03.58:817][  0]LogMeshUtilities: No automatic mesh reduction module available
[2014.07.11-04.03.58:817][  0]LogMeshUtilities: No automatic mesh merging module available
[2014.07.11-04.03.59:738][  0]LogInit: WinSock: version 1.1 (2.2), MaxSocks=32767, MaxUdp=65467
[2014.07.11-04.04.00:725][  0]LogStreaming:Warning: Failed to read file '../../../Engine/Content/Editor/Slate/Icons/ActorIcons/GroupActor_16x.png' error.
[2014.07.11-04.04.00:725][  0]LogSlate: Could not find file for Slate resource: ../../../Engine/Content/Editor/Slate/Icons/ActorIcons/GroupActor_16x.png
[2014.07.11-04.04.00:738][  0]LogStreaming:Warning: Failed to read file '../../../Engine/Content/Editor/Slate/Icons/ActorIcons/DecalActor_16x.png' error.
[2014.07.11-04.04.00:738][  0]LogSlate: Could not find file for Slate resource: ../../../Engine/Content/Editor/Slate/Icons/ActorIcons/DecalActor_16x.png
[2014.07.11-04.04.01:384][  0]UdpMessaging: Initializing bridge on interface 0.0.0.0:0 to multicast group 230.0.0.1:6666.
[2014.07.11-04.04.01:810][  0]BlueprintLog: New page: Editor Load
[2014.07.11-04.04.01:919][  0]LogObj: 19137 objects as part of root set at end of initial load.
[2014.07.11-04.04.01:919][  0]LogUObjectAllocator: 3804776 out of 0 bytes used by permanent object pool.
[2014.07.11-04.04.02:483][  0]LogEngine: Initializing Engine...
[2014.07.11-04.04.02:746][  0]LogInit: XAudio2 using 'Speakers (Realtek High Definition Audio)' : 2 channels at 48 kHz using 32 bits per sample (channel mask 0x3)
[2014.07.11-04.04.02:783][  0]LogInit: FAudioDevice initialized.
[2014.07.11-04.04.02:842][  0]LogDerivedDataCache: Saved boot cache 0.05s 39MB C:/Users/Eric/AppData/Local/UnrealEngine/4.2/DerivedDataCache/Boot.ddc.
[2014.07.11-04.04.02:848][  0]LogInit: Texture streaming: Enabled
[2014.07.11-04.04.02:935][  0]LogInit: Transaction tracking system initialized
[2014.07.11-04.04.03:261][  0]LogAssetRegistry: FAssetRegistry took 0.0099 seconds to start up
[2014.07.11-04.04.03:776][  0]LogModuleManager:Warning: ModuleManager: Unable to load module '' because the file was not found.
[2014.07.11-04.04.03:795][  0]LogModuleManager:Warning: ModuleManager: Unable to load module '' because the file was not found.
[2014.07.11-04.04.03:953][  0]LogConsoleResponse:Display: 
[2014.07.11-04.04.04:560][  0]LogSourceControl: Attempting 'svn info --xml ../../../../../../../Users/Eric/Documents/Unreal Projects/OrbitFPS/ --non-interactive --trust-server-cert --password ********'
[2014.07.11-04.04.04:639][  0]SourceControl:Warning: Warning svn: E155007: 'C:\Users\Eric\Documents\Unreal' is not a working copy
[2014.07.11-04.04.04:639][  0]SourceControl:Warning: Warning Failed to connect to repository 
[2014.07.11-04.04.04:640][  0]Cmd: MAP LOAD FILE="../../../../../../../Users/Eric/Documents/Unreal Projects/OrbitFPS/Content/Maps/Example_Map.umap" TEMPLATE=0 SHOWPROGRESS=1 WORLDCOMPOSITION=0
[2014.07.11-04.04.04:641][  0]LightingResults: New page: Lighting Build
[2014.07.11-04.04.04:661][  0]MapCheck: New page: Map Check
[2014.07.11-04.04.04:661][  0]LightingResults: New page: Lighting Build
[2014.07.11-04.04.04:686][  0]LogParticles: Destroying 0 GPU particle simulations for FXSystem 0x00000000120805E0
[2014.07.11-04.04.05:245][  0]LogBlueprint:Warning: Node '/Game/Blueprints/BP_BrokenWallSconceSmokey.BP_BrokenWallSconceSmokey:EventGraph.K2Node_VariableGet_235' missing NodeGuid.
[2014.07.11-04.04.05:318][  0]LogEditorServer: Finished looking for orphan Actors (0.000 secs)
[2014.07.11-04.04.05:318][  0]Cmd: MAP CHECKDEP
[2014.07.11-04.04.05:319][  0]MapCheck: New page: Example_Map - Jul 10, 2014, 2:04:05 PM
[2014.07.11-04.04.05:477][  0]MapCheck: Info ========== Map Check: 0 Error(s), 0 Warning(s), [157.935ms] ==========
[2014.07.11-04.04.05:477][  0]LogFileHelpers: Loading map 'Example_Map' took 0.837
[2014.07.11-04.04.05:679][  0]LogCollectionManager: Loaded 0 collections in 0.002493 seconds
[2014.07.11-04.04.05:934][  0]LogCrashTracker: Crashtracker disabled due to settings.
[2014.07.11-04.04.05:936][  0]Cmd: MODE PLACEMENT
[2014.07.11-04.04.06:003][  0]LogSourceControl: Attempting 'svn info "C:/Users/Eric/Documents/Unreal Projects/OrbitFPS/" --xml --non-interactive --trust-server-cert --password ********'
[2014.07.11-04.04.06:033][  0]LogLoad: Full Startup: 13.50 seconds (BP compile: 0.19 seconds)
[2014.07.11-04.04.06:058][  0]LogContentBrowser:Verbose: The content browser source was changed by the sources view to '/Game/Particles'
[2014.07.11-04.04.06:071][  0]SourceControl:Error: Error svn: E155007: 'C:\Users\Eric\Documents\Unreal Projects\OrbitFPS' is not a working copy
[2014.07.11-04.04.06:304][  0]LogRenderer:Warning: Reallocating scene render targets to support 32x32.
[2014.07.11-04.04.06:380][  0]LogRenderer:Warning: Reallocating scene render targets to support 1136x904.
[2014.07.11-04.04.06:627][  1]LogEpicStorage:Warning: EnumerateFiles request failed. Invalid response. code=403 error=<?xml version="1.0" encoding="UTF-8"?>
<Error><Code>AccessDenied</Code><Message>Access Denied</Message><RequestId>A50CCC4F4A5A7868</RequestId><HostId>GEtKqL6/4gQXl/cC20o/hGYc6+PbJmaV4eN6mwXwDpPt0KdvrVNpBxcS8Iyb7uXs</HostId></Error>
[2014.07.11-04.04.06:705][  2]LogEpicSurvey:Warning: EnumerateFiles request failed. Invalid response. code=403 error=<?xml version="1.0" encoding="UTF-8"?>
<Error><Code>AccessDenied</Code><Message>Access Denied</Message><RequestId>23F270F36119498C</RequestId><HostId>Agla/REHrNm8mku29SbcPxedP3yXHSJojU1QSfbfZwvAiADBHP/GLULLA9LY6oxE</HostId></Error>
[2014.07.11-04.04.06:809][  3]LogEpicStorage:Warning: EnumerateFiles request failed. Invalid response. code=403 error=<?xml version="1.0" encoding="UTF-8"?>
<Error><Code>AccessDenied</Code><Message>Access Denied</Message><RequestId>50A0468312ADE64B</RequestId><HostId>5vz7NpfFw2men9XuF/Mu4mwiOk6dMKdda/2qD7m+cVmP3v9ira+HoAD236PaOYGZIL9PMyiouu8=</HostId></Error>
[2014.07.11-04.04.06:850][  4]LogEpicSurvey:Warning: EnumerateFiles request failed. Invalid response. code=403 error=<?xml version="1.0" encoding="UTF-8"?>
<Error><Code>AccessDenied</Code><Message>Access Denied</Message><RequestId>703F77236B120C62</RequestId><HostId>HbXir9smg8q8nWqMDbYduAYWir7xMpYFjRP0eaA6EPKIKonIGcYi2t1lWRmgDMF8</HostId></Error>
[2014.07.11-04.04.06:909][  5]LogAssetRegistry: Asset discovery search completed in 3.6579 seconds
[2014.07.11-04.04.06:979][  6]LogEpicSurvey:Warning: EnumerateFiles request failed. Invalid response. code=403 error=<?xml version="1.0" encoding="UTF-8"?>
<Error><Code>AccessDenied</Code><Message>Access Denied</Message><RequestId>4205A4F427BBB68A</RequestId><HostId>n+povqPQcul0H4Jcfo2uuGOCPBSLdFufnzkMSJLgS/HkxdVaO2xRSNXu+vjAafulLNECBYrD4eg=</HostId></Error>
[2014.07.11-04.04.07:017][  7]LogEpicStorage:Warning: ReadFile request failed. File request already pending for filename=http://cdn.unrealengine.com/newsfeed/blueprint_icon_b.png
[2014.07.11-04.04.07:019][  7]LogEpicStorage:Warning: ReadFile request failed. File request already pending for filename=http://cdn.unrealengine.com/newsfeed/blueprint_icon_b.png
[2014.07.11-04.04.07:457][ 18]LogSourceControl: Attempting 'svn status --show-updates --verbose --xml "C:/Users/Eric/Documents/Unreal Projects/OrbitFPS/Content/Particles/P_Smoke.uasset" --non-interactive --trust-server-cert --password ********'
[2014.07.11-04.04.07:565][ 20]SourceControl: Info svn: warning: W155007: 'C:\Users\Eric\Documents\Unreal Projects\OrbitFPS\Content\Particles\P_Smoke.uasset' is not a working copy
[2014.07.11-04.04.08:527][ 44]LogEditorViewport: Clicking on Actor (LMB): DestructibleActor (TemplateCube_Rounded_DM)
[2014.07.11-04.04.11:209][114]LogSourceControl: Attempting 'svn status --show-updates --verbose --xml "C:/Users/Eric/Documents/Unreal Projects/OrbitFPS/Content/Particles/P_Ambient_Dust.uasset" "C:/Users/Eric/Documents/Unreal Projects/OrbitFPS/Content/Particles/P_Explosion.uasset" "C:/Users/Eric/Documents/Unreal Projects/OrbitFPS/Content/Particles/P_Fire.uasset" "C:/Users/Eric/Documents/Unreal Projects/OrbitFPS/Content/Particles/P_Sparks.uasset" "C:/Users/Eric/Documents/Unreal Projects/OrbitFPS/Content/Particles/P_Steam_Lit.uasset" --non-interactive --trust-server-cert --password ********'
[2014.07.11-04.04.11:347][115]SourceControl: Info svn: warning: W155007: 'C:\Users\Eric\Documents\Unreal Projects\OrbitFPS\Content\Particles\P_Ambient_Dust.uasset' is not a working copy
[2014.07.11-04.04.11:347][115]SourceControl: Info svn: warning: W155007: 'C:\Users\Eric\Documents\Unreal Projects\OrbitFPS\Content\Particles\P_Explosion.uasset' is not a working copy
[2014.07.11-04.04.11:347][115]SourceControl: Info svn: warning: W155007: 'C:\Users\Eric\Documents\Unreal Projects\OrbitFPS\Content\Particles\P_Fire.uasset' is not a working copy
[2014.07.11-04.04.11:347][115]SourceControl: Info svn: warning: W155007: 'C:\Users\Eric\Documents\Unreal Projects\OrbitFPS\Content\Particles\P_Sparks.uasset' is not a working copy
[2014.07.11-04.04.11:347][115]SourceControl: Info svn: warning: W155007: 'C:\Users\Eric\Documents\Unreal Projects\OrbitFPS\Content\Particles\P_Steam_Lit.uasset' is not a working copy
[2014.07.11-04.04.12:538][144]Cmd: DELETE
[2014.07.11-04.04.12:538][144]Cmd: ACTOR DELETE
[2014.07.11-04.04.12:545][144]LogEditorActor: Deleted Actor: DestructibleActor
[2014.07.11-04.04.12:595][144]LogEditorActor: Deleted 1 Actors (0.057 secs)
[2014.07.11-04.04.14:852][210]LogContentBrowser:Verbose: The content browser source was changed by the sources view to '/Game/Meshes'
[2014.07.11-04.04.15:914][232]LogSourceControl: Attempting 'svn status --show-updates --verbose --xml "C:/Users/Eric/Documents/Unreal Projects/OrbitFPS/Content/Meshes/TemplateCube_Rounded.uasset" "C:/Users/Eric/Documents/Unreal Projects/OrbitFPS/Content/Meshes/TemplateCube_Rounded_DM.uasset" --non-interactive --trust-server-cert --password ********'
[2014.07.11-04.04.15:993][234]SourceControl: Info svn: warning: W155007: 'C:\Users\Eric\Documents\Unreal Projects\OrbitFPS\Content\Meshes\TemplateCube_Rounded.uasset' is not a working copy
[2014.07.11-04.04.15:993][234]SourceControl: Info svn: warning: W155007: 'C:\Users\Eric\Documents\Unreal Projects\OrbitFPS\Content\Meshes\TemplateCube_Rounded_DM.uasset' is not a working copy
[2014.07.11-04.04.20:565][268]LogObjectTools:Warning: ForceReplaceReferences replaced references for a transient object 'TransBuffer_0' or package '/Engine/Transient'.
[2014.07.11-04.04.20:697][268]LogSourceControl: Attempting 'svn status --show-updates --verbose --xml "C:/Users/Eric/Documents/Unreal Projects/OrbitFPS/Content/Meshes/TemplateCube_Rounded_DM.uasset" --non-interactive --trust-server-cert --password ********'
[2014.07.11-04.04.20:780][268]SourceControl: Info svn: warning: W155007: 'C:\Users\Eric\Documents\Unreal Projects\OrbitFPS\Content\Meshes\TemplateCube_Rounded_DM.uasset' is not a working copy
[2014.07.11-04.04.20:916][269]LogSourceControl: Attempting 'svn status --show-updates --verbose --xml "C:/Users/Eric/Documents/Unreal Projects/OrbitFPS/Content/Maps/Example_Map.umap" --non-interactive --trust-server-cert --password ********'
[2014.07.11-04.04.20:999][270]SourceControl: Info svn: warning: W155007: 'C:\Users\Eric\Documents\Unreal Projects\OrbitFPS\Content\Maps\Example_Map.umap' is not a working copy
[2014.07.11-04.04.25:330][390]LogPlayLevel: PIE:  No blueprints needed recompiling
[2014.07.11-04.04.25:330][390]PIE: New page: PIE session: Example_Map (Jul 10, 2014, 2:04:25 PM)
[2014.07.11-04.04.25:391][390]LogPlayLevel: PIE: StaticDuplicateObject took: (0.061321s)
[2014.07.11-04.04.25:393][390]LogPlayLevel: PIE: World Init took: (0.001335s)
[2014.07.11-04.04.25:394][390]LogPlayLevel: PIE: Created PIE world by copying editor world from /Game/Maps/Example_Map.Example_Map to /Game/Maps/UEDPIE_0_Example_Map.Example_Map (0.063649s)
[2014.07.11-04.04.25:434][390]LogLinker:Warning: CreateExport: Failed to load Super for Function /Game/Character/HeroFPP_AnimBlueprint.HeroFPP_AnimBlueprint_C:KismetUpdateAnimation; removing super information, but keeping function
[2014.07.11-04.04.26:306][390]LogWorld: Game class is 'MyGame_C'
[2014.07.11-04.04.26:393][390]LogWorld: Bringing World /Game/Maps/UEDPIE_0_Example_Map.Example_Map up for play (max tick rate 0) at 2014.07.10-21.04.26
[2014.07.11-04.04.26:394][390]LogWorld: Bringing up level for play took: 0.007872
[2014.07.11-04.04.26:395][390]LogPlayerController: Spawned spectator SpectatorPawn_0 [server:1]
[2014.07.11-04.04.26:395][390]LogGameMode: RestartPlayer 256
[2014.07.11-04.04.26:397][390]LogPlayerController: ClientRestart_Implementation MyCharacter_C_0
[2014.07.11-04.04.26:397][390]LogPlayerController: ServerAcknowledgePossession_Implementation MyCharacter_C_0
[2014.07.11-04.04.26:413][390]PIE: Info Play in editor start time for /Game/Maps/UEDPIE_0_Example_Map 0.392
[2014.07.11-04.04.26:498][390]LogRenderer:Warning: Reallocating scene render targets to support 1296x904.
[2014.07.11-04.04.26:567][390]LogRenderer:Warning: Reallocating scene render targets to support 1296x912.
[2014.07.11-04.05.00:039][165]LogSourceControl: Attempting 'svn status --show-updates --verbose --xml "C:/Users/Eric/Documents/Unreal Projects/OrbitFPS/Content/Maps/Example_Map.umap" --non-interactive --trust-server-cert --password ********'
[2014.07.11-04.05.00:115][165]SourceControl: Info svn: warning: W155007: 'C:\Users\Eric\Documents\Unreal Projects\OrbitFPS\Content\Maps\Example_Map.umap' is not a working copy
[2014.07.11-04.05.00:753][165]LogSavePackage: Save=301.823151ms
[2014.07.11-04.05.00:753][165]LogSavePackage: Moving '../../../../../../../Users/Eric/Documents/Unreal Projects/OrbitFPS/Saved/Example_Map23BF7A9448102AE662D282A1523E2AE9.tmp' to '../../../../../../../Users/Eric/Documents/Unreal Projects/OrbitFPS/Content/Maps/Example_Map.umap'
[2014.07.11-04.05.00:811][165]LogFileHelpers: Saving map 'Example_Map' took 0.654
[2014.07.11-04.05.03:147][165]LogOutputDevice: === Handled error: ===
Ensure condition failed: NewObject->IsA(this->GeneratedClass) [File:D:\BuildFarm\buildmachine_++depot+UE4-Releases+4.2\Engine\Source\Runtime\Engine\Private\Blueprint.cpp] [Line: 439]

Stack: Address = 0xdf7bd866 (filename not found) [in C:\Program Files\Unreal E4\Unreal Engine\4.2\Engine\Binaries\Win64\UE4Editor-Core.dll]
Address = 0xdf662101 (filename not found) [in C:\Program Files\Unreal E4\Unreal Engine\4.2\Engine\Binaries\Win64\UE4Editor-Core.dll]
Address = 0xd8544b37 (filename not found) [in C:\Program Files\Unreal E4\Unreal Engine\4.2\Engine\Binaries\Win64\UE4Editor-Engine.dll]
Address = 0xd8c17a1f (filename not found) [in C:\Program Files\Unreal E4\Unreal Engine\4.2\Engine\Binaries\Win64\UE4Editor-Engine.dll]
Address = 0xde1b6c4a (filename not found) [in C:\Program Files\Unreal E4\Unreal Engine\4.2\Engine\Binaries\Win64\UE4Editor-UnrealEd.dll]
Address = 0xde18c42c (filename not found) [in C:\Program Files\Unreal E4\Unreal Engine\4.2\Engine\Binaries\Win64\UE4Editor-UnrealEd.dll]
Address = 0xddfb67d5 (filename not found) [in C:\Program Files\Unreal E4\Unreal Engine\4.2\Engine\Binaries\Win64\UE4Editor-UnrealEd.dll]
Address = 0xde370606 (filename not found) [in C:\Program Files\Unreal E4\Unreal Engine\4.2\Engine\Binaries\Win64\UE4Editor-UnrealEd.dll]
FEngineLoop::Tick() 0x3f877b03 + 0 bytes [File=d:\buildfarm\buildmachine_++depot+ue4-releases+4.2\engine\source\runtime\launch\private\launchengineloop.cpp:2091] [in C:\Program Files\Unreal E4\Unreal Engine\4.2\Engine\Binaries\Win64\UE4Editor.exe]
GuardedMain() 0x3f86d1ec + 0 bytes [File=d:\buildfarm\buildmachine_++depot+ue4-releases+4.2\engine\source\runtime\launch\private\launch.cpp:132] [in C:\Program Files\Unreal E4\Unreal Engine\4.2\Engine\Binaries\Win64\UE4Editor.exe]
GuardedMainWrapper() 0x3f86d25a + 5 bytes [File=d:\buildfarm\buildmachine_++depot+ue4-releases+4.2\engine\source\runtime\launch\private\windows\launchwindows.cpp:125] [in C:\Program Files\Unreal E4\Unreal Engine\4.2\Engine\Binaries\Win64\UE4Editor.exe]
WinMain() 0x3f879119 + 17 bytes [File=d:\buildfarm\buildmachine_++depot+ue4-releases+4.2\engine\source\runtime\launch\private\windows\launchwindows.cpp:207] [in C:\Program Files\Unreal E4\Unreal Engine\4.2\Engine\Binaries\Win64\UE4Editor.exe]
__tmainCRTStartup() 0x3f879fa9 + 21 bytes [File=f:\dd\vctools\crt\crtw32\dllstuff\crtexe.c:618] [in C:\Program Files\Unreal E4\Unreal Engine\4.2\Engine\Binaries\Win64\UE4Editor.exe]
Address = 0x772c59ed (filename not found) [in C:\windows\system32\kernel32.dll]
Address = 0x774fc541 (filename not found) [in C:\windows\SYSTEM32\ntdll.dll]
Address = 0x774fc541 (filename not found) [in C:\windows\SYSTEM32\ntdll.dll]

[2014.07.11-04.05.07:569][165]LogParticles: Destroying 0 GPU particle simulations for FXSystem 0x000000000A3A4900
[2014.07.11-04.05.07:575][166]Cmd: QUIT_EDITOR
[2014.07.11-04.05.07:691][166]LogWindowsTextInputMethodSystem:Error: Terminating failed while unadvising the language notification sink from the TSF source.
[2014.07.11-04.05.07:695][166]LogExit: Preparing to exit.
[2014.07.11-04.05.08:444][166]LogActorComponent: UnregisterComponent: (None.None) Not registered. Aborting.
[2014.07.11-04.05.08:444][166]LogActorComponent: UnregisterComponent: (None.None) Not registered. Aborting.
[2014.07.11-04.05.08:444][166]LogActorComponent: UnregisterComponent: (None.None) Not registered. Aborting.
[2014.07.11-04.05.08:444][166]LogActorComponent: UnregisterComponent: (None.None) Not registered. Aborting.
[2014.07.11-04.05.08:444][166]LogActorComponent: UnregisterComponent: (None.None) Not registered. Aborting.
[2014.07.11-04.05.08:444][166]LogActorComponent: UnregisterComponent: (None.None) Not registered. Aborting.
[2014.07.11-04.05.08:464][166]LogExit: Editor shut down
[2014.07.11-04.05.08:465][166]LogExit: Transaction tracking system shut down
[2014.07.11-04.05.08:467][166]LogParticles: Destroying 0 GPU particle simulations for FXSystem 0x000000000B4EEF20
[2014.07.11-04.05.08:468][166]LogParticles: Destroying 0 GPU particle simulations for FXSystem 0x000000000B73CCC0
[2014.07.11-04.05.08:468][166]LogParticles: Destroying 0 GPU particle simulations for FXSystem 0x000000001A2B9C60
[2014.07.11-04.05.08:468][166]LogParticles: Destroying 0 GPU particle simulations for FXSystem 0x0000000026B35940
[2014.07.11-04.05.08:509][166]LogExit: Object subsystem successfully closed.
[2014.07.11-04.05.08:617][166]LogModuleManager: Shutting down and abandoning module AndroidDeviceDetection (163)
[2014.07.11-04.05.08:617][166]LogModuleManager: Shutting down and abandoning module CrashTracker (162)
[2014.07.11-04.05.08:617][166]LogModuleManager: Shutting down and abandoning module HTTP (161)
[2014.07.11-04.05.08:617][166]LogModuleManager: Shutting down and abandoning module NewsFeed (160)
[2014.07.11-04.05.08:617][166]LogModuleManager: Shutting down and abandoning module SceneOutliner (159)
[2014.07.11-04.05.08:617][166]LogModuleManager: Shutting down and abandoning module EditorWidgets (158)
[2014.07.11-04.05.08:617][166]LogModuleManager: Shutting down and abandoning module CollectionManager (157)
[2014.07.11-04.05.08:617][166]LogModuleManager: Shutting down and abandoning module StatsViewer (156)
[2014.07.11-04.05.08:617][166]LogModuleManager: Shutting down and abandoning module FoliageEdit (155)
[2014.07.11-04.05.08:618][166]LogModuleManager: Shutting down and abandoning module LandscapeEditor (154)
[2014.07.11-04.05.08:624][166]LogModuleManager: Shutting down and abandoning module MeshPaint (153)
[2014.07.11-04.05.08:624][166]LogModuleManager: Shutting down and abandoning module ActorPickerMode (152)
[2014.07.11-04.05.08:624][166]LogModuleManager: Shutting down and abandoning module GeometryMode (151)
[2014.07.11-04.05.08:624][166]LogModuleManager: Shutting down and abandoning module TextureAlignMode (150)
[2014.07.11-04.05.08:624][166]LogModuleManager: Shutting down and abandoning module BspMode (149)
[2014.07.11-04.05.08:624][166]LogModuleManager: Shutting down and abandoning module PlacementMode (148)
[2014.07.11-04.05.08:625][166]LogModuleManager: Shutting down and abandoning module AutomationWorker (147)
[2014.07.11-04.05.08:625][166]LogModuleManager: Shutting down and abandoning module ViewportSnapping (146)
[2014.07.11-04.05.08:625][166]LogModuleManager: Shutting down and abandoning module DeviceProfileEditor (145)
[2014.07.11-04.05.08:625][166]LogModuleManager: Shutting down and abandoning module UndoHistory (144)
[2014.07.11-04.05.08:625][166]LogModuleManager: Shutting down and abandoning module GameplayTagsEditor (143)
[2014.07.11-04.05.08:625][166]LogModuleManager: Shutting down and abandoning module UserFeedback (142)
[2014.07.11-04.05.08:625][166]LogModuleManager: Shutting down and abandoning module XmlParser (141)
[2014.07.11-04.05.08:625][166]LogModuleManager: Shutting down and abandoning module Blutility (140)
[2014.07.11-04.05.08:625][166]LogModuleManager: Shutting down and abandoning module AndroidPlatformEditor (137)
[2014.07.11-04.05.08:625][166]LogModuleManager: Shutting down and abandoning module AndroidRuntimeSettings (136)
[2014.07.11-04.05.08:625][166]LogModuleManager: Shutting down and abandoning module ProjectSettingsViewer (135)
[2014.07.11-04.05.08:625][166]LogModuleManager: Shutting down and abandoning module InputBindingEditor (134)
[2014.07.11-04.05.08:625][166]LogModuleManager: Shutting down and abandoning module EditorSettingsViewer (133)
[2014.07.11-04.05.08:625][166]LogModuleManager: Shutting down and abandoning module SettingsEditor (132)
[2014.07.11-04.05.08:625][166]LogModuleManager: Shutting down and abandoning module SessionLauncher (131)
[2014.07.11-04.05.08:626][166]LogModuleManager: Shutting down and abandoning module SessionFrontend (130)
[2014.07.11-04.05.08:626][166]LogModuleManager: Shutting down and abandoning module ProfilerClient (129)
[2014.07.11-04.05.08:626][166]LogModuleManager: Shutting down and abandoning module TargetDeviceServices (128)
[2014.07.11-04.05.08:626][166]LogModuleManager: Shutting down and abandoning module DeviceManager (127)
[2014.07.11-04.05.08:626][166]LogModuleManager: Shutting down and abandoning module AutomationController (126)
[2014.07.11-04.05.08:626][166]LogModuleManager: Shutting down and abandoning module AutomationWindow (125)
[2014.07.11-04.05.08:626][166]LogModuleManager: Shutting down and abandoning module Layers (124)
[2014.07.11-04.05.08:626][166]LogModuleManager: Shutting down and abandoning module ComponentVisualizers (123)
[2014.07.11-04.05.08:626][166]LogModuleManager: Shutting down and abandoning module DetailCustomizations (122)
[2014.07.11-04.05.08:626][166]LogModuleManager: Shutting down and abandoning module PackagesDialog (121)
[2014.07.11-04.05.08:626][166]LogModuleManager: Shutting down and abandoning module PropertyEditor (120)
[2014.07.11-04.05.08:626][166]LogModuleManager: Shutting down and abandoning module DirectoryWatcher (119)
[2014.07.11-04.05.08:626][166]LogModuleManager: Shutting down and abandoning module AssetRegistry (118)
[2014.07.11-04.05.08:748][166]LogModuleManager: Shutting down and abandoning module Persona (117)
[2014.07.11-04.05.08:748][166]LogModuleManager: Shutting down and abandoning module GraphEditor (116)
[2014.07.11-04.05.08:748][166]LogModuleManager: Shutting down and abandoning module ContentBrowser (115)
[2014.07.11-04.05.08:749][166]LogModuleManager: Shutting down and abandoning module ClassViewer (114)
[2014.07.11-04.05.08:749][166]LogModuleManager: Shutting down and abandoning module Toolbox (113)
[2014.07.11-04.05.08:749][166]LogModuleManager: Shutting down and abandoning module ModuleUI (112)
[2014.07.11-04.05.08:749][166]LogModuleManager: Shutting down and abandoning module Sequencer (111)
[2014.07.11-04.05.08:749][166]LogModuleManager: Shutting down and abandoning module AssetTools (110)
[2014.07.11-04.05.08:749][166]LogModuleManager: Shutting down and abandoning module MovieSceneTools (109)
[2014.07.11-04.05.08:749][166]LogModuleManager: Shutting down and abandoning module OutputLog (108)
[2014.07.11-04.05.08:749][166]LogModuleManager: Shutting down and abandoning module GammaUI (107)
[2014.07.11-04.05.08:749][166]LogModuleManager: Shutting down and abandoning module Documentation (106)
[2014.07.11-04.05.08:749][166]LogModuleManager: Shutting down and abandoning module StreamingPauseRendering (105)
[2014.07.11-04.05.08:749][166]LogModuleManager: Shutting down and abandoning module AnalyticsET (104)
[2014.07.11-04.05.08:749][166]LogModuleManager: Shutting down and abandoning module Analytics (103)
[2014.07.11-04.05.08:749][166]LogModuleManager: Shutting down and abandoning module ProfilerService (102)
[2014.07.11-04.05.08:825][166]LogModuleManager: Shutting down and abandoning module TaskGraph (101)
[2014.07.11-04.05.08:825][166]LogModuleManager: Shutting down and abandoning module GameProjectGeneration (100)
[2014.07.11-04.05.08:825][166]LogModuleManager: Shutting down and abandoning module Matinee (99)
[2014.07.11-04.05.08:825][166]LogModuleManager: Shutting down and abandoning module Kismet (98)
[2014.07.11-04.05.08:825][166]LogModuleManager: Shutting down and abandoning module SlateReflector (97)
[2014.07.11-04.05.08:825][166]LogModuleManager: Shutting down and abandoning module LevelEditor (96)
[2014.07.11-04.05.08:827][166]LogModuleManager: Shutting down and abandoning module MainFrame (95)
[2014.07.11-04.05.08:827][166]LogModuleManager: Shutting down and abandoning module SourceControl (94)
[2014.07.11-04.05.08:827][166]LogModuleManager: Shutting down and abandoning module ImageWrapper (93)
[2014.07.11-04.05.08:827][166]LogModuleManager: Shutting down and abandoning module OnlineBlueprintSupport (92)
[2014.07.11-04.05.08:827][166]LogModuleManager: Shutting down and abandoning module FunctionalTesting (91)
[2014.07.11-04.05.08:827][166]LogModuleManager: Shutting down and abandoning module CollisionAnalyzer (90)
[2014.07.11-04.05.08:827][166]LogModuleManager: Shutting down and abandoning module WorkspaceMenuStructure (89)
[2014.07.11-04.05.08:827][166]LogModuleManager: Shutting down and abandoning module MessageLog (88)
[2014.07.11-04.05.08:827][166]LogModuleManager: Shutting down and abandoning module Slate (87)
[2014.07.11-04.05.08:827][166]LogModuleManager: Shutting down and abandoning module EditorStyle (86)
[2014.07.11-04.05.08:830][166]LogModuleManager: Shutting down and abandoning module SessionServices (85)
[2014.07.11-04.05.08:830][166]LogModuleManager: Shutting down and abandoning module Messaging (84)
[2014.07.11-04.05.08:830][166]LogModuleManager: Shutting down and abandoning module SourceCodeAccess (83)
[2014.07.11-04.05.08:830][166]LogModuleManager: Shutting down and abandoning module HeadMountedDisplay (82)
[2014.07.11-04.05.08:830][166]LogModuleManager: Shutting down and abandoning module XAudio2 (81)
[2014.07.11-04.05.08:830][166]LogModuleManager: Shutting down and abandoning module Networking (79)
[2014.07.11-04.05.08:830][166]LogModuleManager: Shutting down and abandoning module Core (78)
[2014.07.11-04.05.08:830][166]LogModuleManager: Shutting down and abandoning module KismetCompiler (77)
[2014.07.11-04.05.08:830][166]LogModuleManager: Shutting down and abandoning module PhysXFormats (76)
[2014.07.11-04.05.08:830][166]LogModuleManager: Shutting down and abandoning module SimplygonMeshReduction (75)
[2014.07.11-04.05.08:830][166]LogModuleManager: Shutting down and abandoning module MeshUtilities (74)
[2014.07.11-04.05.08:830][166]LogModuleManager: Shutting down and abandoning module DerivedDataCache (73)
[2014.07.11-04.05.09:326][166]LogDerivedDataCache: Shutdown
[2014.07.11-04.05.09:326][166]LogModuleManager: Shutting down and abandoning module ShaderFormatOpenGL (72)
[2014.07.11-04.05.09:326][166]LogModuleManager: Shutting down and abandoning module ShaderFormatD3D (71)
[2014.07.11-04.05.09:326][166]LogModuleManager: Shutting down and abandoning module TextureFormatUncompressed (70)
[2014.07.11-04.05.09:326][166]LogModuleManager: Shutting down and abandoning module TextureFormatPVR (69)
[2014.07.11-04.05.09:326][166]LogModuleManager: Shutting down and abandoning module TextureFormatDXT (68)
[2014.07.11-04.05.09:326][166]LogModuleManager: Shutting down and abandoning module TextureFormatAndroid (67)
[2014.07.11-04.05.09:326][166]LogModuleManager: Shutting down and abandoning module AudioFormatOpus (66)
[2014.07.11-04.05.09:326][166]LogModuleManager: Shutting down and abandoning module AudioFormatOgg (65)
[2014.07.11-04.05.09:326][166]LogModuleManager: Shutting down and abandoning module AudioFormatADPCM (64)
[2014.07.11-04.05.09:326][166]LogModuleManager: Shutting down and abandoning module Android_PVRTCTargetPlatform (63)
[2014.07.11-04.05.09:326][166]LogModuleManager: Shutting down and abandoning module Android_ETC2TargetPlatform (62)
[2014.07.11-04.05.09:326][166]LogModuleManager: Shutting down and abandoning module Android_ETC1TargetPlatform (61)
[2014.07.11-04.05.09:326][166]LogModuleManager: Shutting down and abandoning module Android_DXTTargetPlatform (60)
[2014.07.11-04.05.09:326][166]LogModuleManager: Shutting down and abandoning module Android_ATCTargetPlatform (59)
[2014.07.11-04.05.09:326][166]LogModuleManager: Shutting down and abandoning module AndroidTargetPlatform (58)
[2014.07.11-04.05.09:326][166]LogModuleManager: Shutting down and abandoning module WindowsTargetPlatform (57)
[2014.07.11-04.05.09:326][166]LogModuleManager: Shutting down and abandoning module WindowsServerTargetPlatform (56)
[2014.07.11-04.05.09:326][166]LogModuleManager: Shutting down and abandoning module WindowsNoEditorTargetPlatform (55)
[2014.07.11-04.05.09:326][166]LogModuleManager: Shutting down and abandoning module WindowsClientTargetPlatform (54)
[2014.07.11-04.05.09:326][166]LogModuleManager: Shutting down and abandoning module TargetPlatform (53)
[2014.07.11-04.05.09:326][166]LogModuleManager: Shutting down and abandoning module InputCore (52)
[2014.07.11-04.05.09:327][166]LogModuleManager: Shutting down and abandoning module Settings (51)
[2014.07.11-04.05.09:327][166]LogModuleManager: Shutting down and abandoning module TextureCompressor (48)
[2014.07.11-04.05.09:327][166]LogModuleManager: Shutting down and abandoning module ShaderCore (47)
[2014.07.11-04.05.09:327][166]LogModuleManager: Shutting down and abandoning module OpenGLDrv (46)
[2014.07.11-04.05.09:327][166]LogModuleManager: Shutting down and abandoning module D3D11RHI (45)
[2014.07.11-04.05.09:327][166]LogModuleManager: Shutting down and abandoning module SlateRHIRenderer (44)
[2014.07.11-04.05.09:327][166]LogModuleManager: Shutting down and abandoning module Renderer (43)
[2014.07.11-04.05.09:327][166]LogModuleManager: Shutting down and abandoning module Engine (42)
[2014.07.11-04.05.09:327][166]LogModuleManager: Shutting down and abandoning module SlateRemote (41)
[2014.07.11-04.05.09:327][166]LogModuleManager: Shutting down and abandoning module ScriptPlugin (40)
[2014.07.11-04.05.09:327][166]LogModuleManager: Shutting down and abandoning module ScriptEditorPlugin (38)
[2014.07.11-04.05.09:327][166]LogModuleManager: Shutting down and abandoning module WindowsMoviePlayer (37)
[2014.07.11-04.05.09:331][166]LogModuleManager: Shutting down and abandoning module ExampleDeviceProfileSelector (32)
[2014.07.11-04.05.09:331][166]LogModuleManager: Shutting down and abandoning module CustomMeshComponent (31)
[2014.07.11-04.05.09:331][166]LogModuleManager: Shutting down and abandoning module CableComponent (30)
[2014.07.11-04.05.09:331][166]LogModuleManager: Shutting down and abandoning module OculusRift (26)
[2014.07.11-04.05.09:331][166]LogModuleManager: Shutting down and abandoning module UdpMessaging (25)
[2014.07.11-04.05.09:431][166]LogModuleManager: Shutting down and abandoning module MessagingDebugger (24)
[2014.07.11-04.05.09:431][166]LogModuleManager: Shutting down and abandoning module PluginsEditor (14)
[2014.07.11-04.05.09:431][166]LogModuleManager: Shutting down and abandoning module IntroTutorials (13)
[2014.07.11-04.05.09:431][166]LogModuleManager: Shutting down and abandoning module EpicSurvey (12)
[2014.07.11-04.05.09:431][166]LogModuleManager: Shutting down and abandoning module VisualStudioSourceCodeAccess (10)
[2014.07.11-04.05.09:431][166]LogModuleManager: Shutting down and abandoning module UObjectPlugin (9)
[2014.07.11-04.05.09:431][166]LogModuleManager: Shutting down and abandoning module SubversionSourceControl (8)
[2014.07.11-04.05.09:431][166]LogModuleManager: Shutting down and abandoning module PerforceSourceControl (7)
[2014.07.11-04.05.09:431][166]LogModuleManager: Shutting down and abandoning module BlankPlugin (6)
[2014.07.11-04.05.09:431][166]LogModuleManager: Shutting down and abandoning module CoreUObject (5)
[2014.07.11-04.05.09:431][166]LogModuleManager: Shutting down and abandoning module NetworkFile (4)
[2014.07.11-04.05.09:431][166]LogModuleManager: Shutting down and abandoning module StreamingFile (3)
[2014.07.11-04.05.09:431][166]LogModuleManager: Shutting down and abandoning module SandboxFile (2)
[2014.07.11-04.05.09:431][166]LogModuleManager: Shutting down and abandoning module PakFile (1)
[2014.07.11-04.05.09:432][166]LogExit: Exiting.
[2014.07.11-04.05.09:439][166]Log file closed, 07/10/14 21:05:09
