Log file open, 07/17/14 19:09:53
LogInit:Display: Running engine for game: OrbitFPS
LogInit: Version: 4.2.1-2101290+++depot+UE4-Releases+4.2
LogInit: Compiled (64-bit): Jun 10 2014 22:21:56
LogInit: Build Configuration: Development
LogInit: Branch Name: ++depot+UE4-Releases+4.2
LogInit: Command line: 
LogInit: Base directory: C:/Program Files/Unreal E4/Unreal Engine/4.2/Engine/Binaries/Win64/
LogInit: Rocket: 1
[2014.07.18-02.09.53:982][  0]LogTaskGraph: Started task graph with 3 named threads and 4 total threads.
[2014.07.18-02.09.54:031][  0]LogOnline:Warning: No default platform service specified for OnlineSubsystem
[2014.07.18-02.09.54:061][  0]LogInit: Presizing for 0 objects not considered by GC, pre-allocating 0 bytes.
[2014.07.18-02.09.54:077][  0]LogInit: Object subsystem initialized
[2014.07.18-02.09.54:081][  0]LogInit: Selected Device Profile: [Windows]
[2014.07.18-02.09.54:081][  0]LogInit: Applying CVar settings loaded from the selected device profile: [Windows]
[2014.07.18-02.09.54:109][  0]LogInit: Computer: BEAST
[2014.07.18-02.09.54:109][  0]LogInit: User: Eric
[2014.07.18-02.09.54:111][  0]LogInit: CPU Page size=4096, Cores=4
[2014.07.18-02.09.54:111][  0]LogInit: High frequency timer resolution =2.241044 MHz
[2014.07.18-02.09.54:111][  0]LogMemory: Memory total: Physical=11.9GB (12GB approx) Virtual=8192.0GB
[2014.07.18-02.09.54:111][  0]LogMemory: Platform Memory Stats for Windows
[2014.07.18-02.09.54:111][  0]LogMemory: Process Physical Memory: 55.97 MB used, 55.97 MB peak
[2014.07.18-02.09.54:111][  0]LogMemory: Process Virtual Memory: 32.09 MB used, 32.30 MB peak
[2014.07.18-02.09.54:111][  0]LogMemory: Physical Memory: 3859.17 MB used, 12184.70 MB total
[2014.07.18-02.09.54:111][  0]LogMemory: Virtual Memory: 238.66 MB used, 8388608.00 MB total
[2014.07.18-02.09.54:217][  0]LogD3D11RHI: Found D3D11 adapter 0: Intel(R) HD Graphics 4000 (Feature Level 11_0)
[2014.07.18-02.09.54:217][  0]LogD3D11RHI: Adapter has 4040MB of dedicated video memory, 0MB of dedicated system memory, and 5836MB of shared system memory, 1 output[s]
[2014.07.18-02.09.54:217][  0]LogD3D11RHI: Chosen D3D11 Adapter Id = 0
[2014.07.18-02.09.54:238][  0]LogRHI: Texture pool is 1361 MB (70% of 1945 MB)
[2014.07.18-02.09.54:270][  0]LogD3D11RHI: Async texture creation enabled
[2014.07.18-02.09.54:471][  0]LogContentStreaming: Texture pool size is 0.000000MB
[2014.07.18-02.09.56:509][  0]LogTargetPlatformManager:Display: Building Assets For Windows
[2014.07.18-02.09.56:902][  0]LogTargetPlatformManager:Display: Building Assets For Windows
[2014.07.18-02.09.57:045][  0]LogDerivedDataCache:Display: Max Cache Size: 512 MB
[2014.07.18-02.09.57:153][  0]LogDerivedDataCache: Loaded boot cache 0.11s 39MB C:/Users/Eric/AppData/Local/UnrealEngine/4.2/DerivedDataCache/Boot.ddc.
[2014.07.18-02.09.57:154][  0]LogDerivedDataCache:Display: Loaded Boot cache: C:/Users/Eric/AppData/Local/UnrealEngine/4.2/DerivedDataCache/Boot.ddc
[2014.07.18-02.09.57:154][  0]LogDerivedDataCache: FDerivedDataBackendGraph:  Pak pak cache file ../../../../../../../Users/Eric/Documents/Unreal Projects/OrbitFPS/DerivedDataCache/DDC.ddp not found, will not use a pak cache.
[2014.07.18-02.09.57:154][  0]LogDerivedDataCache: Unable to find inner node Pak for hierarchical cache Hierarchy.
[2014.07.18-02.09.57:184][  0]LogDerivedDataCache:Display: Pak cache opened for reading ../../../Engine/DerivedDataCache/DDC.ddp.
[2014.07.18-02.09.57:200][  0]LogDerivedDataCache: Using Local data cache path C:/Users/Eric/AppData/Local/UnrealEngine/4.2/DerivedDataCache: Writable
[2014.07.18-02.09.57:777][  0]LogMeshUtilities: No automatic mesh reduction module available
[2014.07.18-02.09.57:777][  0]LogMeshUtilities: No automatic mesh merging module available
[2014.07.18-02.09.58:612][  0]LogInit: WinSock: version 1.1 (2.2), MaxSocks=32767, MaxUdp=65467
[2014.07.18-02.09.59:666][  0]LogStreaming:Warning: Failed to read file '../../../Engine/Content/Editor/Slate/Icons/ActorIcons/GroupActor_16x.png' error.
[2014.07.18-02.09.59:666][  0]LogSlate: Could not find file for Slate resource: ../../../Engine/Content/Editor/Slate/Icons/ActorIcons/GroupActor_16x.png
[2014.07.18-02.09.59:678][  0]LogStreaming:Warning: Failed to read file '../../../Engine/Content/Editor/Slate/Icons/ActorIcons/DecalActor_16x.png' error.
[2014.07.18-02.09.59:679][  0]LogSlate: Could not find file for Slate resource: ../../../Engine/Content/Editor/Slate/Icons/ActorIcons/DecalActor_16x.png
[2014.07.18-02.10.00:326][  0]UdpMessaging: Initializing bridge on interface 0.0.0.0:0 to multicast group 230.0.0.1:6666.
[2014.07.18-02.10.00:472][  0]SourceControl: Info Source control is disabled
[2014.07.18-02.10.00:473][  0]SourceControl: Info Source control is disabled
[2014.07.18-02.10.00:491][  0]SourceControl: Info Source control is disabled
[2014.07.18-02.10.00:710][  0]BlueprintLog: New page: Editor Load
[2014.07.18-02.10.00:807][  0]LogObj: 19137 objects as part of root set at end of initial load.
[2014.07.18-02.10.00:807][  0]LogUObjectAllocator: 3804784 out of 0 bytes used by permanent object pool.
[2014.07.18-02.10.01:338][  0]LogEngine: Initializing Engine...
[2014.07.18-02.10.01:623][  0]LogInit: XAudio2 using 'Speakers (Realtek High Definition Audio)' : 2 channels at 48 kHz using 32 bits per sample (channel mask 0x3)
[2014.07.18-02.10.01:655][  0]LogInit: FAudioDevice initialized.
[2014.07.18-02.10.01:735][  0]LogDerivedDataCache: Saved boot cache 0.08s 39MB C:/Users/Eric/AppData/Local/UnrealEngine/4.2/DerivedDataCache/Boot.ddc.
[2014.07.18-02.10.01:741][  0]LogInit: Texture streaming: Enabled
[2014.07.18-02.10.01:822][  0]LogInit: Transaction tracking system initialized
[2014.07.18-02.10.02:183][  0]LogAssetRegistry: FAssetRegistry took 0.0106 seconds to start up
[2014.07.18-02.10.02:700][  0]LogModuleManager:Warning: ModuleManager: Unable to load module '' because the file was not found.
[2014.07.18-02.10.02:718][  0]LogModuleManager:Warning: ModuleManager: Unable to load module '' because the file was not found.
[2014.07.18-02.10.02:872][  0]LogConsoleResponse:Display: 
[2014.07.18-02.10.03:487][  0]SourceControl: Info Source control is disabled
[2014.07.18-02.10.03:488][  0]Cmd: MAP LOAD FILE="../../../../../../../Users/Eric/Documents/Unreal Projects/OrbitFPS/Content/Maps/Example_Map.umap" TEMPLATE=0 SHOWPROGRESS=1 WORLDCOMPOSITION=0
[2014.07.18-02.10.03:488][  0]LightingResults: New page: Lighting Build
[2014.07.18-02.10.03:507][  0]MapCheck: New page: Map Check
[2014.07.18-02.10.03:507][  0]LightingResults: New page: Lighting Build
[2014.07.18-02.10.03:528][  0]LogParticles: Destroying 0 GPU particle simulations for FXSystem 0x000000000FF5C9A0
[2014.07.18-02.10.05:257][  0]LogLinker:Warning: CreateExport: Failed to load Super for Function /Game/Character/HeroFPP_AnimBlueprint.HeroFPP_AnimBlueprint_C:KismetUpdateAnimation; removing super information, but keeping function
[2014.07.18-02.10.07:843][  0]LogBlueprint:Warning: Node '/Game/Blueprints/BP_BrokenWallSconceSmokey.BP_BrokenWallSconceSmokey:EventGraph.K2Node_VariableGet_235' missing NodeGuid.
[2014.07.18-02.10.09:476][  0]LogEditorServer: Finished looking for orphan Actors (0.000 secs)
[2014.07.18-02.10.09:476][  0]Cmd: MAP CHECKDEP
[2014.07.18-02.10.09:476][  0]MapCheck: New page: Example_Map - Jul 17, 2014, 12:10:09 PM
[2014.07.18-02.10.09:657][  0]MapCheck: Info ========== Map Check: 0 Error(s), 0 Warning(s), [180.071ms] ==========
[2014.07.18-02.10.09:657][  0]LogFileHelpers: Loading map 'Example_Map' took 6.170
[2014.07.18-02.10.10:046][  0]LogCollectionManager: Loaded 0 collections in 0.003456 seconds
[2014.07.18-02.10.11:054][  0]LogCrashTracker: Crashtracker disabled due to settings.
[2014.07.18-02.10.11:160][  0]Cmd: MODE PLACEMENT
[2014.07.18-02.10.11:374][  0]LogLoad: Full Startup: 20.18 seconds (BP compile: 1.27 seconds)
[2014.07.18-02.10.11:408][  0]LogContentBrowser:Verbose: The content browser source was changed by the sources view to '/Game/Blueprints'
[2014.07.18-02.10.11:740][  0]LogRenderer:Warning: Reallocating scene render targets to support 32x32.
[2014.07.18-02.10.12:014][  0]LogRenderer:Warning: Reallocating scene render targets to support 1136x672.
[2014.07.18-02.10.12:335][  1]LogEpicStorage:Warning: EnumerateFiles request failed. Invalid response. code=403 error=<?xml version="1.0" encoding="UTF-8"?>
<Error><Code>AccessDenied</Code><Message>Access Denied</Message><RequestId>40DB894F6DE4937A</RequestId><HostId>O0DcZnYxIq6HsHlHjId0u5TTtavVH4DA0DP25HsCxvJKJun/RnhKDR0Zfc8lbeCn</HostId></Error>
[2014.07.18-02.10.12:525][  2]LogEpicSurvey:Warning: EnumerateFiles request failed. Invalid response. code=403 error=<?xml version="1.0" encoding="UTF-8"?>
<Error><Code>AccessDenied</Code><Message>Access Denied</Message><RequestId>B5918F3A77825368</RequestId><HostId>xxqI1vb57rQKshNnN+wvJ/HBlFPsKpIm/V4KGV3qJICINUES1qfYKc7JbLZtPafh</HostId></Error>
[2014.07.18-02.10.12:571][  3]LogEpicStorage:Warning: EnumerateFiles request failed. Invalid response. code=403 error=<?xml version="1.0" encoding="UTF-8"?>
<Error><Code>AccessDenied</Code><Message>Access Denied</Message><RequestId>38A613CE0EB2D379</RequestId><HostId>szxu2XsS1Y8nEcOhEwAFsgxkoN6g7u3OvVDnPMLSR66Tbxu+vvZmKc8226udSOT/e8/UQ0t5KDI=</HostId></Error>
[2014.07.18-02.10.12:591][  3]LogAssetRegistry: Asset discovery search completed in 10.4181 seconds
[2014.07.18-02.10.12:649][  4]LogEpicSurvey:Warning: EnumerateFiles request failed. Invalid response. code=403 error=<?xml version="1.0" encoding="UTF-8"?>
<Error><Code>AccessDenied</Code><Message>Access Denied</Message><RequestId>7DF4C2CA8220040F</RequestId><HostId>FkgNmkwG4F0MZ6jLugm7QUFwlzK1uk6rOat1LMSawYZtfzlbJGEVWnV4uHS7trhB</HostId></Error>
[2014.07.18-02.10.12:709][  6]LogEpicSurvey:Warning: EnumerateFiles request failed. Invalid response. code=403 error=<?xml version="1.0" encoding="UTF-8"?>
<Error><Code>AccessDenied</Code><Message>Access Denied</Message><RequestId>A840C692F7280057</RequestId><HostId>TLHvuF428gcpklAcHLBPPDdxoZcSmGcFm9msfBBFlHSZqIpTYBbHNFQykXM+ouNwsuxi54xjXFo=</HostId></Error>
[2014.07.18-02.10.12:778][  8]LogEpicStorage:Warning: ReadFile request failed. File request already pending for filename=http://cdn.unrealengine.com/newsfeed/blueprint_icon_b.png
[2014.07.18-02.10.12:781][  8]LogEpicStorage:Warning: ReadFile request failed. File request already pending for filename=http://cdn.unrealengine.com/newsfeed/blueprint_icon_b.png
[2014.07.18-02.13.03:150][158]LogActorComponent: UnregisterComponent: (/Engine/Transient.CharacterMovementComponent_0) Not registered. Aborting.
[2014.07.18-02.13.03:151][158]LogActorComponent: UnregisterComponent: (/Engine/Transient.ProjectileMovementComponent_0) Not registered. Aborting.
[2014.07.18-02.13.03:151][158]LogActorComponent: UnregisterComponent: (/Engine/Transient.ProjectileMovementComponent_1) Not registered. Aborting.
[2014.07.18-02.13.15:150][576]LogActorComponent: UnregisterComponent: (/Engine/Transient.CharacterMovementComponent_1) Not registered. Aborting.
[2014.07.18-02.13.19:002][702]LogActorComponent: UnregisterComponent: (/Engine/Transient.CharacterMovementComponent_2) Not registered. Aborting.
[2014.07.18-02.13.27:504][990]LogActorComponent: UnregisterComponent: (/Engine/Transient.CharacterMovementComponent_3) Not registered. Aborting.
[2014.07.18-02.14.34:072][234]LogSlate:Warning: GetFontFace failed to load or process 'Roboto-Regular'
[2014.07.18-02.14.34:072][234]LogSlate:Warning: GetFontFace failed to load or process 'Roboto-Regular'
[2014.07.18-02.14.34:072][234]LogSlate:Warning: GetFontFace failed to load or process 'Roboto-Regular'
[2014.07.18-02.14.34:073][234]LogSlate:Warning: GetFontFace failed to load or process 'Roboto-Regular'
[2014.07.18-02.14.34:073][234]LogSlate:Warning: GetFontFace failed to load or process 'Roboto-Regular'
[2014.07.18-02.14.34:073][234]LogSlate:Warning: GetFontFace failed to load or process 'Roboto-Regular'
[2014.07.18-02.14.34:074][234]LogSlate:Warning: GetFontFace failed to load or process 'Roboto-Regular'
[2014.07.18-02.14.34:074][234]LogSlate:Warning: GetFontFace failed to load or process 'Roboto-Regular'
[2014.07.18-02.14.34:074][234]LogSlate:Warning: GetFontFace failed to load or process 'Roboto-Regular'
[2014.07.18-02.14.34:074][234]LogSlate:Warning: GetFontFace failed to load or process 'Roboto-Regular'
[2014.07.18-02.14.34:075][234]LogSlate:Warning: GetFontFace failed to load or process 'Roboto-Regular'
[2014.07.18-02.14.34:075][234]LogSlate:Warning: GetFontFace failed to load or process 'Roboto-Regular'
[2014.07.18-02.14.34:075][234]LogSlate:Warning: GetFontFace failed to load or process 'Roboto-Regular'
[2014.07.18-02.14.34:075][234]LogSlate:Warning: GetFontFace failed to load or process 'Roboto-Regular'
[2014.07.18-02.14.34:076][234]LogSlate:Warning: GetFontFace failed to load or process 'Roboto-Regular'
[2014.07.18-02.14.34:076][234]LogSlate:Warning: GetFontFace failed to load or process 'Roboto-Regular'
[2014.07.18-02.14.34:076][234]LogSlate:Warning: GetFontFace failed to load or process 'Roboto-Regular'
[2014.07.18-02.14.34:076][234]LogSlate:Warning: GetFontFace failed to load or process 'Roboto-Regular'
[2014.07.18-02.14.56:609][956]LogActorComponent: UnregisterComponent: (/Engine/Transient.CharacterMovementComponent_4) Not registered. Aborting.
[2014.07.18-02.15.05:530][238]LogActorComponent: UnregisterComponent: (/Engine/Transient.CharacterMovementComponent_5) Not registered. Aborting.
[2014.07.18-02.15.30:536][ 62]LogSlate:Warning: GetFontFace failed to load or process 'Roboto-Regular'
[2014.07.18-02.15.30:537][ 62]LogSlate:Warning: GetFontFace failed to load or process 'Roboto-Regular'
[2014.07.18-02.15.30:538][ 62]LogSlate:Warning: GetFontFace failed to load or process 'Roboto-Regular'
[2014.07.18-02.15.30:538][ 62]LogSlate:Warning: GetFontFace failed to load or process 'Roboto-Regular'
[2014.07.18-02.15.30:539][ 62]LogSlate:Warning: GetFontFace failed to load or process 'Roboto-Regular'
[2014.07.18-02.15.30:540][ 62]LogSlate:Warning: GetFontFace failed to load or process 'Roboto-Regular'
[2014.07.18-02.15.30:540][ 62]LogSlate:Warning: GetFontFace failed to load or process 'Roboto-Regular'
[2014.07.18-02.15.30:541][ 62]LogSlate:Warning: GetFontFace failed to load or process 'Roboto-Regular'
[2014.07.18-02.15.30:541][ 62]LogSlate:Warning: GetFontFace failed to load or process 'Roboto-Regular'
[2014.07.18-02.15.30:542][ 62]LogSlate:Warning: GetFontFace failed to load or process 'Roboto-Regular'
[2014.07.18-02.15.30:542][ 62]LogSlate:Warning: GetFontFace failed to load or process 'Roboto-Regular'
[2014.07.18-02.15.30:543][ 62]LogSlate:Warning: GetFontFace failed to load or process 'Roboto-Regular'
[2014.07.18-02.18.15:280][506]LogSlate:Warning: GetFontFace failed to load or process 'Roboto-Regular'
[2014.07.18-02.18.15:281][506]LogSlate:Warning: GetFontFace failed to load or process 'Roboto-Regular'
[2014.07.18-02.18.45:201][433]LogSlate:Warning: GetFontFace failed to load or process 'Roboto-Regular'
[2014.07.18-02.18.45:201][433]LogSlate:Warning: GetFontFace failed to load or process 'Roboto-Regular'
[2014.07.18-02.19.07:870][152]LogActorComponent: UnregisterComponent: (/Engine/Transient.CharacterMovementComponent_6) Not registered. Aborting.
[2014.07.18-02.19.18:959][491]LogActorComponent: UnregisterComponent: (/Engine/Transient.CharacterMovementComponent_7) Not registered. Aborting.
[2014.07.18-02.19.21:389][549]LogActorComponent: UnregisterComponent: (/Engine/Transient.CharacterMovementComponent_8) Not registered. Aborting.
[2014.07.18-02.19.42:250][198]LogActorComponent: UnregisterComponent: (/Engine/Transient.CharacterMovementComponent_9) Not registered. Aborting.
[2014.07.18-02.19.58:343][704]LogActorComponent: UnregisterComponent: (/Engine/Transient.CharacterMovementComponent_10) Not registered. Aborting.
[2014.07.18-02.20.06:999][941]BlueprintLog: New page: Compile BP_Orbit_PlayerCharacter
[2014.07.18-02.20.07:315][941]LogActorComponent: UnregisterComponent: (/Engine/Transient.CharacterMovementComponent_11) Not registered. Aborting.
[2014.07.18-02.20.08:204][941]BlueprintEditorCompileResults: Info [0615.95] Compile of BP_Orbit_PlayerCharacter successful! [in 104 ms]
[2014.07.18-02.20.10:958][978]LogSavePackage: Save=1046.650146ms
[2014.07.18-02.20.10:958][978]LogSavePackage: Moving '../../../../../../../Users/Eric/Documents/Unreal Projects/OrbitFPS/Saved/BP_Orbit_PlayerCharacter7C2F1036461502348DACA8B0BF24A3F6.tmp' to '../../../../../../../Users/Eric/Documents/Unreal Projects/OrbitFPS/Content/Blueprints/BP_Orbit_PlayerCharacter.uasset'
[2014.07.18-02.20.51:331][314]LogActorComponent: UnregisterComponent: (/Engine/Transient.CharacterMovementComponent_12) Not registered. Aborting.
[2014.07.18-02.21.01:336][646]LogActorComponent: UnregisterComponent: (/Engine/Transient.CharacterMovementComponent_13) Not registered. Aborting.
[2014.07.18-02.21.04:752][755]LogActorComponent: UnregisterComponent: (/Engine/Transient.CharacterMovementComponent_14) Not registered. Aborting.
[2014.07.18-02.21.12:167][997]LogActorComponent: UnregisterComponent: (/Engine/Transient.CharacterMovementComponent_15) Not registered. Aborting.
[2014.07.18-02.21.22:301][317]LogActorComponent: UnregisterComponent: (/Engine/Transient.CharacterMovementComponent_16) Not registered. Aborting.
[2014.07.18-02.22.10:779][366]BlueprintLog: New page: Compile BP_Orbit_PlayerCharacter
[2014.07.18-02.22.11:100][366]LogActorComponent: UnregisterComponent: (/Engine/Transient.CharacterMovementComponent_17) Not registered. Aborting.
[2014.07.18-02.22.11:798][366]BlueprintEditorCompileResults: Info [0739.75] Compile of BP_Orbit_PlayerCharacter successful! [in 129 ms]
[2014.07.18-02.22.13:728][373]LogSavePackage: Save=1034.613770ms
[2014.07.18-02.22.13:728][373]LogSavePackage: Moving '../../../../../../../Users/Eric/Documents/Unreal Projects/OrbitFPS/Saved/BP_Orbit_PlayerCharacter53022E024AFE9F5A2EC4A5A0EB1FAAD0.tmp' to '../../../../../../../Users/Eric/Documents/Unreal Projects/OrbitFPS/Content/Blueprints/BP_Orbit_PlayerCharacter.uasset'
[2014.07.18-02.23.15:927][514]LogActorComponent: UnregisterComponent: (/Engine/Transient.CharacterMovementComponent_18) Not registered. Aborting.
[2014.07.18-02.23.15:927][514]LogActorComponent: UnregisterComponent: (/Engine/Transient.ProjectileMovementComponent_2) Not registered. Aborting.
[2014.07.18-02.23.15:927][514]LogActorComponent: UnregisterComponent: (/Engine/Transient.ProjectileMovementComponent_3) Not registered. Aborting.
[2014.07.18-02.23.16:013][514]LogParticles: Destroying 0 GPU particle simulations for FXSystem 0x0000000011729D00
[2014.07.18-02.23.16:014][514]LogParticles: Destroying 0 GPU particle simulations for FXSystem 0x0000000023B17CE0
[2014.07.18-02.23.18:877][514]LogSavePackage: Save=287.060394ms
[2014.07.18-02.23.18:877][514]LogSavePackage: Moving '../../../../../../../Users/Eric/Documents/Unreal Projects/OrbitFPS/Saved/BP_Orbit_PlayerCharacter4B66FD68431521FA4B7AED97C2D54DD1.tmp' to '../../../../../../../Users/Eric/Documents/Unreal Projects/OrbitFPS/Content/Blueprints/BP_Orbit_PlayerCharacter.uasset'
[2014.07.18-02.23.20:104][515]Cmd: QUIT_EDITOR
[2014.07.18-02.23.20:230][515]LogWindowsTextInputMethodSystem:Error: Terminating failed while unadvising the language notification sink from the TSF source.
[2014.07.18-02.23.20:233][515]LogExit: Preparing to exit.
[2014.07.18-02.23.20:618][515]LogExit: Editor shut down
[2014.07.18-02.23.20:619][515]LogExit: Transaction tracking system shut down
[2014.07.18-02.23.20:621][515]LogParticles: Destroying 0 GPU particle simulations for FXSystem 0x000000000C66BA60
[2014.07.18-02.23.20:622][515]LogParticles: Destroying 0 GPU particle simulations for FXSystem 0x00000000158FCE00
[2014.07.18-02.23.20:680][515]LogExit: Object subsystem successfully closed.
[2014.07.18-02.23.20:804][515]LogModuleManager: Shutting down and abandoning module AndroidDeviceDetection (163)
[2014.07.18-02.23.20:804][515]LogModuleManager: Shutting down and abandoning module CrashTracker (162)
[2014.07.18-02.23.20:804][515]LogModuleManager: Shutting down and abandoning module HTTP (161)
[2014.07.18-02.23.20:804][515]LogModuleManager: Shutting down and abandoning module NewsFeed (160)
[2014.07.18-02.23.20:804][515]LogModuleManager: Shutting down and abandoning module SceneOutliner (159)
[2014.07.18-02.23.20:804][515]LogModuleManager: Shutting down and abandoning module EditorWidgets (158)
[2014.07.18-02.23.20:804][515]LogModuleManager: Shutting down and abandoning module CollectionManager (157)
[2014.07.18-02.23.20:804][515]LogModuleManager: Shutting down and abandoning module StatsViewer (156)
[2014.07.18-02.23.20:804][515]LogModuleManager: Shutting down and abandoning module FoliageEdit (155)
[2014.07.18-02.23.20:805][515]LogModuleManager: Shutting down and abandoning module LandscapeEditor (154)
[2014.07.18-02.23.20:812][515]LogModuleManager: Shutting down and abandoning module MeshPaint (153)
[2014.07.18-02.23.20:812][515]LogModuleManager: Shutting down and abandoning module ActorPickerMode (152)
[2014.07.18-02.23.20:812][515]LogModuleManager: Shutting down and abandoning module GeometryMode (151)
[2014.07.18-02.23.20:812][515]LogModuleManager: Shutting down and abandoning module TextureAlignMode (150)
[2014.07.18-02.23.20:812][515]LogModuleManager: Shutting down and abandoning module BspMode (149)
[2014.07.18-02.23.20:813][515]LogModuleManager: Shutting down and abandoning module PlacementMode (148)
[2014.07.18-02.23.20:813][515]LogModuleManager: Shutting down and abandoning module AutomationWorker (147)
[2014.07.18-02.23.20:813][515]LogModuleManager: Shutting down and abandoning module ViewportSnapping (146)
[2014.07.18-02.23.20:813][515]LogModuleManager: Shutting down and abandoning module DeviceProfileEditor (145)
[2014.07.18-02.23.20:813][515]LogModuleManager: Shutting down and abandoning module UndoHistory (144)
[2014.07.18-02.23.20:814][515]LogModuleManager: Shutting down and abandoning module GameplayTagsEditor (143)
[2014.07.18-02.23.20:814][515]LogModuleManager: Shutting down and abandoning module UserFeedback (142)
[2014.07.18-02.23.20:814][515]LogModuleManager: Shutting down and abandoning module XmlParser (141)
[2014.07.18-02.23.20:814][515]LogModuleManager: Shutting down and abandoning module Blutility (140)
[2014.07.18-02.23.20:814][515]LogModuleManager: Shutting down and abandoning module AndroidPlatformEditor (137)
[2014.07.18-02.23.20:814][515]LogModuleManager: Shutting down and abandoning module AndroidRuntimeSettings (136)
[2014.07.18-02.23.20:814][515]LogModuleManager: Shutting down and abandoning module ProjectSettingsViewer (135)
[2014.07.18-02.23.20:814][515]LogModuleManager: Shutting down and abandoning module InputBindingEditor (134)
[2014.07.18-02.23.20:814][515]LogModuleManager: Shutting down and abandoning module EditorSettingsViewer (133)
[2014.07.18-02.23.20:814][515]LogModuleManager: Shutting down and abandoning module SettingsEditor (132)
[2014.07.18-02.23.20:814][515]LogModuleManager: Shutting down and abandoning module SessionLauncher (131)
[2014.07.18-02.23.20:814][515]LogModuleManager: Shutting down and abandoning module SessionFrontend (130)
[2014.07.18-02.23.20:814][515]LogModuleManager: Shutting down and abandoning module ProfilerClient (129)
[2014.07.18-02.23.20:814][515]LogModuleManager: Shutting down and abandoning module TargetDeviceServices (128)
[2014.07.18-02.23.20:815][515]LogModuleManager: Shutting down and abandoning module DeviceManager (127)
[2014.07.18-02.23.20:815][515]LogModuleManager: Shutting down and abandoning module AutomationController (126)
[2014.07.18-02.23.20:815][515]LogModuleManager: Shutting down and abandoning module AutomationWindow (125)
[2014.07.18-02.23.20:815][515]LogModuleManager: Shutting down and abandoning module Layers (124)
[2014.07.18-02.23.20:815][515]LogModuleManager: Shutting down and abandoning module ComponentVisualizers (123)
[2014.07.18-02.23.20:815][515]LogModuleManager: Shutting down and abandoning module DetailCustomizations (122)
[2014.07.18-02.23.20:815][515]LogModuleManager: Shutting down and abandoning module PackagesDialog (121)
[2014.07.18-02.23.20:815][515]LogModuleManager: Shutting down and abandoning module PropertyEditor (120)
[2014.07.18-02.23.20:815][515]LogModuleManager: Shutting down and abandoning module DirectoryWatcher (119)
[2014.07.18-02.23.20:816][515]LogModuleManager: Shutting down and abandoning module AssetRegistry (118)
[2014.07.18-02.23.20:869][515]LogModuleManager: Shutting down and abandoning module Persona (117)
[2014.07.18-02.23.20:869][515]LogModuleManager: Shutting down and abandoning module GraphEditor (116)
[2014.07.18-02.23.20:869][515]LogModuleManager: Shutting down and abandoning module ContentBrowser (115)
[2014.07.18-02.23.20:870][515]LogModuleManager: Shutting down and abandoning module ClassViewer (114)
[2014.07.18-02.23.20:870][515]LogModuleManager: Shutting down and abandoning module Toolbox (113)
[2014.07.18-02.23.20:870][515]LogModuleManager: Shutting down and abandoning module ModuleUI (112)
[2014.07.18-02.23.20:870][515]LogModuleManager: Shutting down and abandoning module Sequencer (111)
[2014.07.18-02.23.20:870][515]LogModuleManager: Shutting down and abandoning module AssetTools (110)
[2014.07.18-02.23.20:870][515]LogModuleManager: Shutting down and abandoning module MovieSceneTools (109)
[2014.07.18-02.23.20:870][515]LogModuleManager: Shutting down and abandoning module OutputLog (108)
[2014.07.18-02.23.20:870][515]LogModuleManager: Shutting down and abandoning module GammaUI (107)
[2014.07.18-02.23.20:870][515]LogModuleManager: Shutting down and abandoning module Documentation (106)
[2014.07.18-02.23.20:870][515]LogModuleManager: Shutting down and abandoning module StreamingPauseRendering (105)
[2014.07.18-02.23.20:870][515]LogModuleManager: Shutting down and abandoning module AnalyticsET (104)
[2014.07.18-02.23.20:870][515]LogModuleManager: Shutting down and abandoning module Analytics (103)
[2014.07.18-02.23.20:870][515]LogModuleManager: Shutting down and abandoning module ProfilerService (102)
[2014.07.18-02.23.21:079][515]LogModuleManager: Shutting down and abandoning module TaskGraph (101)
[2014.07.18-02.23.21:079][515]LogModuleManager: Shutting down and abandoning module GameProjectGeneration (100)
[2014.07.18-02.23.21:079][515]LogModuleManager: Shutting down and abandoning module Matinee (99)
[2014.07.18-02.23.21:079][515]LogModuleManager: Shutting down and abandoning module Kismet (98)
[2014.07.18-02.23.21:079][515]LogModuleManager: Shutting down and abandoning module SlateReflector (97)
[2014.07.18-02.23.21:079][515]LogModuleManager: Shutting down and abandoning module LevelEditor (96)
[2014.07.18-02.23.21:081][515]LogModuleManager: Shutting down and abandoning module MainFrame (95)
[2014.07.18-02.23.21:081][515]LogModuleManager: Shutting down and abandoning module SourceControl (94)
[2014.07.18-02.23.21:081][515]LogModuleManager: Shutting down and abandoning module ImageWrapper (93)
[2014.07.18-02.23.21:081][515]LogModuleManager: Shutting down and abandoning module OnlineBlueprintSupport (92)
[2014.07.18-02.23.21:081][515]LogModuleManager: Shutting down and abandoning module FunctionalTesting (91)
[2014.07.18-02.23.21:081][515]LogModuleManager: Shutting down and abandoning module CollisionAnalyzer (90)
[2014.07.18-02.23.21:081][515]LogModuleManager: Shutting down and abandoning module WorkspaceMenuStructure (89)
[2014.07.18-02.23.21:081][515]LogModuleManager: Shutting down and abandoning module MessageLog (88)
[2014.07.18-02.23.21:082][515]LogModuleManager: Shutting down and abandoning module Slate (87)
[2014.07.18-02.23.21:082][515]LogModuleManager: Shutting down and abandoning module EditorStyle (86)
[2014.07.18-02.23.21:085][515]LogModuleManager: Shutting down and abandoning module SessionServices (85)
[2014.07.18-02.23.21:085][515]LogModuleManager: Shutting down and abandoning module Messaging (84)
[2014.07.18-02.23.21:085][515]LogModuleManager: Shutting down and abandoning module SourceCodeAccess (83)
[2014.07.18-02.23.21:085][515]LogModuleManager: Shutting down and abandoning module HeadMountedDisplay (82)
[2014.07.18-02.23.21:085][515]LogModuleManager: Shutting down and abandoning module XAudio2 (81)
[2014.07.18-02.23.21:085][515]LogModuleManager: Shutting down and abandoning module Networking (79)
[2014.07.18-02.23.21:085][515]LogModuleManager: Shutting down and abandoning module Core (78)
[2014.07.18-02.23.21:085][515]LogModuleManager: Shutting down and abandoning module KismetCompiler (77)
[2014.07.18-02.23.21:086][515]LogModuleManager: Shutting down and abandoning module PhysXFormats (76)
[2014.07.18-02.23.21:086][515]LogModuleManager: Shutting down and abandoning module SimplygonMeshReduction (75)
[2014.07.18-02.23.21:086][515]LogModuleManager: Shutting down and abandoning module MeshUtilities (74)
[2014.07.18-02.23.21:086][515]LogModuleManager: Shutting down and abandoning module DerivedDataCache (73)
[2014.07.18-02.23.21:095][515]LogDerivedDataCache: Shutdown
[2014.07.18-02.23.21:095][515]LogModuleManager: Shutting down and abandoning module ShaderFormatOpenGL (72)
[2014.07.18-02.23.21:095][515]LogModuleManager: Shutting down and abandoning module ShaderFormatD3D (71)
[2014.07.18-02.23.21:095][515]LogModuleManager: Shutting down and abandoning module TextureFormatUncompressed (70)
[2014.07.18-02.23.21:095][515]LogModuleManager: Shutting down and abandoning module TextureFormatPVR (69)
[2014.07.18-02.23.21:095][515]LogModuleManager: Shutting down and abandoning module TextureFormatDXT (68)
[2014.07.18-02.23.21:095][515]LogModuleManager: Shutting down and abandoning module TextureFormatAndroid (67)
[2014.07.18-02.23.21:095][515]LogModuleManager: Shutting down and abandoning module AudioFormatOpus (66)
[2014.07.18-02.23.21:095][515]LogModuleManager: Shutting down and abandoning module AudioFormatOgg (65)
[2014.07.18-02.23.21:095][515]LogModuleManager: Shutting down and abandoning module AudioFormatADPCM (64)
[2014.07.18-02.23.21:095][515]LogModuleManager: Shutting down and abandoning module Android_PVRTCTargetPlatform (63)
[2014.07.18-02.23.21:095][515]LogModuleManager: Shutting down and abandoning module Android_ETC2TargetPlatform (62)
[2014.07.18-02.23.21:095][515]LogModuleManager: Shutting down and abandoning module Android_ETC1TargetPlatform (61)
[2014.07.18-02.23.21:095][515]LogModuleManager: Shutting down and abandoning module Android_DXTTargetPlatform (60)
[2014.07.18-02.23.21:095][515]LogModuleManager: Shutting down and abandoning module Android_ATCTargetPlatform (59)
[2014.07.18-02.23.21:095][515]LogModuleManager: Shutting down and abandoning module AndroidTargetPlatform (58)
[2014.07.18-02.23.21:095][515]LogModuleManager: Shutting down and abandoning module WindowsTargetPlatform (57)
[2014.07.18-02.23.21:095][515]LogModuleManager: Shutting down and abandoning module WindowsServerTargetPlatform (56)
[2014.07.18-02.23.21:095][515]LogModuleManager: Shutting down and abandoning module WindowsNoEditorTargetPlatform (55)
[2014.07.18-02.23.21:095][515]LogModuleManager: Shutting down and abandoning module WindowsClientTargetPlatform (54)
[2014.07.18-02.23.21:095][515]LogModuleManager: Shutting down and abandoning module TargetPlatform (53)
[2014.07.18-02.23.21:095][515]LogModuleManager: Shutting down and abandoning module InputCore (52)
[2014.07.18-02.23.21:096][515]LogModuleManager: Shutting down and abandoning module Settings (51)
[2014.07.18-02.23.21:096][515]LogModuleManager: Shutting down and abandoning module TextureCompressor (48)
[2014.07.18-02.23.21:096][515]LogModuleManager: Shutting down and abandoning module ShaderCore (47)
[2014.07.18-02.23.21:096][515]LogModuleManager: Shutting down and abandoning module OpenGLDrv (46)
[2014.07.18-02.23.21:096][515]LogModuleManager: Shutting down and abandoning module D3D11RHI (45)
[2014.07.18-02.23.21:096][515]LogModuleManager: Shutting down and abandoning module SlateRHIRenderer (44)
[2014.07.18-02.23.21:096][515]LogModuleManager: Shutting down and abandoning module Renderer (43)
[2014.07.18-02.23.21:096][515]LogModuleManager: Shutting down and abandoning module Engine (42)
[2014.07.18-02.23.21:096][515]LogModuleManager: Shutting down and abandoning module SlateRemote (41)
[2014.07.18-02.23.21:096][515]LogModuleManager: Shutting down and abandoning module ScriptPlugin (40)
[2014.07.18-02.23.21:096][515]LogModuleManager: Shutting down and abandoning module ScriptEditorPlugin (38)
[2014.07.18-02.23.21:096][515]LogModuleManager: Shutting down and abandoning module WindowsMoviePlayer (37)
[2014.07.18-02.23.21:101][515]LogModuleManager: Shutting down and abandoning module ExampleDeviceProfileSelector (32)
[2014.07.18-02.23.21:101][515]LogModuleManager: Shutting down and abandoning module CustomMeshComponent (31)
[2014.07.18-02.23.21:101][515]LogModuleManager: Shutting down and abandoning module CableComponent (30)
[2014.07.18-02.23.21:101][515]LogModuleManager: Shutting down and abandoning module OculusRift (26)
[2014.07.18-02.23.21:101][515]LogModuleManager: Shutting down and abandoning module UdpMessaging (25)
[2014.07.18-02.23.21:201][515]LogModuleManager: Shutting down and abandoning module MessagingDebugger (24)
[2014.07.18-02.23.21:201][515]LogModuleManager: Shutting down and abandoning module PluginsEditor (14)
[2014.07.18-02.23.21:201][515]LogModuleManager: Shutting down and abandoning module IntroTutorials (13)
[2014.07.18-02.23.21:201][515]LogModuleManager: Shutting down and abandoning module EpicSurvey (12)
[2014.07.18-02.23.21:250][515]LogModuleManager: Shutting down and abandoning module VisualStudioSourceCodeAccess (10)
[2014.07.18-02.23.21:250][515]LogModuleManager: Shutting down and abandoning module UObjectPlugin (9)
[2014.07.18-02.23.21:250][515]LogModuleManager: Shutting down and abandoning module SubversionSourceControl (8)
[2014.07.18-02.23.21:250][515]LogModuleManager: Shutting down and abandoning module PerforceSourceControl (7)
[2014.07.18-02.23.21:250][515]LogModuleManager: Shutting down and abandoning module BlankPlugin (6)
[2014.07.18-02.23.21:250][515]LogModuleManager: Shutting down and abandoning module CoreUObject (5)
[2014.07.18-02.23.21:250][515]LogModuleManager: Shutting down and abandoning module NetworkFile (4)
[2014.07.18-02.23.21:250][515]LogModuleManager: Shutting down and abandoning module StreamingFile (3)
[2014.07.18-02.23.21:250][515]LogModuleManager: Shutting down and abandoning module SandboxFile (2)
[2014.07.18-02.23.21:250][515]LogModuleManager: Shutting down and abandoning module PakFile (1)
[2014.07.18-02.23.21:251][515]LogExit: Exiting.
[2014.07.18-02.23.21:257][515]Log file closed, 07/17/14 19:23:21
